[ 2015-03-21T09:03:56+08:00 ] 127.0.0.1 /online.php/index/detail
INFO: [ app_init ] --START--
INFO: Run Behavior\BuildLiteBehavior [ RunTime:0.000030s ]
INFO: [ app_init ] --END-- [ RunTime:0.030453s ]
INFO: [ app_begin ] --START--
INFO: Run Behavior\ReadHtmlCacheBehavior [ RunTime:0.356108s ]
INFO: [ app_begin ] --END-- [ RunTime:0.356273s ]
SQL: SHOW COLUMNS FROM `online_user` [ RunTime:0.4058s ]
SQL: SELECT * FROM `online_user` WHERE `uid` = 1419066834 LIMIT 1   [ RunTime:0.0902s ]
SQL: SHOW COLUMNS FROM `online_category` [ RunTime:0.1888s ]
SQL: SHOW COLUMNS FROM `online_user_category` [ RunTime:0.0620s ]
SQL: SELECT * FROM `online_category` WHERE ( status=1 )  [ RunTime:0.0295s ]
SQL: SELECT * FROM `online_user_category` WHERE `uid` = 1419066834  [ RunTime:0.0007s ]
NOTIC: [8] Undefined variable: choosenFatherList E:\xampp\htdocs\Online\online\Controller\IndexController.class.php 第 408 行.
NOTIC: [2] in_array() expects parameter 2 to be array, null given E:\xampp\htdocs\Online\online\Controller\IndexController.class.php 第 408 行.
SQL: SHOW COLUMNS FROM `online_calendar` [ RunTime:0.1372s ]
SQL: SELECT `id`,`day_id`,`time_id`,`status` FROM `online_calendar` WHERE ( uid=1419066834 ) ORDER BY day_id,time_id  [ RunTime:0.0009s ]
SQL: SHOW COLUMNS FROM `online_schedule` [ RunTime:0.0843s ]
SQL: SELECT * FROM `online_schedule` WHERE ( accept_uid=1419066834 and status>0 )  [ RunTime:0.0004s ]
INFO: [ view_parse ] --START--
INFO: [ template_filter ] --START--
INFO: Run Behavior\ContentReplaceBehavior [ RunTime:0.000196s ]
INFO: [ template_filter ] --END-- [ RunTime:0.000394s ]
NOTIC: [8] Undefined offset: 3 E:\xampp\htdocs\Online\Runtime\Cache\online\534b0a4e8eae52219781107dfcbe9a02.php 第 207 行.
NOTIC: [8] Undefined offset: 7 E:\xampp\htdocs\Online\Runtime\Cache\online\534b0a4e8eae52219781107dfcbe9a02.php 第 207 行.
INFO: Run Behavior\ParseTemplateBehavior [ RunTime:0.760060s ]
INFO: [ view_parse ] --END-- [ RunTime:0.760152s ]
INFO: [ view_filter ] --START--
INFO: Run Behavior\WriteHtmlCacheBehavior [ RunTime:0.062149s ]
INFO: [ view_filter ] --END-- [ RunTime:0.062214s ]
INFO: [ app_end ] --START--
INFO: Run Behavior\ShowPageTraceBehavior [ RunTime:0.065216s ]
INFO: [ app_end ] --END-- [ RunTime:0.065305s ]

[ 2015-03-21T12:24:43+08:00 ] 127.0.0.1 /online.php/index/apply_c
INFO: [ app_init ] --START--
INFO: Run Behavior\BuildLiteBehavior [ RunTime:0.000016s ]
INFO: [ app_init ] --END-- [ RunTime:0.000369s ]
INFO: [ app_begin ] --START--
INFO: Run Behavior\ReadHtmlCacheBehavior [ RunTime:0.000563s ]
INFO: [ app_begin ] --END-- [ RunTime:0.000625s ]
SQL: SHOW COLUMNS FROM `online_user` [ RunTime:0.0050s ]
SQL: SHOW COLUMNS FROM `online_category` [ RunTime:0.0018s ]
SQL: SHOW COLUMNS FROM `online_user_category` [ RunTime:0.0015s ]
SQL: SELECT * FROM `online_category` WHERE ( status=1 )  [ RunTime:0.0007s ]
SQL: SELECT * FROM `online_user` WHERE `uid` = 1419066834 LIMIT 1   [ RunTime:0.0004s ]
SQL: SELECT * FROM `online_user_category` WHERE `uid` = 1419066834  [ RunTime:0.0002s ]
NOTIC: [8] Undefined variable: choosenFatherList E:\xampp\htdocs\Online\online\Controller\IndexController.class.php 第 114 行.
NOTIC: [2] in_array() expects parameter 2 to be array, null given E:\xampp\htdocs\Online\online\Controller\IndexController.class.php 第 114 行.
INFO: [ view_parse ] --START--
INFO: [ template_filter ] --START--
INFO: Run Behavior\ContentReplaceBehavior [ RunTime:0.000096s ]
INFO: [ template_filter ] --END-- [ RunTime:0.000152s ]
INFO: Run Behavior\ParseTemplateBehavior [ RunTime:0.059950s ]
INFO: [ view_parse ] --END-- [ RunTime:0.060003s ]
INFO: [ view_filter ] --START--
INFO: Run Behavior\WriteHtmlCacheBehavior [ RunTime:0.000204s ]
INFO: [ view_filter ] --END-- [ RunTime:0.000244s ]
INFO: [ app_end ] --START--
INFO: Run Behavior\ShowPageTraceBehavior [ RunTime:0.000475s ]
INFO: [ app_end ] --END-- [ RunTime:0.000523s ]

[ 2015-03-21T12:24:56+08:00 ] 127.0.0.1 /online.php/index/apply_b
INFO: [ app_init ] --START--
INFO: Run Behavior\BuildLiteBehavior [ RunTime:0.000012s ]
INFO: [ app_init ] --END-- [ RunTime:0.000286s ]
INFO: [ app_begin ] --START--
INFO: Run Behavior\ReadHtmlCacheBehavior [ RunTime:0.000737s ]
INFO: [ app_begin ] --END-- [ RunTime:0.000816s ]
SQL: SHOW COLUMNS FROM `online_user` [ RunTime:0.0027s ]
SQL: SHOW COLUMNS FROM `online_category` [ RunTime:0.0018s ]
SQL: SHOW COLUMNS FROM `online_user_category` [ RunTime:0.0018s ]
SQL: SELECT * FROM `online_category` WHERE ( status=1 )  [ RunTime:0.0013s ]
SQL: SELECT * FROM `online_user` WHERE `uid` = 1419066834 LIMIT 1   [ RunTime:0.0006s ]
SQL: SELECT * FROM `online_user_category` WHERE `uid` = 1419066834  [ RunTime:0.0002s ]
NOTIC: [8] Undefined variable: choosenFatherList E:\xampp\htdocs\Online\online\Controller\IndexController.class.php 第 203 行.
NOTIC: [2] in_array() expects parameter 2 to be array, null given E:\xampp\htdocs\Online\online\Controller\IndexController.class.php 第 203 行.
INFO: [ view_parse ] --START--
INFO: [ template_filter ] --START--
INFO: Run Behavior\ContentReplaceBehavior [ RunTime:0.000112s ]
INFO: [ template_filter ] --END-- [ RunTime:0.000171s ]
INFO: Run Behavior\ParseTemplateBehavior [ RunTime:0.072018s ]
INFO: [ view_parse ] --END-- [ RunTime:0.072094s ]
INFO: [ view_filter ] --START--
INFO: Run Behavior\WriteHtmlCacheBehavior [ RunTime:0.000262s ]
INFO: [ view_filter ] --END-- [ RunTime:0.000304s ]
INFO: [ app_end ] --START--
INFO: Run Behavior\ShowPageTraceBehavior [ RunTime:0.000624s ]
INFO: [ app_end ] --END-- [ RunTime:0.000692s ]

[ 2015-03-21T12:33:35+08:00 ] 127.0.0.1 /online.php/index/apply_b
INFO: [ app_init ] --START--
INFO: Run Behavior\BuildLiteBehavior [ RunTime:0.000013s ]
INFO: [ app_init ] --END-- [ RunTime:0.000402s ]
INFO: [ app_begin ] --START--
INFO: Run Behavior\ReadHtmlCacheBehavior [ RunTime:0.000690s ]
INFO: [ app_begin ] --END-- [ RunTime:0.000799s ]
SQL: SHOW COLUMNS FROM `online_user` [ RunTime:0.0022s ]
SQL: SHOW COLUMNS FROM `online_category` [ RunTime:0.0018s ]
SQL: SHOW COLUMNS FROM `online_user_category` [ RunTime:0.0015s ]
SQL: SELECT * FROM `online_category` WHERE ( status=1 )  [ RunTime:0.0007s ]
SQL: UPDATE `online_user` SET `company_name`='测试111',`exhibition_number`='qwe123',`company_address`='测试测试测试测试',`company_post_code`='123456',`company_tel`='11111',`company_fax`='111111',`company_email`='测试',`company_website`='qwe@123.com',`gender`='F',`name`='测试',`position`='测试',`mobile`='1111',`tel`='1111',`fax`='1111',`email`='qwer@qwe.com',`other_category`='aaaa',`cooperation_offer`='sadasdadsa',`implemented_application`='asfasfsa',`cooperation_need`='asfasf',`fund_demand`='0',`fund_amount`='1',`type`='2',`uid`='1419066834',`update_time`='1426912415' WHERE ( id=1 ) [ RunTime:0.1003s ]
SQL: DELETE FROM `online_user_category` WHERE ( uid=1419066834 ) [ RunTime:0.1172s ]
SQL: INSERT INTO `online_user_category` (`uid`,`cid`) VALUES ('1419066834','13'),('1419066834','15'),('1419066834','17'),('1419066834','19'),('1419066834','21'),('1419066834','39'),('1419066834','40'),('1419066834','41'),('1419066834','42') [ RunTime:0.0521s ]

[ 2015-03-21T12:33:35+08:00 ] 127.0.0.1 /online.php/index/calendar
INFO: [ app_init ] --START--
INFO: Run Behavior\BuildLiteBehavior [ RunTime:0.000027s ]
INFO: [ app_init ] --END-- [ RunTime:0.000601s ]
INFO: [ app_begin ] --START--
INFO: Run Behavior\ReadHtmlCacheBehavior [ RunTime:0.000838s ]
INFO: [ app_begin ] --END-- [ RunTime:0.000949s ]
SQL: SHOW COLUMNS FROM `online_user` [ RunTime:0.0022s ]
SQL: SELECT * FROM `online_user` WHERE `uid` = 1419066834 LIMIT 1   [ RunTime:0.0005s ]
SQL: SHOW COLUMNS FROM `online_calendar` [ RunTime:0.0016s ]
SQL: SELECT `id`,`day_id`,`time_id`,`status` FROM `online_calendar` WHERE ( uid=1419066834 ) ORDER BY day_id,time_id  [ RunTime:0.0003s ]
INFO: [ view_parse ] --START--
INFO: [ template_filter ] --START--
INFO: Run Behavior\ContentReplaceBehavior [ RunTime:0.000076s ]
INFO: [ template_filter ] --END-- [ RunTime:0.000154s ]
INFO: Run Behavior\ParseTemplateBehavior [ RunTime:0.031614s ]
INFO: [ view_parse ] --END-- [ RunTime:0.031671s ]
INFO: [ view_filter ] --START--
INFO: Run Behavior\WriteHtmlCacheBehavior [ RunTime:0.000234s ]
INFO: [ view_filter ] --END-- [ RunTime:0.000277s ]
INFO: [ app_end ] --START--
INFO: Run Behavior\ShowPageTraceBehavior [ RunTime:0.000491s ]
INFO: [ app_end ] --END-- [ RunTime:0.000538s ]

[ 2015-03-21T12:33:39+08:00 ] 127.0.0.1 /online.php/index/calendar
INFO: [ app_init ] --START--
INFO: Run Behavior\BuildLiteBehavior [ RunTime:0.000015s ]
INFO: [ app_init ] --END-- [ RunTime:0.000302s ]
INFO: [ app_begin ] --START--
INFO: Run Behavior\ReadHtmlCacheBehavior [ RunTime:0.000500s ]
INFO: [ app_begin ] --END-- [ RunTime:0.000558s ]
SQL: SHOW COLUMNS FROM `online_user` [ RunTime:0.0027s ]
SQL: SELECT * FROM `online_user` WHERE `uid` = 1419066834 LIMIT 1   [ RunTime:0.0006s ]
SQL: SHOW COLUMNS FROM `online_calendar` [ RunTime:0.0018s ]
SQL: SELECT `id`,`day_id`,`time_id`,`status` FROM `online_calendar` WHERE ( uid=1419066834 ) ORDER BY day_id,time_id  [ RunTime:0.0003s ]

[ 2015-03-21T12:33:39+08:00 ] 127.0.0.1 /online.php/Index/detail
INFO: [ app_init ] --START--
INFO: Run Behavior\BuildLiteBehavior [ RunTime:0.000013s ]
INFO: [ app_init ] --END-- [ RunTime:0.000288s ]
INFO: [ app_begin ] --START--
INFO: Run Behavior\ReadHtmlCacheBehavior [ RunTime:0.000406s ]
INFO: [ app_begin ] --END-- [ RunTime:0.000461s ]
SQL: SHOW COLUMNS FROM `online_user` [ RunTime:0.0024s ]
SQL: SELECT * FROM `online_user` WHERE `uid` = 1419066834 LIMIT 1   [ RunTime:0.0005s ]
SQL: SHOW COLUMNS FROM `online_category` [ RunTime:0.0034s ]
SQL: SHOW COLUMNS FROM `online_user_category` [ RunTime:0.0024s ]
SQL: SELECT * FROM `online_category` WHERE ( status=1 )  [ RunTime:0.0008s ]
SQL: SELECT * FROM `online_user_category` WHERE `uid` = 1419066834  [ RunTime:0.0002s ]
NOTIC: [8] Undefined variable: choosenFatherList E:\xampp\htdocs\Online\online\Controller\IndexController.class.php 第 408 行.
NOTIC: [2] in_array() expects parameter 2 to be array, null given E:\xampp\htdocs\Online\online\Controller\IndexController.class.php 第 408 行.
SQL: SHOW COLUMNS FROM `online_calendar` [ RunTime:0.0017s ]
SQL: SELECT `id`,`day_id`,`time_id`,`status` FROM `online_calendar` WHERE ( uid=1419066834 ) ORDER BY day_id,time_id  [ RunTime:0.0002s ]
SQL: SHOW COLUMNS FROM `online_schedule` [ RunTime:0.0016s ]
SQL: SELECT * FROM `online_schedule` WHERE ( accept_uid=1419066834 and status>0 )  [ RunTime:0.0002s ]
INFO: [ view_parse ] --START--
INFO: [ template_filter ] --START--
INFO: Run Behavior\ContentReplaceBehavior [ RunTime:0.000075s ]
INFO: [ template_filter ] --END-- [ RunTime:0.000130s ]
NOTIC: [8] Undefined offset: 3 E:\xampp\htdocs\Online\Runtime\Cache\online\534b0a4e8eae52219781107dfcbe9a02.php 第 207 行.
NOTIC: [8] Undefined offset: 7 E:\xampp\htdocs\Online\Runtime\Cache\online\534b0a4e8eae52219781107dfcbe9a02.php 第 207 行.
INFO: Run Behavior\ParseTemplateBehavior [ RunTime:0.009764s ]
INFO: [ view_parse ] --END-- [ RunTime:0.009810s ]
INFO: [ view_filter ] --START--
INFO: Run Behavior\WriteHtmlCacheBehavior [ RunTime:0.000165s ]
INFO: [ view_filter ] --END-- [ RunTime:0.000206s ]
INFO: [ app_end ] --START--
INFO: Run Behavior\ShowPageTraceBehavior [ RunTime:0.000578s ]
INFO: [ app_end ] --END-- [ RunTime:0.000649s ]

[ 2015-03-21T12:33:58+08:00 ] 127.0.0.1 /online.php/index/index
INFO: [ app_init ] --START--
INFO: Run Behavior\BuildLiteBehavior [ RunTime:0.000015s ]
INFO: [ app_init ] --END-- [ RunTime:0.000270s ]
INFO: [ app_begin ] --START--
INFO: Run Behavior\ReadHtmlCacheBehavior [ RunTime:0.000378s ]
INFO: [ app_begin ] --END-- [ RunTime:0.000431s ]
SQL: SHOW COLUMNS FROM `online_user` [ RunTime:0.0025s ]
SQL: SHOW COLUMNS FROM `online_category` [ RunTime:0.0023s ]
SQL: SHOW COLUMNS FROM `online_user_category` [ RunTime:0.0017s ]
SQL: SELECT * FROM `online_category` WHERE ( status=1 )  [ RunTime:0.0008s ]
NOTIC: [8] Undefined index: fid E:\xampp\htdocs\Online\online\Controller\IndexController.class.php 第 20 行.
SQL: SELECT COUNT(*) AS tp_count FROM `online_user` WHERE `type` = 2 AND `status` = 0 LIMIT 1   [ RunTime:0.0006s ]
SQL: SELECT * FROM `online_user` WHERE `type` = 2 AND `status` = 0 ORDER BY id desc LIMIT 0,10   [ RunTime:0.0006s ]
INFO: [ view_parse ] --START--
INFO: [ template_filter ] --START--
INFO: Run Behavior\ContentReplaceBehavior [ RunTime:0.000071s ]
INFO: [ template_filter ] --END-- [ RunTime:0.000130s ]
NOTIC: [8] Undefined variable: i E:\xampp\htdocs\Online\Runtime\Cache\online\c7cb8b9fae9034e0f2da2ab33bb130b3.php 第 113 行.
NOTIC: [8] Undefined index: fid E:\xampp\htdocs\Online\Runtime\Cache\online\c7cb8b9fae9034e0f2da2ab33bb130b3.php 第 115 行.
NOTIC: [8] Undefined index: cid E:\xampp\htdocs\Online\Runtime\Cache\online\c7cb8b9fae9034e0f2da2ab33bb130b3.php 第 120 行.
NOTIC: [8] Undefined index: cid E:\xampp\htdocs\Online\Runtime\Cache\online\c7cb8b9fae9034e0f2da2ab33bb130b3.php 第 120 行.
NOTIC: [8] Undefined index: cid E:\xampp\htdocs\Online\Runtime\Cache\online\c7cb8b9fae9034e0f2da2ab33bb130b3.php 第 120 行.
NOTIC: [8] Undefined index: cid E:\xampp\htdocs\Online\Runtime\Cache\online\c7cb8b9fae9034e0f2da2ab33bb130b3.php 第 120 行.
NOTIC: [8] Undefined index: cid E:\xampp\htdocs\Online\Runtime\Cache\online\c7cb8b9fae9034e0f2da2ab33bb130b3.php 第 120 行.
NOTIC: [8] Undefined index: cid E:\xampp\htdocs\Online\Runtime\Cache\online\c7cb8b9fae9034e0f2da2ab33bb130b3.php 第 120 行.
NOTIC: [8] Undefined index: cid E:\xampp\htdocs\Online\Runtime\Cache\online\c7cb8b9fae9034e0f2da2ab33bb130b3.php 第 120 行.
NOTIC: [8] Undefined index: cid E:\xampp\htdocs\Online\Runtime\Cache\online\c7cb8b9fae9034e0f2da2ab33bb130b3.php 第 120 行.
NOTIC: [8] Undefined index: cid E:\xampp\htdocs\Online\Runtime\Cache\online\c7cb8b9fae9034e0f2da2ab33bb130b3.php 第 120 行.
NOTIC: [8] Undefined index: cid E:\xampp\htdocs\Online\Runtime\Cache\online\c7cb8b9fae9034e0f2da2ab33bb130b3.php 第 120 行.
NOTIC: [8] Undefined index: cid E:\xampp\htdocs\Online\Runtime\Cache\online\c7cb8b9fae9034e0f2da2ab33bb130b3.php 第 120 行.
NOTIC: [8] Undefined index: cid E:\xampp\htdocs\Online\Runtime\Cache\online\c7cb8b9fae9034e0f2da2ab33bb130b3.php 第 120 行.
NOTIC: [8] Undefined index: cid E:\xampp\htdocs\Online\Runtime\Cache\online\c7cb8b9fae9034e0f2da2ab33bb130b3.php 第 120 行.
NOTIC: [8] Undefined index: cid E:\xampp\htdocs\Online\Runtime\Cache\online\c7cb8b9fae9034e0f2da2ab33bb130b3.php 第 120 行.
NOTIC: [8] Undefined index: cid E:\xampp\htdocs\Online\Runtime\Cache\online\c7cb8b9fae9034e0f2da2ab33bb130b3.php 第 120 行.
NOTIC: [8] Undefined index: cid E:\xampp\htdocs\Online\Runtime\Cache\online\c7cb8b9fae9034e0f2da2ab33bb130b3.php 第 120 行.
NOTIC: [8] Undefined index: cid E:\xampp\htdocs\Online\Runtime\Cache\online\c7cb8b9fae9034e0f2da2ab33bb130b3.php 第 120 行.
NOTIC: [8] Undefined index: cid E:\xampp\htdocs\Online\Runtime\Cache\online\c7cb8b9fae9034e0f2da2ab33bb130b3.php 第 120 行.
NOTIC: [8] Undefined index: cid E:\xampp\htdocs\Online\Runtime\Cache\online\c7cb8b9fae9034e0f2da2ab33bb130b3.php 第 120 行.
NOTIC: [8] Undefined index: cid E:\xampp\htdocs\Online\Runtime\Cache\online\c7cb8b9fae9034e0f2da2ab33bb130b3.php 第 120 行.
NOTIC: [8] Undefined index: cid E:\xampp\htdocs\Online\Runtime\Cache\online\c7cb8b9fae9034e0f2da2ab33bb130b3.php 第 120 行.
NOTIC: [8] Undefined index: cid E:\xampp\htdocs\Online\Runtime\Cache\online\c7cb8b9fae9034e0f2da2ab33bb130b3.php 第 120 行.
NOTIC: [8] Undefined index: cid E:\xampp\htdocs\Online\Runtime\Cache\online\c7cb8b9fae9034e0f2da2ab33bb130b3.php 第 120 行.
NOTIC: [8] Undefined index: cid E:\xampp\htdocs\Online\Runtime\Cache\online\c7cb8b9fae9034e0f2da2ab33bb130b3.php 第 120 行.
NOTIC: [8] Undefined index: cid E:\xampp\htdocs\Online\Runtime\Cache\online\c7cb8b9fae9034e0f2da2ab33bb130b3.php 第 120 行.
NOTIC: [8] Undefined index: cid E:\xampp\htdocs\Online\Runtime\Cache\online\c7cb8b9fae9034e0f2da2ab33bb130b3.php 第 120 行.
NOTIC: [8] Undefined index: cid E:\xampp\htdocs\Online\Runtime\Cache\online\c7cb8b9fae9034e0f2da2ab33bb130b3.php 第 120 行.
NOTIC: [8] Undefined index: cid E:\xampp\htdocs\Online\Runtime\Cache\online\c7cb8b9fae9034e0f2da2ab33bb130b3.php 第 120 行.
NOTIC: [8] Undefined index: cid E:\xampp\htdocs\Online\Runtime\Cache\online\c7cb8b9fae9034e0f2da2ab33bb130b3.php 第 120 行.
NOTIC: [8] Undefined index: cid E:\xampp\htdocs\Online\Runtime\Cache\online\c7cb8b9fae9034e0f2da2ab33bb130b3.php 第 120 行.
NOTIC: [8] Undefined index: fid E:\xampp\htdocs\Online\Runtime\Cache\online\c7cb8b9fae9034e0f2da2ab33bb130b3.php 第 115 行.
NOTIC: [8] Undefined index: cid E:\xampp\htdocs\Online\Runtime\Cache\online\c7cb8b9fae9034e0f2da2ab33bb130b3.php 第 120 行.
NOTIC: [8] Undefined index: cid E:\xampp\htdocs\Online\Runtime\Cache\online\c7cb8b9fae9034e0f2da2ab33bb130b3.php 第 120 行.
NOTIC: [8] Undefined index: cid E:\xampp\htdocs\Online\Runtime\Cache\online\c7cb8b9fae9034e0f2da2ab33bb130b3.php 第 120 行.
NOTIC: [8] Undefined index: cid E:\xampp\htdocs\Online\Runtime\Cache\online\c7cb8b9fae9034e0f2da2ab33bb130b3.php 第 120 行.
NOTIC: [8] Undefined index: cid E:\xampp\htdocs\Online\Runtime\Cache\online\c7cb8b9fae9034e0f2da2ab33bb130b3.php 第 120 行.
NOTIC: [8] Undefined index: cid E:\xampp\htdocs\Online\Runtime\Cache\online\c7cb8b9fae9034e0f2da2ab33bb130b3.php 第 120 行.
NOTIC: [8] Undefined index: cid E:\xampp\htdocs\Online\Runtime\Cache\online\c7cb8b9fae9034e0f2da2ab33bb130b3.php 第 120 行.
NOTIC: [8] Undefined index: cid E:\xampp\htdocs\Online\Runtime\Cache\online\c7cb8b9fae9034e0f2da2ab33bb130b3.php 第 120 行.
NOTIC: [8] Undefined index: cid E:\xampp\htdocs\Online\Runtime\Cache\online\c7cb8b9fae9034e0f2da2ab33bb130b3.php 第 120 行.
NOTIC: [8] Undefined index: cid E:\xampp\htdocs\Online\Runtime\Cache\online\c7cb8b9fae9034e0f2da2ab33bb130b3.php 第 120 行.
NOTIC: [8] Undefined index: cid E:\xampp\htdocs\Online\Runtime\Cache\online\c7cb8b9fae9034e0f2da2ab33bb130b3.php 第 120 行.
NOTIC: [8] Undefined index: cid E:\xampp\htdocs\Online\Runtime\Cache\online\c7cb8b9fae9034e0f2da2ab33bb130b3.php 第 120 行.
NOTIC: [8] Undefined index: cid E:\xampp\htdocs\Online\Runtime\Cache\online\c7cb8b9fae9034e0f2da2ab33bb130b3.php 第 120 行.
NOTIC: [8] Undefined index: cid E:\xampp\htdocs\Online\Runtime\Cache\online\c7cb8b9fae9034e0f2da2ab33bb130b3.php 第 120 行.
NOTIC: [8] Undefined index: cid E:\xampp\htdocs\Online\Runtime\Cache\online\c7cb8b9fae9034e0f2da2ab33bb130b3.php 第 120 行.
NOTIC: [8] Undefined index: cid E:\xampp\htdocs\Online\Runtime\Cache\online\c7cb8b9fae9034e0f2da2ab33bb130b3.php 第 120 行.
NOTIC: [8] Undefined index: fid E:\xampp\htdocs\Online\Runtime\Cache\online\c7cb8b9fae9034e0f2da2ab33bb130b3.php 第 115 行.
NOTIC: [8] Undefined index: cid E:\xampp\htdocs\Online\Runtime\Cache\online\c7cb8b9fae9034e0f2da2ab33bb130b3.php 第 120 行.
NOTIC: [8] Undefined index: cid E:\xampp\htdocs\Online\Runtime\Cache\online\c7cb8b9fae9034e0f2da2ab33bb130b3.php 第 120 行.
NOTIC: [8] Undefined index: cid E:\xampp\htdocs\Online\Runtime\Cache\online\c7cb8b9fae9034e0f2da2ab33bb130b3.php 第 120 行.
NOTIC: [8] Undefined index: cid E:\xampp\htdocs\Online\Runtime\Cache\online\c7cb8b9fae9034e0f2da2ab33bb130b3.php 第 120 行.
NOTIC: [8] Undefined index: cid E:\xampp\htdocs\Online\Runtime\Cache\online\c7cb8b9fae9034e0f2da2ab33bb130b3.php 第 120 行.
NOTIC: [8] Undefined index: cid E:\xampp\htdocs\Online\Runtime\Cache\online\c7cb8b9fae9034e0f2da2ab33bb130b3.php 第 120 行.
NOTIC: [8] Undefined index: cid E:\xampp\htdocs\Online\Runtime\Cache\online\c7cb8b9fae9034e0f2da2ab33bb130b3.php 第 120 行.
NOTIC: [8] Undefined index: cid E:\xampp\htdocs\Online\Runtime\Cache\online\c7cb8b9fae9034e0f2da2ab33bb130b3.php 第 120 行.
NOTIC: [8] Undefined index: cid E:\xampp\htdocs\Online\Runtime\Cache\online\c7cb8b9fae9034e0f2da2ab33bb130b3.php 第 120 行.
NOTIC: [8] Undefined index: cid E:\xampp\htdocs\Online\Runtime\Cache\online\c7cb8b9fae9034e0f2da2ab33bb130b3.php 第 120 行.
NOTIC: [8] Undefined index: cid E:\xampp\htdocs\Online\Runtime\Cache\online\c7cb8b9fae9034e0f2da2ab33bb130b3.php 第 120 行.
NOTIC: [8] Undefined index: cid E:\xampp\htdocs\Online\Runtime\Cache\online\c7cb8b9fae9034e0f2da2ab33bb130b3.php 第 120 行.
NOTIC: [8] Undefined index: cid E:\xampp\htdocs\Online\Runtime\Cache\online\c7cb8b9fae9034e0f2da2ab33bb130b3.php 第 120 行.
NOTIC: [8] Undefined index: cid E:\xampp\htdocs\Online\Runtime\Cache\online\c7cb8b9fae9034e0f2da2ab33bb130b3.php 第 120 行.
NOTIC: [8] Undefined index: fid E:\xampp\htdocs\Online\Runtime\Cache\online\c7cb8b9fae9034e0f2da2ab33bb130b3.php 第 115 行.
NOTIC: [8] Undefined index: cid E:\xampp\htdocs\Online\Runtime\Cache\online\c7cb8b9fae9034e0f2da2ab33bb130b3.php 第 120 行.
NOTIC: [8] Undefined index: cid E:\xampp\htdocs\Online\Runtime\Cache\online\c7cb8b9fae9034e0f2da2ab33bb130b3.php 第 120 行.
NOTIC: [8] Undefined index: cid E:\xampp\htdocs\Online\Runtime\Cache\online\c7cb8b9fae9034e0f2da2ab33bb130b3.php 第 120 行.
NOTIC: [8] Undefined index: cid E:\xampp\htdocs\Online\Runtime\Cache\online\c7cb8b9fae9034e0f2da2ab33bb130b3.php 第 120 行.
NOTIC: [8] Undefined index: cid E:\xampp\htdocs\Online\Runtime\Cache\online\c7cb8b9fae9034e0f2da2ab33bb130b3.php 第 120 行.
NOTIC: [8] Undefined index: cid E:\xampp\htdocs\Online\Runtime\Cache\online\c7cb8b9fae9034e0f2da2ab33bb130b3.php 第 120 行.
NOTIC: [8] Undefined index: cid E:\xampp\htdocs\Online\Runtime\Cache\online\c7cb8b9fae9034e0f2da2ab33bb130b3.php 第 120 行.
NOTIC: [8] Undefined index: cid E:\xampp\htdocs\Online\Runtime\Cache\online\c7cb8b9fae9034e0f2da2ab33bb130b3.php 第 120 行.
NOTIC: [8] Undefined index: cid E:\xampp\htdocs\Online\Runtime\Cache\online\c7cb8b9fae9034e0f2da2ab33bb130b3.php 第 120 行.
NOTIC: [8] Undefined index: cid E:\xampp\htdocs\Online\Runtime\Cache\online\c7cb8b9fae9034e0f2da2ab33bb130b3.php 第 120 行.
NOTIC: [8] Undefined index: fid E:\xampp\htdocs\Online\Runtime\Cache\online\c7cb8b9fae9034e0f2da2ab33bb130b3.php 第 115 行.
NOTIC: [8] Undefined index: cid E:\xampp\htdocs\Online\Runtime\Cache\online\c7cb8b9fae9034e0f2da2ab33bb130b3.php 第 120 行.
NOTIC: [8] Undefined index: cid E:\xampp\htdocs\Online\Runtime\Cache\online\c7cb8b9fae9034e0f2da2ab33bb130b3.php 第 120 行.
NOTIC: [8] Undefined index: cid E:\xampp\htdocs\Online\Runtime\Cache\online\c7cb8b9fae9034e0f2da2ab33bb130b3.php 第 120 行.
NOTIC: [8] Undefined index: cid E:\xampp\htdocs\Online\Runtime\Cache\online\c7cb8b9fae9034e0f2da2ab33bb130b3.php 第 120 行.
NOTIC: [8] Undefined index: cid E:\xampp\htdocs\Online\Runtime\Cache\online\c7cb8b9fae9034e0f2da2ab33bb130b3.php 第 120 行.
NOTIC: [8] Undefined index: cid E:\xampp\htdocs\Online\Runtime\Cache\online\c7cb8b9fae9034e0f2da2ab33bb130b3.php 第 120 行.
NOTIC: [8] Undefined index: cid E:\xampp\htdocs\Online\Runtime\Cache\online\c7cb8b9fae9034e0f2da2ab33bb130b3.php 第 120 行.
NOTIC: [8] Undefined index: cid E:\xampp\htdocs\Online\Runtime\Cache\online\c7cb8b9fae9034e0f2da2ab33bb130b3.php 第 120 行.
NOTIC: [8] Undefined index: cid E:\xampp\htdocs\Online\Runtime\Cache\online\c7cb8b9fae9034e0f2da2ab33bb130b3.php 第 120 行.
NOTIC: [8] Undefined index: cid E:\xampp\htdocs\Online\Runtime\Cache\online\c7cb8b9fae9034e0f2da2ab33bb130b3.php 第 120 行.
NOTIC: [8] Undefined index: cid E:\xampp\htdocs\Online\Runtime\Cache\online\c7cb8b9fae9034e0f2da2ab33bb130b3.php 第 120 行.
NOTIC: [8] Undefined index: cid E:\xampp\htdocs\Online\Runtime\Cache\online\c7cb8b9fae9034e0f2da2ab33bb130b3.php 第 120 行.
NOTIC: [8] Undefined index: cid E:\xampp\htdocs\Online\Runtime\Cache\online\c7cb8b9fae9034e0f2da2ab33bb130b3.php 第 120 行.
NOTIC: [8] Undefined index: cid E:\xampp\htdocs\Online\Runtime\Cache\online\c7cb8b9fae9034e0f2da2ab33bb130b3.php 第 120 行.
NOTIC: [8] Undefined index: cid E:\xampp\htdocs\Online\Runtime\Cache\online\c7cb8b9fae9034e0f2da2ab33bb130b3.php 第 120 行.
NOTIC: [8] Undefined index: cid E:\xampp\htdocs\Online\Runtime\Cache\online\c7cb8b9fae9034e0f2da2ab33bb130b3.php 第 120 行.
NOTIC: [8] Undefined index: cid E:\xampp\htdocs\Online\Runtime\Cache\online\c7cb8b9fae9034e0f2da2ab33bb130b3.php 第 120 行.
NOTIC: [8] Undefined index: cid E:\xampp\htdocs\Online\Runtime\Cache\online\c7cb8b9fae9034e0f2da2ab33bb130b3.php 第 120 行.
NOTIC: [8] Undefined index: cid E:\xampp\htdocs\Online\Runtime\Cache\online\c7cb8b9fae9034e0f2da2ab33bb130b3.php 第 120 行.
NOTIC: [8] Undefined index: cid E:\xampp\htdocs\Online\Runtime\Cache\online\c7cb8b9fae9034e0f2da2ab33bb130b3.php 第 120 行.
NOTIC: [8] Undefined index: cid E:\xampp\htdocs\Online\Runtime\Cache\online\c7cb8b9fae9034e0f2da2ab33bb130b3.php 第 120 行.
NOTIC: [8] Undefined index: cid E:\xampp\htdocs\Online\Runtime\Cache\online\c7cb8b9fae9034e0f2da2ab33bb130b3.php 第 120 行.
NOTIC: [8] Undefined index: cid E:\xampp\htdocs\Online\Runtime\Cache\online\c7cb8b9fae9034e0f2da2ab33bb130b3.php 第 120 行.
NOTIC: [8] Undefined index: fid E:\xampp\htdocs\Online\Runtime\Cache\online\c7cb8b9fae9034e0f2da2ab33bb130b3.php 第 115 行.
NOTIC: [8] Undefined index: cid E:\xampp\htdocs\Online\Runtime\Cache\online\c7cb8b9fae9034e0f2da2ab33bb130b3.php 第 120 行.
NOTIC: [8] Undefined index: cid E:\xampp\htdocs\Online\Runtime\Cache\online\c7cb8b9fae9034e0f2da2ab33bb130b3.php 第 120 行.
NOTIC: [8] Undefined index: cid E:\xampp\htdocs\Online\Runtime\Cache\online\c7cb8b9fae9034e0f2da2ab33bb130b3.php 第 120 行.
NOTIC: [8] Undefined index: cid E:\xampp\htdocs\Online\Runtime\Cache\online\c7cb8b9fae9034e0f2da2ab33bb130b3.php 第 120 行.
NOTIC: [8] Undefined index: cid E:\xampp\htdocs\Online\Runtime\Cache\online\c7cb8b9fae9034e0f2da2ab33bb130b3.php 第 120 行.
NOTIC: [8] Undefined index: cid E:\xampp\htdocs\Online\Runtime\Cache\online\c7cb8b9fae9034e0f2da2ab33bb130b3.php 第 120 行.
NOTIC: [8] Undefined index: cid E:\xampp\htdocs\Online\Runtime\Cache\online\c7cb8b9fae9034e0f2da2ab33bb130b3.php 第 120 行.
NOTIC: [8] Undefined index: fid E:\xampp\htdocs\Online\Runtime\Cache\online\c7cb8b9fae9034e0f2da2ab33bb130b3.php 第 115 行.
NOTIC: [8] Undefined index: cid E:\xampp\htdocs\Online\Runtime\Cache\online\c7cb8b9fae9034e0f2da2ab33bb130b3.php 第 120 行.
NOTIC: [8] Undefined index: cid E:\xampp\htdocs\Online\Runtime\Cache\online\c7cb8b9fae9034e0f2da2ab33bb130b3.php 第 120 行.
NOTIC: [8] Undefined index: cid E:\xampp\htdocs\Online\Runtime\Cache\online\c7cb8b9fae9034e0f2da2ab33bb130b3.php 第 120 行.
NOTIC: [8] Undefined index: cid E:\xampp\htdocs\Online\Runtime\Cache\online\c7cb8b9fae9034e0f2da2ab33bb130b3.php 第 120 行.
NOTIC: [8] Undefined index: cid E:\xampp\htdocs\Online\Runtime\Cache\online\c7cb8b9fae9034e0f2da2ab33bb130b3.php 第 120 行.
NOTIC: [8] Undefined index: cid E:\xampp\htdocs\Online\Runtime\Cache\online\c7cb8b9fae9034e0f2da2ab33bb130b3.php 第 120 行.
NOTIC: [8] Undefined index: cid E:\xampp\htdocs\Online\Runtime\Cache\online\c7cb8b9fae9034e0f2da2ab33bb130b3.php 第 120 行.
NOTIC: [8] Undefined index: cid E:\xampp\htdocs\Online\Runtime\Cache\online\c7cb8b9fae9034e0f2da2ab33bb130b3.php 第 120 行.
NOTIC: [8] Undefined index: cid E:\xampp\htdocs\Online\Runtime\Cache\online\c7cb8b9fae9034e0f2da2ab33bb130b3.php 第 120 行.
NOTIC: [8] Undefined index: cid E:\xampp\htdocs\Online\Runtime\Cache\online\c7cb8b9fae9034e0f2da2ab33bb130b3.php 第 120 行.
NOTIC: [8] Undefined index: cid E:\xampp\htdocs\Online\Runtime\Cache\online\c7cb8b9fae9034e0f2da2ab33bb130b3.php 第 120 行.
NOTIC: [8] Undefined index: cid E:\xampp\htdocs\Online\Runtime\Cache\online\c7cb8b9fae9034e0f2da2ab33bb130b3.php 第 120 行.
NOTIC: [8] Undefined index: cid E:\xampp\htdocs\Online\Runtime\Cache\online\c7cb8b9fae9034e0f2da2ab33bb130b3.php 第 120 行.
NOTIC: [8] Undefined index: cid E:\xampp\htdocs\Online\Runtime\Cache\online\c7cb8b9fae9034e0f2da2ab33bb130b3.php 第 120 行.
NOTIC: [8] Undefined index: cid E:\xampp\htdocs\Online\Runtime\Cache\online\c7cb8b9fae9034e0f2da2ab33bb130b3.php 第 120 行.
NOTIC: [8] Undefined index: cid E:\xampp\htdocs\Online\Runtime\Cache\online\c7cb8b9fae9034e0f2da2ab33bb130b3.php 第 120 行.
NOTIC: [8] Undefined index: cid E:\xampp\htdocs\Online\Runtime\Cache\online\c7cb8b9fae9034e0f2da2ab33bb130b3.php 第 120 行.
NOTIC: [8] Undefined index: cid E:\xampp\htdocs\Online\Runtime\Cache\online\c7cb8b9fae9034e0f2da2ab33bb130b3.php 第 120 行.
NOTIC: [8] Undefined index: cid E:\xampp\htdocs\Online\Runtime\Cache\online\c7cb8b9fae9034e0f2da2ab33bb130b3.php 第 120 行.
NOTIC: [8] Undefined index: cid E:\xampp\htdocs\Online\Runtime\Cache\online\c7cb8b9fae9034e0f2da2ab33bb130b3.php 第 120 行.
NOTIC: [8] Undefined index: cid E:\xampp\htdocs\Online\Runtime\Cache\online\c7cb8b9fae9034e0f2da2ab33bb130b3.php 第 120 行.
NOTIC: [8] Undefined index: cid E:\xampp\htdocs\Online\Runtime\Cache\online\c7cb8b9fae9034e0f2da2ab33bb130b3.php 第 120 行.
NOTIC: [8] Undefined index: cid E:\xampp\htdocs\Online\Runtime\Cache\online\c7cb8b9fae9034e0f2da2ab33bb130b3.php 第 120 行.
NOTIC: [8] Undefined index: fid E:\xampp\htdocs\Online\Runtime\Cache\online\c7cb8b9fae9034e0f2da2ab33bb130b3.php 第 115 行.
NOTIC: [8] Undefined index: cid E:\xampp\htdocs\Online\Runtime\Cache\online\c7cb8b9fae9034e0f2da2ab33bb130b3.php 第 120 行.
NOTIC: [8] Undefined index: cid E:\xampp\htdocs\Online\Runtime\Cache\online\c7cb8b9fae9034e0f2da2ab33bb130b3.php 第 120 行.
NOTIC: [8] Undefined index: cid E:\xampp\htdocs\Online\Runtime\Cache\online\c7cb8b9fae9034e0f2da2ab33bb130b3.php 第 120 行.
NOTIC: [8] Undefined index: cid E:\xampp\htdocs\Online\Runtime\Cache\online\c7cb8b9fae9034e0f2da2ab33bb130b3.php 第 120 行.
NOTIC: [8] Undefined index: cid E:\xampp\htdocs\Online\Runtime\Cache\online\c7cb8b9fae9034e0f2da2ab33bb130b3.php 第 120 行.
NOTIC: [8] Undefined index: cid E:\xampp\htdocs\Online\Runtime\Cache\online\c7cb8b9fae9034e0f2da2ab33bb130b3.php 第 120 行.
NOTIC: [8] Undefined index: cid E:\xampp\htdocs\Online\Runtime\Cache\online\c7cb8b9fae9034e0f2da2ab33bb130b3.php 第 120 行.
NOTIC: [8] Undefined index: cid E:\xampp\htdocs\Online\Runtime\Cache\online\c7cb8b9fae9034e0f2da2ab33bb130b3.php 第 120 行.
NOTIC: [8] Undefined index: cid E:\xampp\htdocs\Online\Runtime\Cache\online\c7cb8b9fae9034e0f2da2ab33bb130b3.php 第 120 行.
NOTIC: [8] Undefined index: cid E:\xampp\htdocs\Online\Runtime\Cache\online\c7cb8b9fae9034e0f2da2ab33bb130b3.php 第 120 行.
NOTIC: [8] Undefined index: cid E:\xampp\htdocs\Online\Runtime\Cache\online\c7cb8b9fae9034e0f2da2ab33bb130b3.php 第 120 行.
NOTIC: [8] Undefined index: cid E:\xampp\htdocs\Online\Runtime\Cache\online\c7cb8b9fae9034e0f2da2ab33bb130b3.php 第 120 行.
NOTIC: [8] Undefined index: cid E:\xampp\htdocs\Online\Runtime\Cache\online\c7cb8b9fae9034e0f2da2ab33bb130b3.php 第 120 行.
NOTIC: [8] Undefined index: fid E:\xampp\htdocs\Online\Runtime\Cache\online\c7cb8b9fae9034e0f2da2ab33bb130b3.php 第 115 行.
NOTIC: [8] Undefined index: cid E:\xampp\htdocs\Online\Runtime\Cache\online\c7cb8b9fae9034e0f2da2ab33bb130b3.php 第 120 行.
NOTIC: [8] Undefined index: cid E:\xampp\htdocs\Online\Runtime\Cache\online\c7cb8b9fae9034e0f2da2ab33bb130b3.php 第 120 行.
NOTIC: [8] Undefined index: cid E:\xampp\htdocs\Online\Runtime\Cache\online\c7cb8b9fae9034e0f2da2ab33bb130b3.php 第 120 行.
NOTIC: [8] Undefined index: cid E:\xampp\htdocs\Online\Runtime\Cache\online\c7cb8b9fae9034e0f2da2ab33bb130b3.php 第 120 行.
NOTIC: [8] Undefined index: cid E:\xampp\htdocs\Online\Runtime\Cache\online\c7cb8b9fae9034e0f2da2ab33bb130b3.php 第 120 行.
NOTIC: [8] Undefined index: cid E:\xampp\htdocs\Online\Runtime\Cache\online\c7cb8b9fae9034e0f2da2ab33bb130b3.php 第 120 行.
NOTIC: [8] Undefined index: cid E:\xampp\htdocs\Online\Runtime\Cache\online\c7cb8b9fae9034e0f2da2ab33bb130b3.php 第 120 行.
NOTIC: [8] Undefined index: cid E:\xampp\htdocs\Online\Runtime\Cache\online\c7cb8b9fae9034e0f2da2ab33bb130b3.php 第 120 行.
NOTIC: [8] Undefined index: cid E:\xampp\htdocs\Online\Runtime\Cache\online\c7cb8b9fae9034e0f2da2ab33bb130b3.php 第 120 行.
NOTIC: [8] Undefined index: cid E:\xampp\htdocs\Online\Runtime\Cache\online\c7cb8b9fae9034e0f2da2ab33bb130b3.php 第 120 行.
NOTIC: [8] Undefined index: cid E:\xampp\htdocs\Online\Runtime\Cache\online\c7cb8b9fae9034e0f2da2ab33bb130b3.php 第 120 行.
NOTIC: [8] Undefined index: cid E:\xampp\htdocs\Online\Runtime\Cache\online\c7cb8b9fae9034e0f2da2ab33bb130b3.php 第 120 行.
NOTIC: [8] Undefined index: cid E:\xampp\htdocs\Online\Runtime\Cache\online\c7cb8b9fae9034e0f2da2ab33bb130b3.php 第 120 行.
NOTIC: [8] Undefined index: fid E:\xampp\htdocs\Online\Runtime\Cache\online\c7cb8b9fae9034e0f2da2ab33bb130b3.php 第 115 行.
NOTIC: [8] Undefined index: cid E:\xampp\htdocs\Online\Runtime\Cache\online\c7cb8b9fae9034e0f2da2ab33bb130b3.php 第 120 行.
NOTIC: [8] Undefined index: cid E:\xampp\htdocs\Online\Runtime\Cache\online\c7cb8b9fae9034e0f2da2ab33bb130b3.php 第 120 行.
NOTIC: [8] Undefined index: cid E:\xampp\htdocs\Online\Runtime\Cache\online\c7cb8b9fae9034e0f2da2ab33bb130b3.php 第 120 行.
NOTIC: [8] Undefined index: cid E:\xampp\htdocs\Online\Runtime\Cache\online\c7cb8b9fae9034e0f2da2ab33bb130b3.php 第 120 行.
NOTIC: [8] Undefined index: cid E:\xampp\htdocs\Online\Runtime\Cache\online\c7cb8b9fae9034e0f2da2ab33bb130b3.php 第 120 行.
NOTIC: [8] Undefined index: cid E:\xampp\htdocs\Online\Runtime\Cache\online\c7cb8b9fae9034e0f2da2ab33bb130b3.php 第 120 行.
NOTIC: [8] Undefined index: cid E:\xampp\htdocs\Online\Runtime\Cache\online\c7cb8b9fae9034e0f2da2ab33bb130b3.php 第 120 行.
NOTIC: [8] Undefined index: cid E:\xampp\htdocs\Online\Runtime\Cache\online\c7cb8b9fae9034e0f2da2ab33bb130b3.php 第 120 行.
NOTIC: [8] Undefined index: cid E:\xampp\htdocs\Online\Runtime\Cache\online\c7cb8b9fae9034e0f2da2ab33bb130b3.php 第 120 行.
NOTIC: [8] Undefined index: cid E:\xampp\htdocs\Online\Runtime\Cache\online\c7cb8b9fae9034e0f2da2ab33bb130b3.php 第 120 行.
NOTIC: [8] Undefined index: cid E:\xampp\htdocs\Online\Runtime\Cache\online\c7cb8b9fae9034e0f2da2ab33bb130b3.php 第 120 行.
NOTIC: [8] Undefined index: cid E:\xampp\htdocs\Online\Runtime\Cache\online\c7cb8b9fae9034e0f2da2ab33bb130b3.php 第 120 行.
NOTIC: [8] Undefined index: cid E:\xampp\htdocs\Online\Runtime\Cache\online\c7cb8b9fae9034e0f2da2ab33bb130b3.php 第 120 行.
NOTIC: [8] Undefined index: cid E:\xampp\htdocs\Online\Runtime\Cache\online\c7cb8b9fae9034e0f2da2ab33bb130b3.php 第 120 行.
NOTIC: [8] Undefined index: cid E:\xampp\htdocs\Online\Runtime\Cache\online\c7cb8b9fae9034e0f2da2ab33bb130b3.php 第 120 行.
NOTIC: [8] Undefined index: cid E:\xampp\htdocs\Online\Runtime\Cache\online\c7cb8b9fae9034e0f2da2ab33bb130b3.php 第 120 行.
NOTIC: [8] Undefined index: cid E:\xampp\htdocs\Online\Runtime\Cache\online\c7cb8b9fae9034e0f2da2ab33bb130b3.php 第 120 行.
NOTIC: [8] Undefined index: cid E:\xampp\htdocs\Online\Runtime\Cache\online\c7cb8b9fae9034e0f2da2ab33bb130b3.php 第 120 行.
INFO: Run Behavior\ParseTemplateBehavior [ RunTime:0.018578s ]
INFO: [ view_parse ] --END-- [ RunTime:0.018645s ]
INFO: [ view_filter ] --START--
INFO: Run Behavior\WriteHtmlCacheBehavior [ RunTime:0.000192s ]
INFO: [ view_filter ] --END-- [ RunTime:0.000244s ]
INFO: [ app_end ] --START--
INFO: Run Behavior\ShowPageTraceBehavior [ RunTime:0.000558s ]
INFO: [ app_end ] --END-- [ RunTime:0.000630s ]

[ 2015-03-21T12:35:14+08:00 ] 127.0.0.1 /online.php/index/index
INFO: [ app_init ] --START--
INFO: Run Behavior\BuildLiteBehavior [ RunTime:0.000031s ]
INFO: [ app_init ] --END-- [ RunTime:0.000688s ]
INFO: [ app_begin ] --START--
INFO: Run Behavior\ReadHtmlCacheBehavior [ RunTime:0.001207s ]
INFO: [ app_begin ] --END-- [ RunTime:0.001313s ]
SQL: SHOW COLUMNS FROM `online_user` [ RunTime:0.0025s ]
SQL: SHOW COLUMNS FROM `online_category` [ RunTime:0.0021s ]
SQL: SHOW COLUMNS FROM `online_user_category` [ RunTime:0.0018s ]
SQL: SELECT * FROM `online_category` WHERE ( status=1 )  [ RunTime:0.0014s ]
NOTIC: [8] Undefined index: fid E:\xampp\htdocs\Online\online\Controller\IndexController.class.php 第 20 行.
SQL: SELECT COUNT(*) AS tp_count FROM `online_user` WHERE `type` = 2 AND `status` = 1 LIMIT 1   [ RunTime:0.0003s ]
SQL: SELECT * FROM `online_user` WHERE `type` = 2 AND `status` = 1 ORDER BY id desc LIMIT 0,10   [ RunTime:0.0005s ]
INFO: [ view_parse ] --START--
INFO: [ template_filter ] --START--
INFO: Run Behavior\ContentReplaceBehavior [ RunTime:0.000062s ]
INFO: [ template_filter ] --END-- [ RunTime:0.000116s ]
NOTIC: [8] Undefined variable: i E:\xampp\htdocs\Online\Runtime\Cache\online\c7cb8b9fae9034e0f2da2ab33bb130b3.php 第 113 行.
NOTIC: [8] Undefined index: fid E:\xampp\htdocs\Online\Runtime\Cache\online\c7cb8b9fae9034e0f2da2ab33bb130b3.php 第 115 行.
NOTIC: [8] Undefined index: cid E:\xampp\htdocs\Online\Runtime\Cache\online\c7cb8b9fae9034e0f2da2ab33bb130b3.php 第 120 行.
NOTIC: [8] Undefined index: cid E:\xampp\htdocs\Online\Runtime\Cache\online\c7cb8b9fae9034e0f2da2ab33bb130b3.php 第 120 行.
NOTIC: [8] Undefined index: cid E:\xampp\htdocs\Online\Runtime\Cache\online\c7cb8b9fae9034e0f2da2ab33bb130b3.php 第 120 行.
NOTIC: [8] Undefined index: cid E:\xampp\htdocs\Online\Runtime\Cache\online\c7cb8b9fae9034e0f2da2ab33bb130b3.php 第 120 行.
NOTIC: [8] Undefined index: cid E:\xampp\htdocs\Online\Runtime\Cache\online\c7cb8b9fae9034e0f2da2ab33bb130b3.php 第 120 行.
NOTIC: [8] Undefined index: cid E:\xampp\htdocs\Online\Runtime\Cache\online\c7cb8b9fae9034e0f2da2ab33bb130b3.php 第 120 行.
NOTIC: [8] Undefined index: cid E:\xampp\htdocs\Online\Runtime\Cache\online\c7cb8b9fae9034e0f2da2ab33bb130b3.php 第 120 行.
NOTIC: [8] Undefined index: cid E:\xampp\htdocs\Online\Runtime\Cache\online\c7cb8b9fae9034e0f2da2ab33bb130b3.php 第 120 行.
NOTIC: [8] Undefined index: cid E:\xampp\htdocs\Online\Runtime\Cache\online\c7cb8b9fae9034e0f2da2ab33bb130b3.php 第 120 行.
NOTIC: [8] Undefined index: cid E:\xampp\htdocs\Online\Runtime\Cache\online\c7cb8b9fae9034e0f2da2ab33bb130b3.php 第 120 行.
NOTIC: [8] Undefined index: cid E:\xampp\htdocs\Online\Runtime\Cache\online\c7cb8b9fae9034e0f2da2ab33bb130b3.php 第 120 行.
NOTIC: [8] Undefined index: cid E:\xampp\htdocs\Online\Runtime\Cache\online\c7cb8b9fae9034e0f2da2ab33bb130b3.php 第 120 行.
NOTIC: [8] Undefined index: cid E:\xampp\htdocs\Online\Runtime\Cache\online\c7cb8b9fae9034e0f2da2ab33bb130b3.php 第 120 行.
NOTIC: [8] Undefined index: cid E:\xampp\htdocs\Online\Runtime\Cache\online\c7cb8b9fae9034e0f2da2ab33bb130b3.php 第 120 行.
NOTIC: [8] Undefined index: cid E:\xampp\htdocs\Online\Runtime\Cache\online\c7cb8b9fae9034e0f2da2ab33bb130b3.php 第 120 行.
NOTIC: [8] Undefined index: cid E:\xampp\htdocs\Online\Runtime\Cache\online\c7cb8b9fae9034e0f2da2ab33bb130b3.php 第 120 行.
NOTIC: [8] Undefined index: cid E:\xampp\htdocs\Online\Runtime\Cache\online\c7cb8b9fae9034e0f2da2ab33bb130b3.php 第 120 行.
NOTIC: [8] Undefined index: cid E:\xampp\htdocs\Online\Runtime\Cache\online\c7cb8b9fae9034e0f2da2ab33bb130b3.php 第 120 行.
NOTIC: [8] Undefined index: cid E:\xampp\htdocs\Online\Runtime\Cache\online\c7cb8b9fae9034e0f2da2ab33bb130b3.php 第 120 行.
NOTIC: [8] Undefined index: cid E:\xampp\htdocs\Online\Runtime\Cache\online\c7cb8b9fae9034e0f2da2ab33bb130b3.php 第 120 行.
NOTIC: [8] Undefined index: cid E:\xampp\htdocs\Online\Runtime\Cache\online\c7cb8b9fae9034e0f2da2ab33bb130b3.php 第 120 行.
NOTIC: [8] Undefined index: cid E:\xampp\htdocs\Online\Runtime\Cache\online\c7cb8b9fae9034e0f2da2ab33bb130b3.php 第 120 行.
NOTIC: [8] Undefined index: cid E:\xampp\htdocs\Online\Runtime\Cache\online\c7cb8b9fae9034e0f2da2ab33bb130b3.php 第 120 行.
NOTIC: [8] Undefined index: cid E:\xampp\htdocs\Online\Runtime\Cache\online\c7cb8b9fae9034e0f2da2ab33bb130b3.php 第 120 行.
NOTIC: [8] Undefined index: cid E:\xampp\htdocs\Online\Runtime\Cache\online\c7cb8b9fae9034e0f2da2ab33bb130b3.php 第 120 行.
NOTIC: [8] Undefined index: cid E:\xampp\htdocs\Online\Runtime\Cache\online\c7cb8b9fae9034e0f2da2ab33bb130b3.php 第 120 行.
NOTIC: [8] Undefined index: cid E:\xampp\htdocs\Online\Runtime\Cache\online\c7cb8b9fae9034e0f2da2ab33bb130b3.php 第 120 行.
NOTIC: [8] Undefined index: cid E:\xampp\htdocs\Online\Runtime\Cache\online\c7cb8b9fae9034e0f2da2ab33bb130b3.php 第 120 行.
NOTIC: [8] Undefined index: cid E:\xampp\htdocs\Online\Runtime\Cache\online\c7cb8b9fae9034e0f2da2ab33bb130b3.php 第 120 行.
NOTIC: [8] Undefined index: cid E:\xampp\htdocs\Online\Runtime\Cache\online\c7cb8b9fae9034e0f2da2ab33bb130b3.php 第 120 行.
NOTIC: [8] Undefined index: fid E:\xampp\htdocs\Online\Runtime\Cache\online\c7cb8b9fae9034e0f2da2ab33bb130b3.php 第 115 行.
NOTIC: [8] Undefined index: cid E:\xampp\htdocs\Online\Runtime\Cache\online\c7cb8b9fae9034e0f2da2ab33bb130b3.php 第 120 行.
NOTIC: [8] Undefined index: cid E:\xampp\htdocs\Online\Runtime\Cache\online\c7cb8b9fae9034e0f2da2ab33bb130b3.php 第 120 行.
NOTIC: [8] Undefined index: cid E:\xampp\htdocs\Online\Runtime\Cache\online\c7cb8b9fae9034e0f2da2ab33bb130b3.php 第 120 行.
NOTIC: [8] Undefined index: cid E:\xampp\htdocs\Online\Runtime\Cache\online\c7cb8b9fae9034e0f2da2ab33bb130b3.php 第 120 行.
NOTIC: [8] Undefined index: cid E:\xampp\htdocs\Online\Runtime\Cache\online\c7cb8b9fae9034e0f2da2ab33bb130b3.php 第 120 行.
NOTIC: [8] Undefined index: cid E:\xampp\htdocs\Online\Runtime\Cache\online\c7cb8b9fae9034e0f2da2ab33bb130b3.php 第 120 行.
NOTIC: [8] Undefined index: cid E:\xampp\htdocs\Online\Runtime\Cache\online\c7cb8b9fae9034e0f2da2ab33bb130b3.php 第 120 行.
NOTIC: [8] Undefined index: cid E:\xampp\htdocs\Online\Runtime\Cache\online\c7cb8b9fae9034e0f2da2ab33bb130b3.php 第 120 行.
NOTIC: [8] Undefined index: cid E:\xampp\htdocs\Online\Runtime\Cache\online\c7cb8b9fae9034e0f2da2ab33bb130b3.php 第 120 行.
NOTIC: [8] Undefined index: cid E:\xampp\htdocs\Online\Runtime\Cache\online\c7cb8b9fae9034e0f2da2ab33bb130b3.php 第 120 行.
NOTIC: [8] Undefined index: cid E:\xampp\htdocs\Online\Runtime\Cache\online\c7cb8b9fae9034e0f2da2ab33bb130b3.php 第 120 行.
NOTIC: [8] Undefined index: cid E:\xampp\htdocs\Online\Runtime\Cache\online\c7cb8b9fae9034e0f2da2ab33bb130b3.php 第 120 行.
NOTIC: [8] Undefined index: cid E:\xampp\htdocs\Online\Runtime\Cache\online\c7cb8b9fae9034e0f2da2ab33bb130b3.php 第 120 行.
NOTIC: [8] Undefined index: cid E:\xampp\htdocs\Online\Runtime\Cache\online\c7cb8b9fae9034e0f2da2ab33bb130b3.php 第 120 行.
NOTIC: [8] Undefined index: cid E:\xampp\htdocs\Online\Runtime\Cache\online\c7cb8b9fae9034e0f2da2ab33bb130b3.php 第 120 行.
NOTIC: [8] Undefined index: cid E:\xampp\htdocs\Online\Runtime\Cache\online\c7cb8b9fae9034e0f2da2ab33bb130b3.php 第 120 行.
NOTIC: [8] Undefined index: fid E:\xampp\htdocs\Online\Runtime\Cache\online\c7cb8b9fae9034e0f2da2ab33bb130b3.php 第 115 行.
NOTIC: [8] Undefined index: cid E:\xampp\htdocs\Online\Runtime\Cache\online\c7cb8b9fae9034e0f2da2ab33bb130b3.php 第 120 行.
NOTIC: [8] Undefined index: cid E:\xampp\htdocs\Online\Runtime\Cache\online\c7cb8b9fae9034e0f2da2ab33bb130b3.php 第 120 行.
NOTIC: [8] Undefined index: cid E:\xampp\htdocs\Online\Runtime\Cache\online\c7cb8b9fae9034e0f2da2ab33bb130b3.php 第 120 行.
NOTIC: [8] Undefined index: cid E:\xampp\htdocs\Online\Runtime\Cache\online\c7cb8b9fae9034e0f2da2ab33bb130b3.php 第 120 行.
NOTIC: [8] Undefined index: cid E:\xampp\htdocs\Online\Runtime\Cache\online\c7cb8b9fae9034e0f2da2ab33bb130b3.php 第 120 行.
NOTIC: [8] Undefined index: cid E:\xampp\htdocs\Online\Runtime\Cache\online\c7cb8b9fae9034e0f2da2ab33bb130b3.php 第 120 行.
NOTIC: [8] Undefined index: cid E:\xampp\htdocs\Online\Runtime\Cache\online\c7cb8b9fae9034e0f2da2ab33bb130b3.php 第 120 行.
NOTIC: [8] Undefined index: cid E:\xampp\htdocs\Online\Runtime\Cache\online\c7cb8b9fae9034e0f2da2ab33bb130b3.php 第 120 行.
NOTIC: [8] Undefined index: cid E:\xampp\htdocs\Online\Runtime\Cache\online\c7cb8b9fae9034e0f2da2ab33bb130b3.php 第 120 行.
NOTIC: [8] Undefined index: cid E:\xampp\htdocs\Online\Runtime\Cache\online\c7cb8b9fae9034e0f2da2ab33bb130b3.php 第 120 行.
NOTIC: [8] Undefined index: cid E:\xampp\htdocs\Online\Runtime\Cache\online\c7cb8b9fae9034e0f2da2ab33bb130b3.php 第 120 行.
NOTIC: [8] Undefined index: cid E:\xampp\htdocs\Online\Runtime\Cache\online\c7cb8b9fae9034e0f2da2ab33bb130b3.php 第 120 行.
NOTIC: [8] Undefined index: cid E:\xampp\htdocs\Online\Runtime\Cache\online\c7cb8b9fae9034e0f2da2ab33bb130b3.php 第 120 行.
NOTIC: [8] Undefined index: cid E:\xampp\htdocs\Online\Runtime\Cache\online\c7cb8b9fae9034e0f2da2ab33bb130b3.php 第 120 行.
NOTIC: [8] Undefined index: fid E:\xampp\htdocs\Online\Runtime\Cache\online\c7cb8b9fae9034e0f2da2ab33bb130b3.php 第 115 行.
NOTIC: [8] Undefined index: cid E:\xampp\htdocs\Online\Runtime\Cache\online\c7cb8b9fae9034e0f2da2ab33bb130b3.php 第 120 行.
NOTIC: [8] Undefined index: cid E:\xampp\htdocs\Online\Runtime\Cache\online\c7cb8b9fae9034e0f2da2ab33bb130b3.php 第 120 行.
NOTIC: [8] Undefined index: cid E:\xampp\htdocs\Online\Runtime\Cache\online\c7cb8b9fae9034e0f2da2ab33bb130b3.php 第 120 行.
NOTIC: [8] Undefined index: cid E:\xampp\htdocs\Online\Runtime\Cache\online\c7cb8b9fae9034e0f2da2ab33bb130b3.php 第 120 行.
NOTIC: [8] Undefined index: cid E:\xampp\htdocs\Online\Runtime\Cache\online\c7cb8b9fae9034e0f2da2ab33bb130b3.php 第 120 行.
NOTIC: [8] Undefined index: cid E:\xampp\htdocs\Online\Runtime\Cache\online\c7cb8b9fae9034e0f2da2ab33bb130b3.php 第 120 行.
NOTIC: [8] Undefined index: cid E:\xampp\htdocs\Online\Runtime\Cache\online\c7cb8b9fae9034e0f2da2ab33bb130b3.php 第 120 行.
NOTIC: [8] Undefined index: cid E:\xampp\htdocs\Online\Runtime\Cache\online\c7cb8b9fae9034e0f2da2ab33bb130b3.php 第 120 行.
NOTIC: [8] Undefined index: cid E:\xampp\htdocs\Online\Runtime\Cache\online\c7cb8b9fae9034e0f2da2ab33bb130b3.php 第 120 行.
NOTIC: [8] Undefined index: cid E:\xampp\htdocs\Online\Runtime\Cache\online\c7cb8b9fae9034e0f2da2ab33bb130b3.php 第 120 行.
NOTIC: [8] Undefined index: fid E:\xampp\htdocs\Online\Runtime\Cache\online\c7cb8b9fae9034e0f2da2ab33bb130b3.php 第 115 行.
NOTIC: [8] Undefined index: cid E:\xampp\htdocs\Online\Runtime\Cache\online\c7cb8b9fae9034e0f2da2ab33bb130b3.php 第 120 行.
NOTIC: [8] Undefined index: cid E:\xampp\htdocs\Online\Runtime\Cache\online\c7cb8b9fae9034e0f2da2ab33bb130b3.php 第 120 行.
NOTIC: [8] Undefined index: cid E:\xampp\htdocs\Online\Runtime\Cache\online\c7cb8b9fae9034e0f2da2ab33bb130b3.php 第 120 行.
NOTIC: [8] Undefined index: cid E:\xampp\htdocs\Online\Runtime\Cache\online\c7cb8b9fae9034e0f2da2ab33bb130b3.php 第 120 行.
NOTIC: [8] Undefined index: cid E:\xampp\htdocs\Online\Runtime\Cache\online\c7cb8b9fae9034e0f2da2ab33bb130b3.php 第 120 行.
NOTIC: [8] Undefined index: cid E:\xampp\htdocs\Online\Runtime\Cache\online\c7cb8b9fae9034e0f2da2ab33bb130b3.php 第 120 行.
NOTIC: [8] Undefined index: cid E:\xampp\htdocs\Online\Runtime\Cache\online\c7cb8b9fae9034e0f2da2ab33bb130b3.php 第 120 行.
NOTIC: [8] Undefined index: cid E:\xampp\htdocs\Online\Runtime\Cache\online\c7cb8b9fae9034e0f2da2ab33bb130b3.php 第 120 行.
NOTIC: [8] Undefined index: cid E:\xampp\htdocs\Online\Runtime\Cache\online\c7cb8b9fae9034e0f2da2ab33bb130b3.php 第 120 行.
NOTIC: [8] Undefined index: cid E:\xampp\htdocs\Online\Runtime\Cache\online\c7cb8b9fae9034e0f2da2ab33bb130b3.php 第 120 行.
NOTIC: [8] Undefined index: cid E:\xampp\htdocs\Online\Runtime\Cache\online\c7cb8b9fae9034e0f2da2ab33bb130b3.php 第 120 行.
NOTIC: [8] Undefined index: cid E:\xampp\htdocs\Online\Runtime\Cache\online\c7cb8b9fae9034e0f2da2ab33bb130b3.php 第 120 行.
NOTIC: [8] Undefined index: cid E:\xampp\htdocs\Online\Runtime\Cache\online\c7cb8b9fae9034e0f2da2ab33bb130b3.php 第 120 行.
NOTIC: [8] Undefined index: cid E:\xampp\htdocs\Online\Runtime\Cache\online\c7cb8b9fae9034e0f2da2ab33bb130b3.php 第 120 行.
NOTIC: [8] Undefined index: cid E:\xampp\htdocs\Online\Runtime\Cache\online\c7cb8b9fae9034e0f2da2ab33bb130b3.php 第 120 行.
NOTIC: [8] Undefined index: cid E:\xampp\htdocs\Online\Runtime\Cache\online\c7cb8b9fae9034e0f2da2ab33bb130b3.php 第 120 行.
NOTIC: [8] Undefined index: cid E:\xampp\htdocs\Online\Runtime\Cache\online\c7cb8b9fae9034e0f2da2ab33bb130b3.php 第 120 行.
NOTIC: [8] Undefined index: cid E:\xampp\htdocs\Online\Runtime\Cache\online\c7cb8b9fae9034e0f2da2ab33bb130b3.php 第 120 行.
NOTIC: [8] Undefined index: cid E:\xampp\htdocs\Online\Runtime\Cache\online\c7cb8b9fae9034e0f2da2ab33bb130b3.php 第 120 行.
NOTIC: [8] Undefined index: cid E:\xampp\htdocs\Online\Runtime\Cache\online\c7cb8b9fae9034e0f2da2ab33bb130b3.php 第 120 行.
NOTIC: [8] Undefined index: cid E:\xampp\htdocs\Online\Runtime\Cache\online\c7cb8b9fae9034e0f2da2ab33bb130b3.php 第 120 行.
NOTIC: [8] Undefined index: cid E:\xampp\htdocs\Online\Runtime\Cache\online\c7cb8b9fae9034e0f2da2ab33bb130b3.php 第 120 行.
NOTIC: [8] Undefined index: cid E:\xampp\htdocs\Online\Runtime\Cache\online\c7cb8b9fae9034e0f2da2ab33bb130b3.php 第 120 行.
NOTIC: [8] Undefined index: fid E:\xampp\htdocs\Online\Runtime\Cache\online\c7cb8b9fae9034e0f2da2ab33bb130b3.php 第 115 行.
NOTIC: [8] Undefined index: cid E:\xampp\htdocs\Online\Runtime\Cache\online\c7cb8b9fae9034e0f2da2ab33bb130b3.php 第 120 行.
NOTIC: [8] Undefined index: cid E:\xampp\htdocs\Online\Runtime\Cache\online\c7cb8b9fae9034e0f2da2ab33bb130b3.php 第 120 行.
NOTIC: [8] Undefined index: cid E:\xampp\htdocs\Online\Runtime\Cache\online\c7cb8b9fae9034e0f2da2ab33bb130b3.php 第 120 行.
NOTIC: [8] Undefined index: cid E:\xampp\htdocs\Online\Runtime\Cache\online\c7cb8b9fae9034e0f2da2ab33bb130b3.php 第 120 行.
NOTIC: [8] Undefined index: cid E:\xampp\htdocs\Online\Runtime\Cache\online\c7cb8b9fae9034e0f2da2ab33bb130b3.php 第 120 行.
NOTIC: [8] Undefined index: cid E:\xampp\htdocs\Online\Runtime\Cache\online\c7cb8b9fae9034e0f2da2ab33bb130b3.php 第 120 行.
NOTIC: [8] Undefined index: cid E:\xampp\htdocs\Online\Runtime\Cache\online\c7cb8b9fae9034e0f2da2ab33bb130b3.php 第 120 行.
NOTIC: [8] Undefined index: fid E:\xampp\htdocs\Online\Runtime\Cache\online\c7cb8b9fae9034e0f2da2ab33bb130b3.php 第 115 行.
NOTIC: [8] Undefined index: cid E:\xampp\htdocs\Online\Runtime\Cache\online\c7cb8b9fae9034e0f2da2ab33bb130b3.php 第 120 行.
NOTIC: [8] Undefined index: cid E:\xampp\htdocs\Online\Runtime\Cache\online\c7cb8b9fae9034e0f2da2ab33bb130b3.php 第 120 行.
NOTIC: [8] Undefined index: cid E:\xampp\htdocs\Online\Runtime\Cache\online\c7cb8b9fae9034e0f2da2ab33bb130b3.php 第 120 行.
NOTIC: [8] Undefined index: cid E:\xampp\htdocs\Online\Runtime\Cache\online\c7cb8b9fae9034e0f2da2ab33bb130b3.php 第 120 行.
NOTIC: [8] Undefined index: cid E:\xampp\htdocs\Online\Runtime\Cache\online\c7cb8b9fae9034e0f2da2ab33bb130b3.php 第 120 行.
NOTIC: [8] Undefined index: cid E:\xampp\htdocs\Online\Runtime\Cache\online\c7cb8b9fae9034e0f2da2ab33bb130b3.php 第 120 行.
NOTIC: [8] Undefined index: cid E:\xampp\htdocs\Online\Runtime\Cache\online\c7cb8b9fae9034e0f2da2ab33bb130b3.php 第 120 行.
NOTIC: [8] Undefined index: cid E:\xampp\htdocs\Online\Runtime\Cache\online\c7cb8b9fae9034e0f2da2ab33bb130b3.php 第 120 行.
NOTIC: [8] Undefined index: cid E:\xampp\htdocs\Online\Runtime\Cache\online\c7cb8b9fae9034e0f2da2ab33bb130b3.php 第 120 行.
NOTIC: [8] Undefined index: cid E:\xampp\htdocs\Online\Runtime\Cache\online\c7cb8b9fae9034e0f2da2ab33bb130b3.php 第 120 行.
NOTIC: [8] Undefined index: cid E:\xampp\htdocs\Online\Runtime\Cache\online\c7cb8b9fae9034e0f2da2ab33bb130b3.php 第 120 行.
NOTIC: [8] Undefined index: cid E:\xampp\htdocs\Online\Runtime\Cache\online\c7cb8b9fae9034e0f2da2ab33bb130b3.php 第 120 行.
NOTIC: [8] Undefined index: cid E:\xampp\htdocs\Online\Runtime\Cache\online\c7cb8b9fae9034e0f2da2ab33bb130b3.php 第 120 行.
NOTIC: [8] Undefined index: cid E:\xampp\htdocs\Online\Runtime\Cache\online\c7cb8b9fae9034e0f2da2ab33bb130b3.php 第 120 行.
NOTIC: [8] Undefined index: cid E:\xampp\htdocs\Online\Runtime\Cache\online\c7cb8b9fae9034e0f2da2ab33bb130b3.php 第 120 行.
NOTIC: [8] Undefined index: cid E:\xampp\htdocs\Online\Runtime\Cache\online\c7cb8b9fae9034e0f2da2ab33bb130b3.php 第 120 行.
NOTIC: [8] Undefined index: cid E:\xampp\htdocs\Online\Runtime\Cache\online\c7cb8b9fae9034e0f2da2ab33bb130b3.php 第 120 行.
NOTIC: [8] Undefined index: cid E:\xampp\htdocs\Online\Runtime\Cache\online\c7cb8b9fae9034e0f2da2ab33bb130b3.php 第 120 行.
NOTIC: [8] Undefined index: cid E:\xampp\htdocs\Online\Runtime\Cache\online\c7cb8b9fae9034e0f2da2ab33bb130b3.php 第 120 行.
NOTIC: [8] Undefined index: cid E:\xampp\htdocs\Online\Runtime\Cache\online\c7cb8b9fae9034e0f2da2ab33bb130b3.php 第 120 行.
NOTIC: [8] Undefined index: cid E:\xampp\htdocs\Online\Runtime\Cache\online\c7cb8b9fae9034e0f2da2ab33bb130b3.php 第 120 行.
NOTIC: [8] Undefined index: cid E:\xampp\htdocs\Online\Runtime\Cache\online\c7cb8b9fae9034e0f2da2ab33bb130b3.php 第 120 行.
NOTIC: [8] Undefined index: cid E:\xampp\htdocs\Online\Runtime\Cache\online\c7cb8b9fae9034e0f2da2ab33bb130b3.php 第 120 行.
NOTIC: [8] Undefined index: fid E:\xampp\htdocs\Online\Runtime\Cache\online\c7cb8b9fae9034e0f2da2ab33bb130b3.php 第 115 行.
NOTIC: [8] Undefined index: cid E:\xampp\htdocs\Online\Runtime\Cache\online\c7cb8b9fae9034e0f2da2ab33bb130b3.php 第 120 行.
NOTIC: [8] Undefined index: cid E:\xampp\htdocs\Online\Runtime\Cache\online\c7cb8b9fae9034e0f2da2ab33bb130b3.php 第 120 行.
NOTIC: [8] Undefined index: cid E:\xampp\htdocs\Online\Runtime\Cache\online\c7cb8b9fae9034e0f2da2ab33bb130b3.php 第 120 行.
NOTIC: [8] Undefined index: cid E:\xampp\htdocs\Online\Runtime\Cache\online\c7cb8b9fae9034e0f2da2ab33bb130b3.php 第 120 行.
NOTIC: [8] Undefined index: cid E:\xampp\htdocs\Online\Runtime\Cache\online\c7cb8b9fae9034e0f2da2ab33bb130b3.php 第 120 行.
NOTIC: [8] Undefined index: cid E:\xampp\htdocs\Online\Runtime\Cache\online\c7cb8b9fae9034e0f2da2ab33bb130b3.php 第 120 行.
NOTIC: [8] Undefined index: cid E:\xampp\htdocs\Online\Runtime\Cache\online\c7cb8b9fae9034e0f2da2ab33bb130b3.php 第 120 行.
NOTIC: [8] Undefined index: cid E:\xampp\htdocs\Online\Runtime\Cache\online\c7cb8b9fae9034e0f2da2ab33bb130b3.php 第 120 行.
NOTIC: [8] Undefined index: cid E:\xampp\htdocs\Online\Runtime\Cache\online\c7cb8b9fae9034e0f2da2ab33bb130b3.php 第 120 行.
NOTIC: [8] Undefined index: cid E:\xampp\htdocs\Online\Runtime\Cache\online\c7cb8b9fae9034e0f2da2ab33bb130b3.php 第 120 行.
NOTIC: [8] Undefined index: cid E:\xampp\htdocs\Online\Runtime\Cache\online\c7cb8b9fae9034e0f2da2ab33bb130b3.php 第 120 行.
NOTIC: [8] Undefined index: cid E:\xampp\htdocs\Online\Runtime\Cache\online\c7cb8b9fae9034e0f2da2ab33bb130b3.php 第 120 行.
NOTIC: [8] Undefined index: cid E:\xampp\htdocs\Online\Runtime\Cache\online\c7cb8b9fae9034e0f2da2ab33bb130b3.php 第 120 行.
NOTIC: [8] Undefined index: fid E:\xampp\htdocs\Online\Runtime\Cache\online\c7cb8b9fae9034e0f2da2ab33bb130b3.php 第 115 行.
NOTIC: [8] Undefined index: cid E:\xampp\htdocs\Online\Runtime\Cache\online\c7cb8b9fae9034e0f2da2ab33bb130b3.php 第 120 行.
NOTIC: [8] Undefined index: cid E:\xampp\htdocs\Online\Runtime\Cache\online\c7cb8b9fae9034e0f2da2ab33bb130b3.php 第 120 行.
NOTIC: [8] Undefined index: cid E:\xampp\htdocs\Online\Runtime\Cache\online\c7cb8b9fae9034e0f2da2ab33bb130b3.php 第 120 行.
NOTIC: [8] Undefined index: cid E:\xampp\htdocs\Online\Runtime\Cache\online\c7cb8b9fae9034e0f2da2ab33bb130b3.php 第 120 行.
NOTIC: [8] Undefined index: cid E:\xampp\htdocs\Online\Runtime\Cache\online\c7cb8b9fae9034e0f2da2ab33bb130b3.php 第 120 行.
NOTIC: [8] Undefined index: cid E:\xampp\htdocs\Online\Runtime\Cache\online\c7cb8b9fae9034e0f2da2ab33bb130b3.php 第 120 行.
NOTIC: [8] Undefined index: cid E:\xampp\htdocs\Online\Runtime\Cache\online\c7cb8b9fae9034e0f2da2ab33bb130b3.php 第 120 行.
NOTIC: [8] Undefined index: cid E:\xampp\htdocs\Online\Runtime\Cache\online\c7cb8b9fae9034e0f2da2ab33bb130b3.php 第 120 行.
NOTIC: [8] Undefined index: cid E:\xampp\htdocs\Online\Runtime\Cache\online\c7cb8b9fae9034e0f2da2ab33bb130b3.php 第 120 行.
NOTIC: [8] Undefined index: cid E:\xampp\htdocs\Online\Runtime\Cache\online\c7cb8b9fae9034e0f2da2ab33bb130b3.php 第 120 行.
NOTIC: [8] Undefined index: cid E:\xampp\htdocs\Online\Runtime\Cache\online\c7cb8b9fae9034e0f2da2ab33bb130b3.php 第 120 行.
NOTIC: [8] Undefined index: cid E:\xampp\htdocs\Online\Runtime\Cache\online\c7cb8b9fae9034e0f2da2ab33bb130b3.php 第 120 行.
NOTIC: [8] Undefined index: cid E:\xampp\htdocs\Online\Runtime\Cache\online\c7cb8b9fae9034e0f2da2ab33bb130b3.php 第 120 行.
NOTIC: [8] Undefined index: fid E:\xampp\htdocs\Online\Runtime\Cache\online\c7cb8b9fae9034e0f2da2ab33bb130b3.php 第 115 行.
NOTIC: [8] Undefined index: cid E:\xampp\htdocs\Online\Runtime\Cache\online\c7cb8b9fae9034e0f2da2ab33bb130b3.php 第 120 行.
NOTIC: [8] Undefined index: cid E:\xampp\htdocs\Online\Runtime\Cache\online\c7cb8b9fae9034e0f2da2ab33bb130b3.php 第 120 行.
NOTIC: [8] Undefined index: cid E:\xampp\htdocs\Online\Runtime\Cache\online\c7cb8b9fae9034e0f2da2ab33bb130b3.php 第 120 行.
NOTIC: [8] Undefined index: cid E:\xampp\htdocs\Online\Runtime\Cache\online\c7cb8b9fae9034e0f2da2ab33bb130b3.php 第 120 行.
NOTIC: [8] Undefined index: cid E:\xampp\htdocs\Online\Runtime\Cache\online\c7cb8b9fae9034e0f2da2ab33bb130b3.php 第 120 行.
NOTIC: [8] Undefined index: cid E:\xampp\htdocs\Online\Runtime\Cache\online\c7cb8b9fae9034e0f2da2ab33bb130b3.php 第 120 行.
NOTIC: [8] Undefined index: cid E:\xampp\htdocs\Online\Runtime\Cache\online\c7cb8b9fae9034e0f2da2ab33bb130b3.php 第 120 行.
NOTIC: [8] Undefined index: cid E:\xampp\htdocs\Online\Runtime\Cache\online\c7cb8b9fae9034e0f2da2ab33bb130b3.php 第 120 行.
NOTIC: [8] Undefined index: cid E:\xampp\htdocs\Online\Runtime\Cache\online\c7cb8b9fae9034e0f2da2ab33bb130b3.php 第 120 行.
NOTIC: [8] Undefined index: cid E:\xampp\htdocs\Online\Runtime\Cache\online\c7cb8b9fae9034e0f2da2ab33bb130b3.php 第 120 行.
NOTIC: [8] Undefined index: cid E:\xampp\htdocs\Online\Runtime\Cache\online\c7cb8b9fae9034e0f2da2ab33bb130b3.php 第 120 行.
NOTIC: [8] Undefined index: cid E:\xampp\htdocs\Online\Runtime\Cache\online\c7cb8b9fae9034e0f2da2ab33bb130b3.php 第 120 行.
NOTIC: [8] Undefined index: cid E:\xampp\htdocs\Online\Runtime\Cache\online\c7cb8b9fae9034e0f2da2ab33bb130b3.php 第 120 行.
NOTIC: [8] Undefined index: cid E:\xampp\htdocs\Online\Runtime\Cache\online\c7cb8b9fae9034e0f2da2ab33bb130b3.php 第 120 行.
NOTIC: [8] Undefined index: cid E:\xampp\htdocs\Online\Runtime\Cache\online\c7cb8b9fae9034e0f2da2ab33bb130b3.php 第 120 行.
NOTIC: [8] Undefined index: cid E:\xampp\htdocs\Online\Runtime\Cache\online\c7cb8b9fae9034e0f2da2ab33bb130b3.php 第 120 行.
NOTIC: [8] Undefined index: cid E:\xampp\htdocs\Online\Runtime\Cache\online\c7cb8b9fae9034e0f2da2ab33bb130b3.php 第 120 行.
NOTIC: [8] Undefined index: cid E:\xampp\htdocs\Online\Runtime\Cache\online\c7cb8b9fae9034e0f2da2ab33bb130b3.php 第 120 行.
NOTIC: [2] Invalid argument supplied for foreach() E:\xampp\htdocs\Online\Runtime\Cache\online\c7cb8b9fae9034e0f2da2ab33bb130b3.php 第 134 行.
INFO: Run Behavior\ParseTemplateBehavior [ RunTime:0.017369s ]
INFO: [ view_parse ] --END-- [ RunTime:0.017426s ]
INFO: [ view_filter ] --START--
INFO: Run Behavior\WriteHtmlCacheBehavior [ RunTime:0.000256s ]
INFO: [ view_filter ] --END-- [ RunTime:0.000296s ]
INFO: [ app_end ] --START--
INFO: Run Behavior\ShowPageTraceBehavior [ RunTime:0.000558s ]
INFO: [ app_end ] --END-- [ RunTime:0.000641s ]

[ 2015-03-21T12:37:57+08:00 ] 127.0.0.1 /online.php/Index/info/1419066834
INFO: [ app_init ] --START--
INFO: Run Behavior\BuildLiteBehavior [ RunTime:0.000013s ]
INFO: [ app_init ] --END-- [ RunTime:0.000323s ]
INFO: [ app_begin ] --START--
INFO: Run Behavior\ReadHtmlCacheBehavior [ RunTime:0.000825s ]
INFO: [ app_begin ] --END-- [ RunTime:0.000873s ]
SQL: SHOW COLUMNS FROM `online_user` [ RunTime:0.0030s ]
SQL: SELECT * FROM `online_user` WHERE `uid` = 1419066834 LIMIT 1   [ RunTime:0.0005s ]
INFO: [ view_parse ] --START--
INFO: [ template_filter ] --START--
INFO: Run Behavior\ContentReplaceBehavior [ RunTime:0.000035s ]
INFO: [ template_filter ] --END-- [ RunTime:0.000089s ]
INFO: Run Behavior\ParseTemplateBehavior [ RunTime:0.060041s ]
INFO: [ view_parse ] --END-- [ RunTime:0.060156s ]
INFO: [ view_filter ] --START--
INFO: Run Behavior\WriteHtmlCacheBehavior [ RunTime:0.000578s ]
INFO: [ view_filter ] --END-- [ RunTime:0.000689s ]

[ 2015-03-21T12:38:19+08:00 ] 127.0.0.1 /online.php/Index/info/1419066834
INFO: [ app_init ] --START--
INFO: Run Behavior\BuildLiteBehavior [ RunTime:0.000015s ]
INFO: [ app_init ] --END-- [ RunTime:0.000314s ]
INFO: [ app_begin ] --START--
INFO: Run Behavior\ReadHtmlCacheBehavior [ RunTime:0.000430s ]
INFO: [ app_begin ] --END-- [ RunTime:0.000486s ]
SQL: SHOW COLUMNS FROM `online_user` [ RunTime:0.0029s ]
SQL: SELECT * FROM `online_user` WHERE `uid` = 1419066834 LIMIT 1   [ RunTime:0.0006s ]
INFO: [ view_parse ] --START--
INFO: [ template_filter ] --START--
INFO: Run Behavior\ContentReplaceBehavior [ RunTime:0.000040s ]
INFO: [ template_filter ] --END-- [ RunTime:0.000098s ]
INFO: Run Behavior\ParseTemplateBehavior [ RunTime:0.005396s ]
INFO: [ view_parse ] --END-- [ RunTime:0.005455s ]
INFO: [ view_filter ] --START--
INFO: Run Behavior\WriteHtmlCacheBehavior [ RunTime:0.000200s ]
INFO: [ view_filter ] --END-- [ RunTime:0.000248s ]

[ 2015-03-21T12:38:31+08:00 ] 127.0.0.1 /online.php/index/detail
INFO: [ app_init ] --START--
INFO: Run Behavior\BuildLiteBehavior [ RunTime:0.000018s ]
INFO: [ app_init ] --END-- [ RunTime:0.000388s ]
INFO: [ app_begin ] --START--
INFO: Run Behavior\ReadHtmlCacheBehavior [ RunTime:0.000518s ]
INFO: [ app_begin ] --END-- [ RunTime:0.000590s ]
SQL: SHOW COLUMNS FROM `online_user` [ RunTime:0.0024s ]
SQL: SELECT * FROM `online_user` WHERE `uid` = 1419066834 LIMIT 1   [ RunTime:0.0005s ]
SQL: SHOW COLUMNS FROM `online_category` [ RunTime:0.0018s ]
SQL: SHOW COLUMNS FROM `online_user_category` [ RunTime:0.0015s ]
SQL: SELECT * FROM `online_category` WHERE ( status=1 )  [ RunTime:0.0008s ]
SQL: SELECT * FROM `online_user_category` WHERE `uid` = 1419066834  [ RunTime:0.0002s ]
NOTIC: [8] Undefined variable: choosenFatherList E:\xampp\htdocs\Online\online\Controller\IndexController.class.php 第 411 行.
NOTIC: [2] in_array() expects parameter 2 to be array, null given E:\xampp\htdocs\Online\online\Controller\IndexController.class.php 第 411 行.
SQL: SHOW COLUMNS FROM `online_calendar` [ RunTime:0.0020s ]
SQL: SELECT `id`,`day_id`,`time_id`,`status` FROM `online_calendar` WHERE ( uid=1419066834 ) ORDER BY day_id,time_id  [ RunTime:0.0004s ]
SQL: SHOW COLUMNS FROM `online_schedule` [ RunTime:0.0018s ]
SQL: SELECT * FROM `online_schedule` WHERE ( accept_uid=1419066834 and status>0 )  [ RunTime:0.0005s ]
INFO: [ view_parse ] --START--
INFO: [ template_filter ] --START--
INFO: Run Behavior\ContentReplaceBehavior [ RunTime:0.000080s ]
INFO: [ template_filter ] --END-- [ RunTime:0.000141s ]
NOTIC: [8] Undefined offset: 3 E:\xampp\htdocs\Online\Runtime\Cache\online\534b0a4e8eae52219781107dfcbe9a02.php 第 207 行.
NOTIC: [8] Undefined offset: 7 E:\xampp\htdocs\Online\Runtime\Cache\online\534b0a4e8eae52219781107dfcbe9a02.php 第 207 行.
INFO: Run Behavior\ParseTemplateBehavior [ RunTime:0.009680s ]
INFO: [ view_parse ] --END-- [ RunTime:0.009730s ]
INFO: [ view_filter ] --START--
INFO: Run Behavior\WriteHtmlCacheBehavior [ RunTime:0.000162s ]
INFO: [ view_filter ] --END-- [ RunTime:0.000201s ]
INFO: [ app_end ] --START--
INFO: Run Behavior\ShowPageTraceBehavior [ RunTime:0.000513s ]
INFO: [ app_end ] --END-- [ RunTime:0.000562s ]

[ 2015-03-21T12:48:49+08:00 ] 127.0.0.1 /online.php/index/index
INFO: [ app_init ] --START--
INFO: Run Behavior\BuildLiteBehavior [ RunTime:0.000014s ]
INFO: [ app_init ] --END-- [ RunTime:0.000393s ]
INFO: [ app_begin ] --START--
INFO: Run Behavior\ReadHtmlCacheBehavior [ RunTime:0.000446s ]
INFO: [ app_begin ] --END-- [ RunTime:0.000498s ]
SQL: SHOW COLUMNS FROM `online_user` [ RunTime:0.0023s ]
SQL: SHOW COLUMNS FROM `online_category` [ RunTime:0.0021s ]
SQL: SHOW COLUMNS FROM `online_user_category` [ RunTime:0.0015s ]
SQL: SELECT * FROM `online_category` WHERE ( status=1 )  [ RunTime:0.0019s ]
NOTIC: [8] Undefined index: fid E:\xampp\htdocs\Online\online\Controller\IndexController.class.php 第 20 行.
SQL: SELECT COUNT(*) AS tp_count FROM `online_user` WHERE `type` = 2 AND `status` = 1 LIMIT 1   [ RunTime:0.0003s ]
SQL: SELECT * FROM `online_user` WHERE `type` = 2 AND `status` = 1 ORDER BY id desc LIMIT 0,10   [ RunTime:0.0006s ]
INFO: [ view_parse ] --START--
INFO: [ template_filter ] --START--
INFO: Run Behavior\ContentReplaceBehavior [ RunTime:0.000066s ]
INFO: [ template_filter ] --END-- [ RunTime:0.000132s ]
NOTIC: [8] Undefined variable: i E:\xampp\htdocs\Online\Runtime\Cache\online\c7cb8b9fae9034e0f2da2ab33bb130b3.php 第 113 行.
NOTIC: [8] Undefined index: fid E:\xampp\htdocs\Online\Runtime\Cache\online\c7cb8b9fae9034e0f2da2ab33bb130b3.php 第 115 行.
NOTIC: [8] Undefined index: cid E:\xampp\htdocs\Online\Runtime\Cache\online\c7cb8b9fae9034e0f2da2ab33bb130b3.php 第 120 行.
NOTIC: [8] Undefined index: cid E:\xampp\htdocs\Online\Runtime\Cache\online\c7cb8b9fae9034e0f2da2ab33bb130b3.php 第 120 行.
NOTIC: [8] Undefined index: cid E:\xampp\htdocs\Online\Runtime\Cache\online\c7cb8b9fae9034e0f2da2ab33bb130b3.php 第 120 行.
NOTIC: [8] Undefined index: cid E:\xampp\htdocs\Online\Runtime\Cache\online\c7cb8b9fae9034e0f2da2ab33bb130b3.php 第 120 行.
NOTIC: [8] Undefined index: cid E:\xampp\htdocs\Online\Runtime\Cache\online\c7cb8b9fae9034e0f2da2ab33bb130b3.php 第 120 行.
NOTIC: [8] Undefined index: cid E:\xampp\htdocs\Online\Runtime\Cache\online\c7cb8b9fae9034e0f2da2ab33bb130b3.php 第 120 行.
NOTIC: [8] Undefined index: cid E:\xampp\htdocs\Online\Runtime\Cache\online\c7cb8b9fae9034e0f2da2ab33bb130b3.php 第 120 行.
NOTIC: [8] Undefined index: cid E:\xampp\htdocs\Online\Runtime\Cache\online\c7cb8b9fae9034e0f2da2ab33bb130b3.php 第 120 行.
NOTIC: [8] Undefined index: cid E:\xampp\htdocs\Online\Runtime\Cache\online\c7cb8b9fae9034e0f2da2ab33bb130b3.php 第 120 行.
NOTIC: [8] Undefined index: cid E:\xampp\htdocs\Online\Runtime\Cache\online\c7cb8b9fae9034e0f2da2ab33bb130b3.php 第 120 行.
NOTIC: [8] Undefined index: cid E:\xampp\htdocs\Online\Runtime\Cache\online\c7cb8b9fae9034e0f2da2ab33bb130b3.php 第 120 行.
NOTIC: [8] Undefined index: cid E:\xampp\htdocs\Online\Runtime\Cache\online\c7cb8b9fae9034e0f2da2ab33bb130b3.php 第 120 行.
NOTIC: [8] Undefined index: cid E:\xampp\htdocs\Online\Runtime\Cache\online\c7cb8b9fae9034e0f2da2ab33bb130b3.php 第 120 行.
NOTIC: [8] Undefined index: cid E:\xampp\htdocs\Online\Runtime\Cache\online\c7cb8b9fae9034e0f2da2ab33bb130b3.php 第 120 行.
NOTIC: [8] Undefined index: cid E:\xampp\htdocs\Online\Runtime\Cache\online\c7cb8b9fae9034e0f2da2ab33bb130b3.php 第 120 行.
NOTIC: [8] Undefined index: cid E:\xampp\htdocs\Online\Runtime\Cache\online\c7cb8b9fae9034e0f2da2ab33bb130b3.php 第 120 行.
NOTIC: [8] Undefined index: cid E:\xampp\htdocs\Online\Runtime\Cache\online\c7cb8b9fae9034e0f2da2ab33bb130b3.php 第 120 行.
NOTIC: [8] Undefined index: cid E:\xampp\htdocs\Online\Runtime\Cache\online\c7cb8b9fae9034e0f2da2ab33bb130b3.php 第 120 行.
NOTIC: [8] Undefined index: cid E:\xampp\htdocs\Online\Runtime\Cache\online\c7cb8b9fae9034e0f2da2ab33bb130b3.php 第 120 行.
NOTIC: [8] Undefined index: cid E:\xampp\htdocs\Online\Runtime\Cache\online\c7cb8b9fae9034e0f2da2ab33bb130b3.php 第 120 行.
NOTIC: [8] Undefined index: cid E:\xampp\htdocs\Online\Runtime\Cache\online\c7cb8b9fae9034e0f2da2ab33bb130b3.php 第 120 行.
NOTIC: [8] Undefined index: cid E:\xampp\htdocs\Online\Runtime\Cache\online\c7cb8b9fae9034e0f2da2ab33bb130b3.php 第 120 行.
NOTIC: [8] Undefined index: cid E:\xampp\htdocs\Online\Runtime\Cache\online\c7cb8b9fae9034e0f2da2ab33bb130b3.php 第 120 行.
NOTIC: [8] Undefined index: cid E:\xampp\htdocs\Online\Runtime\Cache\online\c7cb8b9fae9034e0f2da2ab33bb130b3.php 第 120 行.
NOTIC: [8] Undefined index: cid E:\xampp\htdocs\Online\Runtime\Cache\online\c7cb8b9fae9034e0f2da2ab33bb130b3.php 第 120 行.
NOTIC: [8] Undefined index: cid E:\xampp\htdocs\Online\Runtime\Cache\online\c7cb8b9fae9034e0f2da2ab33bb130b3.php 第 120 行.
NOTIC: [8] Undefined index: cid E:\xampp\htdocs\Online\Runtime\Cache\online\c7cb8b9fae9034e0f2da2ab33bb130b3.php 第 120 行.
NOTIC: [8] Undefined index: cid E:\xampp\htdocs\Online\Runtime\Cache\online\c7cb8b9fae9034e0f2da2ab33bb130b3.php 第 120 行.
NOTIC: [8] Undefined index: cid E:\xampp\htdocs\Online\Runtime\Cache\online\c7cb8b9fae9034e0f2da2ab33bb130b3.php 第 120 行.
NOTIC: [8] Undefined index: cid E:\xampp\htdocs\Online\Runtime\Cache\online\c7cb8b9fae9034e0f2da2ab33bb130b3.php 第 120 行.
NOTIC: [8] Undefined index: fid E:\xampp\htdocs\Online\Runtime\Cache\online\c7cb8b9fae9034e0f2da2ab33bb130b3.php 第 115 行.
NOTIC: [8] Undefined index: cid E:\xampp\htdocs\Online\Runtime\Cache\online\c7cb8b9fae9034e0f2da2ab33bb130b3.php 第 120 行.
NOTIC: [8] Undefined index: cid E:\xampp\htdocs\Online\Runtime\Cache\online\c7cb8b9fae9034e0f2da2ab33bb130b3.php 第 120 行.
NOTIC: [8] Undefined index: cid E:\xampp\htdocs\Online\Runtime\Cache\online\c7cb8b9fae9034e0f2da2ab33bb130b3.php 第 120 行.
NOTIC: [8] Undefined index: cid E:\xampp\htdocs\Online\Runtime\Cache\online\c7cb8b9fae9034e0f2da2ab33bb130b3.php 第 120 行.
NOTIC: [8] Undefined index: cid E:\xampp\htdocs\Online\Runtime\Cache\online\c7cb8b9fae9034e0f2da2ab33bb130b3.php 第 120 行.
NOTIC: [8] Undefined index: cid E:\xampp\htdocs\Online\Runtime\Cache\online\c7cb8b9fae9034e0f2da2ab33bb130b3.php 第 120 行.
NOTIC: [8] Undefined index: cid E:\xampp\htdocs\Online\Runtime\Cache\online\c7cb8b9fae9034e0f2da2ab33bb130b3.php 第 120 行.
NOTIC: [8] Undefined index: cid E:\xampp\htdocs\Online\Runtime\Cache\online\c7cb8b9fae9034e0f2da2ab33bb130b3.php 第 120 行.
NOTIC: [8] Undefined index: cid E:\xampp\htdocs\Online\Runtime\Cache\online\c7cb8b9fae9034e0f2da2ab33bb130b3.php 第 120 行.
NOTIC: [8] Undefined index: cid E:\xampp\htdocs\Online\Runtime\Cache\online\c7cb8b9fae9034e0f2da2ab33bb130b3.php 第 120 行.
NOTIC: [8] Undefined index: cid E:\xampp\htdocs\Online\Runtime\Cache\online\c7cb8b9fae9034e0f2da2ab33bb130b3.php 第 120 行.
NOTIC: [8] Undefined index: cid E:\xampp\htdocs\Online\Runtime\Cache\online\c7cb8b9fae9034e0f2da2ab33bb130b3.php 第 120 行.
NOTIC: [8] Undefined index: cid E:\xampp\htdocs\Online\Runtime\Cache\online\c7cb8b9fae9034e0f2da2ab33bb130b3.php 第 120 行.
NOTIC: [8] Undefined index: cid E:\xampp\htdocs\Online\Runtime\Cache\online\c7cb8b9fae9034e0f2da2ab33bb130b3.php 第 120 行.
NOTIC: [8] Undefined index: cid E:\xampp\htdocs\Online\Runtime\Cache\online\c7cb8b9fae9034e0f2da2ab33bb130b3.php 第 120 行.
NOTIC: [8] Undefined index: cid E:\xampp\htdocs\Online\Runtime\Cache\online\c7cb8b9fae9034e0f2da2ab33bb130b3.php 第 120 行.
NOTIC: [8] Undefined index: fid E:\xampp\htdocs\Online\Runtime\Cache\online\c7cb8b9fae9034e0f2da2ab33bb130b3.php 第 115 行.
NOTIC: [8] Undefined index: cid E:\xampp\htdocs\Online\Runtime\Cache\online\c7cb8b9fae9034e0f2da2ab33bb130b3.php 第 120 行.
NOTIC: [8] Undefined index: cid E:\xampp\htdocs\Online\Runtime\Cache\online\c7cb8b9fae9034e0f2da2ab33bb130b3.php 第 120 行.
NOTIC: [8] Undefined index: cid E:\xampp\htdocs\Online\Runtime\Cache\online\c7cb8b9fae9034e0f2da2ab33bb130b3.php 第 120 行.
NOTIC: [8] Undefined index: cid E:\xampp\htdocs\Online\Runtime\Cache\online\c7cb8b9fae9034e0f2da2ab33bb130b3.php 第 120 行.
NOTIC: [8] Undefined index: cid E:\xampp\htdocs\Online\Runtime\Cache\online\c7cb8b9fae9034e0f2da2ab33bb130b3.php 第 120 行.
NOTIC: [8] Undefined index: cid E:\xampp\htdocs\Online\Runtime\Cache\online\c7cb8b9fae9034e0f2da2ab33bb130b3.php 第 120 行.
NOTIC: [8] Undefined index: cid E:\xampp\htdocs\Online\Runtime\Cache\online\c7cb8b9fae9034e0f2da2ab33bb130b3.php 第 120 行.
NOTIC: [8] Undefined index: cid E:\xampp\htdocs\Online\Runtime\Cache\online\c7cb8b9fae9034e0f2da2ab33bb130b3.php 第 120 行.
NOTIC: [8] Undefined index: cid E:\xampp\htdocs\Online\Runtime\Cache\online\c7cb8b9fae9034e0f2da2ab33bb130b3.php 第 120 行.
NOTIC: [8] Undefined index: cid E:\xampp\htdocs\Online\Runtime\Cache\online\c7cb8b9fae9034e0f2da2ab33bb130b3.php 第 120 行.
NOTIC: [8] Undefined index: cid E:\xampp\htdocs\Online\Runtime\Cache\online\c7cb8b9fae9034e0f2da2ab33bb130b3.php 第 120 行.
NOTIC: [8] Undefined index: cid E:\xampp\htdocs\Online\Runtime\Cache\online\c7cb8b9fae9034e0f2da2ab33bb130b3.php 第 120 行.
NOTIC: [8] Undefined index: cid E:\xampp\htdocs\Online\Runtime\Cache\online\c7cb8b9fae9034e0f2da2ab33bb130b3.php 第 120 行.
NOTIC: [8] Undefined index: cid E:\xampp\htdocs\Online\Runtime\Cache\online\c7cb8b9fae9034e0f2da2ab33bb130b3.php 第 120 行.
NOTIC: [8] Undefined index: fid E:\xampp\htdocs\Online\Runtime\Cache\online\c7cb8b9fae9034e0f2da2ab33bb130b3.php 第 115 行.
NOTIC: [8] Undefined index: cid E:\xampp\htdocs\Online\Runtime\Cache\online\c7cb8b9fae9034e0f2da2ab33bb130b3.php 第 120 行.
NOTIC: [8] Undefined index: cid E:\xampp\htdocs\Online\Runtime\Cache\online\c7cb8b9fae9034e0f2da2ab33bb130b3.php 第 120 行.
NOTIC: [8] Undefined index: cid E:\xampp\htdocs\Online\Runtime\Cache\online\c7cb8b9fae9034e0f2da2ab33bb130b3.php 第 120 行.
NOTIC: [8] Undefined index: cid E:\xampp\htdocs\Online\Runtime\Cache\online\c7cb8b9fae9034e0f2da2ab33bb130b3.php 第 120 行.
NOTIC: [8] Undefined index: cid E:\xampp\htdocs\Online\Runtime\Cache\online\c7cb8b9fae9034e0f2da2ab33bb130b3.php 第 120 行.
NOTIC: [8] Undefined index: cid E:\xampp\htdocs\Online\Runtime\Cache\online\c7cb8b9fae9034e0f2da2ab33bb130b3.php 第 120 行.
NOTIC: [8] Undefined index: cid E:\xampp\htdocs\Online\Runtime\Cache\online\c7cb8b9fae9034e0f2da2ab33bb130b3.php 第 120 行.
NOTIC: [8] Undefined index: cid E:\xampp\htdocs\Online\Runtime\Cache\online\c7cb8b9fae9034e0f2da2ab33bb130b3.php 第 120 行.
NOTIC: [8] Undefined index: cid E:\xampp\htdocs\Online\Runtime\Cache\online\c7cb8b9fae9034e0f2da2ab33bb130b3.php 第 120 行.
NOTIC: [8] Undefined index: cid E:\xampp\htdocs\Online\Runtime\Cache\online\c7cb8b9fae9034e0f2da2ab33bb130b3.php 第 120 行.
NOTIC: [8] Undefined index: fid E:\xampp\htdocs\Online\Runtime\Cache\online\c7cb8b9fae9034e0f2da2ab33bb130b3.php 第 115 行.
NOTIC: [8] Undefined index: cid E:\xampp\htdocs\Online\Runtime\Cache\online\c7cb8b9fae9034e0f2da2ab33bb130b3.php 第 120 行.
NOTIC: [8] Undefined index: cid E:\xampp\htdocs\Online\Runtime\Cache\online\c7cb8b9fae9034e0f2da2ab33bb130b3.php 第 120 行.
NOTIC: [8] Undefined index: cid E:\xampp\htdocs\Online\Runtime\Cache\online\c7cb8b9fae9034e0f2da2ab33bb130b3.php 第 120 行.
NOTIC: [8] Undefined index: cid E:\xampp\htdocs\Online\Runtime\Cache\online\c7cb8b9fae9034e0f2da2ab33bb130b3.php 第 120 行.
NOTIC: [8] Undefined index: cid E:\xampp\htdocs\Online\Runtime\Cache\online\c7cb8b9fae9034e0f2da2ab33bb130b3.php 第 120 行.
NOTIC: [8] Undefined index: cid E:\xampp\htdocs\Online\Runtime\Cache\online\c7cb8b9fae9034e0f2da2ab33bb130b3.php 第 120 行.
NOTIC: [8] Undefined index: cid E:\xampp\htdocs\Online\Runtime\Cache\online\c7cb8b9fae9034e0f2da2ab33bb130b3.php 第 120 行.
NOTIC: [8] Undefined index: cid E:\xampp\htdocs\Online\Runtime\Cache\online\c7cb8b9fae9034e0f2da2ab33bb130b3.php 第 120 行.
NOTIC: [8] Undefined index: cid E:\xampp\htdocs\Online\Runtime\Cache\online\c7cb8b9fae9034e0f2da2ab33bb130b3.php 第 120 行.
NOTIC: [8] Undefined index: cid E:\xampp\htdocs\Online\Runtime\Cache\online\c7cb8b9fae9034e0f2da2ab33bb130b3.php 第 120 行.
NOTIC: [8] Undefined index: cid E:\xampp\htdocs\Online\Runtime\Cache\online\c7cb8b9fae9034e0f2da2ab33bb130b3.php 第 120 行.
NOTIC: [8] Undefined index: cid E:\xampp\htdocs\Online\Runtime\Cache\online\c7cb8b9fae9034e0f2da2ab33bb130b3.php 第 120 行.
NOTIC: [8] Undefined index: cid E:\xampp\htdocs\Online\Runtime\Cache\online\c7cb8b9fae9034e0f2da2ab33bb130b3.php 第 120 行.
NOTIC: [8] Undefined index: cid E:\xampp\htdocs\Online\Runtime\Cache\online\c7cb8b9fae9034e0f2da2ab33bb130b3.php 第 120 行.
NOTIC: [8] Undefined index: cid E:\xampp\htdocs\Online\Runtime\Cache\online\c7cb8b9fae9034e0f2da2ab33bb130b3.php 第 120 行.
NOTIC: [8] Undefined index: cid E:\xampp\htdocs\Online\Runtime\Cache\online\c7cb8b9fae9034e0f2da2ab33bb130b3.php 第 120 行.
NOTIC: [8] Undefined index: cid E:\xampp\htdocs\Online\Runtime\Cache\online\c7cb8b9fae9034e0f2da2ab33bb130b3.php 第 120 行.
NOTIC: [8] Undefined index: cid E:\xampp\htdocs\Online\Runtime\Cache\online\c7cb8b9fae9034e0f2da2ab33bb130b3.php 第 120 行.
NOTIC: [8] Undefined index: cid E:\xampp\htdocs\Online\Runtime\Cache\online\c7cb8b9fae9034e0f2da2ab33bb130b3.php 第 120 行.
NOTIC: [8] Undefined index: cid E:\xampp\htdocs\Online\Runtime\Cache\online\c7cb8b9fae9034e0f2da2ab33bb130b3.php 第 120 行.
NOTIC: [8] Undefined index: cid E:\xampp\htdocs\Online\Runtime\Cache\online\c7cb8b9fae9034e0f2da2ab33bb130b3.php 第 120 行.
NOTIC: [8] Undefined index: cid E:\xampp\htdocs\Online\Runtime\Cache\online\c7cb8b9fae9034e0f2da2ab33bb130b3.php 第 120 行.
NOTIC: [8] Undefined index: cid E:\xampp\htdocs\Online\Runtime\Cache\online\c7cb8b9fae9034e0f2da2ab33bb130b3.php 第 120 行.
NOTIC: [8] Undefined index: fid E:\xampp\htdocs\Online\Runtime\Cache\online\c7cb8b9fae9034e0f2da2ab33bb130b3.php 第 115 行.
NOTIC: [8] Undefined index: cid E:\xampp\htdocs\Online\Runtime\Cache\online\c7cb8b9fae9034e0f2da2ab33bb130b3.php 第 120 行.
NOTIC: [8] Undefined index: cid E:\xampp\htdocs\Online\Runtime\Cache\online\c7cb8b9fae9034e0f2da2ab33bb130b3.php 第 120 行.
NOTIC: [8] Undefined index: cid E:\xampp\htdocs\Online\Runtime\Cache\online\c7cb8b9fae9034e0f2da2ab33bb130b3.php 第 120 行.
NOTIC: [8] Undefined index: cid E:\xampp\htdocs\Online\Runtime\Cache\online\c7cb8b9fae9034e0f2da2ab33bb130b3.php 第 120 行.
NOTIC: [8] Undefined index: cid E:\xampp\htdocs\Online\Runtime\Cache\online\c7cb8b9fae9034e0f2da2ab33bb130b3.php 第 120 行.
NOTIC: [8] Undefined index: cid E:\xampp\htdocs\Online\Runtime\Cache\online\c7cb8b9fae9034e0f2da2ab33bb130b3.php 第 120 行.
NOTIC: [8] Undefined index: cid E:\xampp\htdocs\Online\Runtime\Cache\online\c7cb8b9fae9034e0f2da2ab33bb130b3.php 第 120 行.
NOTIC: [8] Undefined index: fid E:\xampp\htdocs\Online\Runtime\Cache\online\c7cb8b9fae9034e0f2da2ab33bb130b3.php 第 115 行.
NOTIC: [8] Undefined index: cid E:\xampp\htdocs\Online\Runtime\Cache\online\c7cb8b9fae9034e0f2da2ab33bb130b3.php 第 120 行.
NOTIC: [8] Undefined index: cid E:\xampp\htdocs\Online\Runtime\Cache\online\c7cb8b9fae9034e0f2da2ab33bb130b3.php 第 120 行.
NOTIC: [8] Undefined index: cid E:\xampp\htdocs\Online\Runtime\Cache\online\c7cb8b9fae9034e0f2da2ab33bb130b3.php 第 120 行.
NOTIC: [8] Undefined index: cid E:\xampp\htdocs\Online\Runtime\Cache\online\c7cb8b9fae9034e0f2da2ab33bb130b3.php 第 120 行.
NOTIC: [8] Undefined index: cid E:\xampp\htdocs\Online\Runtime\Cache\online\c7cb8b9fae9034e0f2da2ab33bb130b3.php 第 120 行.
NOTIC: [8] Undefined index: cid E:\xampp\htdocs\Online\Runtime\Cache\online\c7cb8b9fae9034e0f2da2ab33bb130b3.php 第 120 行.
NOTIC: [8] Undefined index: cid E:\xampp\htdocs\Online\Runtime\Cache\online\c7cb8b9fae9034e0f2da2ab33bb130b3.php 第 120 行.
NOTIC: [8] Undefined index: cid E:\xampp\htdocs\Online\Runtime\Cache\online\c7cb8b9fae9034e0f2da2ab33bb130b3.php 第 120 行.
NOTIC: [8] Undefined index: cid E:\xampp\htdocs\Online\Runtime\Cache\online\c7cb8b9fae9034e0f2da2ab33bb130b3.php 第 120 行.
NOTIC: [8] Undefined index: cid E:\xampp\htdocs\Online\Runtime\Cache\online\c7cb8b9fae9034e0f2da2ab33bb130b3.php 第 120 行.
NOTIC: [8] Undefined index: cid E:\xampp\htdocs\Online\Runtime\Cache\online\c7cb8b9fae9034e0f2da2ab33bb130b3.php 第 120 行.
NOTIC: [8] Undefined index: cid E:\xampp\htdocs\Online\Runtime\Cache\online\c7cb8b9fae9034e0f2da2ab33bb130b3.php 第 120 行.
NOTIC: [8] Undefined index: cid E:\xampp\htdocs\Online\Runtime\Cache\online\c7cb8b9fae9034e0f2da2ab33bb130b3.php 第 120 行.
NOTIC: [8] Undefined index: cid E:\xampp\htdocs\Online\Runtime\Cache\online\c7cb8b9fae9034e0f2da2ab33bb130b3.php 第 120 行.
NOTIC: [8] Undefined index: cid E:\xampp\htdocs\Online\Runtime\Cache\online\c7cb8b9fae9034e0f2da2ab33bb130b3.php 第 120 行.
NOTIC: [8] Undefined index: cid E:\xampp\htdocs\Online\Runtime\Cache\online\c7cb8b9fae9034e0f2da2ab33bb130b3.php 第 120 行.
NOTIC: [8] Undefined index: cid E:\xampp\htdocs\Online\Runtime\Cache\online\c7cb8b9fae9034e0f2da2ab33bb130b3.php 第 120 行.
NOTIC: [8] Undefined index: cid E:\xampp\htdocs\Online\Runtime\Cache\online\c7cb8b9fae9034e0f2da2ab33bb130b3.php 第 120 行.
NOTIC: [8] Undefined index: cid E:\xampp\htdocs\Online\Runtime\Cache\online\c7cb8b9fae9034e0f2da2ab33bb130b3.php 第 120 行.
NOTIC: [8] Undefined index: cid E:\xampp\htdocs\Online\Runtime\Cache\online\c7cb8b9fae9034e0f2da2ab33bb130b3.php 第 120 行.
NOTIC: [8] Undefined index: cid E:\xampp\htdocs\Online\Runtime\Cache\online\c7cb8b9fae9034e0f2da2ab33bb130b3.php 第 120 行.
NOTIC: [8] Undefined index: cid E:\xampp\htdocs\Online\Runtime\Cache\online\c7cb8b9fae9034e0f2da2ab33bb130b3.php 第 120 行.
NOTIC: [8] Undefined index: cid E:\xampp\htdocs\Online\Runtime\Cache\online\c7cb8b9fae9034e0f2da2ab33bb130b3.php 第 120 行.
NOTIC: [8] Undefined index: fid E:\xampp\htdocs\Online\Runtime\Cache\online\c7cb8b9fae9034e0f2da2ab33bb130b3.php 第 115 行.
NOTIC: [8] Undefined index: cid E:\xampp\htdocs\Online\Runtime\Cache\online\c7cb8b9fae9034e0f2da2ab33bb130b3.php 第 120 行.
NOTIC: [8] Undefined index: cid E:\xampp\htdocs\Online\Runtime\Cache\online\c7cb8b9fae9034e0f2da2ab33bb130b3.php 第 120 行.
NOTIC: [8] Undefined index: cid E:\xampp\htdocs\Online\Runtime\Cache\online\c7cb8b9fae9034e0f2da2ab33bb130b3.php 第 120 行.
NOTIC: [8] Undefined index: cid E:\xampp\htdocs\Online\Runtime\Cache\online\c7cb8b9fae9034e0f2da2ab33bb130b3.php 第 120 行.
NOTIC: [8] Undefined index: cid E:\xampp\htdocs\Online\Runtime\Cache\online\c7cb8b9fae9034e0f2da2ab33bb130b3.php 第 120 行.
NOTIC: [8] Undefined index: cid E:\xampp\htdocs\Online\Runtime\Cache\online\c7cb8b9fae9034e0f2da2ab33bb130b3.php 第 120 行.
NOTIC: [8] Undefined index: cid E:\xampp\htdocs\Online\Runtime\Cache\online\c7cb8b9fae9034e0f2da2ab33bb130b3.php 第 120 行.
NOTIC: [8] Undefined index: cid E:\xampp\htdocs\Online\Runtime\Cache\online\c7cb8b9fae9034e0f2da2ab33bb130b3.php 第 120 行.
NOTIC: [8] Undefined index: cid E:\xampp\htdocs\Online\Runtime\Cache\online\c7cb8b9fae9034e0f2da2ab33bb130b3.php 第 120 行.
NOTIC: [8] Undefined index: cid E:\xampp\htdocs\Online\Runtime\Cache\online\c7cb8b9fae9034e0f2da2ab33bb130b3.php 第 120 行.
NOTIC: [8] Undefined index: cid E:\xampp\htdocs\Online\Runtime\Cache\online\c7cb8b9fae9034e0f2da2ab33bb130b3.php 第 120 行.
NOTIC: [8] Undefined index: cid E:\xampp\htdocs\Online\Runtime\Cache\online\c7cb8b9fae9034e0f2da2ab33bb130b3.php 第 120 行.
NOTIC: [8] Undefined index: cid E:\xampp\htdocs\Online\Runtime\Cache\online\c7cb8b9fae9034e0f2da2ab33bb130b3.php 第 120 行.
NOTIC: [8] Undefined index: fid E:\xampp\htdocs\Online\Runtime\Cache\online\c7cb8b9fae9034e0f2da2ab33bb130b3.php 第 115 行.
NOTIC: [8] Undefined index: cid E:\xampp\htdocs\Online\Runtime\Cache\online\c7cb8b9fae9034e0f2da2ab33bb130b3.php 第 120 行.
NOTIC: [8] Undefined index: cid E:\xampp\htdocs\Online\Runtime\Cache\online\c7cb8b9fae9034e0f2da2ab33bb130b3.php 第 120 行.
NOTIC: [8] Undefined index: cid E:\xampp\htdocs\Online\Runtime\Cache\online\c7cb8b9fae9034e0f2da2ab33bb130b3.php 第 120 行.
NOTIC: [8] Undefined index: cid E:\xampp\htdocs\Online\Runtime\Cache\online\c7cb8b9fae9034e0f2da2ab33bb130b3.php 第 120 行.
NOTIC: [8] Undefined index: cid E:\xampp\htdocs\Online\Runtime\Cache\online\c7cb8b9fae9034e0f2da2ab33bb130b3.php 第 120 行.
NOTIC: [8] Undefined index: cid E:\xampp\htdocs\Online\Runtime\Cache\online\c7cb8b9fae9034e0f2da2ab33bb130b3.php 第 120 行.
NOTIC: [8] Undefined index: cid E:\xampp\htdocs\Online\Runtime\Cache\online\c7cb8b9fae9034e0f2da2ab33bb130b3.php 第 120 行.
NOTIC: [8] Undefined index: cid E:\xampp\htdocs\Online\Runtime\Cache\online\c7cb8b9fae9034e0f2da2ab33bb130b3.php 第 120 行.
NOTIC: [8] Undefined index: cid E:\xampp\htdocs\Online\Runtime\Cache\online\c7cb8b9fae9034e0f2da2ab33bb130b3.php 第 120 行.
NOTIC: [8] Undefined index: cid E:\xampp\htdocs\Online\Runtime\Cache\online\c7cb8b9fae9034e0f2da2ab33bb130b3.php 第 120 行.
NOTIC: [8] Undefined index: cid E:\xampp\htdocs\Online\Runtime\Cache\online\c7cb8b9fae9034e0f2da2ab33bb130b3.php 第 120 行.
NOTIC: [8] Undefined index: cid E:\xampp\htdocs\Online\Runtime\Cache\online\c7cb8b9fae9034e0f2da2ab33bb130b3.php 第 120 行.
NOTIC: [8] Undefined index: cid E:\xampp\htdocs\Online\Runtime\Cache\online\c7cb8b9fae9034e0f2da2ab33bb130b3.php 第 120 行.
NOTIC: [8] Undefined index: fid E:\xampp\htdocs\Online\Runtime\Cache\online\c7cb8b9fae9034e0f2da2ab33bb130b3.php 第 115 行.
NOTIC: [8] Undefined index: cid E:\xampp\htdocs\Online\Runtime\Cache\online\c7cb8b9fae9034e0f2da2ab33bb130b3.php 第 120 行.
NOTIC: [8] Undefined index: cid E:\xampp\htdocs\Online\Runtime\Cache\online\c7cb8b9fae9034e0f2da2ab33bb130b3.php 第 120 行.
NOTIC: [8] Undefined index: cid E:\xampp\htdocs\Online\Runtime\Cache\online\c7cb8b9fae9034e0f2da2ab33bb130b3.php 第 120 行.
NOTIC: [8] Undefined index: cid E:\xampp\htdocs\Online\Runtime\Cache\online\c7cb8b9fae9034e0f2da2ab33bb130b3.php 第 120 行.
NOTIC: [8] Undefined index: cid E:\xampp\htdocs\Online\Runtime\Cache\online\c7cb8b9fae9034e0f2da2ab33bb130b3.php 第 120 行.
NOTIC: [8] Undefined index: cid E:\xampp\htdocs\Online\Runtime\Cache\online\c7cb8b9fae9034e0f2da2ab33bb130b3.php 第 120 行.
NOTIC: [8] Undefined index: cid E:\xampp\htdocs\Online\Runtime\Cache\online\c7cb8b9fae9034e0f2da2ab33bb130b3.php 第 120 行.
NOTIC: [8] Undefined index: cid E:\xampp\htdocs\Online\Runtime\Cache\online\c7cb8b9fae9034e0f2da2ab33bb130b3.php 第 120 行.
NOTIC: [8] Undefined index: cid E:\xampp\htdocs\Online\Runtime\Cache\online\c7cb8b9fae9034e0f2da2ab33bb130b3.php 第 120 行.
NOTIC: [8] Undefined index: cid E:\xampp\htdocs\Online\Runtime\Cache\online\c7cb8b9fae9034e0f2da2ab33bb130b3.php 第 120 行.
NOTIC: [8] Undefined index: cid E:\xampp\htdocs\Online\Runtime\Cache\online\c7cb8b9fae9034e0f2da2ab33bb130b3.php 第 120 行.
NOTIC: [8] Undefined index: cid E:\xampp\htdocs\Online\Runtime\Cache\online\c7cb8b9fae9034e0f2da2ab33bb130b3.php 第 120 行.
NOTIC: [8] Undefined index: cid E:\xampp\htdocs\Online\Runtime\Cache\online\c7cb8b9fae9034e0f2da2ab33bb130b3.php 第 120 行.
NOTIC: [8] Undefined index: cid E:\xampp\htdocs\Online\Runtime\Cache\online\c7cb8b9fae9034e0f2da2ab33bb130b3.php 第 120 行.
NOTIC: [8] Undefined index: cid E:\xampp\htdocs\Online\Runtime\Cache\online\c7cb8b9fae9034e0f2da2ab33bb130b3.php 第 120 行.
NOTIC: [8] Undefined index: cid E:\xampp\htdocs\Online\Runtime\Cache\online\c7cb8b9fae9034e0f2da2ab33bb130b3.php 第 120 行.
NOTIC: [8] Undefined index: cid E:\xampp\htdocs\Online\Runtime\Cache\online\c7cb8b9fae9034e0f2da2ab33bb130b3.php 第 120 行.
NOTIC: [8] Undefined index: cid E:\xampp\htdocs\Online\Runtime\Cache\online\c7cb8b9fae9034e0f2da2ab33bb130b3.php 第 120 行.
NOTIC: [2] Invalid argument supplied for foreach() E:\xampp\htdocs\Online\Runtime\Cache\online\c7cb8b9fae9034e0f2da2ab33bb130b3.php 第 134 行.
INFO: Run Behavior\ParseTemplateBehavior [ RunTime:0.018179s ]
INFO: [ view_parse ] --END-- [ RunTime:0.018246s ]
INFO: [ view_filter ] --START--
INFO: Run Behavior\WriteHtmlCacheBehavior [ RunTime:0.000308s ]
INFO: [ view_filter ] --END-- [ RunTime:0.000348s ]
INFO: [ app_end ] --START--
INFO: Run Behavior\ShowPageTraceBehavior [ RunTime:0.000663s ]
INFO: [ app_end ] --END-- [ RunTime:0.000778s ]

[ 2015-03-21T12:48:51+08:00 ] 127.0.0.1 /online.php/index/apply_b
INFO: [ app_init ] --START--
INFO: Run Behavior\BuildLiteBehavior [ RunTime:0.000015s ]
INFO: [ app_init ] --END-- [ RunTime:0.000320s ]
INFO: [ app_begin ] --START--
INFO: Run Behavior\ReadHtmlCacheBehavior [ RunTime:0.000450s ]
INFO: [ app_begin ] --END-- [ RunTime:0.000512s ]
SQL: SHOW COLUMNS FROM `online_user` [ RunTime:0.0022s ]
SQL: SHOW COLUMNS FROM `online_category` [ RunTime:0.0019s ]
SQL: SHOW COLUMNS FROM `online_user_category` [ RunTime:0.0019s ]
SQL: SELECT * FROM `online_category` WHERE ( status=1 )  [ RunTime:0.0008s ]
SQL: SELECT * FROM `online_user` WHERE `uid` = 1419066834 LIMIT 1   [ RunTime:0.0004s ]
SQL: SELECT * FROM `online_user_category` WHERE `uid` = 1419066834  [ RunTime:0.0002s ]
NOTIC: [8] Undefined variable: choosenFatherList E:\xampp\htdocs\Online\online\Controller\IndexController.class.php 第 203 行.
NOTIC: [2] in_array() expects parameter 2 to be array, null given E:\xampp\htdocs\Online\online\Controller\IndexController.class.php 第 203 行.
INFO: [ view_parse ] --START--
INFO: [ template_filter ] --START--
INFO: Run Behavior\ContentReplaceBehavior [ RunTime:0.000120s ]
INFO: [ template_filter ] --END-- [ RunTime:0.000178s ]
INFO: Run Behavior\ParseTemplateBehavior [ RunTime:0.011665s ]
INFO: [ view_parse ] --END-- [ RunTime:0.011750s ]
INFO: [ view_filter ] --START--
INFO: Run Behavior\WriteHtmlCacheBehavior [ RunTime:0.000193s ]
INFO: [ view_filter ] --END-- [ RunTime:0.000235s ]
INFO: [ app_end ] --START--
INFO: Run Behavior\ShowPageTraceBehavior [ RunTime:0.000474s ]
INFO: [ app_end ] --END-- [ RunTime:0.000524s ]

[ 2015-03-21T20:12:28+08:00 ] 127.0.0.1 /online.php/index/detail
INFO: [ app_init ] --START--
INFO: Run Behavior\BuildLiteBehavior [ RunTime:0.000018s ]
INFO: [ app_init ] --END-- [ RunTime:0.022399s ]
INFO: [ app_begin ] --START--
INFO: Run Behavior\ReadHtmlCacheBehavior [ RunTime:0.066411s ]
INFO: [ app_begin ] --END-- [ RunTime:0.066599s ]
SQL: SHOW COLUMNS FROM `online_user` [ RunTime:1.5128s ]
SQL: SELECT * FROM `online_user` WHERE `uid` = 1419066834 LIMIT 1   [ RunTime:0.1654s ]
SQL: SHOW COLUMNS FROM `online_category` [ RunTime:0.0650s ]
SQL: SHOW COLUMNS FROM `online_user_category` [ RunTime:0.0216s ]
SQL: SELECT * FROM `online_category` WHERE ( status=1 )  [ RunTime:0.0158s ]
SQL: SELECT * FROM `online_user_category` WHERE `uid` = 1419066834  [ RunTime:0.0006s ]
NOTIC: [8] Undefined variable: choosenFatherList E:\xampp\htdocs\Online\online\Controller\IndexController.class.php 第 413 行.
NOTIC: [2] in_array() expects parameter 2 to be array, null given E:\xampp\htdocs\Online\online\Controller\IndexController.class.php 第 413 行.
SQL: SHOW COLUMNS FROM `online_calendar` [ RunTime:0.0381s ]
SQL: SELECT `id`,`day_id`,`time_id`,`status` FROM `online_calendar` WHERE ( uid=1419066834 ) ORDER BY day_id,time_id  [ RunTime:0.0060s ]
SQL: SHOW COLUMNS FROM `online_schedule` [ RunTime:0.0207s ]
SQL: SELECT * FROM `online_schedule` WHERE ( accept_uid=1419066834 and status>0 )  [ RunTime:0.0006s ]
INFO: [ view_parse ] --START--
INFO: [ template_filter ] --START--
INFO: Run Behavior\ContentReplaceBehavior [ RunTime:0.000111s ]
INFO: [ template_filter ] --END-- [ RunTime:0.000202s ]
NOTIC: [8] Undefined offset: 3 E:\xampp\htdocs\Online\Runtime\Cache\online\534b0a4e8eae52219781107dfcbe9a02.php 第 207 行.
NOTIC: [8] Undefined offset: 7 E:\xampp\htdocs\Online\Runtime\Cache\online\534b0a4e8eae52219781107dfcbe9a02.php 第 207 行.
INFO: Run Behavior\ParseTemplateBehavior [ RunTime:0.129971s ]
INFO: [ view_parse ] --END-- [ RunTime:0.130064s ]
INFO: [ view_filter ] --START--
INFO: Run Behavior\WriteHtmlCacheBehavior [ RunTime:0.037126s ]
INFO: [ view_filter ] --END-- [ RunTime:0.037249s ]
INFO: [ app_end ] --START--
INFO: Run Behavior\ShowPageTraceBehavior [ RunTime:0.031765s ]
INFO: [ app_end ] --END-- [ RunTime:0.031911s ]

