[ 2015-03-11T10:41:53+08:00 ] 127.0.0.1 /online.php/index/apply_c
INFO: [ app_init ] --START--
INFO: Run Behavior\BuildLiteBehavior [ RunTime:0.000033s ]
INFO: [ app_init ] --END-- [ RunTime:0.000843s ]
INFO: [ app_begin ] --START--
INFO: Run Behavior\ReadHtmlCacheBehavior [ RunTime:0.001822s ]
INFO: [ app_begin ] --END-- [ RunTime:0.001977s ]
INFO: [ view_parse ] --START--
INFO: [ template_filter ] --START--
INFO: Run Behavior\ContentReplaceBehavior [ RunTime:0.000171s ]
INFO: [ template_filter ] --END-- [ RunTime:0.000267s ]
INFO: Run Behavior\ParseTemplateBehavior [ RunTime:0.059053s ]
INFO: [ view_parse ] --END-- [ RunTime:0.059179s ]
INFO: [ view_filter ] --START--
INFO: Run Behavior\WriteHtmlCacheBehavior [ RunTime:0.001352s ]
INFO: [ view_filter ] --END-- [ RunTime:0.001429s ]
INFO: [ app_end ] --START--
INFO: Run Behavior\ShowPageTraceBehavior [ RunTime:0.001205s ]
INFO: [ app_end ] --END-- [ RunTime:0.001294s ]

[ 2015-03-11T11:04:52+08:00 ] 127.0.0.1 /online.php/index/apply_b
INFO: [ app_init ] --START--
INFO: Run Behavior\BuildLiteBehavior [ RunTime:0.000018s ]
INFO: [ app_init ] --END-- [ RunTime:0.000515s ]
INFO: [ app_begin ] --START--
INFO: Run Behavior\ReadHtmlCacheBehavior [ RunTime:0.000715s ]
INFO: [ app_begin ] --END-- [ RunTime:0.000794s ]
INFO: [ view_parse ] --START--
INFO: [ template_filter ] --START--
INFO: Run Behavior\ContentReplaceBehavior [ RunTime:0.000081s ]
INFO: [ template_filter ] --END-- [ RunTime:0.000142s ]
INFO: Run Behavior\ParseTemplateBehavior [ RunTime:0.066340s ]
INFO: [ view_parse ] --END-- [ RunTime:0.066412s ]
INFO: [ view_filter ] --START--
INFO: Run Behavior\WriteHtmlCacheBehavior [ RunTime:0.000239s ]
INFO: [ view_filter ] --END-- [ RunTime:0.000279s ]
INFO: [ app_end ] --START--
INFO: Run Behavior\ShowPageTraceBehavior [ RunTime:0.000599s ]
INFO: [ app_end ] --END-- [ RunTime:0.000653s ]

[ 2015-03-11T11:04:57+08:00 ] 127.0.0.1 /online.php/index/apply_c
INFO: [ app_init ] --START--
INFO: Run Behavior\BuildLiteBehavior [ RunTime:0.000018s ]
INFO: [ app_init ] --END-- [ RunTime:0.000414s ]
INFO: [ app_begin ] --START--
INFO: Run Behavior\ReadHtmlCacheBehavior [ RunTime:0.000356s ]
INFO: [ app_begin ] --END-- [ RunTime:0.000402s ]
INFO: [ view_parse ] --START--
INFO: [ template_filter ] --START--
INFO: Run Behavior\ContentReplaceBehavior [ RunTime:0.000098s ]
INFO: [ template_filter ] --END-- [ RunTime:0.000158s ]
INFO: Run Behavior\ParseTemplateBehavior [ RunTime:0.010499s ]
INFO: [ view_parse ] --END-- [ RunTime:0.010549s ]
INFO: [ view_filter ] --START--
INFO: Run Behavior\WriteHtmlCacheBehavior [ RunTime:0.000276s ]
INFO: [ view_filter ] --END-- [ RunTime:0.000318s ]
INFO: [ app_end ] --START--
INFO: Run Behavior\ShowPageTraceBehavior [ RunTime:0.000410s ]
INFO: [ app_end ] --END-- [ RunTime:0.000470s ]

[ 2015-03-11T14:22:40+08:00 ] 127.0.0.1 /online.php/index/apply_c
INFO: [ app_init ] --START--
INFO: Run Behavior\BuildLiteBehavior [ RunTime:0.000021s ]
INFO: [ app_init ] --END-- [ RunTime:0.000499s ]
INFO: [ app_begin ] --START--
INFO: Run Behavior\ReadHtmlCacheBehavior [ RunTime:0.000832s ]
INFO: [ app_begin ] --END-- [ RunTime:0.000916s ]
INFO: [ view_parse ] --START--
INFO: [ template_filter ] --START--
INFO: Run Behavior\ContentReplaceBehavior [ RunTime:0.000132s ]
INFO: [ template_filter ] --END-- [ RunTime:0.000197s ]
INFO: Run Behavior\ParseTemplateBehavior [ RunTime:0.012265s ]
INFO: [ view_parse ] --END-- [ RunTime:0.012338s ]
INFO: [ view_filter ] --START--
INFO: Run Behavior\WriteHtmlCacheBehavior [ RunTime:0.000263s ]
INFO: [ view_filter ] --END-- [ RunTime:0.000306s ]
INFO: [ app_end ] --START--
INFO: Run Behavior\ShowPageTraceBehavior [ RunTime:0.000514s ]
INFO: [ app_end ] --END-- [ RunTime:0.000565s ]

[ 2015-03-11T14:22:41+08:00 ] 127.0.0.1 /online.php/index/apply_c
INFO: [ app_init ] --START--
INFO: Run Behavior\BuildLiteBehavior [ RunTime:0.000020s ]
INFO: [ app_init ] --END-- [ RunTime:0.000449s ]
INFO: [ app_begin ] --START--
INFO: Run Behavior\ReadHtmlCacheBehavior [ RunTime:0.000651s ]
INFO: [ app_begin ] --END-- [ RunTime:0.000787s ]
INFO: [ view_parse ] --START--
INFO: [ template_filter ] --START--
INFO: Run Behavior\ContentReplaceBehavior [ RunTime:0.000099s ]
INFO: [ template_filter ] --END-- [ RunTime:0.000158s ]
INFO: Run Behavior\ParseTemplateBehavior [ RunTime:0.013735s ]
INFO: [ view_parse ] --END-- [ RunTime:0.013795s ]
INFO: [ view_filter ] --START--
INFO: Run Behavior\WriteHtmlCacheBehavior [ RunTime:0.000153s ]
INFO: [ view_filter ] --END-- [ RunTime:0.000190s ]
INFO: [ app_end ] --START--
INFO: Run Behavior\ShowPageTraceBehavior [ RunTime:0.000516s ]
INFO: [ app_end ] --END-- [ RunTime:0.000567s ]

[ 2015-03-11T14:22:42+08:00 ] 127.0.0.1 /online.php/index/apply_c
INFO: [ app_init ] --START--
INFO: Run Behavior\BuildLiteBehavior [ RunTime:0.000028s ]
INFO: [ app_init ] --END-- [ RunTime:0.000627s ]
INFO: [ app_begin ] --START--
INFO: Run Behavior\ReadHtmlCacheBehavior [ RunTime:0.000943s ]
INFO: [ app_begin ] --END-- [ RunTime:0.001085s ]
INFO: [ view_parse ] --START--
INFO: [ template_filter ] --START--
INFO: Run Behavior\ContentReplaceBehavior [ RunTime:0.000098s ]
INFO: [ template_filter ] --END-- [ RunTime:0.000160s ]
INFO: Run Behavior\ParseTemplateBehavior [ RunTime:0.013100s ]
INFO: [ view_parse ] --END-- [ RunTime:0.013175s ]
INFO: [ view_filter ] --START--
INFO: Run Behavior\WriteHtmlCacheBehavior [ RunTime:0.000153s ]
INFO: [ view_filter ] --END-- [ RunTime:0.000194s ]
INFO: [ app_end ] --START--
INFO: Run Behavior\ShowPageTraceBehavior [ RunTime:0.000471s ]
INFO: [ app_end ] --END-- [ RunTime:0.000520s ]

[ 2015-03-11T14:24:17+08:00 ] 127.0.0.1 /online.php/index/apply_c
INFO: [ app_init ] --START--
INFO: Run Behavior\BuildLiteBehavior [ RunTime:0.000033s ]
INFO: [ app_init ] --END-- [ RunTime:0.000569s ]
INFO: [ app_begin ] --START--
INFO: Run Behavior\ReadHtmlCacheBehavior [ RunTime:0.000704s ]
INFO: [ app_begin ] --END-- [ RunTime:0.000772s ]
INFO: [ view_parse ] --START--
INFO: [ template_filter ] --START--
INFO: Run Behavior\ContentReplaceBehavior [ RunTime:0.000098s ]
INFO: [ template_filter ] --END-- [ RunTime:0.000160s ]
INFO: Run Behavior\ParseTemplateBehavior [ RunTime:0.018556s ]
INFO: [ view_parse ] --END-- [ RunTime:0.018612s ]
INFO: [ view_filter ] --START--
INFO: Run Behavior\WriteHtmlCacheBehavior [ RunTime:0.000247s ]
INFO: [ view_filter ] --END-- [ RunTime:0.000285s ]
INFO: [ app_end ] --START--
INFO: Run Behavior\ShowPageTraceBehavior [ RunTime:0.000651s ]
INFO: [ app_end ] --END-- [ RunTime:0.000701s ]

[ 2015-03-11T14:25:10+08:00 ] 127.0.0.1 /online.php/index/apply_c
INFO: [ app_init ] --START--
INFO: Run Behavior\BuildLiteBehavior [ RunTime:0.000015s ]
INFO: [ app_init ] --END-- [ RunTime:0.000271s ]
INFO: [ app_begin ] --START--
INFO: Run Behavior\ReadHtmlCacheBehavior [ RunTime:0.000401s ]
INFO: [ app_begin ] --END-- [ RunTime:0.000454s ]
INFO: [ view_parse ] --START--
INFO: [ template_filter ] --START--
INFO: Run Behavior\ContentReplaceBehavior [ RunTime:0.000104s ]
INFO: [ template_filter ] --END-- [ RunTime:0.000176s ]
INFO: Run Behavior\ParseTemplateBehavior [ RunTime:0.010520s ]
INFO: [ view_parse ] --END-- [ RunTime:0.010615s ]
INFO: [ view_filter ] --START--
INFO: Run Behavior\WriteHtmlCacheBehavior [ RunTime:0.000255s ]
INFO: [ view_filter ] --END-- [ RunTime:0.000327s ]
INFO: [ app_end ] --START--
INFO: Run Behavior\ShowPageTraceBehavior [ RunTime:0.000615s ]
INFO: [ app_end ] --END-- [ RunTime:0.000689s ]

[ 2015-03-11T14:28:32+08:00 ] 127.0.0.1 /online.php/index/apply_c
INFO: [ app_init ] --START--
INFO: Run Behavior\BuildLiteBehavior [ RunTime:0.000020s ]
INFO: [ app_init ] --END-- [ RunTime:0.000512s ]
INFO: [ app_begin ] --START--
INFO: Run Behavior\ReadHtmlCacheBehavior [ RunTime:0.000570s ]
INFO: [ app_begin ] --END-- [ RunTime:0.000628s ]
INFO: [ view_parse ] --START--
INFO: [ template_filter ] --START--
INFO: Run Behavior\ContentReplaceBehavior [ RunTime:0.000105s ]
INFO: [ template_filter ] --END-- [ RunTime:0.000171s ]
INFO: Run Behavior\ParseTemplateBehavior [ RunTime:0.015138s ]
INFO: [ view_parse ] --END-- [ RunTime:0.015189s ]
INFO: [ view_filter ] --START--
INFO: Run Behavior\WriteHtmlCacheBehavior [ RunTime:0.000234s ]
INFO: [ view_filter ] --END-- [ RunTime:0.000276s ]
INFO: [ app_end ] --START--
INFO: Run Behavior\ShowPageTraceBehavior [ RunTime:0.000678s ]
INFO: [ app_end ] --END-- [ RunTime:0.000742s ]

[ 2015-03-11T14:28:35+08:00 ] 127.0.0.1 /online.php/index/apply_c
INFO: [ app_init ] --START--
INFO: Run Behavior\BuildLiteBehavior [ RunTime:0.000019s ]
INFO: [ app_init ] --END-- [ RunTime:0.000590s ]
INFO: [ app_begin ] --START--
INFO: Run Behavior\ReadHtmlCacheBehavior [ RunTime:0.000790s ]
INFO: [ app_begin ] --END-- [ RunTime:0.000867s ]
INFO: [ view_parse ] --START--
INFO: [ template_filter ] --START--
INFO: Run Behavior\ContentReplaceBehavior [ RunTime:0.000114s ]
INFO: [ template_filter ] --END-- [ RunTime:0.000189s ]
INFO: Run Behavior\ParseTemplateBehavior [ RunTime:0.012993s ]
INFO: [ view_parse ] --END-- [ RunTime:0.013055s ]
INFO: [ view_filter ] --START--
INFO: Run Behavior\WriteHtmlCacheBehavior [ RunTime:0.000236s ]
INFO: [ view_filter ] --END-- [ RunTime:0.000278s ]
INFO: [ app_end ] --START--
INFO: Run Behavior\ShowPageTraceBehavior [ RunTime:0.000458s ]
INFO: [ app_end ] --END-- [ RunTime:0.000513s ]

[ 2015-03-11T14:32:56+08:00 ] 127.0.0.1 /online.php/index/apply_c
INFO: [ app_init ] --START--
INFO: Run Behavior\BuildLiteBehavior [ RunTime:0.000011s ]
INFO: [ app_init ] --END-- [ RunTime:0.000287s ]
INFO: [ app_begin ] --START--
INFO: Run Behavior\ReadHtmlCacheBehavior [ RunTime:0.000471s ]
INFO: [ app_begin ] --END-- [ RunTime:0.000520s ]
SQL: SHOW COLUMNS FROM `online_category` [ RunTime:0.0215s ]
SQL: SELECT * FROM `online_category` WHERE ( status=1 )  [ RunTime:0.0125s ]
INFO: [ view_parse ] --START--
INFO: [ template_filter ] --START--
INFO: Run Behavior\ContentReplaceBehavior [ RunTime:0.000243s ]
INFO: [ template_filter ] --END-- [ RunTime:0.000364s ]
INFO: Run Behavior\ParseTemplateBehavior [ RunTime:0.028026s ]
INFO: [ view_parse ] --END-- [ RunTime:0.028213s ]
INFO: [ view_filter ] --START--
INFO: Run Behavior\WriteHtmlCacheBehavior [ RunTime:0.000657s ]
INFO: [ view_filter ] --END-- [ RunTime:0.000752s ]
INFO: [ app_end ] --START--
INFO: Run Behavior\ShowPageTraceBehavior [ RunTime:0.001018s ]
INFO: [ app_end ] --END-- [ RunTime:0.001126s ]

[ 2015-03-11T14:41:19+08:00 ] 127.0.0.1 /online.php/index/apply_c
INFO: [ app_init ] --START--
INFO: Run Behavior\BuildLiteBehavior [ RunTime:0.000013s ]
INFO: [ app_init ] --END-- [ RunTime:0.000336s ]
INFO: [ app_begin ] --START--
INFO: Run Behavior\ReadHtmlCacheBehavior [ RunTime:0.000437s ]
INFO: [ app_begin ] --END-- [ RunTime:0.000486s ]
SQL: SHOW COLUMNS FROM `online_category` [ RunTime:0.0018s ]
SQL: SELECT * FROM `online_category` WHERE ( status=1 )  [ RunTime:0.0007s ]
NOTIC: [8] Undefined variable: father E:\xampp\htdocs\Online\online\Controller\IndexController.class.php 第 21 行.
NOTIC: [8] Undefined variable: father E:\xampp\htdocs\Online\online\Controller\IndexController.class.php 第 21 行.
NOTIC: [8] Undefined variable: father E:\xampp\htdocs\Online\online\Controller\IndexController.class.php 第 21 行.
NOTIC: [8] Undefined variable: father E:\xampp\htdocs\Online\online\Controller\IndexController.class.php 第 21 行.
NOTIC: [8] Undefined variable: father E:\xampp\htdocs\Online\online\Controller\IndexController.class.php 第 21 行.
NOTIC: [8] Undefined variable: father E:\xampp\htdocs\Online\online\Controller\IndexController.class.php 第 21 行.
NOTIC: [8] Undefined variable: father E:\xampp\htdocs\Online\online\Controller\IndexController.class.php 第 21 行.
NOTIC: [8] Undefined variable: father E:\xampp\htdocs\Online\online\Controller\IndexController.class.php 第 21 行.
NOTIC: [8] Undefined variable: father E:\xampp\htdocs\Online\online\Controller\IndexController.class.php 第 21 行.
NOTIC: [8] Undefined variable: father E:\xampp\htdocs\Online\online\Controller\IndexController.class.php 第 21 行.
NOTIC: [8] Undefined variable: father E:\xampp\htdocs\Online\online\Controller\IndexController.class.php 第 21 行.
NOTIC: [8] Undefined variable: father E:\xampp\htdocs\Online\online\Controller\IndexController.class.php 第 21 行.
NOTIC: [8] Undefined variable: father E:\xampp\htdocs\Online\online\Controller\IndexController.class.php 第 21 行.
NOTIC: [8] Undefined variable: father E:\xampp\htdocs\Online\online\Controller\IndexController.class.php 第 21 行.
NOTIC: [8] Undefined variable: father E:\xampp\htdocs\Online\online\Controller\IndexController.class.php 第 21 行.
NOTIC: [8] Undefined variable: father E:\xampp\htdocs\Online\online\Controller\IndexController.class.php 第 21 行.
NOTIC: [8] Undefined variable: father E:\xampp\htdocs\Online\online\Controller\IndexController.class.php 第 21 行.
NOTIC: [8] Undefined variable: father E:\xampp\htdocs\Online\online\Controller\IndexController.class.php 第 21 行.
NOTIC: [8] Undefined variable: father E:\xampp\htdocs\Online\online\Controller\IndexController.class.php 第 21 行.
NOTIC: [8] Undefined variable: father E:\xampp\htdocs\Online\online\Controller\IndexController.class.php 第 21 行.
NOTIC: [8] Undefined variable: father E:\xampp\htdocs\Online\online\Controller\IndexController.class.php 第 21 行.
NOTIC: [8] Undefined variable: father E:\xampp\htdocs\Online\online\Controller\IndexController.class.php 第 21 行.
NOTIC: [8] Undefined variable: father E:\xampp\htdocs\Online\online\Controller\IndexController.class.php 第 21 行.
NOTIC: [8] Undefined variable: father E:\xampp\htdocs\Online\online\Controller\IndexController.class.php 第 21 行.
NOTIC: [8] Undefined variable: father E:\xampp\htdocs\Online\online\Controller\IndexController.class.php 第 21 行.
NOTIC: [8] Undefined variable: father E:\xampp\htdocs\Online\online\Controller\IndexController.class.php 第 21 行.
NOTIC: [8] Undefined variable: father E:\xampp\htdocs\Online\online\Controller\IndexController.class.php 第 21 行.
NOTIC: [8] Undefined variable: father E:\xampp\htdocs\Online\online\Controller\IndexController.class.php 第 21 行.
NOTIC: [8] Undefined variable: father E:\xampp\htdocs\Online\online\Controller\IndexController.class.php 第 21 行.
NOTIC: [8] Undefined variable: father E:\xampp\htdocs\Online\online\Controller\IndexController.class.php 第 21 行.
NOTIC: [8] Undefined variable: father E:\xampp\htdocs\Online\online\Controller\IndexController.class.php 第 21 行.
NOTIC: [8] Undefined variable: father E:\xampp\htdocs\Online\online\Controller\IndexController.class.php 第 21 行.
NOTIC: [8] Undefined variable: father E:\xampp\htdocs\Online\online\Controller\IndexController.class.php 第 21 行.
NOTIC: [8] Undefined variable: father E:\xampp\htdocs\Online\online\Controller\IndexController.class.php 第 21 行.
NOTIC: [8] Undefined variable: father E:\xampp\htdocs\Online\online\Controller\IndexController.class.php 第 21 行.
NOTIC: [8] Undefined variable: father E:\xampp\htdocs\Online\online\Controller\IndexController.class.php 第 21 行.
NOTIC: [8] Undefined variable: father E:\xampp\htdocs\Online\online\Controller\IndexController.class.php 第 21 行.
NOTIC: [8] Undefined variable: father E:\xampp\htdocs\Online\online\Controller\IndexController.class.php 第 21 行.
NOTIC: [8] Undefined variable: father E:\xampp\htdocs\Online\online\Controller\IndexController.class.php 第 21 行.
NOTIC: [8] Undefined variable: father E:\xampp\htdocs\Online\online\Controller\IndexController.class.php 第 21 行.
NOTIC: [8] Undefined variable: father E:\xampp\htdocs\Online\online\Controller\IndexController.class.php 第 21 行.
NOTIC: [8] Undefined variable: father E:\xampp\htdocs\Online\online\Controller\IndexController.class.php 第 21 行.
NOTIC: [8] Undefined variable: father E:\xampp\htdocs\Online\online\Controller\IndexController.class.php 第 21 行.
NOTIC: [8] Undefined variable: father E:\xampp\htdocs\Online\online\Controller\IndexController.class.php 第 21 行.
NOTIC: [8] Undefined variable: father E:\xampp\htdocs\Online\online\Controller\IndexController.class.php 第 21 行.
NOTIC: [8] Undefined variable: father E:\xampp\htdocs\Online\online\Controller\IndexController.class.php 第 21 行.
NOTIC: [8] Undefined variable: father E:\xampp\htdocs\Online\online\Controller\IndexController.class.php 第 21 行.
NOTIC: [8] Undefined variable: father E:\xampp\htdocs\Online\online\Controller\IndexController.class.php 第 21 行.
NOTIC: [8] Undefined variable: father E:\xampp\htdocs\Online\online\Controller\IndexController.class.php 第 21 行.
NOTIC: [8] Undefined variable: father E:\xampp\htdocs\Online\online\Controller\IndexController.class.php 第 21 行.
NOTIC: [8] Undefined variable: father E:\xampp\htdocs\Online\online\Controller\IndexController.class.php 第 21 行.
NOTIC: [8] Undefined variable: father E:\xampp\htdocs\Online\online\Controller\IndexController.class.php 第 21 行.
NOTIC: [8] Undefined variable: father E:\xampp\htdocs\Online\online\Controller\IndexController.class.php 第 21 行.
NOTIC: [8] Undefined variable: father E:\xampp\htdocs\Online\online\Controller\IndexController.class.php 第 21 行.
NOTIC: [8] Undefined variable: father E:\xampp\htdocs\Online\online\Controller\IndexController.class.php 第 21 行.
NOTIC: [8] Undefined variable: father E:\xampp\htdocs\Online\online\Controller\IndexController.class.php 第 21 行.
NOTIC: [8] Undefined variable: father E:\xampp\htdocs\Online\online\Controller\IndexController.class.php 第 21 行.
NOTIC: [8] Undefined variable: father E:\xampp\htdocs\Online\online\Controller\IndexController.class.php 第 21 行.
NOTIC: [8] Undefined variable: father E:\xampp\htdocs\Online\online\Controller\IndexController.class.php 第 21 行.
NOTIC: [8] Undefined variable: father E:\xampp\htdocs\Online\online\Controller\IndexController.class.php 第 21 行.
NOTIC: [8] Undefined variable: father E:\xampp\htdocs\Online\online\Controller\IndexController.class.php 第 21 行.
NOTIC: [8] Undefined variable: father E:\xampp\htdocs\Online\online\Controller\IndexController.class.php 第 21 行.
NOTIC: [8] Undefined variable: father E:\xampp\htdocs\Online\online\Controller\IndexController.class.php 第 21 行.
NOTIC: [8] Undefined variable: father E:\xampp\htdocs\Online\online\Controller\IndexController.class.php 第 21 行.
NOTIC: [8] Undefined variable: father E:\xampp\htdocs\Online\online\Controller\IndexController.class.php 第 21 行.
NOTIC: [8] Undefined variable: father E:\xampp\htdocs\Online\online\Controller\IndexController.class.php 第 21 行.
NOTIC: [8] Undefined variable: father E:\xampp\htdocs\Online\online\Controller\IndexController.class.php 第 21 行.
NOTIC: [8] Undefined variable: father E:\xampp\htdocs\Online\online\Controller\IndexController.class.php 第 21 行.
NOTIC: [8] Undefined variable: father E:\xampp\htdocs\Online\online\Controller\IndexController.class.php 第 21 行.
NOTIC: [8] Undefined variable: father E:\xampp\htdocs\Online\online\Controller\IndexController.class.php 第 21 行.
NOTIC: [8] Undefined variable: father E:\xampp\htdocs\Online\online\Controller\IndexController.class.php 第 21 行.
NOTIC: [8] Undefined variable: father E:\xampp\htdocs\Online\online\Controller\IndexController.class.php 第 21 行.
NOTIC: [8] Undefined variable: father E:\xampp\htdocs\Online\online\Controller\IndexController.class.php 第 21 行.
NOTIC: [8] Undefined variable: father E:\xampp\htdocs\Online\online\Controller\IndexController.class.php 第 21 行.
NOTIC: [8] Undefined variable: father E:\xampp\htdocs\Online\online\Controller\IndexController.class.php 第 21 行.
NOTIC: [8] Undefined variable: father E:\xampp\htdocs\Online\online\Controller\IndexController.class.php 第 21 行.
NOTIC: [8] Undefined variable: father E:\xampp\htdocs\Online\online\Controller\IndexController.class.php 第 21 行.
NOTIC: [8] Undefined variable: father E:\xampp\htdocs\Online\online\Controller\IndexController.class.php 第 21 行.
NOTIC: [8] Undefined variable: father E:\xampp\htdocs\Online\online\Controller\IndexController.class.php 第 21 行.
NOTIC: [8] Undefined variable: father E:\xampp\htdocs\Online\online\Controller\IndexController.class.php 第 21 行.
NOTIC: [8] Undefined variable: father E:\xampp\htdocs\Online\online\Controller\IndexController.class.php 第 21 行.
NOTIC: [8] Undefined variable: father E:\xampp\htdocs\Online\online\Controller\IndexController.class.php 第 21 行.
NOTIC: [8] Undefined variable: father E:\xampp\htdocs\Online\online\Controller\IndexController.class.php 第 21 行.
NOTIC: [8] Undefined variable: father E:\xampp\htdocs\Online\online\Controller\IndexController.class.php 第 21 行.
NOTIC: [8] Undefined variable: father E:\xampp\htdocs\Online\online\Controller\IndexController.class.php 第 21 行.
NOTIC: [8] Undefined variable: father E:\xampp\htdocs\Online\online\Controller\IndexController.class.php 第 21 行.
NOTIC: [8] Undefined variable: father E:\xampp\htdocs\Online\online\Controller\IndexController.class.php 第 21 行.
NOTIC: [8] Undefined variable: father E:\xampp\htdocs\Online\online\Controller\IndexController.class.php 第 21 行.
NOTIC: [8] Undefined variable: father E:\xampp\htdocs\Online\online\Controller\IndexController.class.php 第 21 行.
NOTIC: [8] Undefined variable: father E:\xampp\htdocs\Online\online\Controller\IndexController.class.php 第 21 行.
NOTIC: [8] Undefined variable: father E:\xampp\htdocs\Online\online\Controller\IndexController.class.php 第 21 行.
NOTIC: [8] Undefined variable: father E:\xampp\htdocs\Online\online\Controller\IndexController.class.php 第 21 行.
NOTIC: [8] Undefined variable: father E:\xampp\htdocs\Online\online\Controller\IndexController.class.php 第 21 行.
NOTIC: [8] Undefined variable: father E:\xampp\htdocs\Online\online\Controller\IndexController.class.php 第 21 行.
NOTIC: [8] Undefined variable: father E:\xampp\htdocs\Online\online\Controller\IndexController.class.php 第 21 行.
NOTIC: [8] Undefined variable: father E:\xampp\htdocs\Online\online\Controller\IndexController.class.php 第 21 行.
NOTIC: [8] Undefined variable: father E:\xampp\htdocs\Online\online\Controller\IndexController.class.php 第 21 行.
NOTIC: [8] Undefined variable: father E:\xampp\htdocs\Online\online\Controller\IndexController.class.php 第 21 行.
NOTIC: [8] Undefined variable: father E:\xampp\htdocs\Online\online\Controller\IndexController.class.php 第 21 行.
NOTIC: [8] Undefined variable: father E:\xampp\htdocs\Online\online\Controller\IndexController.class.php 第 21 行.
NOTIC: [8] Undefined variable: father E:\xampp\htdocs\Online\online\Controller\IndexController.class.php 第 21 行.
NOTIC: [8] Undefined variable: father E:\xampp\htdocs\Online\online\Controller\IndexController.class.php 第 21 行.
NOTIC: [8] Undefined variable: father E:\xampp\htdocs\Online\online\Controller\IndexController.class.php 第 21 行.
NOTIC: [8] Undefined variable: father E:\xampp\htdocs\Online\online\Controller\IndexController.class.php 第 21 行.
NOTIC: [8] Undefined variable: father E:\xampp\htdocs\Online\online\Controller\IndexController.class.php 第 21 行.
NOTIC: [8] Undefined variable: father E:\xampp\htdocs\Online\online\Controller\IndexController.class.php 第 21 行.
NOTIC: [8] Undefined variable: father E:\xampp\htdocs\Online\online\Controller\IndexController.class.php 第 21 行.
NOTIC: [8] Undefined variable: father E:\xampp\htdocs\Online\online\Controller\IndexController.class.php 第 21 行.
NOTIC: [8] Undefined variable: father E:\xampp\htdocs\Online\online\Controller\IndexController.class.php 第 21 行.
NOTIC: [8] Undefined variable: father E:\xampp\htdocs\Online\online\Controller\IndexController.class.php 第 21 行.
NOTIC: [8] Undefined variable: father E:\xampp\htdocs\Online\online\Controller\IndexController.class.php 第 21 行.
NOTIC: [8] Undefined variable: father E:\xampp\htdocs\Online\online\Controller\IndexController.class.php 第 21 行.
NOTIC: [8] Undefined variable: father E:\xampp\htdocs\Online\online\Controller\IndexController.class.php 第 21 行.
NOTIC: [8] Undefined variable: father E:\xampp\htdocs\Online\online\Controller\IndexController.class.php 第 21 行.
NOTIC: [8] Undefined variable: father E:\xampp\htdocs\Online\online\Controller\IndexController.class.php 第 21 行.
NOTIC: [8] Undefined variable: father E:\xampp\htdocs\Online\online\Controller\IndexController.class.php 第 21 行.
NOTIC: [8] Undefined variable: father E:\xampp\htdocs\Online\online\Controller\IndexController.class.php 第 21 行.
NOTIC: [8] Undefined variable: father E:\xampp\htdocs\Online\online\Controller\IndexController.class.php 第 21 行.
NOTIC: [8] Undefined variable: father E:\xampp\htdocs\Online\online\Controller\IndexController.class.php 第 21 行.
NOTIC: [8] Undefined variable: father E:\xampp\htdocs\Online\online\Controller\IndexController.class.php 第 21 行.
NOTIC: [8] Undefined variable: father E:\xampp\htdocs\Online\online\Controller\IndexController.class.php 第 21 行.
NOTIC: [8] Undefined variable: father E:\xampp\htdocs\Online\online\Controller\IndexController.class.php 第 21 行.
NOTIC: [8] Undefined variable: father E:\xampp\htdocs\Online\online\Controller\IndexController.class.php 第 21 行.
NOTIC: [8] Undefined variable: father E:\xampp\htdocs\Online\online\Controller\IndexController.class.php 第 21 行.
NOTIC: [8] Undefined variable: father E:\xampp\htdocs\Online\online\Controller\IndexController.class.php 第 21 行.
NOTIC: [8] Undefined variable: father E:\xampp\htdocs\Online\online\Controller\IndexController.class.php 第 21 行.
NOTIC: [8] Undefined variable: father E:\xampp\htdocs\Online\online\Controller\IndexController.class.php 第 21 行.
NOTIC: [8] Undefined variable: father E:\xampp\htdocs\Online\online\Controller\IndexController.class.php 第 21 行.
NOTIC: [8] Undefined variable: father E:\xampp\htdocs\Online\online\Controller\IndexController.class.php 第 21 行.
NOTIC: [8] Undefined variable: father E:\xampp\htdocs\Online\online\Controller\IndexController.class.php 第 21 行.
NOTIC: [8] Undefined variable: father E:\xampp\htdocs\Online\online\Controller\IndexController.class.php 第 21 行.
NOTIC: [8] Undefined variable: father E:\xampp\htdocs\Online\online\Controller\IndexController.class.php 第 21 行.
NOTIC: [8] Undefined variable: father E:\xampp\htdocs\Online\online\Controller\IndexController.class.php 第 21 行.
NOTIC: [8] Undefined variable: father E:\xampp\htdocs\Online\online\Controller\IndexController.class.php 第 21 行.
NOTIC: [8] Undefined variable: father E:\xampp\htdocs\Online\online\Controller\IndexController.class.php 第 21 行.
NOTIC: [8] Undefined variable: father E:\xampp\htdocs\Online\online\Controller\IndexController.class.php 第 21 行.
NOTIC: [8] Undefined variable: father E:\xampp\htdocs\Online\online\Controller\IndexController.class.php 第 21 行.
NOTIC: [8] Undefined variable: father E:\xampp\htdocs\Online\online\Controller\IndexController.class.php 第 21 行.
NOTIC: [8] Undefined variable: father E:\xampp\htdocs\Online\online\Controller\IndexController.class.php 第 21 行.
NOTIC: [8] Undefined variable: father E:\xampp\htdocs\Online\online\Controller\IndexController.class.php 第 21 行.
NOTIC: [8] Undefined variable: father E:\xampp\htdocs\Online\online\Controller\IndexController.class.php 第 21 行.
NOTIC: [8] Undefined variable: father E:\xampp\htdocs\Online\online\Controller\IndexController.class.php 第 21 行.
NOTIC: [8] Undefined variable: father E:\xampp\htdocs\Online\online\Controller\IndexController.class.php 第 21 行.
NOTIC: [8] Undefined variable: father E:\xampp\htdocs\Online\online\Controller\IndexController.class.php 第 21 行.
NOTIC: [8] Undefined variable: father E:\xampp\htdocs\Online\online\Controller\IndexController.class.php 第 21 行.
NOTIC: [8] Undefined variable: father E:\xampp\htdocs\Online\online\Controller\IndexController.class.php 第 21 行.
NOTIC: [8] Undefined variable: father E:\xampp\htdocs\Online\online\Controller\IndexController.class.php 第 21 行.
NOTIC: [8] Undefined variable: father E:\xampp\htdocs\Online\online\Controller\IndexController.class.php 第 21 行.
NOTIC: [8] Undefined variable: father E:\xampp\htdocs\Online\online\Controller\IndexController.class.php 第 21 行.
NOTIC: [8] Undefined variable: father E:\xampp\htdocs\Online\online\Controller\IndexController.class.php 第 21 行.
NOTIC: [8] Undefined variable: father E:\xampp\htdocs\Online\online\Controller\IndexController.class.php 第 21 行.
NOTIC: [8] Undefined variable: father E:\xampp\htdocs\Online\online\Controller\IndexController.class.php 第 21 行.
NOTIC: [8] Undefined variable: father E:\xampp\htdocs\Online\online\Controller\IndexController.class.php 第 21 行.
NOTIC: [8] Undefined variable: father E:\xampp\htdocs\Online\online\Controller\IndexController.class.php 第 21 行.
NOTIC: [8] Undefined variable: father E:\xampp\htdocs\Online\online\Controller\IndexController.class.php 第 21 行.
NOTIC: [8] Undefined variable: father E:\xampp\htdocs\Online\online\Controller\IndexController.class.php 第 21 行.
NOTIC: [8] Undefined variable: father E:\xampp\htdocs\Online\online\Controller\IndexController.class.php 第 21 行.
NOTIC: [8] Undefined variable: father E:\xampp\htdocs\Online\online\Controller\IndexController.class.php 第 21 行.
NOTIC: [8] Undefined variable: father E:\xampp\htdocs\Online\online\Controller\IndexController.class.php 第 21 行.
NOTIC: [8] Undefined variable: father E:\xampp\htdocs\Online\online\Controller\IndexController.class.php 第 21 行.
NOTIC: [8] Undefined variable: father E:\xampp\htdocs\Online\online\Controller\IndexController.class.php 第 21 行.
NOTIC: [8] Undefined variable: father E:\xampp\htdocs\Online\online\Controller\IndexController.class.php 第 21 行.
NOTIC: [8] Undefined variable: father E:\xampp\htdocs\Online\online\Controller\IndexController.class.php 第 21 行.
NOTIC: [8] Undefined variable: father E:\xampp\htdocs\Online\online\Controller\IndexController.class.php 第 21 行.
NOTIC: [8] Undefined variable: father E:\xampp\htdocs\Online\online\Controller\IndexController.class.php 第 21 行.
NOTIC: [8] Undefined variable: father E:\xampp\htdocs\Online\online\Controller\IndexController.class.php 第 21 行.
NOTIC: [8] Undefined variable: father E:\xampp\htdocs\Online\online\Controller\IndexController.class.php 第 21 行.
INFO: [ view_parse ] --START--
INFO: [ template_filter ] --START--
INFO: Run Behavior\ContentReplaceBehavior [ RunTime:0.000118s ]
INFO: [ template_filter ] --END-- [ RunTime:0.000185s ]
INFO: Run Behavior\ParseTemplateBehavior [ RunTime:0.015687s ]
INFO: [ view_parse ] --END-- [ RunTime:0.015746s ]
INFO: [ view_filter ] --START--
INFO: Run Behavior\WriteHtmlCacheBehavior [ RunTime:0.000227s ]
INFO: [ view_filter ] --END-- [ RunTime:0.000267s ]
NOTIC: [2] Cannot modify header information - headers already sent by (output started at E:\xampp\htdocs\Online\online\Controller\IndexController.class.php:25) E:\xampp\htdocs\ThinkPHP\Library\Think\View.class.php 第 91 行.
NOTIC: [2] Cannot modify header information - headers already sent by (output started at E:\xampp\htdocs\Online\online\Controller\IndexController.class.php:25) E:\xampp\htdocs\ThinkPHP\Library\Think\View.class.php 第 92 行.
NOTIC: [2] Cannot modify header information - headers already sent by (output started at E:\xampp\htdocs\Online\online\Controller\IndexController.class.php:25) E:\xampp\htdocs\ThinkPHP\Library\Think\View.class.php 第 93 行.
INFO: [ app_end ] --START--
INFO: Run Behavior\ShowPageTraceBehavior [ RunTime:0.000471s ]
INFO: [ app_end ] --END-- [ RunTime:0.000523s ]

[ 2015-03-11T14:42:06+08:00 ] 127.0.0.1 /online.php/index/apply_c
INFO: [ app_init ] --START--
INFO: Run Behavior\BuildLiteBehavior [ RunTime:0.000032s ]
INFO: [ app_init ] --END-- [ RunTime:0.000717s ]
INFO: [ app_begin ] --START--
INFO: Run Behavior\ReadHtmlCacheBehavior [ RunTime:0.001046s ]
INFO: [ app_begin ] --END-- [ RunTime:0.001188s ]
SQL: SHOW COLUMNS FROM `online_category` [ RunTime:0.0025s ]
SQL: SELECT * FROM `online_category` WHERE ( status=1 )  [ RunTime:0.0011s ]
INFO: [ view_parse ] --START--
INFO: [ template_filter ] --START--
INFO: Run Behavior\ContentReplaceBehavior [ RunTime:0.000153s ]
INFO: [ template_filter ] --END-- [ RunTime:0.000238s ]
INFO: Run Behavior\ParseTemplateBehavior [ RunTime:0.015872s ]
INFO: [ view_parse ] --END-- [ RunTime:0.015966s ]
INFO: [ view_filter ] --START--
INFO: Run Behavior\WriteHtmlCacheBehavior [ RunTime:0.000225s ]
INFO: [ view_filter ] --END-- [ RunTime:0.000280s ]
NOTIC: [2] Cannot modify header information - headers already sent by (output started at E:\xampp\htdocs\Online\online\Controller\IndexController.class.php:25) E:\xampp\htdocs\ThinkPHP\Library\Think\View.class.php 第 91 行.
NOTIC: [2] Cannot modify header information - headers already sent by (output started at E:\xampp\htdocs\Online\online\Controller\IndexController.class.php:25) E:\xampp\htdocs\ThinkPHP\Library\Think\View.class.php 第 92 行.
NOTIC: [2] Cannot modify header information - headers already sent by (output started at E:\xampp\htdocs\Online\online\Controller\IndexController.class.php:25) E:\xampp\htdocs\ThinkPHP\Library\Think\View.class.php 第 93 行.
INFO: [ app_end ] --START--
INFO: Run Behavior\ShowPageTraceBehavior [ RunTime:0.000555s ]
INFO: [ app_end ] --END-- [ RunTime:0.000616s ]

[ 2015-03-11T14:46:24+08:00 ] 127.0.0.1 /online.php/index/apply_c
INFO: [ app_init ] --START--
INFO: Run Behavior\BuildLiteBehavior [ RunTime:0.000013s ]
INFO: [ app_init ] --END-- [ RunTime:0.000292s ]
INFO: [ app_begin ] --START--
INFO: Run Behavior\ReadHtmlCacheBehavior [ RunTime:0.000468s ]
INFO: [ app_begin ] --END-- [ RunTime:0.000523s ]
SQL: SHOW COLUMNS FROM `online_category` [ RunTime:0.0019s ]
SQL: SELECT * FROM `online_category` WHERE ( status=1 )  [ RunTime:0.0010s ]
INFO: [ view_parse ] --START--
INFO: [ template_filter ] --START--
INFO: Run Behavior\ContentReplaceBehavior [ RunTime:0.000116s ]
INFO: [ template_filter ] --END-- [ RunTime:0.000188s ]
INFO: Run Behavior\ParseTemplateBehavior [ RunTime:0.011739s ]
INFO: [ view_parse ] --END-- [ RunTime:0.011815s ]
INFO: [ view_filter ] --START--
INFO: Run Behavior\WriteHtmlCacheBehavior [ RunTime:0.000228s ]
INFO: [ view_filter ] --END-- [ RunTime:0.000269s ]
NOTIC: [2] Cannot modify header information - headers already sent by (output started at E:\xampp\htdocs\Online\online\Controller\IndexController.class.php:25) E:\xampp\htdocs\ThinkPHP\Library\Think\View.class.php 第 91 行.
NOTIC: [2] Cannot modify header information - headers already sent by (output started at E:\xampp\htdocs\Online\online\Controller\IndexController.class.php:25) E:\xampp\htdocs\ThinkPHP\Library\Think\View.class.php 第 92 行.
NOTIC: [2] Cannot modify header information - headers already sent by (output started at E:\xampp\htdocs\Online\online\Controller\IndexController.class.php:25) E:\xampp\htdocs\ThinkPHP\Library\Think\View.class.php 第 93 行.
INFO: [ app_end ] --START--
INFO: Run Behavior\ShowPageTraceBehavior [ RunTime:0.000512s ]
INFO: [ app_end ] --END-- [ RunTime:0.000585s ]

[ 2015-03-11T14:55:22+08:00 ] 127.0.0.1 /online.php/index/apply_c
INFO: [ app_init ] --START--
INFO: Run Behavior\BuildLiteBehavior [ RunTime:0.000013s ]
INFO: [ app_init ] --END-- [ RunTime:0.000299s ]
INFO: [ app_begin ] --START--
INFO: Run Behavior\ReadHtmlCacheBehavior [ RunTime:0.000449s ]
INFO: [ app_begin ] --END-- [ RunTime:0.000498s ]
SQL: SHOW COLUMNS FROM `online_category` [ RunTime:0.0018s ]
SQL: SELECT * FROM `online_category` WHERE ( status=1 )  [ RunTime:0.0007s ]
INFO: [ view_parse ] --START--
INFO: [ template_filter ] --START--
INFO: Run Behavior\ContentReplaceBehavior [ RunTime:0.000161s ]
INFO: [ template_filter ] --END-- [ RunTime:0.000267s ]
INFO: Run Behavior\ParseTemplateBehavior [ RunTime:0.015014s ]
INFO: [ view_parse ] --END-- [ RunTime:0.015092s ]
INFO: [ view_filter ] --START--
INFO: Run Behavior\WriteHtmlCacheBehavior [ RunTime:0.000231s ]
INFO: [ view_filter ] --END-- [ RunTime:0.000273s ]
NOTIC: [2] Cannot modify header information - headers already sent by (output started at E:\xampp\htdocs\Online\online\Controller\IndexController.class.php:25) E:\xampp\htdocs\ThinkPHP\Library\Think\View.class.php 第 91 行.
NOTIC: [2] Cannot modify header information - headers already sent by (output started at E:\xampp\htdocs\Online\online\Controller\IndexController.class.php:25) E:\xampp\htdocs\ThinkPHP\Library\Think\View.class.php 第 92 行.
NOTIC: [2] Cannot modify header information - headers already sent by (output started at E:\xampp\htdocs\Online\online\Controller\IndexController.class.php:25) E:\xampp\htdocs\ThinkPHP\Library\Think\View.class.php 第 93 行.
INFO: [ app_end ] --START--
INFO: Run Behavior\ShowPageTraceBehavior [ RunTime:0.000561s ]
INFO: [ app_end ] --END-- [ RunTime:0.000629s ]

[ 2015-03-11T15:09:25+08:00 ] 127.0.0.1 /online.php/index/apply_c
INFO: [ app_init ] --START--
INFO: Run Behavior\BuildLiteBehavior [ RunTime:0.000015s ]
INFO: [ app_init ] --END-- [ RunTime:0.000325s ]
INFO: [ app_begin ] --START--
INFO: Run Behavior\ReadHtmlCacheBehavior [ RunTime:0.000440s ]
INFO: [ app_begin ] --END-- [ RunTime:0.000490s ]
SQL: SHOW COLUMNS FROM `online_category` [ RunTime:0.0018s ]
SQL: SELECT * FROM `online_category` WHERE ( status=1 )  [ RunTime:0.0008s ]
INFO: [ view_parse ] --START--
INFO: [ template_filter ] --START--
INFO: Run Behavior\ContentReplaceBehavior [ RunTime:0.000105s ]
INFO: [ template_filter ] --END-- [ RunTime:0.000177s ]
INFO: Run Behavior\ParseTemplateBehavior [ RunTime:0.011019s ]
INFO: [ view_parse ] --END-- [ RunTime:0.011069s ]
INFO: [ view_filter ] --START--
INFO: Run Behavior\WriteHtmlCacheBehavior [ RunTime:0.000223s ]
INFO: [ view_filter ] --END-- [ RunTime:0.000263s ]
INFO: [ app_end ] --START--
INFO: Run Behavior\ShowPageTraceBehavior [ RunTime:0.000451s ]
INFO: [ app_end ] --END-- [ RunTime:0.000498s ]

[ 2015-03-11T15:15:20+08:00 ] 127.0.0.1 /online.php/index/apply_c
INFO: [ app_init ] --START--
INFO: Run Behavior\BuildLiteBehavior [ RunTime:0.000022s ]
INFO: [ app_init ] --END-- [ RunTime:0.000550s ]
INFO: [ app_begin ] --START--
INFO: Run Behavior\ReadHtmlCacheBehavior [ RunTime:0.000688s ]
INFO: [ app_begin ] --END-- [ RunTime:0.000762s ]

[ 2015-03-11T15:17:22+08:00 ] 127.0.0.1 /online.php/index/apply_c
INFO: [ app_init ] --START--
INFO: Run Behavior\BuildLiteBehavior [ RunTime:0.000023s ]
INFO: [ app_init ] --END-- [ RunTime:0.000568s ]
INFO: [ app_begin ] --START--
INFO: Run Behavior\ReadHtmlCacheBehavior [ RunTime:0.000543s ]
INFO: [ app_begin ] --END-- [ RunTime:0.000607s ]

[ 2015-03-11T15:17:24+08:00 ] 127.0.0.1 /online.php/index/apply_c
INFO: [ app_init ] --START--
INFO: Run Behavior\BuildLiteBehavior [ RunTime:0.000032s ]
INFO: [ app_init ] --END-- [ RunTime:0.000730s ]
INFO: [ app_begin ] --START--
INFO: Run Behavior\ReadHtmlCacheBehavior [ RunTime:0.000910s ]
INFO: [ app_begin ] --END-- [ RunTime:0.000999s ]

[ 2015-03-11T15:17:24+08:00 ] 127.0.0.1 /online.php/index/apply_c
INFO: [ app_init ] --START--
INFO: Run Behavior\BuildLiteBehavior [ RunTime:0.000018s ]
INFO: [ app_init ] --END-- [ RunTime:0.000399s ]
INFO: [ app_begin ] --START--
INFO: Run Behavior\ReadHtmlCacheBehavior [ RunTime:0.000528s ]
INFO: [ app_begin ] --END-- [ RunTime:0.000597s ]

[ 2015-03-11T15:17:25+08:00 ] 127.0.0.1 /online.php/index/apply_c
INFO: [ app_init ] --START--
INFO: Run Behavior\BuildLiteBehavior [ RunTime:0.000015s ]
INFO: [ app_init ] --END-- [ RunTime:0.000272s ]
INFO: [ app_begin ] --START--
INFO: Run Behavior\ReadHtmlCacheBehavior [ RunTime:0.000366s ]
INFO: [ app_begin ] --END-- [ RunTime:0.000415s ]

[ 2015-03-11T15:17:35+08:00 ] 127.0.0.1 /online.php/index/apply_c
INFO: [ app_init ] --START--
INFO: Run Behavior\BuildLiteBehavior [ RunTime:0.000015s ]
INFO: [ app_init ] --END-- [ RunTime:0.000324s ]
INFO: [ app_begin ] --START--
INFO: Run Behavior\ReadHtmlCacheBehavior [ RunTime:0.000463s ]
INFO: [ app_begin ] --END-- [ RunTime:0.000524s ]
NOTIC: [8] Undefined index: currentuser E:\xampp\htdocs\Online\online\Controller\IndexController.class.php 第 15 行.
SQL: SHOW COLUMNS FROM `online_category` [ RunTime:0.0026s ]
SQL: SELECT * FROM `online_category` WHERE ( status=1 )  [ RunTime:0.0009s ]
INFO: [ view_parse ] --START--
INFO: [ template_filter ] --START--
INFO: Run Behavior\ContentReplaceBehavior [ RunTime:0.000131s ]
INFO: [ template_filter ] --END-- [ RunTime:0.000195s ]
INFO: Run Behavior\ParseTemplateBehavior [ RunTime:0.011772s ]
INFO: [ view_parse ] --END-- [ RunTime:0.011826s ]
INFO: [ view_filter ] --START--
INFO: Run Behavior\WriteHtmlCacheBehavior [ RunTime:0.000217s ]
INFO: [ view_filter ] --END-- [ RunTime:0.000256s ]
INFO: [ app_end ] --START--
INFO: Run Behavior\ShowPageTraceBehavior [ RunTime:0.000453s ]
INFO: [ app_end ] --END-- [ RunTime:0.000499s ]

[ 2015-03-11T15:17:37+08:00 ] 127.0.0.1 /online.php/index/apply_c
INFO: [ app_init ] --START--
INFO: Run Behavior\BuildLiteBehavior [ RunTime:0.000017s ]
INFO: [ app_init ] --END-- [ RunTime:0.000356s ]
INFO: [ app_begin ] --START--
INFO: Run Behavior\ReadHtmlCacheBehavior [ RunTime:0.000490s ]
INFO: [ app_begin ] --END-- [ RunTime:0.000562s ]
NOTIC: [8] Undefined index: currentuser E:\xampp\htdocs\Online\online\Controller\IndexController.class.php 第 15 行.
SQL: SHOW COLUMNS FROM `online_category` [ RunTime:0.0023s ]
SQL: SELECT * FROM `online_category` WHERE ( status=1 )  [ RunTime:0.0008s ]
INFO: [ view_parse ] --START--
INFO: [ template_filter ] --START--
INFO: Run Behavior\ContentReplaceBehavior [ RunTime:0.000124s ]
INFO: [ template_filter ] --END-- [ RunTime:0.000177s ]
INFO: Run Behavior\ParseTemplateBehavior [ RunTime:0.009994s ]
INFO: [ view_parse ] --END-- [ RunTime:0.010042s ]
INFO: [ view_filter ] --START--
INFO: Run Behavior\WriteHtmlCacheBehavior [ RunTime:0.000150s ]
INFO: [ view_filter ] --END-- [ RunTime:0.000190s ]
INFO: [ app_end ] --START--
INFO: Run Behavior\ShowPageTraceBehavior [ RunTime:0.000419s ]
INFO: [ app_end ] --END-- [ RunTime:0.000473s ]

[ 2015-03-11T15:26:09+08:00 ] 127.0.0.1 /online.php/index/apply_c
INFO: [ app_init ] --START--
INFO: Run Behavior\BuildLiteBehavior [ RunTime:0.000019s ]
INFO: [ app_init ] --END-- [ RunTime:0.000413s ]
INFO: [ app_begin ] --START--
INFO: Run Behavior\ReadHtmlCacheBehavior [ RunTime:0.000665s ]
INFO: [ app_begin ] --END-- [ RunTime:0.000741s ]
NOTIC: [8] Undefined index: currentuser E:\xampp\htdocs\Online\online\Controller\IndexController.class.php 第 16 行.
SQL: SHOW COLUMNS FROM `online_category` [ RunTime:0.0028s ]
SQL: SELECT * FROM `online_category` WHERE ( status=1 )  [ RunTime:0.0011s ]
INFO: [ view_parse ] --START--
INFO: [ template_filter ] --START--
INFO: Run Behavior\ContentReplaceBehavior [ RunTime:0.000143s ]
INFO: [ template_filter ] --END-- [ RunTime:0.000213s ]
INFO: Run Behavior\ParseTemplateBehavior [ RunTime:0.011400s ]
INFO: [ view_parse ] --END-- [ RunTime:0.011454s ]
INFO: [ view_filter ] --START--
INFO: Run Behavior\WriteHtmlCacheBehavior [ RunTime:0.000235s ]
INFO: [ view_filter ] --END-- [ RunTime:0.000277s ]
INFO: [ app_end ] --START--
INFO: Run Behavior\ShowPageTraceBehavior [ RunTime:0.000476s ]
INFO: [ app_end ] --END-- [ RunTime:0.000528s ]

[ 2015-03-11T16:31:21+08:00 ] 127.0.0.1 /online.php/index/apply_c
INFO: [ app_init ] --START--
INFO: Run Behavior\BuildLiteBehavior [ RunTime:0.000013s ]
INFO: [ app_init ] --END-- [ RunTime:0.000295s ]
INFO: [ app_begin ] --START--
INFO: Run Behavior\ReadHtmlCacheBehavior [ RunTime:0.001178s ]
INFO: [ app_begin ] --END-- [ RunTime:0.001249s ]
NOTIC: [8] Undefined index: currentuser E:\xampp\htdocs\Online\online\Controller\IndexController.class.php 第 15 行.
NOTIC: [8] Undefined index: currentuser E:\xampp\htdocs\Online\online\Controller\IndexController.class.php 第 18 行.
SQL: SHOW COLUMNS FROM `online_user` [ RunTime:0.0036s ]
SQL: SELECT * FROM `online_user` WHERE `uid` = null LIMIT 1   [ RunTime:0.0005s ]
SQL: SHOW COLUMNS FROM `online_category` [ RunTime:0.0019s ]
SQL: SELECT * FROM `online_category` WHERE ( status=1 )  [ RunTime:0.0008s ]
NOTIC: [8] Undefined index: id E:\xampp\htdocs\Online\online\Controller\IndexController.class.php 第 37 行.
SQL: INSERT INTO `online_user` (`name`,`position`,`department`,`company_cname`,`tel`,`company_ename`,`mobile`,`email`,`address`,`industry`,`cooperation_offer`,`implemented_application`,`cooperation_need`,`fund_amount`) VALUES ('','','','','','','','','','光学/光电子','','','','0') [ RunTime:0.1580s ]
INFO: [ view_parse ] --START--
INFO: [ template_filter ] --START--
INFO: Run Behavior\ContentReplaceBehavior [ RunTime:0.000153s ]
INFO: [ template_filter ] --END-- [ RunTime:0.000249s ]
INFO: Run Behavior\ParseTemplateBehavior [ RunTime:0.027483s ]
INFO: [ view_parse ] --END-- [ RunTime:0.027640s ]
INFO: [ view_filter ] --START--
INFO: Run Behavior\WriteHtmlCacheBehavior [ RunTime:0.000491s ]
INFO: [ view_filter ] --END-- [ RunTime:0.000590s ]
INFO: [ app_end ] --START--
INFO: Run Behavior\ShowPageTraceBehavior [ RunTime:0.000983s ]
INFO: [ app_end ] --END-- [ RunTime:0.001086s ]

[ 2015-03-11T16:34:51+08:00 ] 127.0.0.1 /online.php/index/apply_c
INFO: [ app_init ] --START--
INFO: Run Behavior\BuildLiteBehavior [ RunTime:0.000011s ]
INFO: [ app_init ] --END-- [ RunTime:0.000294s ]
INFO: [ app_begin ] --START--
INFO: Run Behavior\ReadHtmlCacheBehavior [ RunTime:0.000431s ]
INFO: [ app_begin ] --END-- [ RunTime:0.000477s ]
NOTIC: [8] Undefined index: currentuser E:\xampp\htdocs\Online\online\Controller\IndexController.class.php 第 15 行.
NOTIC: [8] Undefined index: currentuser E:\xampp\htdocs\Online\online\Controller\IndexController.class.php 第 18 行.
SQL: SHOW COLUMNS FROM `online_user` [ RunTime:0.0022s ]
SQL: SELECT * FROM `online_user` WHERE `uid` = null LIMIT 1   [ RunTime:0.0004s ]
SQL: SHOW COLUMNS FROM `online_category` [ RunTime:0.0016s ]
SQL: SELECT * FROM `online_category` WHERE ( status=1 )  [ RunTime:0.0007s ]
NOTIC: [8] Undefined index: id E:\xampp\htdocs\Online\online\Controller\IndexController.class.php 第 37 行.
SQL: INSERT INTO `online_user` (`name`,`position`,`department`,`company_cname`,`tel`,`company_ename`,`mobile`,`email`,`address`,`industry`,`cooperation_offer`,`implemented_application`,`cooperation_need`,`fund_amount`) VALUES ('','','','','','','','','','光学/光电子','','','','0') [ RunTime:0.0966s ]
INFO: [ view_parse ] --START--
INFO: [ template_filter ] --START--
INFO: Run Behavior\ContentReplaceBehavior [ RunTime:0.000308s ]
INFO: [ template_filter ] --END-- [ RunTime:0.000501s ]
INFO: Run Behavior\ParseTemplateBehavior [ RunTime:0.030987s ]
INFO: [ view_parse ] --END-- [ RunTime:0.031137s ]
INFO: [ view_filter ] --START--
INFO: Run Behavior\WriteHtmlCacheBehavior [ RunTime:0.000723s ]
INFO: [ view_filter ] --END-- [ RunTime:0.000851s ]
INFO: [ app_end ] --START--
INFO: Run Behavior\ShowPageTraceBehavior [ RunTime:0.001340s ]
INFO: [ app_end ] --END-- [ RunTime:0.001473s ]

[ 2015-03-11T16:34:59+08:00 ] 127.0.0.1 /online.php/index/apply_c
INFO: [ app_init ] --START--
INFO: Run Behavior\BuildLiteBehavior [ RunTime:0.000013s ]
INFO: [ app_init ] --END-- [ RunTime:0.000251s ]
INFO: [ app_begin ] --START--
INFO: Run Behavior\ReadHtmlCacheBehavior [ RunTime:0.000351s ]
INFO: [ app_begin ] --END-- [ RunTime:0.000397s ]
NOTIC: [8] Undefined index: currentuser E:\xampp\htdocs\Online\online\Controller\IndexController.class.php 第 15 行.
NOTIC: [8] Undefined index: currentuser E:\xampp\htdocs\Online\online\Controller\IndexController.class.php 第 18 行.
SQL: SHOW COLUMNS FROM `online_user` [ RunTime:0.0026s ]
SQL: SELECT * FROM `online_user` WHERE `uid` = null LIMIT 1   [ RunTime:0.0007s ]
SQL: SHOW COLUMNS FROM `online_category` [ RunTime:0.0017s ]
SQL: SELECT * FROM `online_category` WHERE ( status=1 )  [ RunTime:0.0008s ]
SQL: INSERT INTO `online_user` (`name`,`position`,`department`,`company_cname`,`tel`,`company_ename`,`mobile`,`email`,`address`,`industry`,`cooperation_offer`,`implemented_application`,`cooperation_need`,`fund_demand`,`fund_amount`) VALUES ('','','','','','','','','','光学/光电子','','','','1','0') [ RunTime:0.0778s ]
INFO: [ view_parse ] --START--
INFO: [ template_filter ] --START--
INFO: Run Behavior\ContentReplaceBehavior [ RunTime:0.000146s ]
INFO: [ template_filter ] --END-- [ RunTime:0.000234s ]
INFO: Run Behavior\ParseTemplateBehavior [ RunTime:0.027597s ]
INFO: [ view_parse ] --END-- [ RunTime:0.027700s ]
INFO: [ view_filter ] --START--
INFO: Run Behavior\WriteHtmlCacheBehavior [ RunTime:0.000272s ]
INFO: [ view_filter ] --END-- [ RunTime:0.000339s ]
INFO: [ app_end ] --START--
INFO: Run Behavior\ShowPageTraceBehavior [ RunTime:0.000593s ]
INFO: [ app_end ] --END-- [ RunTime:0.000803s ]

[ 2015-03-11T16:36:12+08:00 ] 127.0.0.1 /online.php/index/apply_b
INFO: [ app_init ] --START--
INFO: Run Behavior\BuildLiteBehavior [ RunTime:0.000013s ]
INFO: [ app_init ] --END-- [ RunTime:0.000276s ]
INFO: [ app_begin ] --START--
INFO: Run Behavior\ReadHtmlCacheBehavior [ RunTime:0.000419s ]
INFO: [ app_begin ] --END-- [ RunTime:0.000466s ]
INFO: [ view_parse ] --START--
INFO: [ template_filter ] --START--
INFO: Run Behavior\ContentReplaceBehavior [ RunTime:0.000086s ]
INFO: [ template_filter ] --END-- [ RunTime:0.000146s ]
INFO: Run Behavior\ParseTemplateBehavior [ RunTime:0.058807s ]
INFO: [ view_parse ] --END-- [ RunTime:0.058966s ]
INFO: [ view_filter ] --START--
INFO: Run Behavior\WriteHtmlCacheBehavior [ RunTime:0.000934s ]
INFO: [ view_filter ] --END-- [ RunTime:0.001133s ]
INFO: [ app_end ] --START--
INFO: Run Behavior\ShowPageTraceBehavior [ RunTime:0.002039s ]
INFO: [ app_end ] --END-- [ RunTime:0.002214s ]

[ 2015-03-11T16:42:24+08:00 ] 127.0.0.1 /online.php/index/apply_b
INFO: [ app_init ] --START--
INFO: Run Behavior\BuildLiteBehavior [ RunTime:0.000021s ]
INFO: [ app_init ] --END-- [ RunTime:0.000498s ]
INFO: [ app_begin ] --START--
INFO: Run Behavior\ReadHtmlCacheBehavior [ RunTime:0.000989s ]
INFO: [ app_begin ] --END-- [ RunTime:0.001071s ]
INFO: [ view_parse ] --START--
INFO: [ template_filter ] --START--
INFO: Run Behavior\ContentReplaceBehavior [ RunTime:0.000079s ]
INFO: [ template_filter ] --END-- [ RunTime:0.000147s ]
INFO: Run Behavior\ParseTemplateBehavior [ RunTime:0.015389s ]
INFO: [ view_parse ] --END-- [ RunTime:0.015449s ]
INFO: [ view_filter ] --START--
INFO: Run Behavior\WriteHtmlCacheBehavior [ RunTime:0.000208s ]
INFO: [ view_filter ] --END-- [ RunTime:0.000247s ]
INFO: [ app_end ] --START--
INFO: Run Behavior\ShowPageTraceBehavior [ RunTime:0.000433s ]
INFO: [ app_end ] --END-- [ RunTime:0.000479s ]

[ 2015-03-11T16:42:24+08:00 ] 127.0.0.1 /online.php/index/apply_b
INFO: [ app_init ] --START--
INFO: Run Behavior\BuildLiteBehavior [ RunTime:0.000013s ]
INFO: [ app_init ] --END-- [ RunTime:0.000285s ]
INFO: [ app_begin ] --START--
INFO: Run Behavior\ReadHtmlCacheBehavior [ RunTime:0.000370s ]
INFO: [ app_begin ] --END-- [ RunTime:0.000418s ]
INFO: [ view_parse ] --START--
INFO: [ template_filter ] --START--
INFO: Run Behavior\ContentReplaceBehavior [ RunTime:0.000077s ]
INFO: [ template_filter ] --END-- [ RunTime:0.000124s ]
INFO: Run Behavior\ParseTemplateBehavior [ RunTime:0.008560s ]
INFO: [ view_parse ] --END-- [ RunTime:0.008601s ]
INFO: [ view_filter ] --START--
INFO: Run Behavior\WriteHtmlCacheBehavior [ RunTime:0.000139s ]
INFO: [ view_filter ] --END-- [ RunTime:0.000176s ]
INFO: [ app_end ] --START--
INFO: Run Behavior\ShowPageTraceBehavior [ RunTime:0.000433s ]
INFO: [ app_end ] --END-- [ RunTime:0.000484s ]

[ 2015-03-11T16:42:36+08:00 ] 127.0.0.1 /online.php/index/apply_c
INFO: [ app_init ] --START--
INFO: Run Behavior\BuildLiteBehavior [ RunTime:0.000014s ]
INFO: [ app_init ] --END-- [ RunTime:0.000314s ]
INFO: [ app_begin ] --START--
INFO: Run Behavior\ReadHtmlCacheBehavior [ RunTime:0.000512s ]
INFO: [ app_begin ] --END-- [ RunTime:0.000579s ]
NOTIC: [8] Undefined index: currentuser E:\xampp\htdocs\Online\online\Controller\IndexController.class.php 第 15 行.
NOTIC: [8] Undefined index: currentuser E:\xampp\htdocs\Online\online\Controller\IndexController.class.php 第 18 行.
SQL: SHOW COLUMNS FROM `online_user` [ RunTime:0.0024s ]
SQL: SELECT * FROM `online_user` WHERE `uid` = null LIMIT 1   [ RunTime:0.0005s ]
SQL: SHOW COLUMNS FROM `online_category` [ RunTime:0.0017s ]
SQL: SELECT * FROM `online_category` WHERE ( status=1 )  [ RunTime:0.0007s ]
INFO: [ view_parse ] --START--
INFO: [ template_filter ] --START--
INFO: Run Behavior\ContentReplaceBehavior [ RunTime:0.000105s ]
INFO: [ template_filter ] --END-- [ RunTime:0.000168s ]
INFO: Run Behavior\ParseTemplateBehavior [ RunTime:0.011177s ]
INFO: [ view_parse ] --END-- [ RunTime:0.011225s ]
INFO: [ view_filter ] --START--
INFO: Run Behavior\WriteHtmlCacheBehavior [ RunTime:0.000246s ]
INFO: [ view_filter ] --END-- [ RunTime:0.000284s ]
INFO: [ app_end ] --START--
INFO: Run Behavior\ShowPageTraceBehavior [ RunTime:0.000617s ]
INFO: [ app_end ] --END-- [ RunTime:0.000694s ]

[ 2015-03-11T16:43:00+08:00 ] 127.0.0.1 /online.php/index/apply_c
INFO: [ app_init ] --START--
INFO: Run Behavior\BuildLiteBehavior [ RunTime:0.000014s ]
INFO: [ app_init ] --END-- [ RunTime:0.000325s ]
INFO: [ app_begin ] --START--
INFO: Run Behavior\ReadHtmlCacheBehavior [ RunTime:0.000484s ]
INFO: [ app_begin ] --END-- [ RunTime:0.000541s ]
NOTIC: [8] Undefined index: currentuser E:\xampp\htdocs\Online\online\Controller\IndexController.class.php 第 15 行.
NOTIC: [8] Undefined index: currentuser E:\xampp\htdocs\Online\online\Controller\IndexController.class.php 第 18 行.
SQL: SHOW COLUMNS FROM `online_user` [ RunTime:0.0021s ]
SQL: SELECT * FROM `online_user` WHERE `uid` = null LIMIT 1   [ RunTime:0.0005s ]
SQL: SHOW COLUMNS FROM `online_category` [ RunTime:0.0018s ]
SQL: SELECT * FROM `online_category` WHERE ( status=1 )  [ RunTime:0.0007s ]
SQL: INSERT INTO `online_user` (`name`,`position`,`department`,`company_cname`,`tel`,`company_ename`,`mobile`,`email`,`address`,`industry`,`cooperation_offer`,`implemented_application`,`cooperation_need`,`fund_demand`,`fund_amount`) VALUES ('','','','','','','','','','光学/光电子','','','','1','0') [ RunTime:0.0530s ]
INFO: [ view_parse ] --START--
INFO: [ template_filter ] --START--
INFO: Run Behavior\ContentReplaceBehavior [ RunTime:0.000119s ]
INFO: [ template_filter ] --END-- [ RunTime:0.000191s ]
INFO: Run Behavior\ParseTemplateBehavior [ RunTime:0.024204s ]
INFO: [ view_parse ] --END-- [ RunTime:0.024297s ]
INFO: [ view_filter ] --START--
INFO: Run Behavior\WriteHtmlCacheBehavior [ RunTime:0.000195s ]
INFO: [ view_filter ] --END-- [ RunTime:0.000242s ]
INFO: [ app_end ] --START--
INFO: Run Behavior\ShowPageTraceBehavior [ RunTime:0.000632s ]
INFO: [ app_end ] --END-- [ RunTime:0.000690s ]

[ 2015-03-11T16:44:31+08:00 ] 127.0.0.1 /online.php/index/apply_b
INFO: [ app_init ] --START--
INFO: Run Behavior\BuildLiteBehavior [ RunTime:0.000012s ]
INFO: [ app_init ] --END-- [ RunTime:0.000248s ]
INFO: [ app_begin ] --START--
INFO: Run Behavior\ReadHtmlCacheBehavior [ RunTime:0.000522s ]
INFO: [ app_begin ] --END-- [ RunTime:0.000576s ]
NOTIC: [8] Undefined index: currentuser E:\xampp\htdocs\Online\online\Controller\IndexController.class.php 第 68 行.
NOTIC: [8] Undefined index: currentuser E:\xampp\htdocs\Online\online\Controller\IndexController.class.php 第 71 行.
SQL: SHOW COLUMNS FROM `online_user` [ RunTime:0.0025s ]
SQL: SELECT * FROM `online_user` WHERE `uid` = null LIMIT 1   [ RunTime:0.0008s ]
SQL: SHOW COLUMNS FROM `online_category` [ RunTime:0.0021s ]
SQL: SELECT * FROM `online_category` WHERE ( status=1 )  [ RunTime:0.0010s ]
INFO: [ app_end ] --START--
INFO: Run Behavior\ShowPageTraceBehavior [ RunTime:0.000537s ]
INFO: [ app_end ] --END-- [ RunTime:0.000597s ]

[ 2015-03-11T16:44:37+08:00 ] 127.0.0.1 /online.php/index/apply_b
INFO: [ app_init ] --START--
INFO: Run Behavior\BuildLiteBehavior [ RunTime:0.000030s ]
INFO: [ app_init ] --END-- [ RunTime:0.000479s ]
INFO: [ app_begin ] --START--
INFO: Run Behavior\ReadHtmlCacheBehavior [ RunTime:0.000755s ]
INFO: [ app_begin ] --END-- [ RunTime:0.000849s ]
NOTIC: [8] Undefined index: currentuser E:\xampp\htdocs\Online\online\Controller\IndexController.class.php 第 68 行.
NOTIC: [8] Undefined index: currentuser E:\xampp\htdocs\Online\online\Controller\IndexController.class.php 第 71 行.
SQL: SHOW COLUMNS FROM `online_user` [ RunTime:0.0028s ]
SQL: SELECT * FROM `online_user` WHERE `uid` = null LIMIT 1   [ RunTime:0.0004s ]
SQL: SHOW COLUMNS FROM `online_category` [ RunTime:0.0016s ]
SQL: SELECT * FROM `online_category` WHERE ( status=1 )  [ RunTime:0.0006s ]
INFO: [ app_end ] --START--
INFO: Run Behavior\ShowPageTraceBehavior [ RunTime:0.000518s ]
INFO: [ app_end ] --END-- [ RunTime:0.000568s ]

[ 2015-03-11T16:44:37+08:00 ] 127.0.0.1 /online.php/index/apply_b
INFO: [ app_init ] --START--
INFO: Run Behavior\BuildLiteBehavior [ RunTime:0.000013s ]
INFO: [ app_init ] --END-- [ RunTime:0.000283s ]
INFO: [ app_begin ] --START--
INFO: Run Behavior\ReadHtmlCacheBehavior [ RunTime:0.000358s ]
INFO: [ app_begin ] --END-- [ RunTime:0.000412s ]
NOTIC: [8] Undefined index: currentuser E:\xampp\htdocs\Online\online\Controller\IndexController.class.php 第 68 行.
NOTIC: [8] Undefined index: currentuser E:\xampp\htdocs\Online\online\Controller\IndexController.class.php 第 71 行.
SQL: SHOW COLUMNS FROM `online_user` [ RunTime:0.0022s ]
SQL: SELECT * FROM `online_user` WHERE `uid` = null LIMIT 1   [ RunTime:0.0005s ]
SQL: SHOW COLUMNS FROM `online_category` [ RunTime:0.0016s ]
SQL: SELECT * FROM `online_category` WHERE ( status=1 )  [ RunTime:0.0007s ]
INFO: [ app_end ] --START--
INFO: Run Behavior\ShowPageTraceBehavior [ RunTime:0.000561s ]
INFO: [ app_end ] --END-- [ RunTime:0.000636s ]

[ 2015-03-11T16:44:38+08:00 ] 127.0.0.1 /online.php/index/apply_b
INFO: [ app_init ] --START--
INFO: Run Behavior\BuildLiteBehavior [ RunTime:0.000029s ]
INFO: [ app_init ] --END-- [ RunTime:0.000678s ]
INFO: [ app_begin ] --START--
INFO: Run Behavior\ReadHtmlCacheBehavior [ RunTime:0.001092s ]
INFO: [ app_begin ] --END-- [ RunTime:0.001221s ]
NOTIC: [8] Undefined index: currentuser E:\xampp\htdocs\Online\online\Controller\IndexController.class.php 第 68 行.
NOTIC: [8] Undefined index: currentuser E:\xampp\htdocs\Online\online\Controller\IndexController.class.php 第 71 行.
SQL: SHOW COLUMNS FROM `online_user` [ RunTime:0.0029s ]
SQL: SELECT * FROM `online_user` WHERE `uid` = null LIMIT 1   [ RunTime:0.0006s ]
SQL: SHOW COLUMNS FROM `online_category` [ RunTime:0.0022s ]
SQL: SELECT * FROM `online_category` WHERE ( status=1 )  [ RunTime:0.0009s ]
INFO: [ app_end ] --START--
INFO: Run Behavior\ShowPageTraceBehavior [ RunTime:0.000694s ]
INFO: [ app_end ] --END-- [ RunTime:0.000767s ]

[ 2015-03-11T16:44:58+08:00 ] 127.0.0.1 /online.php/index/apply_b
INFO: [ app_init ] --START--
INFO: Run Behavior\BuildLiteBehavior [ RunTime:0.000013s ]
INFO: [ app_init ] --END-- [ RunTime:0.000263s ]
INFO: [ app_begin ] --START--
INFO: Run Behavior\ReadHtmlCacheBehavior [ RunTime:0.000391s ]
INFO: [ app_begin ] --END-- [ RunTime:0.000439s ]
NOTIC: [8] Undefined index: currentuser E:\xampp\htdocs\Online\online\Controller\IndexController.class.php 第 68 行.
NOTIC: [8] Undefined index: currentuser E:\xampp\htdocs\Online\online\Controller\IndexController.class.php 第 71 行.
SQL: SHOW COLUMNS FROM `online_user` [ RunTime:0.0031s ]
SQL: SELECT * FROM `online_user` WHERE `uid` = null LIMIT 1   [ RunTime:0.0006s ]
SQL: SHOW COLUMNS FROM `online_category` [ RunTime:0.0021s ]
SQL: SELECT * FROM `online_category` WHERE ( status=1 )  [ RunTime:0.0009s ]
INFO: [ app_end ] --START--
INFO: Run Behavior\ShowPageTraceBehavior [ RunTime:0.000504s ]
INFO: [ app_end ] --END-- [ RunTime:0.000557s ]

[ 2015-03-11T16:45:17+08:00 ] 127.0.0.1 /online.php/index/apply_b
INFO: [ app_init ] --START--
INFO: Run Behavior\BuildLiteBehavior [ RunTime:0.000020s ]
INFO: [ app_init ] --END-- [ RunTime:0.000436s ]
INFO: [ app_begin ] --START--
INFO: Run Behavior\ReadHtmlCacheBehavior [ RunTime:0.000706s ]
INFO: [ app_begin ] --END-- [ RunTime:0.000793s ]
NOTIC: [8] Undefined index: currentuser E:\xampp\htdocs\Online\online\Controller\IndexController.class.php 第 68 行.
NOTIC: [8] Undefined index: currentuser E:\xampp\htdocs\Online\online\Controller\IndexController.class.php 第 71 行.
SQL: SHOW COLUMNS FROM `online_user` [ RunTime:0.0028s ]
SQL: SELECT * FROM `online_user` WHERE `uid` = null LIMIT 1   [ RunTime:0.0005s ]
SQL: SHOW COLUMNS FROM `online_category` [ RunTime:0.0016s ]
SQL: SELECT * FROM `online_category` WHERE ( status=1 )  [ RunTime:0.0007s ]
INFO: [ app_end ] --START--
INFO: Run Behavior\ShowPageTraceBehavior [ RunTime:0.000458s ]
INFO: [ app_end ] --END-- [ RunTime:0.000506s ]

[ 2015-03-11T16:49:16+08:00 ] 127.0.0.1 /online.php/index/apply_b
INFO: [ app_init ] --START--
INFO: Run Behavior\BuildLiteBehavior [ RunTime:0.000017s ]
INFO: [ app_init ] --END-- [ RunTime:0.000442s ]
INFO: [ app_begin ] --START--
INFO: Run Behavior\ReadHtmlCacheBehavior [ RunTime:0.000644s ]
INFO: [ app_begin ] --END-- [ RunTime:0.000713s ]
NOTIC: [8] Undefined index: currentuser E:\xampp\htdocs\Online\online\Controller\IndexController.class.php 第 68 行.
NOTIC: [8] Undefined index: currentuser E:\xampp\htdocs\Online\online\Controller\IndexController.class.php 第 71 行.
SQL: SHOW COLUMNS FROM `online_user` [ RunTime:0.0023s ]
SQL: SELECT * FROM `online_user` WHERE `uid` = null LIMIT 1   [ RunTime:0.0005s ]
SQL: SHOW COLUMNS FROM `online_category` [ RunTime:0.0018s ]
SQL: SELECT * FROM `online_category` WHERE ( status=1 )  [ RunTime:0.0008s ]
INFO: [ app_end ] --START--
INFO: Run Behavior\ShowPageTraceBehavior [ RunTime:0.000653s ]
INFO: [ app_end ] --END-- [ RunTime:0.000704s ]

[ 2015-03-11T16:50:39+08:00 ] 127.0.0.1 /online.php/index/apply_b
INFO: [ app_init ] --START--
INFO: Run Behavior\BuildLiteBehavior [ RunTime:0.000019s ]
INFO: [ app_init ] --END-- [ RunTime:0.000418s ]
INFO: [ app_begin ] --START--
INFO: Run Behavior\ReadHtmlCacheBehavior [ RunTime:0.000585s ]
INFO: [ app_begin ] --END-- [ RunTime:0.000668s ]
INFO: [ app_end ] --START--
INFO: Run Behavior\ShowPageTraceBehavior [ RunTime:0.000599s ]
INFO: [ app_end ] --END-- [ RunTime:0.000677s ]

[ 2015-03-11T16:50:40+08:00 ] 127.0.0.1 /online.php/index/apply_b
INFO: [ app_init ] --START--
INFO: Run Behavior\BuildLiteBehavior [ RunTime:0.000028s ]
INFO: [ app_init ] --END-- [ RunTime:0.000673s ]
INFO: [ app_begin ] --START--
INFO: Run Behavior\ReadHtmlCacheBehavior [ RunTime:0.000989s ]
INFO: [ app_begin ] --END-- [ RunTime:0.001113s ]
INFO: [ app_end ] --START--
INFO: Run Behavior\ShowPageTraceBehavior [ RunTime:0.000838s ]
INFO: [ app_end ] --END-- [ RunTime:0.000938s ]

[ 2015-03-11T16:50:51+08:00 ] 127.0.0.1 /online.php/index/apply_b
INFO: [ app_init ] --START--
INFO: Run Behavior\BuildLiteBehavior [ RunTime:0.000017s ]
INFO: [ app_init ] --END-- [ RunTime:0.000410s ]
INFO: [ app_begin ] --START--
INFO: Run Behavior\ReadHtmlCacheBehavior [ RunTime:0.000451s ]
INFO: [ app_begin ] --END-- [ RunTime:0.000510s ]
INFO: [ view_parse ] --START--
INFO: [ template_filter ] --START--
INFO: Run Behavior\ContentReplaceBehavior [ RunTime:0.000100s ]
INFO: [ template_filter ] --END-- [ RunTime:0.000174s ]
INFO: Run Behavior\ParseTemplateBehavior [ RunTime:0.011786s ]
INFO: [ view_parse ] --END-- [ RunTime:0.011851s ]
INFO: [ view_filter ] --START--
INFO: Run Behavior\WriteHtmlCacheBehavior [ RunTime:0.000289s ]
INFO: [ view_filter ] --END-- [ RunTime:0.000339s ]
INFO: [ app_end ] --START--
INFO: Run Behavior\ShowPageTraceBehavior [ RunTime:0.000566s ]
INFO: [ app_end ] --END-- [ RunTime:0.000632s ]

[ 2015-03-11T16:51:29+08:00 ] 127.0.0.1 /online.php/index/apply_b
INFO: [ app_init ] --START--
INFO: Run Behavior\BuildLiteBehavior [ RunTime:0.000021s ]
INFO: [ app_init ] --END-- [ RunTime:0.000487s ]
INFO: [ app_begin ] --START--
INFO: Run Behavior\ReadHtmlCacheBehavior [ RunTime:0.000747s ]
INFO: [ app_begin ] --END-- [ RunTime:0.000829s ]
NOTIC: [8] Undefined index: currentuser E:\xampp\htdocs\Online\online\Controller\IndexController.class.php 第 68 行.
NOTIC: [8] Undefined index: currentuser E:\xampp\htdocs\Online\online\Controller\IndexController.class.php 第 71 行.
SQL: SHOW COLUMNS FROM `online_user` [ RunTime:0.0022s ]
SQL: SELECT * FROM `online_user` WHERE `uid` = null LIMIT 1   [ RunTime:0.0006s ]
SQL: SHOW COLUMNS FROM `online_category` [ RunTime:0.0017s ]
SQL: SELECT * FROM `online_category` WHERE ( status=1 )  [ RunTime:0.0007s ]
INFO: [ view_parse ] --START--
INFO: [ template_filter ] --START--
INFO: Run Behavior\ContentReplaceBehavior [ RunTime:0.000078s ]
INFO: [ template_filter ] --END-- [ RunTime:0.000137s ]
INFO: Run Behavior\ParseTemplateBehavior [ RunTime:0.009148s ]
INFO: [ view_parse ] --END-- [ RunTime:0.009198s ]
INFO: [ view_filter ] --START--
INFO: Run Behavior\WriteHtmlCacheBehavior [ RunTime:0.000180s ]
INFO: [ view_filter ] --END-- [ RunTime:0.000218s ]
INFO: [ app_end ] --START--
INFO: Run Behavior\ShowPageTraceBehavior [ RunTime:0.000476s ]
INFO: [ app_end ] --END-- [ RunTime:0.000519s ]

