[ 2015-03-16T08:30:48+08:00 ] 127.0.0.1 /online.php/index/calendar
INFO: [ app_init ] --START--
INFO: Run Behavior\BuildLiteBehavior [ RunTime:0.000018s ]
INFO: [ app_init ] --END-- [ RunTime:0.001070s ]
INFO: [ app_begin ] --START--
INFO: Run Behavior\ReadHtmlCacheBehavior [ RunTime:0.000789s ]
INFO: [ app_begin ] --END-- [ RunTime:0.000849s ]
SQL: SHOW COLUMNS FROM `online_user` [ RunTime:0.0062s ]
SQL: SELECT * FROM `online_user` WHERE `uid` = 1419066834 LIMIT 1   [ RunTime:0.0012s ]
SQL: SHOW COLUMNS FROM `online_calendar` [ RunTime:0.0028s ]
SQL: SELECT `id`,`day_id`,`time_id`,`status` FROM `online_calendar` WHERE ( uid=1419066834 ) ORDER BY day_id,time_id  [ RunTime:0.0006s ]
INFO: [ view_parse ] --START--
INFO: [ template_filter ] --START--
INFO: Run Behavior\ContentReplaceBehavior [ RunTime:0.000097s ]
INFO: [ template_filter ] --END-- [ RunTime:0.000194s ]
INFO: Run Behavior\ParseTemplateBehavior [ RunTime:0.048861s ]
INFO: [ view_parse ] --END-- [ RunTime:0.048973s ]
INFO: [ view_filter ] --START--
INFO: Run Behavior\WriteHtmlCacheBehavior [ RunTime:0.000833s ]
INFO: [ view_filter ] --END-- [ RunTime:0.000915s ]
INFO: [ app_end ] --START--
INFO: Run Behavior\ShowPageTraceBehavior [ RunTime:0.001203s ]
INFO: [ app_end ] --END-- [ RunTime:0.001297s ]

[ 2015-03-16T09:16:50+08:00 ] 127.0.0.1 /online.php/index/calendar
INFO: [ app_init ] --START--
INFO: Run Behavior\BuildLiteBehavior [ RunTime:0.000013s ]
INFO: [ app_init ] --END-- [ RunTime:0.000324s ]
INFO: [ app_begin ] --START--
INFO: Run Behavior\ReadHtmlCacheBehavior [ RunTime:0.000446s ]
INFO: [ app_begin ] --END-- [ RunTime:0.000498s ]
SQL: SHOW COLUMNS FROM `online_user` [ RunTime:0.0022s ]
SQL: SELECT * FROM `online_user` WHERE `uid` = 1419066834 LIMIT 1   [ RunTime:0.0005s ]
SQL: SHOW COLUMNS FROM `online_calendar` [ RunTime:0.0016s ]
SQL: SELECT `id`,`day_id`,`time_id`,`status` FROM `online_calendar` WHERE ( uid=1419066834 ) ORDER BY day_id,time_id  [ RunTime:0.0004s ]
INFO: [ view_parse ] --START--
INFO: [ template_filter ] --START--
INFO: Run Behavior\ContentReplaceBehavior [ RunTime:0.000057s ]
INFO: [ template_filter ] --END-- [ RunTime:0.000107s ]
INFO: Run Behavior\ParseTemplateBehavior [ RunTime:0.007129s ]
INFO: [ view_parse ] --END-- [ RunTime:0.007187s ]
INFO: [ view_filter ] --START--
INFO: Run Behavior\WriteHtmlCacheBehavior [ RunTime:0.000208s ]
INFO: [ view_filter ] --END-- [ RunTime:0.000248s ]
INFO: [ app_end ] --START--
INFO: Run Behavior\ShowPageTraceBehavior [ RunTime:0.000442s ]
INFO: [ app_end ] --END-- [ RunTime:0.000488s ]

[ 2015-03-16T13:53:25+08:00 ] 127.0.0.1 /online.php/index/apply_c
INFO: [ app_init ] --START--
INFO: Run Behavior\BuildLiteBehavior [ RunTime:0.000033s ]
INFO: [ app_init ] --END-- [ RunTime:0.000411s ]
INFO: [ app_begin ] --START--
INFO: Run Behavior\ReadHtmlCacheBehavior [ RunTime:0.000531s ]
INFO: [ app_begin ] --END-- [ RunTime:0.000593s ]
SQL: SHOW COLUMNS FROM `online_user` [ RunTime:0.0025s ]
SQL: SHOW COLUMNS FROM `online_category` [ RunTime:0.0019s ]
SQL: SHOW COLUMNS FROM `online_user_category` [ RunTime:0.0016s ]
SQL: SELECT * FROM `online_user` WHERE `uid` = 1419066834 LIMIT 1   [ RunTime:0.0005s ]
SQL: SELECT * FROM `online_category` WHERE ( status=1 )  [ RunTime:0.0006s ]
SQL: SELECT * FROM `online_user_category` WHERE `uid` = 1419066834  [ RunTime:0.0002s ]
NOTIC: [8] Undefined variable: choosenFatherList E:\xampp\htdocs\Online\online\Controller\IndexController.class.php 第 76 行.
NOTIC: [2] in_array() expects parameter 2 to be array, null given E:\xampp\htdocs\Online\online\Controller\IndexController.class.php 第 76 行.
INFO: [ view_parse ] --START--
INFO: [ template_filter ] --START--
INFO: Run Behavior\ContentReplaceBehavior [ RunTime:0.000133s ]
INFO: [ template_filter ] --END-- [ RunTime:0.000215s ]
NOTIC: [8] Undefined index: website E:\xampp\htdocs\Online\Runtime\Cache\online\25881bb3452f62f8a02cf9a87de42611.php 第 339 行.
NOTIC: [8] Undefined offset: 11 E:\xampp\htdocs\Online\Runtime\Cache\online\25881bb3452f62f8a02cf9a87de42611.php 第 401 行.
NOTIC: [2] Invalid argument supplied for foreach() E:\xampp\htdocs\Online\Runtime\Cache\online\25881bb3452f62f8a02cf9a87de42611.php 第 401 行.
INFO: Run Behavior\ParseTemplateBehavior [ RunTime:0.085913s ]
INFO: [ view_parse ] --END-- [ RunTime:0.085984s ]
INFO: [ view_filter ] --START--
INFO: Run Behavior\WriteHtmlCacheBehavior [ RunTime:0.000347s ]
INFO: [ view_filter ] --END-- [ RunTime:0.000410s ]
INFO: [ app_end ] --START--
INFO: Run Behavior\ShowPageTraceBehavior [ RunTime:0.000915s ]
INFO: [ app_end ] --END-- [ RunTime:0.000990s ]

[ 2015-03-16T14:05:02+08:00 ] 127.0.0.1 /online.php/index/apply_c
INFO: [ app_init ] --START--
INFO: Run Behavior\BuildLiteBehavior [ RunTime:0.000021s ]
INFO: [ app_init ] --END-- [ RunTime:0.000499s ]
INFO: [ app_begin ] --START--
INFO: Run Behavior\ReadHtmlCacheBehavior [ RunTime:0.000747s ]
INFO: [ app_begin ] --END-- [ RunTime:0.000833s ]
SQL: SHOW COLUMNS FROM `online_user` [ RunTime:0.0024s ]
SQL: SHOW COLUMNS FROM `online_category` [ RunTime:0.0018s ]
SQL: SHOW COLUMNS FROM `online_user_category` [ RunTime:0.0015s ]
SQL: SELECT * FROM `online_user` WHERE `uid` = 1419066834 LIMIT 1   [ RunTime:0.0005s ]
SQL: SELECT * FROM `online_category` WHERE ( status=1 )  [ RunTime:0.0006s ]
SQL: SELECT * FROM `online_user_category` WHERE `uid` = 1419066834  [ RunTime:0.0002s ]
NOTIC: [8] Undefined variable: choosenFatherList E:\xampp\htdocs\Online\online\Controller\IndexController.class.php 第 76 行.
NOTIC: [2] in_array() expects parameter 2 to be array, null given E:\xampp\htdocs\Online\online\Controller\IndexController.class.php 第 76 行.
INFO: [ view_parse ] --START--
INFO: [ template_filter ] --START--
INFO: Run Behavior\ContentReplaceBehavior [ RunTime:0.000091s ]
INFO: [ template_filter ] --END-- [ RunTime:0.000149s ]
NOTIC: [8] Undefined index: website E:\xampp\htdocs\Online\Runtime\Cache\online\25881bb3452f62f8a02cf9a87de42611.php 第 339 行.
NOTIC: [8] Undefined offset: 11 E:\xampp\htdocs\Online\Runtime\Cache\online\25881bb3452f62f8a02cf9a87de42611.php 第 401 行.
NOTIC: [2] Invalid argument supplied for foreach() E:\xampp\htdocs\Online\Runtime\Cache\online\25881bb3452f62f8a02cf9a87de42611.php 第 401 行.
INFO: Run Behavior\ParseTemplateBehavior [ RunTime:0.010904s ]
INFO: [ view_parse ] --END-- [ RunTime:0.010966s ]
INFO: [ view_filter ] --START--
INFO: Run Behavior\WriteHtmlCacheBehavior [ RunTime:0.000224s ]
INFO: [ view_filter ] --END-- [ RunTime:0.000266s ]
INFO: [ app_end ] --START--
INFO: Run Behavior\ShowPageTraceBehavior [ RunTime:0.000460s ]
INFO: [ app_end ] --END-- [ RunTime:0.000523s ]

[ 2015-03-16T14:16:09+08:00 ] 127.0.0.1 /online.php/index/apply_c
INFO: [ app_init ] --START--
INFO: Run Behavior\BuildLiteBehavior [ RunTime:0.000012s ]
INFO: [ app_init ] --END-- [ RunTime:0.000274s ]
INFO: [ app_begin ] --START--
INFO: Run Behavior\ReadHtmlCacheBehavior [ RunTime:0.000511s ]
INFO: [ app_begin ] --END-- [ RunTime:0.000631s ]
SQL: SHOW COLUMNS FROM `online_user` [ RunTime:0.0023s ]
SQL: SHOW COLUMNS FROM `online_category` [ RunTime:0.0016s ]
SQL: SHOW COLUMNS FROM `online_user_category` [ RunTime:0.0015s ]
SQL: SELECT * FROM `online_user` WHERE `uid` = 1419066834 LIMIT 1   [ RunTime:0.0006s ]
SQL: SELECT * FROM `online_category` WHERE ( status=1 )  [ RunTime:0.0007s ]
SQL: SELECT * FROM `online_user_category` WHERE `uid` = 1419066834  [ RunTime:0.0004s ]
NOTIC: [8] Undefined variable: choosenFatherList E:\xampp\htdocs\Online\online\Controller\IndexController.class.php 第 76 行.
NOTIC: [2] in_array() expects parameter 2 to be array, null given E:\xampp\htdocs\Online\online\Controller\IndexController.class.php 第 76 行.
INFO: [ view_parse ] --START--
INFO: [ template_filter ] --START--
INFO: Run Behavior\ContentReplaceBehavior [ RunTime:0.000101s ]
INFO: [ template_filter ] --END-- [ RunTime:0.000208s ]
NOTIC: [8] Undefined index: website E:\xampp\htdocs\Online\Runtime\Cache\online\25881bb3452f62f8a02cf9a87de42611.php 第 339 行.
NOTIC: [8] Undefined offset: 11 E:\xampp\htdocs\Online\Runtime\Cache\online\25881bb3452f62f8a02cf9a87de42611.php 第 401 行.
NOTIC: [2] Invalid argument supplied for foreach() E:\xampp\htdocs\Online\Runtime\Cache\online\25881bb3452f62f8a02cf9a87de42611.php 第 401 行.
INFO: Run Behavior\ParseTemplateBehavior [ RunTime:0.015455s ]
INFO: [ view_parse ] --END-- [ RunTime:0.015512s ]
INFO: [ view_filter ] --START--
INFO: Run Behavior\WriteHtmlCacheBehavior [ RunTime:0.000236s ]
INFO: [ view_filter ] --END-- [ RunTime:0.000289s ]
INFO: [ app_end ] --START--
INFO: Run Behavior\ShowPageTraceBehavior [ RunTime:0.000768s ]
INFO: [ app_end ] --END-- [ RunTime:0.000843s ]

[ 2015-03-16T14:16:19+08:00 ] 127.0.0.1 /online.php/index/apply_c
INFO: [ app_init ] --START--
INFO: Run Behavior\BuildLiteBehavior [ RunTime:0.000016s ]
INFO: [ app_init ] --END-- [ RunTime:0.000405s ]
INFO: [ app_begin ] --START--
INFO: Run Behavior\ReadHtmlCacheBehavior [ RunTime:0.000443s ]
INFO: [ app_begin ] --END-- [ RunTime:0.000488s ]
SQL: SHOW COLUMNS FROM `online_user` [ RunTime:0.0022s ]
SQL: SHOW COLUMNS FROM `online_category` [ RunTime:0.0016s ]
SQL: SHOW COLUMNS FROM `online_user_category` [ RunTime:0.0014s ]
SQL: SELECT * FROM `online_user` WHERE `uid` = 1419066834 LIMIT 1   [ RunTime:0.0004s ]
SQL: SELECT * FROM `online_category` WHERE ( status=1 )  [ RunTime:0.0005s ]
SQL: SELECT * FROM `online_user_category` WHERE `uid` = 1419066834  [ RunTime:0.0002s ]
NOTIC: [8] Undefined variable: choosenFatherList E:\xampp\htdocs\Online\online\Controller\IndexController.class.php 第 76 行.
NOTIC: [2] in_array() expects parameter 2 to be array, null given E:\xampp\htdocs\Online\online\Controller\IndexController.class.php 第 76 行.
INFO: [ view_parse ] --START--
INFO: [ template_filter ] --START--
INFO: Run Behavior\ContentReplaceBehavior [ RunTime:0.000100s ]
INFO: [ template_filter ] --END-- [ RunTime:0.000168s ]
NOTIC: [8] Undefined index: website E:\xampp\htdocs\Online\Runtime\Cache\online\25881bb3452f62f8a02cf9a87de42611.php 第 339 行.
NOTIC: [8] Undefined offset: 11 E:\xampp\htdocs\Online\Runtime\Cache\online\25881bb3452f62f8a02cf9a87de42611.php 第 401 行.
NOTIC: [2] Invalid argument supplied for foreach() E:\xampp\htdocs\Online\Runtime\Cache\online\25881bb3452f62f8a02cf9a87de42611.php 第 401 行.
INFO: Run Behavior\ParseTemplateBehavior [ RunTime:0.015602s ]
INFO: [ view_parse ] --END-- [ RunTime:0.015665s ]
INFO: [ view_filter ] --START--
INFO: Run Behavior\WriteHtmlCacheBehavior [ RunTime:0.000290s ]
INFO: [ view_filter ] --END-- [ RunTime:0.000345s ]
INFO: [ app_end ] --START--
INFO: Run Behavior\ShowPageTraceBehavior [ RunTime:0.000507s ]
INFO: [ app_end ] --END-- [ RunTime:0.000561s ]

[ 2015-03-16T14:16:31+08:00 ] 127.0.0.1 /online.php/index/apply_c
INFO: [ app_init ] --START--
INFO: Run Behavior\BuildLiteBehavior [ RunTime:0.000014s ]
INFO: [ app_init ] --END-- [ RunTime:0.000318s ]
INFO: [ app_begin ] --START--
INFO: Run Behavior\ReadHtmlCacheBehavior [ RunTime:0.000560s ]
INFO: [ app_begin ] --END-- [ RunTime:0.000616s ]
SQL: SHOW COLUMNS FROM `online_user` [ RunTime:0.0025s ]
SQL: SHOW COLUMNS FROM `online_category` [ RunTime:0.0033s ]
SQL: SHOW COLUMNS FROM `online_user_category` [ RunTime:0.0018s ]
SQL: SELECT * FROM `online_user` WHERE `uid` = 1419066834 LIMIT 1   [ RunTime:0.0005s ]
SQL: SELECT * FROM `online_category` WHERE ( status=1 )  [ RunTime:0.0006s ]
SQL: SELECT * FROM `online_user_category` WHERE `uid` = 1419066834  [ RunTime:0.0003s ]
NOTIC: [8] Undefined variable: choosenFatherList E:\xampp\htdocs\Online\online\Controller\IndexController.class.php 第 76 行.
NOTIC: [2] in_array() expects parameter 2 to be array, null given E:\xampp\htdocs\Online\online\Controller\IndexController.class.php 第 76 行.
INFO: [ view_parse ] --START--
INFO: [ template_filter ] --START--
INFO: Run Behavior\ContentReplaceBehavior [ RunTime:0.000100s ]
INFO: [ template_filter ] --END-- [ RunTime:0.000164s ]
NOTIC: [8] Undefined index: website E:\xampp\htdocs\Online\Runtime\Cache\online\25881bb3452f62f8a02cf9a87de42611.php 第 339 行.
NOTIC: [8] Undefined offset: 11 E:\xampp\htdocs\Online\Runtime\Cache\online\25881bb3452f62f8a02cf9a87de42611.php 第 401 行.
NOTIC: [2] Invalid argument supplied for foreach() E:\xampp\htdocs\Online\Runtime\Cache\online\25881bb3452f62f8a02cf9a87de42611.php 第 401 行.
INFO: Run Behavior\ParseTemplateBehavior [ RunTime:0.010844s ]
INFO: [ view_parse ] --END-- [ RunTime:0.010908s ]
INFO: [ view_filter ] --START--
INFO: Run Behavior\WriteHtmlCacheBehavior [ RunTime:0.000247s ]
INFO: [ view_filter ] --END-- [ RunTime:0.000287s ]
INFO: [ app_end ] --START--
INFO: Run Behavior\ShowPageTraceBehavior [ RunTime:0.000691s ]
INFO: [ app_end ] --END-- [ RunTime:0.000750s ]

[ 2015-03-16T14:17:20+08:00 ] 127.0.0.1 /online.php/index/apply_c
INFO: [ app_init ] --START--
INFO: Run Behavior\BuildLiteBehavior [ RunTime:0.000012s ]
INFO: [ app_init ] --END-- [ RunTime:0.000295s ]
INFO: [ app_begin ] --START--
INFO: Run Behavior\ReadHtmlCacheBehavior [ RunTime:0.000386s ]
INFO: [ app_begin ] --END-- [ RunTime:0.000436s ]
SQL: SHOW COLUMNS FROM `online_user` [ RunTime:0.0022s ]
SQL: SHOW COLUMNS FROM `online_category` [ RunTime:0.0017s ]
SQL: SHOW COLUMNS FROM `online_user_category` [ RunTime:0.0017s ]
SQL: SELECT * FROM `online_user` WHERE `uid` = 1419066834 LIMIT 1   [ RunTime:0.0005s ]
SQL: SELECT * FROM `online_category` WHERE ( status=1 )  [ RunTime:0.0007s ]
SQL: SELECT * FROM `online_user_category` WHERE `uid` = 1419066834  [ RunTime:0.0002s ]
NOTIC: [8] Undefined variable: choosenFatherList E:\xampp\htdocs\Online\online\Controller\IndexController.class.php 第 76 行.
NOTIC: [2] in_array() expects parameter 2 to be array, null given E:\xampp\htdocs\Online\online\Controller\IndexController.class.php 第 76 行.
INFO: [ view_parse ] --START--
INFO: [ template_filter ] --START--
INFO: Run Behavior\ContentReplaceBehavior [ RunTime:0.000098s ]
INFO: [ template_filter ] --END-- [ RunTime:0.000164s ]
NOTIC: [8] Undefined index: website E:\xampp\htdocs\Online\Runtime\Cache\online\25881bb3452f62f8a02cf9a87de42611.php 第 339 行.
INFO: Run Behavior\ParseTemplateBehavior [ RunTime:0.010673s ]
INFO: [ view_parse ] --END-- [ RunTime:0.010727s ]
INFO: [ view_filter ] --START--
INFO: Run Behavior\WriteHtmlCacheBehavior [ RunTime:0.000158s ]
INFO: [ view_filter ] --END-- [ RunTime:0.000196s ]
INFO: [ app_end ] --START--
INFO: Run Behavior\ShowPageTraceBehavior [ RunTime:0.000410s ]
INFO: [ app_end ] --END-- [ RunTime:0.000469s ]

[ 2015-03-16T15:13:35+08:00 ] 127.0.0.1 /online.php/index/apply_c
INFO: [ app_init ] --START--
INFO: Run Behavior\BuildLiteBehavior [ RunTime:0.000019s ]
INFO: [ app_init ] --END-- [ RunTime:0.000481s ]
INFO: [ app_begin ] --START--
INFO: Run Behavior\ReadHtmlCacheBehavior [ RunTime:0.000855s ]
INFO: [ app_begin ] --END-- [ RunTime:0.000944s ]
SQL: SHOW COLUMNS FROM `online_user` [ RunTime:0.0228s ]
SQL: SHOW COLUMNS FROM `online_category` [ RunTime:0.0032s ]
SQL: SHOW COLUMNS FROM `online_user_category` [ RunTime:0.0027s ]
SQL: SELECT * FROM `online_user` WHERE `uid` = 1419066834 LIMIT 1   [ RunTime:0.0007s ]
SQL: SELECT * FROM `online_category` WHERE ( status=1 )  [ RunTime:0.0010s ]
SQL: SELECT * FROM `online_user_category` WHERE `uid` = 1419066834  [ RunTime:0.0004s ]
NOTIC: [8] Undefined variable: choosenFatherList E:\xampp\htdocs\Online\online\Controller\IndexController.class.php 第 76 行.
NOTIC: [2] in_array() expects parameter 2 to be array, null given E:\xampp\htdocs\Online\online\Controller\IndexController.class.php 第 76 行.
INFO: [ view_parse ] --START--
INFO: [ template_filter ] --START--
INFO: Run Behavior\ContentReplaceBehavior [ RunTime:0.000163s ]
INFO: [ template_filter ] --END-- [ RunTime:0.000249s ]
NOTIC: [8] Undefined index: website E:\xampp\htdocs\Online\Runtime\Cache\online\25881bb3452f62f8a02cf9a87de42611.php 第 339 行.
INFO: Run Behavior\ParseTemplateBehavior [ RunTime:0.017618s ]
INFO: [ view_parse ] --END-- [ RunTime:0.017712s ]
INFO: [ view_filter ] --START--
INFO: Run Behavior\WriteHtmlCacheBehavior [ RunTime:0.000365s ]
INFO: [ view_filter ] --END-- [ RunTime:0.000435s ]
INFO: [ app_end ] --START--
INFO: Run Behavior\ShowPageTraceBehavior [ RunTime:0.000785s ]
INFO: [ app_end ] --END-- [ RunTime:0.000871s ]

[ 2015-03-16T15:13:49+08:00 ] 127.0.0.1 /online.php/index/apply_c
INFO: [ app_init ] --START--
INFO: Run Behavior\BuildLiteBehavior [ RunTime:0.000015s ]
INFO: [ app_init ] --END-- [ RunTime:0.000358s ]
INFO: [ app_begin ] --START--
INFO: Run Behavior\ReadHtmlCacheBehavior [ RunTime:0.000416s ]
INFO: [ app_begin ] --END-- [ RunTime:0.000461s ]
SQL: SHOW COLUMNS FROM `online_user` [ RunTime:0.0021s ]
SQL: SHOW COLUMNS FROM `online_category` [ RunTime:0.0015s ]
SQL: SHOW COLUMNS FROM `online_user_category` [ RunTime:0.0014s ]
SQL: SELECT * FROM `online_user` WHERE `uid` = 1419066834 LIMIT 1   [ RunTime:0.0004s ]
SQL: SELECT * FROM `online_category` WHERE ( status=1 )  [ RunTime:0.0005s ]
SQL: SELECT * FROM `online_user_category` WHERE `uid` = 1419066834  [ RunTime:0.0002s ]
NOTIC: [8] Undefined variable: choosenFatherList E:\xampp\htdocs\Online\online\Controller\IndexController.class.php 第 76 行.
NOTIC: [2] in_array() expects parameter 2 to be array, null given E:\xampp\htdocs\Online\online\Controller\IndexController.class.php 第 76 行.
INFO: [ view_parse ] --START--
INFO: [ template_filter ] --START--
INFO: Run Behavior\ContentReplaceBehavior [ RunTime:0.000089s ]
INFO: [ template_filter ] --END-- [ RunTime:0.000140s ]
NOTIC: [8] Undefined index: website E:\xampp\htdocs\Online\Runtime\Cache\online\25881bb3452f62f8a02cf9a87de42611.php 第 339 行.
INFO: Run Behavior\ParseTemplateBehavior [ RunTime:0.014140s ]
INFO: [ view_parse ] --END-- [ RunTime:0.014192s ]
INFO: [ view_filter ] --START--
INFO: Run Behavior\WriteHtmlCacheBehavior [ RunTime:0.000199s ]
INFO: [ view_filter ] --END-- [ RunTime:0.000237s ]
INFO: [ app_end ] --START--
INFO: Run Behavior\ShowPageTraceBehavior [ RunTime:0.000672s ]
INFO: [ app_end ] --END-- [ RunTime:0.000740s ]

[ 2015-03-16T15:17:13+08:00 ] 127.0.0.1 /online.php/index/apply_b
INFO: [ app_init ] --START--
INFO: Run Behavior\BuildLiteBehavior [ RunTime:0.000019s ]
INFO: [ app_init ] --END-- [ RunTime:0.000448s ]
INFO: [ app_begin ] --START--
INFO: Run Behavior\ReadHtmlCacheBehavior [ RunTime:0.000678s ]
INFO: [ app_begin ] --END-- [ RunTime:0.000750s ]
SQL: SHOW COLUMNS FROM `online_user` [ RunTime:0.0023s ]
SQL: SHOW COLUMNS FROM `online_category` [ RunTime:0.0016s ]
SQL: SHOW COLUMNS FROM `online_user_category` [ RunTime:0.0019s ]
SQL: SELECT * FROM `online_user` WHERE `uid` = 1419066834 LIMIT 1   [ RunTime:0.0005s ]
SQL: SELECT * FROM `online_category` WHERE ( status=1 )  [ RunTime:0.0007s ]
SQL: SELECT * FROM `online_user_category` WHERE `uid` = 1419066834  [ RunTime:0.0003s ]
NOTIC: [8] Undefined variable: choosenFatherList E:\xampp\htdocs\Online\online\Controller\IndexController.class.php 第 165 行.
NOTIC: [2] in_array() expects parameter 2 to be array, null given E:\xampp\htdocs\Online\online\Controller\IndexController.class.php 第 165 行.
INFO: [ view_parse ] --START--
INFO: [ template_filter ] --START--
INFO: Run Behavior\ContentReplaceBehavior [ RunTime:0.000091s ]
INFO: [ template_filter ] --END-- [ RunTime:0.000136s ]
NOTIC: [8] Undefined offset: 11 E:\xampp\htdocs\Online\Runtime\Cache\online\e9e6ee6baf06d3c9fc33861a915e6588.php 第 402 行.
NOTIC: [2] Invalid argument supplied for foreach() E:\xampp\htdocs\Online\Runtime\Cache\online\e9e6ee6baf06d3c9fc33861a915e6588.php 第 402 行.
INFO: Run Behavior\ParseTemplateBehavior [ RunTime:0.009840s ]
INFO: [ view_parse ] --END-- [ RunTime:0.009893s ]
INFO: [ view_filter ] --START--
INFO: Run Behavior\WriteHtmlCacheBehavior [ RunTime:0.000199s ]
INFO: [ view_filter ] --END-- [ RunTime:0.000237s ]
INFO: [ app_end ] --START--
INFO: Run Behavior\ShowPageTraceBehavior [ RunTime:0.000456s ]
INFO: [ app_end ] --END-- [ RunTime:0.000517s ]

[ 2015-03-16T15:17:20+08:00 ] 127.0.0.1 /online.php/index/apply_c
INFO: [ app_init ] --START--
INFO: Run Behavior\BuildLiteBehavior [ RunTime:0.000012s ]
INFO: [ app_init ] --END-- [ RunTime:0.000266s ]
INFO: [ app_begin ] --START--
INFO: Run Behavior\ReadHtmlCacheBehavior [ RunTime:0.000404s ]
INFO: [ app_begin ] --END-- [ RunTime:0.000448s ]
SQL: SHOW COLUMNS FROM `online_user` [ RunTime:0.0022s ]
SQL: SHOW COLUMNS FROM `online_category` [ RunTime:0.0016s ]
SQL: SHOW COLUMNS FROM `online_user_category` [ RunTime:0.0015s ]
SQL: SELECT * FROM `online_user` WHERE `uid` = 1419066834 LIMIT 1   [ RunTime:0.0005s ]
SQL: SELECT * FROM `online_category` WHERE ( status=1 )  [ RunTime:0.0007s ]
SQL: SELECT * FROM `online_user_category` WHERE `uid` = 1419066834  [ RunTime:0.0003s ]
NOTIC: [8] Undefined variable: choosenFatherList E:\xampp\htdocs\Online\online\Controller\IndexController.class.php 第 76 行.
NOTIC: [2] in_array() expects parameter 2 to be array, null given E:\xampp\htdocs\Online\online\Controller\IndexController.class.php 第 76 行.
INFO: [ view_parse ] --START--
INFO: [ template_filter ] --START--
INFO: Run Behavior\ContentReplaceBehavior [ RunTime:0.000091s ]
INFO: [ template_filter ] --END-- [ RunTime:0.000139s ]
NOTIC: [8] Undefined index: website E:\xampp\htdocs\Online\Runtime\Cache\online\25881bb3452f62f8a02cf9a87de42611.php 第 339 行.
INFO: Run Behavior\ParseTemplateBehavior [ RunTime:0.009907s ]
INFO: [ view_parse ] --END-- [ RunTime:0.009959s ]
INFO: [ view_filter ] --START--
INFO: Run Behavior\WriteHtmlCacheBehavior [ RunTime:0.000202s ]
INFO: [ view_filter ] --END-- [ RunTime:0.000240s ]
INFO: [ app_end ] --START--
INFO: Run Behavior\ShowPageTraceBehavior [ RunTime:0.000677s ]
INFO: [ app_end ] --END-- [ RunTime:0.000727s ]

[ 2015-03-16T15:17:27+08:00 ] 127.0.0.1 /online.php/index/apply_b
INFO: [ app_init ] --START--
INFO: Run Behavior\BuildLiteBehavior [ RunTime:0.000017s ]
INFO: [ app_init ] --END-- [ RunTime:0.000486s ]
INFO: [ app_begin ] --START--
INFO: Run Behavior\ReadHtmlCacheBehavior [ RunTime:0.000648s ]
INFO: [ app_begin ] --END-- [ RunTime:0.000718s ]
SQL: SHOW COLUMNS FROM `online_user` [ RunTime:0.0024s ]
SQL: SHOW COLUMNS FROM `online_category` [ RunTime:0.0016s ]
SQL: SHOW COLUMNS FROM `online_user_category` [ RunTime:0.0016s ]
SQL: SELECT * FROM `online_user` WHERE `uid` = 1419066834 LIMIT 1   [ RunTime:0.0004s ]
SQL: SELECT * FROM `online_category` WHERE ( status=1 )  [ RunTime:0.0005s ]
SQL: SELECT * FROM `online_user_category` WHERE `uid` = 1419066834  [ RunTime:0.0003s ]
NOTIC: [8] Undefined variable: choosenFatherList E:\xampp\htdocs\Online\online\Controller\IndexController.class.php 第 165 行.
NOTIC: [2] in_array() expects parameter 2 to be array, null given E:\xampp\htdocs\Online\online\Controller\IndexController.class.php 第 165 行.
INFO: [ view_parse ] --START--
INFO: [ template_filter ] --START--
INFO: Run Behavior\ContentReplaceBehavior [ RunTime:0.000090s ]
INFO: [ template_filter ] --END-- [ RunTime:0.000142s ]
NOTIC: [8] Undefined offset: 11 E:\xampp\htdocs\Online\Runtime\Cache\online\e9e6ee6baf06d3c9fc33861a915e6588.php 第 402 行.
NOTIC: [2] Invalid argument supplied for foreach() E:\xampp\htdocs\Online\Runtime\Cache\online\e9e6ee6baf06d3c9fc33861a915e6588.php 第 402 行.
INFO: Run Behavior\ParseTemplateBehavior [ RunTime:0.014040s ]
INFO: [ view_parse ] --END-- [ RunTime:0.014094s ]
INFO: [ view_filter ] --START--
INFO: Run Behavior\WriteHtmlCacheBehavior [ RunTime:0.000206s ]
INFO: [ view_filter ] --END-- [ RunTime:0.000244s ]
INFO: [ app_end ] --START--
INFO: Run Behavior\ShowPageTraceBehavior [ RunTime:0.000454s ]
INFO: [ app_end ] --END-- [ RunTime:0.000504s ]

[ 2015-03-16T15:17:37+08:00 ] 127.0.0.1 /online.php/index/apply_c
INFO: [ app_init ] --START--
INFO: Run Behavior\BuildLiteBehavior [ RunTime:0.000011s ]
INFO: [ app_init ] --END-- [ RunTime:0.000246s ]
INFO: [ app_begin ] --START--
INFO: Run Behavior\ReadHtmlCacheBehavior [ RunTime:0.000362s ]
INFO: [ app_begin ] --END-- [ RunTime:0.000404s ]
SQL: SHOW COLUMNS FROM `online_user` [ RunTime:0.0026s ]
SQL: SHOW COLUMNS FROM `online_category` [ RunTime:0.0019s ]
SQL: SHOW COLUMNS FROM `online_user_category` [ RunTime:0.0019s ]
SQL: SELECT * FROM `online_user` WHERE `uid` = 1419066834 LIMIT 1   [ RunTime:0.0005s ]
SQL: SELECT * FROM `online_category` WHERE ( status=1 )  [ RunTime:0.0007s ]
SQL: SELECT * FROM `online_user_category` WHERE `uid` = 1419066834  [ RunTime:0.0002s ]
NOTIC: [8] Undefined variable: choosenFatherList E:\xampp\htdocs\Online\online\Controller\IndexController.class.php 第 76 行.
NOTIC: [2] in_array() expects parameter 2 to be array, null given E:\xampp\htdocs\Online\online\Controller\IndexController.class.php 第 76 行.
INFO: [ view_parse ] --START--
INFO: [ template_filter ] --START--
INFO: Run Behavior\ContentReplaceBehavior [ RunTime:0.000097s ]
INFO: [ template_filter ] --END-- [ RunTime:0.000165s ]
NOTIC: [8] Undefined index: website E:\xampp\htdocs\Online\Runtime\Cache\online\25881bb3452f62f8a02cf9a87de42611.php 第 339 行.
INFO: Run Behavior\ParseTemplateBehavior [ RunTime:0.011057s ]
INFO: [ view_parse ] --END-- [ RunTime:0.011119s ]
INFO: [ view_filter ] --START--
INFO: Run Behavior\WriteHtmlCacheBehavior [ RunTime:0.000180s ]
INFO: [ view_filter ] --END-- [ RunTime:0.000220s ]
INFO: [ app_end ] --START--
INFO: Run Behavior\ShowPageTraceBehavior [ RunTime:0.000399s ]
INFO: [ app_end ] --END-- [ RunTime:0.000442s ]

[ 2015-03-16T15:26:48+08:00 ] 127.0.0.1 /online.php/index/apply_c
INFO: [ app_init ] --START--
INFO: Run Behavior\BuildLiteBehavior [ RunTime:0.000016s ]
INFO: [ app_init ] --END-- [ RunTime:0.000393s ]
INFO: [ app_begin ] --START--
INFO: Run Behavior\ReadHtmlCacheBehavior [ RunTime:0.000599s ]
INFO: [ app_begin ] --END-- [ RunTime:0.000664s ]
SQL: SHOW COLUMNS FROM `online_user` [ RunTime:0.0029s ]
SQL: SHOW COLUMNS FROM `online_category` [ RunTime:0.0022s ]
SQL: SHOW COLUMNS FROM `online_user_category` [ RunTime:0.0016s ]
SQL: SELECT * FROM `online_user` WHERE `uid` = 1419066834 LIMIT 1   [ RunTime:0.0005s ]
SQL: SELECT * FROM `online_category` WHERE ( status=1 )  [ RunTime:0.0006s ]
SQL: SELECT * FROM `online_user_category` WHERE `uid` = 1419066834  [ RunTime:0.0002s ]
NOTIC: [8] Undefined variable: choosenFatherList E:\xampp\htdocs\Online\online\Controller\IndexController.class.php 第 76 行.
NOTIC: [2] in_array() expects parameter 2 to be array, null given E:\xampp\htdocs\Online\online\Controller\IndexController.class.php 第 76 行.
INFO: [ view_parse ] --START--
INFO: [ template_filter ] --START--
INFO: Run Behavior\ContentReplaceBehavior [ RunTime:0.000116s ]
INFO: [ template_filter ] --END-- [ RunTime:0.000168s ]
NOTIC: [8] Undefined index: website E:\xampp\htdocs\Online\Runtime\Cache\online\25881bb3452f62f8a02cf9a87de42611.php 第 339 行.
INFO: Run Behavior\ParseTemplateBehavior [ RunTime:0.009835s ]
INFO: [ view_parse ] --END-- [ RunTime:0.009891s ]
INFO: [ view_filter ] --START--
INFO: Run Behavior\WriteHtmlCacheBehavior [ RunTime:0.000228s ]
INFO: [ view_filter ] --END-- [ RunTime:0.000266s ]
INFO: [ app_end ] --START--
INFO: Run Behavior\ShowPageTraceBehavior [ RunTime:0.000773s ]
INFO: [ app_end ] --END-- [ RunTime:0.000873s ]

[ 2015-03-16T15:26:51+08:00 ] 127.0.0.1 /online.php/index/apply_b
INFO: [ app_init ] --START--
INFO: Run Behavior\BuildLiteBehavior [ RunTime:0.000016s ]
INFO: [ app_init ] --END-- [ RunTime:0.000369s ]
INFO: [ app_begin ] --START--
INFO: Run Behavior\ReadHtmlCacheBehavior [ RunTime:0.000515s ]
INFO: [ app_begin ] --END-- [ RunTime:0.000579s ]
SQL: SHOW COLUMNS FROM `online_user` [ RunTime:0.0026s ]
SQL: SHOW COLUMNS FROM `online_category` [ RunTime:0.0016s ]
SQL: SHOW COLUMNS FROM `online_user_category` [ RunTime:0.0014s ]
SQL: SELECT * FROM `online_user` WHERE `uid` = 1419066834 LIMIT 1   [ RunTime:0.0004s ]
SQL: SELECT * FROM `online_category` WHERE ( status=1 )  [ RunTime:0.0005s ]
SQL: SELECT * FROM `online_user_category` WHERE `uid` = 1419066834  [ RunTime:0.0002s ]
NOTIC: [8] Undefined variable: choosenFatherList E:\xampp\htdocs\Online\online\Controller\IndexController.class.php 第 165 行.
NOTIC: [2] in_array() expects parameter 2 to be array, null given E:\xampp\htdocs\Online\online\Controller\IndexController.class.php 第 165 行.
INFO: [ view_parse ] --START--
INFO: [ template_filter ] --START--
INFO: Run Behavior\ContentReplaceBehavior [ RunTime:0.000094s ]
INFO: [ template_filter ] --END-- [ RunTime:0.000145s ]
NOTIC: [8] Undefined offset: 11 E:\xampp\htdocs\Online\Runtime\Cache\online\e9e6ee6baf06d3c9fc33861a915e6588.php 第 402 行.
NOTIC: [2] Invalid argument supplied for foreach() E:\xampp\htdocs\Online\Runtime\Cache\online\e9e6ee6baf06d3c9fc33861a915e6588.php 第 402 行.
INFO: Run Behavior\ParseTemplateBehavior [ RunTime:0.009767s ]
INFO: [ view_parse ] --END-- [ RunTime:0.009822s ]
INFO: [ view_filter ] --START--
INFO: Run Behavior\WriteHtmlCacheBehavior [ RunTime:0.000149s ]
INFO: [ view_filter ] --END-- [ RunTime:0.000186s ]
INFO: [ app_end ] --START--
INFO: Run Behavior\ShowPageTraceBehavior [ RunTime:0.000423s ]
INFO: [ app_end ] --END-- [ RunTime:0.000484s ]

[ 2015-03-16T15:26:53+08:00 ] 127.0.0.1 /online.php/index/apply_c
INFO: [ app_init ] --START--
INFO: Run Behavior\BuildLiteBehavior [ RunTime:0.000018s ]
INFO: [ app_init ] --END-- [ RunTime:0.000377s ]
INFO: [ app_begin ] --START--
INFO: Run Behavior\ReadHtmlCacheBehavior [ RunTime:0.000521s ]
INFO: [ app_begin ] --END-- [ RunTime:0.000587s ]
SQL: SHOW COLUMNS FROM `online_user` [ RunTime:0.0023s ]
SQL: SHOW COLUMNS FROM `online_category` [ RunTime:0.0015s ]
SQL: SHOW COLUMNS FROM `online_user_category` [ RunTime:0.0015s ]
SQL: SELECT * FROM `online_user` WHERE `uid` = 1419066834 LIMIT 1   [ RunTime:0.0004s ]
SQL: SELECT * FROM `online_category` WHERE ( status=1 )  [ RunTime:0.0005s ]
SQL: SELECT * FROM `online_user_category` WHERE `uid` = 1419066834  [ RunTime:0.0004s ]
NOTIC: [8] Undefined variable: choosenFatherList E:\xampp\htdocs\Online\online\Controller\IndexController.class.php 第 76 行.
NOTIC: [2] in_array() expects parameter 2 to be array, null given E:\xampp\htdocs\Online\online\Controller\IndexController.class.php 第 76 行.
INFO: [ view_parse ] --START--
INFO: [ template_filter ] --START--
INFO: Run Behavior\ContentReplaceBehavior [ RunTime:0.000094s ]
INFO: [ template_filter ] --END-- [ RunTime:0.000151s ]
NOTIC: [8] Undefined index: website E:\xampp\htdocs\Online\Runtime\Cache\online\25881bb3452f62f8a02cf9a87de42611.php 第 339 行.
INFO: Run Behavior\ParseTemplateBehavior [ RunTime:0.010181s ]
INFO: [ view_parse ] --END-- [ RunTime:0.010246s ]
INFO: [ view_filter ] --START--
INFO: Run Behavior\WriteHtmlCacheBehavior [ RunTime:0.000158s ]
INFO: [ view_filter ] --END-- [ RunTime:0.000205s ]
INFO: [ app_end ] --START--
INFO: Run Behavior\ShowPageTraceBehavior [ RunTime:0.000417s ]
INFO: [ app_end ] --END-- [ RunTime:0.000474s ]

[ 2015-03-16T15:27:04+08:00 ] 127.0.0.1 /online.php/index/apply_c
INFO: [ app_init ] --START--
INFO: Run Behavior\BuildLiteBehavior [ RunTime:0.000014s ]
INFO: [ app_init ] --END-- [ RunTime:0.000297s ]
INFO: [ app_begin ] --START--
INFO: Run Behavior\ReadHtmlCacheBehavior [ RunTime:0.000414s ]
INFO: [ app_begin ] --END-- [ RunTime:0.000465s ]
SQL: SHOW COLUMNS FROM `online_user` [ RunTime:0.0032s ]
SQL: SHOW COLUMNS FROM `online_category` [ RunTime:0.0020s ]
SQL: SHOW COLUMNS FROM `online_user_category` [ RunTime:0.0017s ]
SQL: SELECT * FROM `online_user` WHERE `uid` = 1419066834 LIMIT 1   [ RunTime:0.0005s ]
SQL: SELECT * FROM `online_category` WHERE ( status=1 )  [ RunTime:0.0007s ]
SQL: SELECT * FROM `online_user_category` WHERE `uid` = 1419066834  [ RunTime:0.0003s ]
NOTIC: [8] Undefined variable: choosenFatherList E:\xampp\htdocs\Online\online\Controller\IndexController.class.php 第 76 行.
NOTIC: [2] in_array() expects parameter 2 to be array, null given E:\xampp\htdocs\Online\online\Controller\IndexController.class.php 第 76 行.
INFO: [ view_parse ] --START--
INFO: [ template_filter ] --START--
INFO: Run Behavior\ContentReplaceBehavior [ RunTime:0.000097s ]
INFO: [ template_filter ] --END-- [ RunTime:0.000159s ]
NOTIC: [8] Undefined index: website E:\xampp\htdocs\Online\Runtime\Cache\online\25881bb3452f62f8a02cf9a87de42611.php 第 339 行.
INFO: Run Behavior\ParseTemplateBehavior [ RunTime:0.012077s ]
INFO: [ view_parse ] --END-- [ RunTime:0.012138s ]
INFO: [ view_filter ] --START--
INFO: Run Behavior\WriteHtmlCacheBehavior [ RunTime:0.000160s ]
INFO: [ view_filter ] --END-- [ RunTime:0.000197s ]
INFO: [ app_end ] --START--
INFO: Run Behavior\ShowPageTraceBehavior [ RunTime:0.000620s ]
INFO: [ app_end ] --END-- [ RunTime:0.000669s ]

[ 2015-03-16T15:52:21+08:00 ] 127.0.0.1 /online.php/index/apply_c
INFO: [ app_init ] --START--
INFO: Run Behavior\BuildLiteBehavior [ RunTime:0.000030s ]
INFO: [ app_init ] --END-- [ RunTime:0.000728s ]
INFO: [ app_begin ] --START--
INFO: Run Behavior\ReadHtmlCacheBehavior [ RunTime:0.001160s ]
INFO: [ app_begin ] --END-- [ RunTime:0.001560s ]
SQL: SHOW COLUMNS FROM `online_user` [ RunTime:0.0025s ]
SQL: SHOW COLUMNS FROM `online_category` [ RunTime:0.0017s ]
SQL: SHOW COLUMNS FROM `online_user_category` [ RunTime:0.0015s ]
SQL: SELECT * FROM `online_user` WHERE `uid` = 1419066834 LIMIT 1   [ RunTime:0.0005s ]
SQL: SELECT * FROM `online_category` WHERE ( status=1 )  [ RunTime:0.0006s ]
SQL: SELECT * FROM `online_user_category` WHERE `uid` = 1419066834  [ RunTime:0.0002s ]
NOTIC: [8] Undefined variable: choosenFatherList E:\xampp\htdocs\Online\online\Controller\IndexController.class.php 第 76 行.
NOTIC: [2] in_array() expects parameter 2 to be array, null given E:\xampp\htdocs\Online\online\Controller\IndexController.class.php 第 76 行.
INFO: [ view_parse ] --START--
INFO: [ template_filter ] --START--
INFO: Run Behavior\ContentReplaceBehavior [ RunTime:0.000091s ]
INFO: [ template_filter ] --END-- [ RunTime:0.000158s ]
NOTIC: [8] Undefined index: website E:\xampp\htdocs\Online\Runtime\Cache\online\25881bb3452f62f8a02cf9a87de42611.php 第 339 行.
INFO: Run Behavior\ParseTemplateBehavior [ RunTime:0.010212s ]
INFO: [ view_parse ] --END-- [ RunTime:0.010264s ]
INFO: [ view_filter ] --START--
INFO: Run Behavior\WriteHtmlCacheBehavior [ RunTime:0.000209s ]
INFO: [ view_filter ] --END-- [ RunTime:0.000257s ]
INFO: [ app_end ] --START--
INFO: Run Behavior\ShowPageTraceBehavior [ RunTime:0.000455s ]
INFO: [ app_end ] --END-- [ RunTime:0.000518s ]

[ 2015-03-16T15:54:45+08:00 ] 127.0.0.1 /online.php/index/apply_c
INFO: [ app_init ] --START--
INFO: Run Behavior\BuildLiteBehavior [ RunTime:0.000013s ]
INFO: [ app_init ] --END-- [ RunTime:0.000279s ]
INFO: [ app_begin ] --START--
INFO: Run Behavior\ReadHtmlCacheBehavior [ RunTime:0.000410s ]
INFO: [ app_begin ] --END-- [ RunTime:0.000454s ]
SQL: SHOW COLUMNS FROM `online_user` [ RunTime:0.0023s ]
SQL: SHOW COLUMNS FROM `online_category` [ RunTime:0.0017s ]
SQL: SHOW COLUMNS FROM `online_user_category` [ RunTime:0.0016s ]
SQL: SELECT * FROM `online_user` WHERE `uid` = 1419066834 LIMIT 1   [ RunTime:0.0005s ]
SQL: SELECT * FROM `online_category` WHERE ( status=1 )  [ RunTime:0.0006s ]
SQL: SELECT * FROM `online_user_category` WHERE `uid` = 1419066834  [ RunTime:0.0002s ]
NOTIC: [8] Undefined variable: choosenFatherList E:\xampp\htdocs\Online\online\Controller\IndexController.class.php 第 76 行.
NOTIC: [2] in_array() expects parameter 2 to be array, null given E:\xampp\htdocs\Online\online\Controller\IndexController.class.php 第 76 行.
INFO: [ view_parse ] --START--
INFO: [ template_filter ] --START--
INFO: Run Behavior\ContentReplaceBehavior [ RunTime:0.000090s ]
INFO: [ template_filter ] --END-- [ RunTime:0.000138s ]
NOTIC: [8] Undefined index: website E:\xampp\htdocs\Online\Runtime\Cache\online\25881bb3452f62f8a02cf9a87de42611.php 第 339 行.
INFO: Run Behavior\ParseTemplateBehavior [ RunTime:0.009976s ]
INFO: [ view_parse ] --END-- [ RunTime:0.010030s ]
INFO: [ view_filter ] --START--
INFO: Run Behavior\WriteHtmlCacheBehavior [ RunTime:0.000200s ]
INFO: [ view_filter ] --END-- [ RunTime:0.000238s ]
INFO: [ app_end ] --START--
INFO: Run Behavior\ShowPageTraceBehavior [ RunTime:0.000641s ]
INFO: [ app_end ] --END-- [ RunTime:0.000711s ]

[ 2015-03-16T15:56:44+08:00 ] 127.0.0.1 /online.php/index/apply_c
INFO: [ app_init ] --START--
INFO: Run Behavior\BuildLiteBehavior [ RunTime:0.000017s ]
INFO: [ app_init ] --END-- [ RunTime:0.000412s ]
INFO: [ app_begin ] --START--
INFO: Run Behavior\ReadHtmlCacheBehavior [ RunTime:0.000619s ]
INFO: [ app_begin ] --END-- [ RunTime:0.000686s ]
SQL: SHOW COLUMNS FROM `online_user` [ RunTime:0.0022s ]
SQL: SHOW COLUMNS FROM `online_category` [ RunTime:0.0017s ]
SQL: SHOW COLUMNS FROM `online_user_category` [ RunTime:0.0018s ]
SQL: SELECT * FROM `online_user` WHERE `uid` = 1419066834 LIMIT 1   [ RunTime:0.0005s ]
SQL: SELECT * FROM `online_category` WHERE ( status=1 )  [ RunTime:0.0006s ]
SQL: SELECT * FROM `online_user_category` WHERE `uid` = 1419066834  [ RunTime:0.0002s ]
NOTIC: [8] Undefined variable: choosenFatherList E:\xampp\htdocs\Online\online\Controller\IndexController.class.php 第 76 行.
NOTIC: [2] in_array() expects parameter 2 to be array, null given E:\xampp\htdocs\Online\online\Controller\IndexController.class.php 第 76 行.
INFO: [ view_parse ] --START--
INFO: [ template_filter ] --START--
INFO: Run Behavior\ContentReplaceBehavior [ RunTime:0.000089s ]
INFO: [ template_filter ] --END-- [ RunTime:0.000135s ]
NOTIC: [8] Undefined index: website E:\xampp\htdocs\Online\Runtime\Cache\online\25881bb3452f62f8a02cf9a87de42611.php 第 353 行.
INFO: Run Behavior\ParseTemplateBehavior [ RunTime:0.010088s ]
INFO: [ view_parse ] --END-- [ RunTime:0.010142s ]
INFO: [ view_filter ] --START--
INFO: Run Behavior\WriteHtmlCacheBehavior [ RunTime:0.000196s ]
INFO: [ view_filter ] --END-- [ RunTime:0.000234s ]
INFO: [ app_end ] --START--
INFO: Run Behavior\ShowPageTraceBehavior [ RunTime:0.000612s ]
INFO: [ app_end ] --END-- [ RunTime:0.000658s ]

[ 2015-03-16T15:59:37+08:00 ] 127.0.0.1 /online.php/index/apply_c
INFO: [ app_init ] --START--
INFO: Run Behavior\BuildLiteBehavior [ RunTime:0.000015s ]
INFO: [ app_init ] --END-- [ RunTime:0.000375s ]
INFO: [ app_begin ] --START--
INFO: Run Behavior\ReadHtmlCacheBehavior [ RunTime:0.000582s ]
INFO: [ app_begin ] --END-- [ RunTime:0.000645s ]
SQL: SHOW COLUMNS FROM `online_user` [ RunTime:0.0027s ]
SQL: SHOW COLUMNS FROM `online_category` [ RunTime:0.0019s ]
SQL: SHOW COLUMNS FROM `online_user_category` [ RunTime:0.0019s ]
SQL: SELECT * FROM `online_user` WHERE `uid` = 1419066834 LIMIT 1   [ RunTime:0.0005s ]
SQL: SELECT * FROM `online_category` WHERE ( status=1 )  [ RunTime:0.0007s ]
SQL: SELECT * FROM `online_user_category` WHERE `uid` = 1419066834  [ RunTime:0.0004s ]
NOTIC: [8] Undefined variable: choosenFatherList E:\xampp\htdocs\Online\online\Controller\IndexController.class.php 第 76 行.
NOTIC: [2] in_array() expects parameter 2 to be array, null given E:\xampp\htdocs\Online\online\Controller\IndexController.class.php 第 76 行.
INFO: [ view_parse ] --START--
INFO: [ template_filter ] --START--
INFO: Run Behavior\ContentReplaceBehavior [ RunTime:0.000091s ]
INFO: [ template_filter ] --END-- [ RunTime:0.000142s ]
NOTIC: [8] Undefined index: website E:\xampp\htdocs\Online\Runtime\Cache\online\25881bb3452f62f8a02cf9a87de42611.php 第 353 行.
INFO: Run Behavior\ParseTemplateBehavior [ RunTime:0.010138s ]
INFO: [ view_parse ] --END-- [ RunTime:0.010195s ]
INFO: [ view_filter ] --START--
INFO: Run Behavior\WriteHtmlCacheBehavior [ RunTime:0.000203s ]
INFO: [ view_filter ] --END-- [ RunTime:0.000241s ]
INFO: [ app_end ] --START--
INFO: Run Behavior\ShowPageTraceBehavior [ RunTime:0.001557s ]
INFO: [ app_end ] --END-- [ RunTime:0.001661s ]

[ 2015-03-16T16:06:36+08:00 ] 127.0.0.1 /online.php/index/apply_c
INFO: [ app_init ] --START--
INFO: Run Behavior\BuildLiteBehavior [ RunTime:0.000031s ]
INFO: [ app_init ] --END-- [ RunTime:0.000742s ]
INFO: [ app_begin ] --START--
INFO: Run Behavior\ReadHtmlCacheBehavior [ RunTime:0.000502s ]
INFO: [ app_begin ] --END-- [ RunTime:0.000558s ]
NOTIC: [8] Undefined index: currentuser E:\xampp\htdocs\Online\online\Controller\IndexController.class.php 第 13 行.

[ 2015-03-16T16:06:36+08:00 ] 127.0.0.1 /online.php/localhost/Keji/User/Login
INFO: [ app_init ] --START--
INFO: Run Behavior\BuildLiteBehavior [ RunTime:0.000014s ]
INFO: [ app_init ] --END-- [ RunTime:0.000301s ]
INFO: [ app_begin ] --START--
INFO: Run Behavior\ReadHtmlCacheBehavior [ RunTime:0.000414s ]
INFO: [ app_begin ] --END-- [ RunTime:0.000466s ]
ERR: 无法加载控制器:Localhost

[ 2015-03-16T16:06:53+08:00 ] 127.0.0.1 /online.php/localhost/Keji/User/Login
INFO: [ app_init ] --START--
INFO: Run Behavior\BuildLiteBehavior [ RunTime:0.000013s ]
INFO: [ app_init ] --END-- [ RunTime:0.000285s ]
INFO: [ app_begin ] --START--
INFO: Run Behavior\ReadHtmlCacheBehavior [ RunTime:0.000648s ]
INFO: [ app_begin ] --END-- [ RunTime:0.000725s ]
ERR: 无法加载控制器:Localhost

[ 2015-03-16T16:06:56+08:00 ] 127.0.0.1 /online.php/localhost/Keji/User/Login
INFO: [ app_init ] --START--
INFO: Run Behavior\BuildLiteBehavior [ RunTime:0.000012s ]
INFO: [ app_init ] --END-- [ RunTime:0.000256s ]
INFO: [ app_begin ] --START--
INFO: Run Behavior\ReadHtmlCacheBehavior [ RunTime:0.000347s ]
INFO: [ app_begin ] --END-- [ RunTime:0.000391s ]
ERR: 无法加载控制器:Localhost

[ 2015-03-16T16:06:57+08:00 ] 127.0.0.1 /online.php/localhost/Keji/User/Login
INFO: [ app_init ] --START--
INFO: Run Behavior\BuildLiteBehavior [ RunTime:0.000029s ]
INFO: [ app_init ] --END-- [ RunTime:0.000677s ]
INFO: [ app_begin ] --START--
INFO: Run Behavior\ReadHtmlCacheBehavior [ RunTime:0.000426s ]
INFO: [ app_begin ] --END-- [ RunTime:0.000479s ]
ERR: 无法加载控制器:Localhost

[ 2015-03-16T16:06:57+08:00 ] 127.0.0.1 /online.php/localhost/Keji/User/Login
INFO: [ app_init ] --START--
INFO: Run Behavior\BuildLiteBehavior [ RunTime:0.000029s ]
INFO: [ app_init ] --END-- [ RunTime:0.000505s ]
INFO: [ app_begin ] --START--
INFO: Run Behavior\ReadHtmlCacheBehavior [ RunTime:0.000691s ]
INFO: [ app_begin ] --END-- [ RunTime:0.000786s ]
ERR: 无法加载控制器:Localhost

[ 2015-03-16T16:06:58+08:00 ] 127.0.0.1 /online.php/localhost/Keji/User/Login
INFO: [ app_init ] --START--
INFO: Run Behavior\BuildLiteBehavior [ RunTime:0.000018s ]
INFO: [ app_init ] --END-- [ RunTime:0.000286s ]
INFO: [ app_begin ] --START--
INFO: Run Behavior\ReadHtmlCacheBehavior [ RunTime:0.000364s ]
INFO: [ app_begin ] --END-- [ RunTime:0.000409s ]
ERR: 无法加载控制器:Localhost

[ 2015-03-16T16:06:59+08:00 ] 127.0.0.1 /online.php/localhost/Keji/User/Login
INFO: [ app_init ] --START--
INFO: Run Behavior\BuildLiteBehavior [ RunTime:0.000018s ]
INFO: [ app_init ] --END-- [ RunTime:0.000405s ]
INFO: [ app_begin ] --START--
INFO: Run Behavior\ReadHtmlCacheBehavior [ RunTime:0.000604s ]
INFO: [ app_begin ] --END-- [ RunTime:0.000680s ]
ERR: 无法加载控制器:Localhost

[ 2015-03-16T16:06:59+08:00 ] 127.0.0.1 /online.php/localhost/Keji/User/Login
INFO: [ app_init ] --START--
INFO: Run Behavior\BuildLiteBehavior [ RunTime:0.000025s ]
INFO: [ app_init ] --END-- [ RunTime:0.000571s ]
INFO: [ app_begin ] --START--
INFO: Run Behavior\ReadHtmlCacheBehavior [ RunTime:0.000893s ]
INFO: [ app_begin ] --END-- [ RunTime:0.001002s ]
ERR: 无法加载控制器:Localhost

[ 2015-03-16T16:06:59+08:00 ] 127.0.0.1 /online.php/localhost/Keji/User/Login
INFO: [ app_init ] --START--
INFO: Run Behavior\BuildLiteBehavior [ RunTime:0.000019s ]
INFO: [ app_init ] --END-- [ RunTime:0.000525s ]
INFO: [ app_begin ] --START--
INFO: Run Behavior\ReadHtmlCacheBehavior [ RunTime:0.000515s ]
INFO: [ app_begin ] --END-- [ RunTime:0.000581s ]
ERR: 无法加载控制器:Localhost

[ 2015-03-16T16:06:59+08:00 ] 127.0.0.1 /online.php/localhost/Keji/User/Login
INFO: [ app_init ] --START--
INFO: Run Behavior\BuildLiteBehavior [ RunTime:0.000035s ]
INFO: [ app_init ] --END-- [ RunTime:0.000696s ]
INFO: [ app_begin ] --START--
INFO: Run Behavior\ReadHtmlCacheBehavior [ RunTime:0.000985s ]
INFO: [ app_begin ] --END-- [ RunTime:0.001104s ]
ERR: 无法加载控制器:Localhost

[ 2015-03-16T16:06:59+08:00 ] 127.0.0.1 /online.php/localhost/Keji/User/Login
INFO: [ app_init ] --START--
INFO: Run Behavior\BuildLiteBehavior [ RunTime:0.000027s ]
INFO: [ app_init ] --END-- [ RunTime:0.000668s ]
INFO: [ app_begin ] --START--
INFO: Run Behavior\ReadHtmlCacheBehavior [ RunTime:0.000577s ]
INFO: [ app_begin ] --END-- [ RunTime:0.000653s ]
ERR: 无法加载控制器:Localhost

[ 2015-03-16T16:07:00+08:00 ] 127.0.0.1 /online.php/localhost/Keji/User/Login
INFO: [ app_init ] --START--
INFO: Run Behavior\BuildLiteBehavior [ RunTime:0.000012s ]
INFO: [ app_init ] --END-- [ RunTime:0.000246s ]
INFO: [ app_begin ] --START--
INFO: Run Behavior\ReadHtmlCacheBehavior [ RunTime:0.000334s ]
INFO: [ app_begin ] --END-- [ RunTime:0.000377s ]
ERR: 无法加载控制器:Localhost

[ 2015-03-16T16:07:00+08:00 ] 127.0.0.1 /online.php/localhost/Keji/User/Login
INFO: [ app_init ] --START--
INFO: Run Behavior\BuildLiteBehavior [ RunTime:0.000017s ]
INFO: [ app_init ] --END-- [ RunTime:0.000402s ]
INFO: [ app_begin ] --START--
INFO: Run Behavior\ReadHtmlCacheBehavior [ RunTime:0.000491s ]
INFO: [ app_begin ] --END-- [ RunTime:0.000553s ]
ERR: 无法加载控制器:Localhost

[ 2015-03-16T16:07:49+08:00 ] 127.0.0.1 /online.php/index/apply_c
INFO: [ app_init ] --START--
INFO: Run Behavior\BuildLiteBehavior [ RunTime:0.000013s ]
INFO: [ app_init ] --END-- [ RunTime:0.000258s ]
INFO: [ app_begin ] --START--
INFO: Run Behavior\ReadHtmlCacheBehavior [ RunTime:0.000354s ]
INFO: [ app_begin ] --END-- [ RunTime:0.000400s ]
SQL: SHOW COLUMNS FROM `online_user` [ RunTime:0.0021s ]
SQL: SHOW COLUMNS FROM `online_category` [ RunTime:0.0016s ]
SQL: SHOW COLUMNS FROM `online_user_category` [ RunTime:0.0017s ]
SQL: SELECT * FROM `online_user` WHERE `uid` = 1419066834 LIMIT 1   [ RunTime:0.0006s ]
SQL: SELECT * FROM `online_category` WHERE ( status=1 )  [ RunTime:0.0007s ]
SQL: SELECT * FROM `online_user_category` WHERE `uid` = 1419066834  [ RunTime:0.0002s ]
NOTIC: [8] Undefined variable: choosenFatherList E:\xampp\htdocs\Online\online\Controller\IndexController.class.php 第 76 行.
NOTIC: [2] in_array() expects parameter 2 to be array, null given E:\xampp\htdocs\Online\online\Controller\IndexController.class.php 第 76 行.
INFO: [ view_parse ] --START--
INFO: [ template_filter ] --START--
INFO: Run Behavior\ContentReplaceBehavior [ RunTime:0.000097s ]
INFO: [ template_filter ] --END-- [ RunTime:0.000151s ]
NOTIC: [8] Undefined index: website E:\xampp\htdocs\Online\Runtime\Cache\online\25881bb3452f62f8a02cf9a87de42611.php 第 353 行.
INFO: Run Behavior\ParseTemplateBehavior [ RunTime:0.010325s ]
INFO: [ view_parse ] --END-- [ RunTime:0.010391s ]
INFO: [ view_filter ] --START--
INFO: Run Behavior\WriteHtmlCacheBehavior [ RunTime:0.000208s ]
INFO: [ view_filter ] --END-- [ RunTime:0.000260s ]
INFO: [ app_end ] --START--
INFO: Run Behavior\ShowPageTraceBehavior [ RunTime:0.000634s ]
INFO: [ app_end ] --END-- [ RunTime:0.000703s ]

[ 2015-03-16T16:08:17+08:00 ] 127.0.0.1 /online.php/index/apply_c
INFO: [ app_init ] --START--
INFO: Run Behavior\BuildLiteBehavior [ RunTime:0.000017s ]
INFO: [ app_init ] --END-- [ RunTime:0.000423s ]
INFO: [ app_begin ] --START--
INFO: Run Behavior\ReadHtmlCacheBehavior [ RunTime:0.000715s ]
INFO: [ app_begin ] --END-- [ RunTime:0.000842s ]
SQL: SHOW COLUMNS FROM `online_user` [ RunTime:0.0023s ]
SQL: SHOW COLUMNS FROM `online_category` [ RunTime:0.0021s ]
SQL: SHOW COLUMNS FROM `online_user_category` [ RunTime:0.0016s ]
SQL: SELECT * FROM `online_user` WHERE `uid` = 1419066834 LIMIT 1   [ RunTime:0.0005s ]
SQL: SELECT * FROM `online_category` WHERE ( status=1 )  [ RunTime:0.0006s ]
SQL: SELECT * FROM `online_user_category` WHERE `uid` = 1419066834  [ RunTime:0.0002s ]
NOTIC: [8] Undefined variable: choosenFatherList E:\xampp\htdocs\Online\online\Controller\IndexController.class.php 第 76 行.
NOTIC: [2] in_array() expects parameter 2 to be array, null given E:\xampp\htdocs\Online\online\Controller\IndexController.class.php 第 76 行.
INFO: [ view_parse ] --START--
INFO: [ template_filter ] --START--
INFO: Run Behavior\ContentReplaceBehavior [ RunTime:0.000119s ]
INFO: [ template_filter ] --END-- [ RunTime:0.000188s ]
NOTIC: [8] Undefined index: website E:\xampp\htdocs\Online\Runtime\Cache\online\25881bb3452f62f8a02cf9a87de42611.php 第 353 行.
INFO: Run Behavior\ParseTemplateBehavior [ RunTime:0.010867s ]
INFO: [ view_parse ] --END-- [ RunTime:0.010927s ]
INFO: [ view_filter ] --START--
INFO: Run Behavior\WriteHtmlCacheBehavior [ RunTime:0.000250s ]
INFO: [ view_filter ] --END-- [ RunTime:0.000290s ]
INFO: [ app_end ] --START--
INFO: Run Behavior\ShowPageTraceBehavior [ RunTime:0.000484s ]
INFO: [ app_end ] --END-- [ RunTime:0.000537s ]

[ 2015-03-16T16:08:20+08:00 ] 127.0.0.1 /online.php/index/apply_c
INFO: [ app_init ] --START--
INFO: Run Behavior\BuildLiteBehavior [ RunTime:0.000014s ]
INFO: [ app_init ] --END-- [ RunTime:0.000368s ]
INFO: [ app_begin ] --START--
INFO: Run Behavior\ReadHtmlCacheBehavior [ RunTime:0.000492s ]
INFO: [ app_begin ] --END-- [ RunTime:0.000557s ]
SQL: SHOW COLUMNS FROM `online_user` [ RunTime:0.0026s ]
SQL: SHOW COLUMNS FROM `online_category` [ RunTime:0.0021s ]
SQL: SHOW COLUMNS FROM `online_user_category` [ RunTime:0.0018s ]
SQL: SELECT * FROM `online_user` WHERE `uid` = 1419066834 LIMIT 1   [ RunTime:0.0005s ]
SQL: SELECT * FROM `online_category` WHERE ( status=1 )  [ RunTime:0.0007s ]
SQL: SELECT * FROM `online_user_category` WHERE `uid` = 1419066834  [ RunTime:0.0003s ]
NOTIC: [8] Undefined variable: choosenFatherList E:\xampp\htdocs\Online\online\Controller\IndexController.class.php 第 76 行.
NOTIC: [2] in_array() expects parameter 2 to be array, null given E:\xampp\htdocs\Online\online\Controller\IndexController.class.php 第 76 行.
INFO: [ view_parse ] --START--
INFO: [ template_filter ] --START--
INFO: Run Behavior\ContentReplaceBehavior [ RunTime:0.000138s ]
INFO: [ template_filter ] --END-- [ RunTime:0.000211s ]
NOTIC: [8] Undefined index: website E:\xampp\htdocs\Online\Runtime\Cache\online\25881bb3452f62f8a02cf9a87de42611.php 第 353 行.
INFO: Run Behavior\ParseTemplateBehavior [ RunTime:0.011187s ]
INFO: [ view_parse ] --END-- [ RunTime:0.011264s ]
INFO: [ view_filter ] --START--
INFO: Run Behavior\WriteHtmlCacheBehavior [ RunTime:0.000165s ]
INFO: [ view_filter ] --END-- [ RunTime:0.000206s ]
INFO: [ app_end ] --START--
INFO: Run Behavior\ShowPageTraceBehavior [ RunTime:0.000395s ]
INFO: [ app_end ] --END-- [ RunTime:0.000439s ]

[ 2015-03-16T16:08:22+08:00 ] 127.0.0.1 /online.php/index/apply_c
INFO: [ app_init ] --START--
INFO: Run Behavior\BuildLiteBehavior [ RunTime:0.000016s ]
INFO: [ app_init ] --END-- [ RunTime:0.000346s ]
INFO: [ app_begin ] --START--
INFO: Run Behavior\ReadHtmlCacheBehavior [ RunTime:0.000581s ]
INFO: [ app_begin ] --END-- [ RunTime:0.000697s ]
SQL: SHOW COLUMNS FROM `online_user` [ RunTime:0.0027s ]
SQL: SHOW COLUMNS FROM `online_category` [ RunTime:0.0021s ]
SQL: SHOW COLUMNS FROM `online_user_category` [ RunTime:0.0016s ]
SQL: SELECT * FROM `online_user` WHERE `uid` = 1419066834 LIMIT 1   [ RunTime:0.0005s ]
SQL: SELECT * FROM `online_category` WHERE ( status=1 )  [ RunTime:0.0006s ]
SQL: SELECT * FROM `online_user_category` WHERE `uid` = 1419066834  [ RunTime:0.0003s ]
NOTIC: [8] Undefined variable: choosenFatherList E:\xampp\htdocs\Online\online\Controller\IndexController.class.php 第 76 行.
NOTIC: [2] in_array() expects parameter 2 to be array, null given E:\xampp\htdocs\Online\online\Controller\IndexController.class.php 第 76 行.
INFO: [ view_parse ] --START--
INFO: [ template_filter ] --START--
INFO: Run Behavior\ContentReplaceBehavior [ RunTime:0.000093s ]
INFO: [ template_filter ] --END-- [ RunTime:0.000164s ]
NOTIC: [8] Undefined index: website E:\xampp\htdocs\Online\Runtime\Cache\online\25881bb3452f62f8a02cf9a87de42611.php 第 353 行.
INFO: Run Behavior\ParseTemplateBehavior [ RunTime:0.011173s ]
INFO: [ view_parse ] --END-- [ RunTime:0.011254s ]
INFO: [ view_filter ] --START--
INFO: Run Behavior\WriteHtmlCacheBehavior [ RunTime:0.000166s ]
INFO: [ view_filter ] --END-- [ RunTime:0.000217s ]
INFO: [ app_end ] --START--
INFO: Run Behavior\ShowPageTraceBehavior [ RunTime:0.000504s ]
INFO: [ app_end ] --END-- [ RunTime:0.000566s ]

[ 2015-03-16T16:11:24+08:00 ] 127.0.0.1 /online.php/index/apply_b
INFO: [ app_init ] --START--
INFO: Run Behavior\BuildLiteBehavior [ RunTime:0.000016s ]
INFO: [ app_init ] --END-- [ RunTime:0.000389s ]
INFO: [ app_begin ] --START--
INFO: Run Behavior\ReadHtmlCacheBehavior [ RunTime:0.000473s ]
INFO: [ app_begin ] --END-- [ RunTime:0.000532s ]
SQL: SHOW COLUMNS FROM `online_user` [ RunTime:0.0025s ]
SQL: SHOW COLUMNS FROM `online_category` [ RunTime:0.0018s ]
SQL: SHOW COLUMNS FROM `online_user_category` [ RunTime:0.0016s ]
SQL: SELECT * FROM `online_user` WHERE `uid` = 1419066834 LIMIT 1   [ RunTime:0.0005s ]
SQL: SELECT * FROM `online_category` WHERE ( status=1 )  [ RunTime:0.0013s ]
SQL: SELECT * FROM `online_user_category` WHERE `uid` = 1419066834  [ RunTime:0.0003s ]
NOTIC: [8] Undefined variable: choosenFatherList E:\xampp\htdocs\Online\online\Controller\IndexController.class.php 第 165 行.
NOTIC: [2] in_array() expects parameter 2 to be array, null given E:\xampp\htdocs\Online\online\Controller\IndexController.class.php 第 165 行.
INFO: [ view_parse ] --START--
INFO: [ template_filter ] --START--
INFO: Run Behavior\ContentReplaceBehavior [ RunTime:0.000153s ]
INFO: [ template_filter ] --END-- [ RunTime:0.000257s ]
NOTIC: [8] Undefined offset: 11 E:\xampp\htdocs\Online\Runtime\Cache\online\e9e6ee6baf06d3c9fc33861a915e6588.php 第 418 行.
NOTIC: [2] Invalid argument supplied for foreach() E:\xampp\htdocs\Online\Runtime\Cache\online\e9e6ee6baf06d3c9fc33861a915e6588.php 第 418 行.
INFO: Run Behavior\ParseTemplateBehavior [ RunTime:0.016674s ]
INFO: [ view_parse ] --END-- [ RunTime:0.016742s ]
INFO: [ view_filter ] --START--
INFO: Run Behavior\WriteHtmlCacheBehavior [ RunTime:0.000328s ]
INFO: [ view_filter ] --END-- [ RunTime:0.000371s ]
INFO: [ app_end ] --START--
INFO: Run Behavior\ShowPageTraceBehavior [ RunTime:0.000557s ]
INFO: [ app_end ] --END-- [ RunTime:0.000621s ]

[ 2015-03-16T16:13:50+08:00 ] 127.0.0.1 /online.php/index/apply_b
INFO: [ app_init ] --START--
INFO: Run Behavior\BuildLiteBehavior [ RunTime:0.000015s ]
INFO: [ app_init ] --END-- [ RunTime:0.000339s ]
INFO: [ app_begin ] --START--
INFO: Run Behavior\ReadHtmlCacheBehavior [ RunTime:0.000525s ]
INFO: [ app_begin ] --END-- [ RunTime:0.000583s ]
SQL: SHOW COLUMNS FROM `online_user` [ RunTime:0.0022s ]
SQL: SHOW COLUMNS FROM `online_category` [ RunTime:0.0019s ]
SQL: SHOW COLUMNS FROM `online_user_category` [ RunTime:0.0019s ]
SQL: SELECT * FROM `online_user` WHERE `uid` = 1419066834 LIMIT 1   [ RunTime:0.0008s ]
SQL: SELECT * FROM `online_category` WHERE ( status=1 )  [ RunTime:0.0008s ]
SQL: SELECT * FROM `online_user_category` WHERE `uid` = 1419066834  [ RunTime:0.0004s ]
NOTIC: [8] Undefined variable: choosenFatherList E:\xampp\htdocs\Online\online\Controller\IndexController.class.php 第 165 行.
NOTIC: [2] in_array() expects parameter 2 to be array, null given E:\xampp\htdocs\Online\online\Controller\IndexController.class.php 第 165 行.
INFO: [ view_parse ] --START--
INFO: [ template_filter ] --START--
INFO: Run Behavior\ContentReplaceBehavior [ RunTime:0.000155s ]
INFO: [ template_filter ] --END-- [ RunTime:0.000263s ]
INFO: Run Behavior\ParseTemplateBehavior [ RunTime:0.012291s ]
INFO: [ view_parse ] --END-- [ RunTime:0.012368s ]
INFO: [ view_filter ] --START--
INFO: Run Behavior\WriteHtmlCacheBehavior [ RunTime:0.000259s ]
INFO: [ view_filter ] --END-- [ RunTime:0.000301s ]
INFO: [ app_end ] --START--
INFO: Run Behavior\ShowPageTraceBehavior [ RunTime:0.000676s ]
INFO: [ app_end ] --END-- [ RunTime:0.000746s ]

[ 2015-03-16T16:13:58+08:00 ] 127.0.0.1 /online.php/index/apply_c
INFO: [ app_init ] --START--
INFO: Run Behavior\BuildLiteBehavior [ RunTime:0.000013s ]
INFO: [ app_init ] --END-- [ RunTime:0.000292s ]
INFO: [ app_begin ] --START--
INFO: Run Behavior\ReadHtmlCacheBehavior [ RunTime:0.000388s ]
INFO: [ app_begin ] --END-- [ RunTime:0.000437s ]
SQL: SHOW COLUMNS FROM `online_user` [ RunTime:0.0021s ]
SQL: SHOW COLUMNS FROM `online_category` [ RunTime:0.0017s ]
SQL: SHOW COLUMNS FROM `online_user_category` [ RunTime:0.0016s ]
SQL: SELECT * FROM `online_user` WHERE `uid` = 1419066834 LIMIT 1   [ RunTime:0.0004s ]
SQL: SELECT * FROM `online_category` WHERE ( status=1 )  [ RunTime:0.0005s ]
SQL: SELECT * FROM `online_user_category` WHERE `uid` = 1419066834  [ RunTime:0.0009s ]
NOTIC: [8] Undefined variable: choosenFatherList E:\xampp\htdocs\Online\online\Controller\IndexController.class.php 第 76 行.
NOTIC: [2] in_array() expects parameter 2 to be array, null given E:\xampp\htdocs\Online\online\Controller\IndexController.class.php 第 76 行.
INFO: [ view_parse ] --START--
INFO: [ template_filter ] --START--
INFO: Run Behavior\ContentReplaceBehavior [ RunTime:0.000100s ]
INFO: [ template_filter ] --END-- [ RunTime:0.000170s ]
NOTIC: [8] Undefined index: website E:\xampp\htdocs\Online\Runtime\Cache\online\25881bb3452f62f8a02cf9a87de42611.php 第 353 行.
INFO: Run Behavior\ParseTemplateBehavior [ RunTime:0.011584s ]
INFO: [ view_parse ] --END-- [ RunTime:0.011662s ]
INFO: [ view_filter ] --START--
INFO: Run Behavior\WriteHtmlCacheBehavior [ RunTime:0.000187s ]
INFO: [ view_filter ] --END-- [ RunTime:0.000224s ]
INFO: [ app_end ] --START--
INFO: Run Behavior\ShowPageTraceBehavior [ RunTime:0.000397s ]
INFO: [ app_end ] --END-- [ RunTime:0.000441s ]

[ 2015-03-16T16:16:23+08:00 ] 127.0.0.1 /online.php/index/apply_c
INFO: [ app_init ] --START--
INFO: Run Behavior\BuildLiteBehavior [ RunTime:0.000012s ]
INFO: [ app_init ] --END-- [ RunTime:0.000287s ]
INFO: [ app_begin ] --START--
INFO: Run Behavior\ReadHtmlCacheBehavior [ RunTime:0.000479s ]
INFO: [ app_begin ] --END-- [ RunTime:0.000530s ]
SQL: SHOW COLUMNS FROM `online_user` [ RunTime:0.0022s ]
SQL: SHOW COLUMNS FROM `online_category` [ RunTime:0.0016s ]
SQL: SHOW COLUMNS FROM `online_user_category` [ RunTime:0.0017s ]
SQL: SELECT * FROM `online_user` WHERE `uid` = 1419066834 LIMIT 1   [ RunTime:0.0005s ]
SQL: SELECT * FROM `online_category` WHERE ( status=1 )  [ RunTime:0.0007s ]
SQL: SELECT * FROM `online_user_category` WHERE `uid` = 1419066834  [ RunTime:0.0002s ]
NOTIC: [8] Undefined variable: choosenFatherList E:\xampp\htdocs\Online\online\Controller\IndexController.class.php 第 76 行.
NOTIC: [2] in_array() expects parameter 2 to be array, null given E:\xampp\htdocs\Online\online\Controller\IndexController.class.php 第 76 行.
INFO: [ view_parse ] --START--
INFO: [ template_filter ] --START--
INFO: Run Behavior\ContentReplaceBehavior [ RunTime:0.000092s ]
INFO: [ template_filter ] --END-- [ RunTime:0.000152s ]
NOTIC: [8] Undefined index: website E:\xampp\htdocs\Online\Runtime\Cache\online\25881bb3452f62f8a02cf9a87de42611.php 第 338 行.
INFO: Run Behavior\ParseTemplateBehavior [ RunTime:0.011661s ]
INFO: [ view_parse ] --END-- [ RunTime:0.011719s ]
INFO: [ view_filter ] --START--
INFO: Run Behavior\WriteHtmlCacheBehavior [ RunTime:0.000206s ]
INFO: [ view_filter ] --END-- [ RunTime:0.000246s ]
INFO: [ app_end ] --START--
INFO: Run Behavior\ShowPageTraceBehavior [ RunTime:0.000790s ]
INFO: [ app_end ] --END-- [ RunTime:0.000872s ]

[ 2015-03-16T16:18:29+08:00 ] 127.0.0.1 /online.php/index/apply_c
INFO: [ app_init ] --START--
INFO: Run Behavior\BuildLiteBehavior [ RunTime:0.000026s ]
INFO: [ app_init ] --END-- [ RunTime:0.000484s ]
INFO: [ app_begin ] --START--
INFO: Run Behavior\ReadHtmlCacheBehavior [ RunTime:0.000804s ]
INFO: [ app_begin ] --END-- [ RunTime:0.000885s ]
SQL: SHOW COLUMNS FROM `online_user` [ RunTime:0.0026s ]
SQL: SHOW COLUMNS FROM `online_category` [ RunTime:0.0017s ]
SQL: SHOW COLUMNS FROM `online_user_category` [ RunTime:0.0017s ]
SQL: SELECT * FROM `online_user` WHERE `uid` = 1419066834 LIMIT 1   [ RunTime:0.0005s ]
SQL: SELECT * FROM `online_category` WHERE ( status=1 )  [ RunTime:0.0007s ]
SQL: SELECT * FROM `online_user_category` WHERE `uid` = 1419066834  [ RunTime:0.0002s ]
NOTIC: [8] Undefined variable: choosenFatherList E:\xampp\htdocs\Online\online\Controller\IndexController.class.php 第 76 行.
NOTIC: [2] in_array() expects parameter 2 to be array, null given E:\xampp\htdocs\Online\online\Controller\IndexController.class.php 第 76 行.
INFO: [ view_parse ] --START--
INFO: [ template_filter ] --START--
INFO: Run Behavior\ContentReplaceBehavior [ RunTime:0.000093s ]
INFO: [ template_filter ] --END-- [ RunTime:0.000139s ]
NOTIC: [8] Undefined index: website E:\xampp\htdocs\Online\Runtime\Cache\online\25881bb3452f62f8a02cf9a87de42611.php 第 353 行.
INFO: Run Behavior\ParseTemplateBehavior [ RunTime:0.010123s ]
INFO: [ view_parse ] --END-- [ RunTime:0.010179s ]
INFO: [ view_filter ] --START--
INFO: Run Behavior\WriteHtmlCacheBehavior [ RunTime:0.000198s ]
INFO: [ view_filter ] --END-- [ RunTime:0.000236s ]
INFO: [ app_end ] --START--
INFO: Run Behavior\ShowPageTraceBehavior [ RunTime:0.000659s ]
INFO: [ app_end ] --END-- [ RunTime:0.000707s ]

[ 2015-03-16T16:23:10+08:00 ] 127.0.0.1 /online.php/index/apply_c
INFO: [ app_init ] --START--
INFO: Run Behavior\BuildLiteBehavior [ RunTime:0.000020s ]
INFO: [ app_init ] --END-- [ RunTime:0.000464s ]
INFO: [ app_begin ] --START--
INFO: Run Behavior\ReadHtmlCacheBehavior [ RunTime:0.000712s ]
INFO: [ app_begin ] --END-- [ RunTime:0.000793s ]
SQL: SHOW COLUMNS FROM `online_user` [ RunTime:0.0021s ]
SQL: SHOW COLUMNS FROM `online_category` [ RunTime:0.0016s ]
SQL: SHOW COLUMNS FROM `online_user_category` [ RunTime:0.0014s ]
SQL: SELECT * FROM `online_user` WHERE `uid` = 1419066834 LIMIT 1   [ RunTime:0.0004s ]
SQL: SELECT * FROM `online_category` WHERE ( status=1 )  [ RunTime:0.0005s ]
SQL: SELECT * FROM `online_user_category` WHERE `uid` = 1419066834  [ RunTime:0.0002s ]
NOTIC: [8] Undefined variable: choosenFatherList E:\xampp\htdocs\Online\online\Controller\IndexController.class.php 第 76 行.
NOTIC: [2] in_array() expects parameter 2 to be array, null given E:\xampp\htdocs\Online\online\Controller\IndexController.class.php 第 76 行.
INFO: [ view_parse ] --START--
INFO: [ template_filter ] --START--
INFO: Run Behavior\ContentReplaceBehavior [ RunTime:0.000091s ]
INFO: [ template_filter ] --END-- [ RunTime:0.000145s ]
NOTIC: [8] Undefined index: website E:\xampp\htdocs\Online\Runtime\Cache\online\25881bb3452f62f8a02cf9a87de42611.php 第 353 行.
INFO: Run Behavior\ParseTemplateBehavior [ RunTime:0.010263s ]
INFO: [ view_parse ] --END-- [ RunTime:0.010320s ]
INFO: [ view_filter ] --START--
INFO: Run Behavior\WriteHtmlCacheBehavior [ RunTime:0.000235s ]
INFO: [ view_filter ] --END-- [ RunTime:0.000273s ]
INFO: [ app_end ] --START--
INFO: Run Behavior\ShowPageTraceBehavior [ RunTime:0.000591s ]
INFO: [ app_end ] --END-- [ RunTime:0.000653s ]

[ 2015-03-16T16:23:12+08:00 ] 127.0.0.1 /online.php/index/apply_c
INFO: [ app_init ] --START--
INFO: Run Behavior\BuildLiteBehavior [ RunTime:0.000027s ]
INFO: [ app_init ] --END-- [ RunTime:0.000495s ]
INFO: [ app_begin ] --START--
INFO: Run Behavior\ReadHtmlCacheBehavior [ RunTime:0.000617s ]
INFO: [ app_begin ] --END-- [ RunTime:0.000697s ]
SQL: SHOW COLUMNS FROM `online_user` [ RunTime:0.0023s ]
SQL: SHOW COLUMNS FROM `online_category` [ RunTime:0.0016s ]
SQL: SHOW COLUMNS FROM `online_user_category` [ RunTime:0.0015s ]
SQL: SELECT * FROM `online_user` WHERE `uid` = 1419066834 LIMIT 1   [ RunTime:0.0004s ]
SQL: SELECT * FROM `online_category` WHERE ( status=1 )  [ RunTime:0.0008s ]
SQL: SELECT * FROM `online_user_category` WHERE `uid` = 1419066834  [ RunTime:0.0006s ]
NOTIC: [8] Undefined variable: choosenFatherList E:\xampp\htdocs\Online\online\Controller\IndexController.class.php 第 76 行.
NOTIC: [2] in_array() expects parameter 2 to be array, null given E:\xampp\htdocs\Online\online\Controller\IndexController.class.php 第 76 行.
INFO: [ view_parse ] --START--
INFO: [ template_filter ] --START--
INFO: Run Behavior\ContentReplaceBehavior [ RunTime:0.000091s ]
INFO: [ template_filter ] --END-- [ RunTime:0.000138s ]
NOTIC: [8] Undefined index: website E:\xampp\htdocs\Online\Runtime\Cache\online\25881bb3452f62f8a02cf9a87de42611.php 第 353 行.
INFO: Run Behavior\ParseTemplateBehavior [ RunTime:0.009739s ]
INFO: [ view_parse ] --END-- [ RunTime:0.009796s ]
INFO: [ view_filter ] --START--
INFO: Run Behavior\WriteHtmlCacheBehavior [ RunTime:0.000157s ]
INFO: [ view_filter ] --END-- [ RunTime:0.000208s ]
INFO: [ app_end ] --START--
INFO: Run Behavior\ShowPageTraceBehavior [ RunTime:0.000485s ]
INFO: [ app_end ] --END-- [ RunTime:0.000532s ]

[ 2015-03-16T16:23:29+08:00 ] 127.0.0.1 /online.php/index/apply_c
INFO: [ app_init ] --START--
INFO: Run Behavior\BuildLiteBehavior [ RunTime:0.000012s ]
INFO: [ app_init ] --END-- [ RunTime:0.000263s ]
INFO: [ app_begin ] --START--
INFO: Run Behavior\ReadHtmlCacheBehavior [ RunTime:0.000334s ]
INFO: [ app_begin ] --END-- [ RunTime:0.000388s ]
SQL: SHOW COLUMNS FROM `online_user` [ RunTime:0.0024s ]
SQL: SHOW COLUMNS FROM `online_category` [ RunTime:0.0017s ]
SQL: SHOW COLUMNS FROM `online_user_category` [ RunTime:0.0015s ]
SQL: SELECT * FROM `online_user` WHERE `uid` = 1419066834 LIMIT 1   [ RunTime:0.0005s ]
SQL: SELECT * FROM `online_category` WHERE ( status=1 )  [ RunTime:0.0008s ]
SQL: SELECT * FROM `online_user_category` WHERE `uid` = 1419066834  [ RunTime:0.0003s ]
NOTIC: [8] Undefined variable: choosenFatherList E:\xampp\htdocs\Online\online\Controller\IndexController.class.php 第 76 行.
NOTIC: [2] in_array() expects parameter 2 to be array, null given E:\xampp\htdocs\Online\online\Controller\IndexController.class.php 第 76 行.
INFO: [ view_parse ] --START--
INFO: [ template_filter ] --START--
INFO: Run Behavior\ContentReplaceBehavior [ RunTime:0.000094s ]
INFO: [ template_filter ] --END-- [ RunTime:0.000157s ]
NOTIC: [8] Undefined index: website E:\xampp\htdocs\Online\Runtime\Cache\online\25881bb3452f62f8a02cf9a87de42611.php 第 353 行.
INFO: Run Behavior\ParseTemplateBehavior [ RunTime:0.010837s ]
INFO: [ view_parse ] --END-- [ RunTime:0.010892s ]
INFO: [ view_filter ] --START--
INFO: Run Behavior\WriteHtmlCacheBehavior [ RunTime:0.000157s ]
INFO: [ view_filter ] --END-- [ RunTime:0.000195s ]
INFO: [ app_end ] --START--
INFO: Run Behavior\ShowPageTraceBehavior [ RunTime:0.000446s ]
INFO: [ app_end ] --END-- [ RunTime:0.000683s ]

[ 2015-03-16T16:23:51+08:00 ] 127.0.0.1 /online.php/index/apply_c
INFO: [ app_init ] --START--
INFO: Run Behavior\BuildLiteBehavior [ RunTime:0.000016s ]
INFO: [ app_init ] --END-- [ RunTime:0.000385s ]
INFO: [ app_begin ] --START--
INFO: Run Behavior\ReadHtmlCacheBehavior [ RunTime:0.000614s ]
INFO: [ app_begin ] --END-- [ RunTime:0.000678s ]
SQL: SHOW COLUMNS FROM `online_user` [ RunTime:0.0023s ]
SQL: SHOW COLUMNS FROM `online_category` [ RunTime:0.0021s ]
SQL: SHOW COLUMNS FROM `online_user_category` [ RunTime:0.0015s ]
SQL: SELECT * FROM `online_user` WHERE `uid` = 1419066834 LIMIT 1   [ RunTime:0.0005s ]
SQL: SELECT * FROM `online_category` WHERE ( status=1 )  [ RunTime:0.0006s ]
SQL: SELECT * FROM `online_user_category` WHERE `uid` = 1419066834  [ RunTime:0.0002s ]
NOTIC: [8] Undefined variable: choosenFatherList E:\xampp\htdocs\Online\online\Controller\IndexController.class.php 第 76 行.
NOTIC: [2] in_array() expects parameter 2 to be array, null given E:\xampp\htdocs\Online\online\Controller\IndexController.class.php 第 76 行.
INFO: [ view_parse ] --START--
INFO: [ template_filter ] --START--
INFO: Run Behavior\ContentReplaceBehavior [ RunTime:0.000093s ]
INFO: [ template_filter ] --END-- [ RunTime:0.000141s ]
NOTIC: [8] Undefined index: website E:\xampp\htdocs\Online\Runtime\Cache\online\25881bb3452f62f8a02cf9a87de42611.php 第 353 行.
INFO: Run Behavior\ParseTemplateBehavior [ RunTime:0.010122s ]
INFO: [ view_parse ] --END-- [ RunTime:0.010181s ]
INFO: [ view_filter ] --START--
INFO: Run Behavior\WriteHtmlCacheBehavior [ RunTime:0.000213s ]
INFO: [ view_filter ] --END-- [ RunTime:0.000251s ]
INFO: [ app_end ] --START--
INFO: Run Behavior\ShowPageTraceBehavior [ RunTime:0.000558s ]
INFO: [ app_end ] --END-- [ RunTime:0.000602s ]

[ 2015-03-16T16:23:53+08:00 ] 127.0.0.1 /online.php/index/apply_b
INFO: [ app_init ] --START--
INFO: Run Behavior\BuildLiteBehavior [ RunTime:0.000014s ]
INFO: [ app_init ] --END-- [ RunTime:0.000290s ]
INFO: [ app_begin ] --START--
INFO: Run Behavior\ReadHtmlCacheBehavior [ RunTime:0.000399s ]
INFO: [ app_begin ] --END-- [ RunTime:0.000449s ]
SQL: SHOW COLUMNS FROM `online_user` [ RunTime:0.0031s ]
SQL: SHOW COLUMNS FROM `online_category` [ RunTime:0.0019s ]
SQL: SHOW COLUMNS FROM `online_user_category` [ RunTime:0.0019s ]
SQL: SELECT * FROM `online_user` WHERE `uid` = 1419066834 LIMIT 1   [ RunTime:0.0004s ]
SQL: SELECT * FROM `online_category` WHERE ( status=1 )  [ RunTime:0.0006s ]
SQL: SELECT * FROM `online_user_category` WHERE `uid` = 1419066834  [ RunTime:0.0002s ]
NOTIC: [8] Undefined variable: choosenFatherList E:\xampp\htdocs\Online\online\Controller\IndexController.class.php 第 165 行.
NOTIC: [2] in_array() expects parameter 2 to be array, null given E:\xampp\htdocs\Online\online\Controller\IndexController.class.php 第 165 行.
INFO: [ view_parse ] --START--
INFO: [ template_filter ] --START--
INFO: Run Behavior\ContentReplaceBehavior [ RunTime:0.000104s ]
INFO: [ template_filter ] --END-- [ RunTime:0.000165s ]
INFO: Run Behavior\ParseTemplateBehavior [ RunTime:0.011645s ]
INFO: [ view_parse ] --END-- [ RunTime:0.011714s ]
INFO: [ view_filter ] --START--
INFO: Run Behavior\WriteHtmlCacheBehavior [ RunTime:0.000168s ]
INFO: [ view_filter ] --END-- [ RunTime:0.000210s ]
INFO: [ app_end ] --START--
INFO: Run Behavior\ShowPageTraceBehavior [ RunTime:0.000383s ]
INFO: [ app_end ] --END-- [ RunTime:0.000440s ]

[ 2015-03-16T16:24:13+08:00 ] 127.0.0.1 /online.php/index/apply_c
INFO: [ app_init ] --START--
INFO: Run Behavior\BuildLiteBehavior [ RunTime:0.000017s ]
INFO: [ app_init ] --END-- [ RunTime:0.000355s ]
INFO: [ app_begin ] --START--
INFO: Run Behavior\ReadHtmlCacheBehavior [ RunTime:0.000505s ]
INFO: [ app_begin ] --END-- [ RunTime:0.000566s ]
SQL: SHOW COLUMNS FROM `online_user` [ RunTime:0.0023s ]
SQL: SHOW COLUMNS FROM `online_category` [ RunTime:0.0016s ]
SQL: SHOW COLUMNS FROM `online_user_category` [ RunTime:0.0015s ]
SQL: SELECT * FROM `online_user` WHERE `uid` = 1419066834 LIMIT 1   [ RunTime:0.0004s ]
SQL: SELECT * FROM `online_category` WHERE ( status=1 )  [ RunTime:0.0006s ]
SQL: SELECT * FROM `online_user_category` WHERE `uid` = 1419066834  [ RunTime:0.0002s ]
NOTIC: [8] Undefined variable: choosenFatherList E:\xampp\htdocs\Online\online\Controller\IndexController.class.php 第 76 行.
NOTIC: [2] in_array() expects parameter 2 to be array, null given E:\xampp\htdocs\Online\online\Controller\IndexController.class.php 第 76 行.
INFO: [ view_parse ] --START--
INFO: [ template_filter ] --START--
INFO: Run Behavior\ContentReplaceBehavior [ RunTime:0.000091s ]
INFO: [ template_filter ] --END-- [ RunTime:0.000140s ]
NOTIC: [8] Undefined index: website E:\xampp\htdocs\Online\Runtime\Cache\online\25881bb3452f62f8a02cf9a87de42611.php 第 353 行.
INFO: Run Behavior\ParseTemplateBehavior [ RunTime:0.009820s ]
INFO: [ view_parse ] --END-- [ RunTime:0.009877s ]
INFO: [ view_filter ] --START--
INFO: Run Behavior\WriteHtmlCacheBehavior [ RunTime:0.000178s ]
INFO: [ view_filter ] --END-- [ RunTime:0.000216s ]
INFO: [ app_end ] --START--
INFO: Run Behavior\ShowPageTraceBehavior [ RunTime:0.000601s ]
INFO: [ app_end ] --END-- [ RunTime:0.000649s ]

[ 2015-03-16T16:24:15+08:00 ] 127.0.0.1 /online.php/index/apply_b
INFO: [ app_init ] --START--
INFO: Run Behavior\BuildLiteBehavior [ RunTime:0.000016s ]
INFO: [ app_init ] --END-- [ RunTime:0.000355s ]
INFO: [ app_begin ] --START--
INFO: Run Behavior\ReadHtmlCacheBehavior [ RunTime:0.000521s ]
INFO: [ app_begin ] --END-- [ RunTime:0.000692s ]
SQL: SHOW COLUMNS FROM `online_user` [ RunTime:0.0035s ]
SQL: SHOW COLUMNS FROM `online_category` [ RunTime:0.0026s ]
SQL: SHOW COLUMNS FROM `online_user_category` [ RunTime:0.0022s ]
SQL: SELECT * FROM `online_user` WHERE `uid` = 1419066834 LIMIT 1   [ RunTime:0.0007s ]
SQL: SELECT * FROM `online_category` WHERE ( status=1 )  [ RunTime:0.0008s ]
SQL: SELECT * FROM `online_user_category` WHERE `uid` = 1419066834  [ RunTime:0.0002s ]
NOTIC: [8] Undefined variable: choosenFatherList E:\xampp\htdocs\Online\online\Controller\IndexController.class.php 第 165 行.
NOTIC: [2] in_array() expects parameter 2 to be array, null given E:\xampp\htdocs\Online\online\Controller\IndexController.class.php 第 165 行.
INFO: [ view_parse ] --START--
INFO: [ template_filter ] --START--
INFO: Run Behavior\ContentReplaceBehavior [ RunTime:0.000120s ]
INFO: [ template_filter ] --END-- [ RunTime:0.000192s ]
INFO: Run Behavior\ParseTemplateBehavior [ RunTime:0.010477s ]
INFO: [ view_parse ] --END-- [ RunTime:0.010535s ]
INFO: [ view_filter ] --START--
INFO: Run Behavior\WriteHtmlCacheBehavior [ RunTime:0.000154s ]
INFO: [ view_filter ] --END-- [ RunTime:0.000191s ]
INFO: [ app_end ] --START--
INFO: Run Behavior\ShowPageTraceBehavior [ RunTime:0.000402s ]
INFO: [ app_end ] --END-- [ RunTime:0.000450s ]

[ 2015-03-16T16:27:51+08:00 ] 127.0.0.1 /online.php/index/apply_b
INFO: [ app_init ] --START--
INFO: Run Behavior\BuildLiteBehavior [ RunTime:0.000016s ]
INFO: [ app_init ] --END-- [ RunTime:0.000405s ]
INFO: [ app_begin ] --START--
INFO: Run Behavior\ReadHtmlCacheBehavior [ RunTime:0.000663s ]
INFO: [ app_begin ] --END-- [ RunTime:0.000734s ]
SQL: SHOW COLUMNS FROM `online_user` [ RunTime:0.0030s ]
SQL: SHOW COLUMNS FROM `online_category` [ RunTime:0.0020s ]
SQL: SHOW COLUMNS FROM `online_user_category` [ RunTime:0.0015s ]
SQL: SELECT * FROM `online_user` WHERE `uid` = 1419066834 LIMIT 1   [ RunTime:0.0005s ]
SQL: SELECT * FROM `online_category` WHERE ( status=1 )  [ RunTime:0.0006s ]
SQL: SELECT * FROM `online_user_category` WHERE `uid` = 1419066834  [ RunTime:0.0002s ]
NOTIC: [8] Undefined variable: choosenFatherList E:\xampp\htdocs\Online\online\Controller\IndexController.class.php 第 165 行.
NOTIC: [2] in_array() expects parameter 2 to be array, null given E:\xampp\htdocs\Online\online\Controller\IndexController.class.php 第 165 行.
INFO: [ view_parse ] --START--
INFO: [ template_filter ] --START--
INFO: Run Behavior\ContentReplaceBehavior [ RunTime:0.000096s ]
INFO: [ template_filter ] --END-- [ RunTime:0.000149s ]
INFO: Run Behavior\ParseTemplateBehavior [ RunTime:0.010450s ]
INFO: [ view_parse ] --END-- [ RunTime:0.010517s ]
INFO: [ view_filter ] --START--
INFO: Run Behavior\WriteHtmlCacheBehavior [ RunTime:0.000228s ]
INFO: [ view_filter ] --END-- [ RunTime:0.000270s ]
INFO: [ app_end ] --START--
INFO: Run Behavior\ShowPageTraceBehavior [ RunTime:0.000474s ]
INFO: [ app_end ] --END-- [ RunTime:0.000528s ]

[ 2015-03-16T23:39:33+08:00 ] 127.0.0.1 /online.php/index/apply_b
INFO: [ app_init ] --START--
INFO: Run Behavior\BuildLiteBehavior [ RunTime:0.000033s ]
INFO: [ app_init ] --END-- [ RunTime:0.001204s ]
INFO: [ app_begin ] --START--
INFO: Run Behavior\ReadHtmlCacheBehavior [ RunTime:0.014088s ]
INFO: [ app_begin ] --END-- [ RunTime:0.014448s ]
SQL: SHOW COLUMNS FROM `online_user` [ RunTime:0.4819s ]
SQL: SHOW COLUMNS FROM `online_category` [ RunTime:0.1379s ]
SQL: SHOW COLUMNS FROM `online_user_category` [ RunTime:0.1147s ]
SQL: SELECT * FROM `online_user` WHERE `uid` = 1419066834 LIMIT 1   [ RunTime:0.1347s ]
SQL: SELECT * FROM `online_category` WHERE ( status=1 )  [ RunTime:0.0476s ]
SQL: SELECT * FROM `online_user_category` WHERE `uid` = 1419066834  [ RunTime:0.0008s ]
NOTIC: [8] Undefined variable: choosenFatherList E:\xampp\htdocs\Online\online\Controller\IndexController.class.php 第 165 行.
NOTIC: [2] in_array() expects parameter 2 to be array, null given E:\xampp\htdocs\Online\online\Controller\IndexController.class.php 第 165 行.
INFO: [ view_parse ] --START--
INFO: [ template_filter ] --START--
INFO: Run Behavior\ContentReplaceBehavior [ RunTime:0.000300s ]
INFO: [ template_filter ] --END-- [ RunTime:0.000534s ]
INFO: Run Behavior\ParseTemplateBehavior [ RunTime:0.674123s ]
INFO: [ view_parse ] --END-- [ RunTime:0.674326s ]
INFO: [ view_filter ] --START--
INFO: Run Behavior\WriteHtmlCacheBehavior [ RunTime:0.152826s ]
INFO: [ view_filter ] --END-- [ RunTime:0.152969s ]
INFO: [ app_end ] --START--
INFO: Run Behavior\ShowPageTraceBehavior [ RunTime:0.001925s ]
INFO: [ app_end ] --END-- [ RunTime:0.002231s ]

