[ 2015-03-23T08:41:54+08:00 ] 127.0.0.1 /online.php/index/detail
INFO: [ app_init ] --START--
INFO: Run Behavior\BuildLiteBehavior [ RunTime:0.000050s ]
INFO: [ app_init ] --END-- [ RunTime:0.002212s ]
INFO: [ app_begin ] --START--
INFO: Run Behavior\ReadHtmlCacheBehavior [ RunTime:0.001888s ]
INFO: [ app_begin ] --END-- [ RunTime:0.002083s ]
SQL: SHOW COLUMNS FROM `online_user` [ RunTime:0.0162s ]
SQL: SELECT * FROM `online_user` WHERE `uid` = 1419066834 LIMIT 1   [ RunTime:0.0015s ]
SQL: SHOW COLUMNS FROM `online_category` [ RunTime:0.0048s ]
SQL: SHOW COLUMNS FROM `online_user_category` [ RunTime:0.0052s ]
SQL: SELECT * FROM `online_category` WHERE ( status=1 )  [ RunTime:0.0160s ]
SQL: SELECT * FROM `online_user_category` WHERE `uid` = 1419066834  [ RunTime:0.0006s ]
NOTIC: [8] Undefined variable: choosenFatherList E:\xampp\htdocs\Online\online\Controller\IndexController.class.php 第 413 行.
NOTIC: [2] in_array() expects parameter 2 to be array, null given E:\xampp\htdocs\Online\online\Controller\IndexController.class.php 第 413 行.
SQL: SHOW COLUMNS FROM `online_calendar` [ RunTime:0.0046s ]
SQL: SELECT `id`,`day_id`,`time_id`,`status` FROM `online_calendar` WHERE ( uid=1419066834 ) ORDER BY day_id,time_id  [ RunTime:0.0009s ]
SQL: SHOW COLUMNS FROM `online_schedule` [ RunTime:0.0043s ]
SQL: SELECT * FROM `online_schedule` WHERE ( accept_uid=1419066834 and status>0 )  [ RunTime:0.0006s ]
INFO: [ view_parse ] --START--
INFO: [ template_filter ] --START--
INFO: Run Behavior\ContentReplaceBehavior [ RunTime:0.000193s ]
INFO: [ template_filter ] --END-- [ RunTime:0.000330s ]
NOTIC: [8] Undefined offset: 3 E:\xampp\htdocs\Online\Runtime\Cache\online\534b0a4e8eae52219781107dfcbe9a02.php 第 207 行.
NOTIC: [8] Undefined offset: 7 E:\xampp\htdocs\Online\Runtime\Cache\online\534b0a4e8eae52219781107dfcbe9a02.php 第 207 行.
INFO: Run Behavior\ParseTemplateBehavior [ RunTime:0.114333s ]
INFO: [ view_parse ] --END-- [ RunTime:0.114485s ]
INFO: [ view_filter ] --START--
INFO: Run Behavior\WriteHtmlCacheBehavior [ RunTime:0.001925s ]
INFO: [ view_filter ] --END-- [ RunTime:0.002054s ]
INFO: [ app_end ] --START--
INFO: Run Behavior\ShowPageTraceBehavior [ RunTime:0.001845s ]
INFO: [ app_end ] --END-- [ RunTime:0.001993s ]

