[ 2015-03-19T15:37:36+08:00 ] 127.0.0.1 /online/Index/info/1419066834
INFO: [ app_init ] --START--
INFO: Run Behavior\BuildLiteBehavior [ RunTime:0.000011s ]
INFO: [ app_init ] --END-- [ RunTime:0.000243s ]
ERR: 无法加载模块:Online

[ 2015-03-19T15:37:46+08:00 ] 127.0.0.1 /online/Index/info/1419066834
INFO: [ app_init ] --START--
INFO: Run Behavior\BuildLiteBehavior [ RunTime:0.000017s ]
INFO: [ app_init ] --END-- [ RunTime:0.000372s ]
ERR: 无法加载模块:Online

[ 2015-03-19T15:37:47+08:00 ] 127.0.0.1 /online/Index/info/1419066834
INFO: [ app_init ] --START--
INFO: Run Behavior\BuildLiteBehavior [ RunTime:0.000018s ]
INFO: [ app_init ] --END-- [ RunTime:0.000372s ]
ERR: 无法加载模块:Online

[ 2015-03-19T15:37:47+08:00 ] 127.0.0.1 /online/Index/info/1419066834
INFO: [ app_init ] --START--
INFO: Run Behavior\BuildLiteBehavior [ RunTime:0.000013s ]
INFO: [ app_init ] --END-- [ RunTime:0.000276s ]
ERR: 无法加载模块:Online

[ 2015-03-19T15:37:47+08:00 ] 127.0.0.1 /online/Index/info/1419066834
INFO: [ app_init ] --START--
INFO: Run Behavior\BuildLiteBehavior [ RunTime:0.000013s ]
INFO: [ app_init ] --END-- [ RunTime:0.000268s ]
ERR: 无法加载模块:Online

[ 2015-03-19T15:37:48+08:00 ] 127.0.0.1 /online/Index/info/1419066834
INFO: [ app_init ] --START--
INFO: Run Behavior\BuildLiteBehavior [ RunTime:0.000014s ]
INFO: [ app_init ] --END-- [ RunTime:0.000349s ]
ERR: 无法加载模块:Online

