[ 2015-03-20T11:43:28+08:00 ] 127.0.0.1 /index.php/Keji/News/index/lb/xw
INFO: [ app_init ] --START--
INFO: Run Behavior\BuildLiteBehavior [ RunTime:0.000033s ]
INFO: [ app_init ] --END-- [ RunTime:0.000980s ]
INFO: [ app_begin ] --START--
INFO: Run Behavior\ReadHtmlCacheBehavior [ RunTime:0.001675s ]
INFO: [ app_begin ] --END-- [ RunTime:0.001815s ]
NOTIC: [8] Undefined index: start_time E:\xampp\htdocs\Application\Keji\Controller\NewsController.class.php 第 16 行.
NOTIC: [8] Undefined index: end_time E:\xampp\htdocs\Application\Keji\Controller\NewsController.class.php 第 16 行.
NOTIC: [8] Undefined index: keyword E:\xampp\htdocs\Application\Keji\Controller\NewsController.class.php 第 21 行.
NOTIC: [8] Undefined index: start_time E:\xampp\htdocs\Application\Keji\Controller\NewsController.class.php 第 24 行.
NOTIC: [8] Undefined index: end_time E:\xampp\htdocs\Application\Keji\Controller\NewsController.class.php 第 25 行.
NOTIC: [8] Undefined index: keyword E:\xampp\htdocs\Application\Keji\Controller\NewsController.class.php 第 26 行.
SQL: SELECT COUNT(*) AS tp_count FROM `tk_article` WHERE `USERID` = 1419066834 AND `STATUS` = 0 LIMIT 1   [ RunTime:0.0005s ]
SQL: SELECT * FROM `tk_article` WHERE `USERID` = 1419066834 AND `STATUS` = 0 ORDER BY ID desc,ORD desc LIMIT 0,10   [ RunTime:0.0006s ]
SQL: SELECT COUNT(*) AS tp_count FROM `tk_article` WHERE `USERID` = 1419066834 AND `STATUS` = 1 LIMIT 1   [ RunTime:0.0003s ]
SQL: SELECT COUNT(*) AS tp_count FROM `tk_article` WHERE `USERID` = 1419066834 AND `STATUS` = 2 LIMIT 1   [ RunTime:0.0003s ]
INFO: [ view_parse ] --START--
INFO: [ template_filter ] --START--
INFO: Run Behavior\ContentReplaceBehavior [ RunTime:0.000175s ]
INFO: [ template_filter ] --END-- [ RunTime:0.000245s ]
INFO: Run Behavior\ParseTemplateBehavior [ RunTime:0.345954s ]
INFO: [ view_parse ] --END-- [ RunTime:0.346082s ]
INFO: [ view_filter ] --START--
INFO: Run Behavior\WriteHtmlCacheBehavior [ RunTime:0.000303s ]
INFO: [ view_filter ] --END-- [ RunTime:0.000345s ]
INFO: [ app_end ] --START--
INFO: Run Behavior\ShowPageTraceBehavior [ RunTime:0.000457s ]
INFO: [ app_end ] --END-- [ RunTime:0.000505s ]

[ 2015-03-20T11:43:32+08:00 ] 127.0.0.1 /index.php/Keji/News/edit
INFO: [ app_init ] --START--
INFO: Run Behavior\BuildLiteBehavior [ RunTime:0.000011s ]
INFO: [ app_init ] --END-- [ RunTime:0.000269s ]
INFO: [ app_begin ] --START--
INFO: Run Behavior\ReadHtmlCacheBehavior [ RunTime:0.000434s ]
INFO: [ app_begin ] --END-- [ RunTime:0.000482s ]
SQL: SHOW COLUMNS FROM `tk_innovation` [ RunTime:0.0020s ]
SQL: SELECT * FROM `tk_innovation` WHERE ( userid=1419066834 and status=0 )  [ RunTime:0.0004s ]
SQL: SHOW COLUMNS FROM `tk_company_kind` [ RunTime:0.0016s ]
SQL: SHOW COLUMNS FROM `tk_article` [ RunTime:0.0017s ]
SQL: SELECT * FROM `tk_company_kind`  [ RunTime:0.0621s ]
NOTIC: [8] Undefined index: id E:\xampp\htdocs\Application\Keji\Controller\NewsController.class.php 第 143 行.
INFO: [ view_parse ] --START--
INFO: [ template_filter ] --START--
INFO: Run Behavior\ContentReplaceBehavior [ RunTime:0.000137s ]
INFO: [ template_filter ] --END-- [ RunTime:0.000202s ]
NOTIC: [8] Undefined index: lb E:\xampp\htdocs\Application\Runtime\Cache\Keji\b32fe47e907d62adce1bf409344da857.php 第 176 行.
NOTIC: [8] Undefined index: lb E:\xampp\htdocs\Application\Runtime\Cache\Keji\b32fe47e907d62adce1bf409344da857.php 第 177 行.
NOTIC: [8] Undefined index: lb E:\xampp\htdocs\Application\Runtime\Cache\Keji\b32fe47e907d62adce1bf409344da857.php 第 179 行.
NOTIC: [8] Undefined index: lb E:\xampp\htdocs\Application\Runtime\Cache\Keji\b32fe47e907d62adce1bf409344da857.php 第 180 行.
NOTIC: [8] Undefined index: lb E:\xampp\htdocs\Application\Runtime\Cache\Keji\b32fe47e907d62adce1bf409344da857.php 第 181 行.
NOTIC: [8] Undefined index: lb E:\xampp\htdocs\Application\Runtime\Cache\Keji\b32fe47e907d62adce1bf409344da857.php 第 182 行.
NOTIC: [8] Undefined index: lb E:\xampp\htdocs\Application\Runtime\Cache\Keji\b32fe47e907d62adce1bf409344da857.php 第 183 行.
NOTIC: [8] Undefined index: lb E:\xampp\htdocs\Application\Runtime\Cache\Keji\b32fe47e907d62adce1bf409344da857.php 第 184 行.
NOTIC: [8] Undefined index: lb E:\xampp\htdocs\Application\Runtime\Cache\Keji\b32fe47e907d62adce1bf409344da857.php 第 185 行.
NOTIC: [8] Undefined index: lb E:\xampp\htdocs\Application\Runtime\Cache\Keji\b32fe47e907d62adce1bf409344da857.php 第 186 行.
NOTIC: [8] Undefined index: lb E:\xampp\htdocs\Application\Runtime\Cache\Keji\b32fe47e907d62adce1bf409344da857.php 第 191 行.
NOTIC: [8] Undefined index: lb E:\xampp\htdocs\Application\Runtime\Cache\Keji\b32fe47e907d62adce1bf409344da857.php 第 195 行.
NOTIC: [8] Undefined index: lb E:\xampp\htdocs\Application\Runtime\Cache\Keji\b32fe47e907d62adce1bf409344da857.php 第 197 行.
NOTIC: [8] Undefined index: lb E:\xampp\htdocs\Application\Runtime\Cache\Keji\b32fe47e907d62adce1bf409344da857.php 第 198 行.
NOTIC: [8] Undefined index: lb E:\xampp\htdocs\Application\Runtime\Cache\Keji\b32fe47e907d62adce1bf409344da857.php 第 199 行.
NOTIC: [8] Undefined variable: article E:\xampp\htdocs\Application\Runtime\Cache\Keji\b32fe47e907d62adce1bf409344da857.php 第 342 行.
NOTIC: [8] Undefined variable: article E:\xampp\htdocs\Application\Runtime\Cache\Keji\b32fe47e907d62adce1bf409344da857.php 第 348 行.
NOTIC: [8] Undefined variable: article E:\xampp\htdocs\Application\Runtime\Cache\Keji\b32fe47e907d62adce1bf409344da857.php 第 354 行.
NOTIC: [8] Undefined variable: article E:\xampp\htdocs\Application\Runtime\Cache\Keji\b32fe47e907d62adce1bf409344da857.php 第 358 行.
NOTIC: [8] Undefined variable: article E:\xampp\htdocs\Application\Runtime\Cache\Keji\b32fe47e907d62adce1bf409344da857.php 第 362 行.
NOTIC: [8] Undefined variable: key E:\xampp\htdocs\Application\Runtime\Cache\Keji\b32fe47e907d62adce1bf409344da857.php 第 367 行.
NOTIC: [8] Undefined variable: key E:\xampp\htdocs\Application\Runtime\Cache\Keji\b32fe47e907d62adce1bf409344da857.php 第 368 行.
NOTIC: [8] Undefined variable: key E:\xampp\htdocs\Application\Runtime\Cache\Keji\b32fe47e907d62adce1bf409344da857.php 第 369 行.
NOTIC: [8] Undefined variable: article E:\xampp\htdocs\Application\Runtime\Cache\Keji\b32fe47e907d62adce1bf409344da857.php 第 376 行.
NOTIC: [8] Undefined variable: article E:\xampp\htdocs\Application\Runtime\Cache\Keji\b32fe47e907d62adce1bf409344da857.php 第 383 行.
NOTIC: [8] Undefined variable: article E:\xampp\htdocs\Application\Runtime\Cache\Keji\b32fe47e907d62adce1bf409344da857.php 第 384 行.
NOTIC: [8] Undefined variable: article E:\xampp\htdocs\Application\Runtime\Cache\Keji\b32fe47e907d62adce1bf409344da857.php 第 384 行.
NOTIC: [8] Undefined variable: article E:\xampp\htdocs\Application\Runtime\Cache\Keji\b32fe47e907d62adce1bf409344da857.php 第 399 行.
NOTIC: [8] Undefined variable: article E:\xampp\htdocs\Application\Runtime\Cache\Keji\b32fe47e907d62adce1bf409344da857.php 第 399 行.
NOTIC: [8] Undefined variable: article E:\xampp\htdocs\Application\Runtime\Cache\Keji\b32fe47e907d62adce1bf409344da857.php 第 400 行.
NOTIC: [8] Undefined variable: article E:\xampp\htdocs\Application\Runtime\Cache\Keji\b32fe47e907d62adce1bf409344da857.php 第 405 行.
INFO: Run Behavior\ParseTemplateBehavior [ RunTime:0.034990s ]
INFO: [ view_parse ] --END-- [ RunTime:0.035053s ]
INFO: [ view_filter ] --START--
INFO: Run Behavior\WriteHtmlCacheBehavior [ RunTime:0.000187s ]
INFO: [ view_filter ] --END-- [ RunTime:0.000226s ]
INFO: [ app_end ] --START--
INFO: Run Behavior\ShowPageTraceBehavior [ RunTime:0.000531s ]
INFO: [ app_end ] --END-- [ RunTime:0.000596s ]

[ 2015-03-20T11:43:53+08:00 ] 127.0.0.1 /index.php/Keji/News/edit
INFO: [ app_init ] --START--
INFO: Run Behavior\BuildLiteBehavior [ RunTime:0.000014s ]
INFO: [ app_init ] --END-- [ RunTime:0.000311s ]
INFO: [ app_begin ] --START--
INFO: Run Behavior\ReadHtmlCacheBehavior [ RunTime:0.000494s ]
INFO: [ app_begin ] --END-- [ RunTime:0.000562s ]
SQL: SHOW COLUMNS FROM `tk_innovation` [ RunTime:0.0023s ]
SQL: SELECT * FROM `tk_innovation` WHERE ( userid=1419066834 and status=0 )  [ RunTime:0.0004s ]
SQL: SHOW COLUMNS FROM `tk_company_kind` [ RunTime:0.0019s ]
SQL: SHOW COLUMNS FROM `tk_article` [ RunTime:0.0019s ]
SQL: SELECT * FROM `tk_company_kind`  [ RunTime:0.0004s ]
NOTIC: [8] Undefined index: id E:\xampp\htdocs\Application\Keji\Controller\NewsController.class.php 第 143 行.
INFO: [ view_parse ] --START--
INFO: [ template_filter ] --START--
INFO: Run Behavior\ContentReplaceBehavior [ RunTime:0.000147s ]
INFO: [ template_filter ] --END-- [ RunTime:0.000207s ]
NOTIC: [8] Undefined index: lb E:\xampp\htdocs\Application\Runtime\Cache\Keji\b32fe47e907d62adce1bf409344da857.php 第 176 行.
NOTIC: [8] Undefined index: lb E:\xampp\htdocs\Application\Runtime\Cache\Keji\b32fe47e907d62adce1bf409344da857.php 第 177 行.
NOTIC: [8] Undefined index: lb E:\xampp\htdocs\Application\Runtime\Cache\Keji\b32fe47e907d62adce1bf409344da857.php 第 179 行.
NOTIC: [8] Undefined index: lb E:\xampp\htdocs\Application\Runtime\Cache\Keji\b32fe47e907d62adce1bf409344da857.php 第 180 行.
NOTIC: [8] Undefined index: lb E:\xampp\htdocs\Application\Runtime\Cache\Keji\b32fe47e907d62adce1bf409344da857.php 第 181 行.
NOTIC: [8] Undefined index: lb E:\xampp\htdocs\Application\Runtime\Cache\Keji\b32fe47e907d62adce1bf409344da857.php 第 182 行.
NOTIC: [8] Undefined index: lb E:\xampp\htdocs\Application\Runtime\Cache\Keji\b32fe47e907d62adce1bf409344da857.php 第 183 行.
NOTIC: [8] Undefined index: lb E:\xampp\htdocs\Application\Runtime\Cache\Keji\b32fe47e907d62adce1bf409344da857.php 第 184 行.
NOTIC: [8] Undefined index: lb E:\xampp\htdocs\Application\Runtime\Cache\Keji\b32fe47e907d62adce1bf409344da857.php 第 185 行.
NOTIC: [8] Undefined index: lb E:\xampp\htdocs\Application\Runtime\Cache\Keji\b32fe47e907d62adce1bf409344da857.php 第 186 行.
NOTIC: [8] Undefined index: lb E:\xampp\htdocs\Application\Runtime\Cache\Keji\b32fe47e907d62adce1bf409344da857.php 第 191 行.
NOTIC: [8] Undefined index: lb E:\xampp\htdocs\Application\Runtime\Cache\Keji\b32fe47e907d62adce1bf409344da857.php 第 195 行.
NOTIC: [8] Undefined index: lb E:\xampp\htdocs\Application\Runtime\Cache\Keji\b32fe47e907d62adce1bf409344da857.php 第 197 行.
NOTIC: [8] Undefined index: lb E:\xampp\htdocs\Application\Runtime\Cache\Keji\b32fe47e907d62adce1bf409344da857.php 第 198 行.
NOTIC: [8] Undefined index: lb E:\xampp\htdocs\Application\Runtime\Cache\Keji\b32fe47e907d62adce1bf409344da857.php 第 199 行.
NOTIC: [8] Undefined variable: article E:\xampp\htdocs\Application\Runtime\Cache\Keji\b32fe47e907d62adce1bf409344da857.php 第 342 行.
NOTIC: [8] Undefined variable: article E:\xampp\htdocs\Application\Runtime\Cache\Keji\b32fe47e907d62adce1bf409344da857.php 第 348 行.
NOTIC: [8] Undefined variable: article E:\xampp\htdocs\Application\Runtime\Cache\Keji\b32fe47e907d62adce1bf409344da857.php 第 354 行.
NOTIC: [8] Undefined variable: article E:\xampp\htdocs\Application\Runtime\Cache\Keji\b32fe47e907d62adce1bf409344da857.php 第 358 行.
NOTIC: [8] Undefined variable: article E:\xampp\htdocs\Application\Runtime\Cache\Keji\b32fe47e907d62adce1bf409344da857.php 第 362 行.
NOTIC: [8] Undefined variable: key E:\xampp\htdocs\Application\Runtime\Cache\Keji\b32fe47e907d62adce1bf409344da857.php 第 367 行.
NOTIC: [8] Undefined variable: key E:\xampp\htdocs\Application\Runtime\Cache\Keji\b32fe47e907d62adce1bf409344da857.php 第 368 行.
NOTIC: [8] Undefined variable: key E:\xampp\htdocs\Application\Runtime\Cache\Keji\b32fe47e907d62adce1bf409344da857.php 第 369 行.
NOTIC: [8] Undefined variable: article E:\xampp\htdocs\Application\Runtime\Cache\Keji\b32fe47e907d62adce1bf409344da857.php 第 376 行.
NOTIC: [8] Undefined variable: article E:\xampp\htdocs\Application\Runtime\Cache\Keji\b32fe47e907d62adce1bf409344da857.php 第 383 行.
NOTIC: [8] Undefined variable: article E:\xampp\htdocs\Application\Runtime\Cache\Keji\b32fe47e907d62adce1bf409344da857.php 第 384 行.
NOTIC: [8] Undefined variable: article E:\xampp\htdocs\Application\Runtime\Cache\Keji\b32fe47e907d62adce1bf409344da857.php 第 384 行.
NOTIC: [8] Undefined variable: article E:\xampp\htdocs\Application\Runtime\Cache\Keji\b32fe47e907d62adce1bf409344da857.php 第 399 行.
NOTIC: [8] Undefined variable: article E:\xampp\htdocs\Application\Runtime\Cache\Keji\b32fe47e907d62adce1bf409344da857.php 第 399 行.
NOTIC: [8] Undefined variable: article E:\xampp\htdocs\Application\Runtime\Cache\Keji\b32fe47e907d62adce1bf409344da857.php 第 400 行.
NOTIC: [8] Undefined variable: article E:\xampp\htdocs\Application\Runtime\Cache\Keji\b32fe47e907d62adce1bf409344da857.php 第 405 行.
INFO: Run Behavior\ParseTemplateBehavior [ RunTime:0.028931s ]
INFO: [ view_parse ] --END-- [ RunTime:0.029019s ]
INFO: [ view_filter ] --START--
INFO: Run Behavior\WriteHtmlCacheBehavior [ RunTime:0.000191s ]
INFO: [ view_filter ] --END-- [ RunTime:0.000233s ]
INFO: [ app_end ] --START--
INFO: Run Behavior\ShowPageTraceBehavior [ RunTime:0.000416s ]
INFO: [ app_end ] --END-- [ RunTime:0.000472s ]

[ 2015-03-20T16:47:38+08:00 ] 127.0.0.1 /index.php/Keji/News/edit
INFO: [ app_init ] --START--
INFO: Run Behavior\BuildLiteBehavior [ RunTime:0.000042s ]
INFO: [ app_init ] --END-- [ RunTime:0.001090s ]
INFO: [ app_begin ] --START--
INFO: Run Behavior\ReadHtmlCacheBehavior [ RunTime:0.000974s ]
INFO: [ app_begin ] --END-- [ RunTime:0.001096s ]
SQL: SHOW COLUMNS FROM `tk_innovation` [ RunTime:0.0045s ]
SQL: SELECT * FROM `tk_innovation` WHERE ( userid=1419066834 and status=0 )  [ RunTime:0.0009s ]
SQL: SHOW COLUMNS FROM `tk_company_kind` [ RunTime:0.0043s ]
SQL: SHOW COLUMNS FROM `tk_article` [ RunTime:0.0046s ]
SQL: SELECT * FROM `tk_company_kind`  [ RunTime:0.0074s ]
NOTIC: [8] Undefined index: id E:\xampp\htdocs\Application\Keji\Controller\NewsController.class.php 第 143 行.
INFO: [ view_parse ] --START--
INFO: [ template_filter ] --START--
INFO: Run Behavior\ContentReplaceBehavior [ RunTime:0.000385s ]
INFO: [ template_filter ] --END-- [ RunTime:0.000524s ]
NOTIC: [8] Undefined index: lb E:\xampp\htdocs\Application\Runtime\Cache\Keji\b32fe47e907d62adce1bf409344da857.php 第 176 行.
NOTIC: [8] Undefined index: lb E:\xampp\htdocs\Application\Runtime\Cache\Keji\b32fe47e907d62adce1bf409344da857.php 第 177 行.
NOTIC: [8] Undefined index: lb E:\xampp\htdocs\Application\Runtime\Cache\Keji\b32fe47e907d62adce1bf409344da857.php 第 179 行.
NOTIC: [8] Undefined index: lb E:\xampp\htdocs\Application\Runtime\Cache\Keji\b32fe47e907d62adce1bf409344da857.php 第 180 行.
NOTIC: [8] Undefined index: lb E:\xampp\htdocs\Application\Runtime\Cache\Keji\b32fe47e907d62adce1bf409344da857.php 第 181 行.
NOTIC: [8] Undefined index: lb E:\xampp\htdocs\Application\Runtime\Cache\Keji\b32fe47e907d62adce1bf409344da857.php 第 182 行.
NOTIC: [8] Undefined index: lb E:\xampp\htdocs\Application\Runtime\Cache\Keji\b32fe47e907d62adce1bf409344da857.php 第 183 行.
NOTIC: [8] Undefined index: lb E:\xampp\htdocs\Application\Runtime\Cache\Keji\b32fe47e907d62adce1bf409344da857.php 第 184 行.
NOTIC: [8] Undefined index: lb E:\xampp\htdocs\Application\Runtime\Cache\Keji\b32fe47e907d62adce1bf409344da857.php 第 185 行.
NOTIC: [8] Undefined index: lb E:\xampp\htdocs\Application\Runtime\Cache\Keji\b32fe47e907d62adce1bf409344da857.php 第 186 行.
NOTIC: [8] Undefined index: lb E:\xampp\htdocs\Application\Runtime\Cache\Keji\b32fe47e907d62adce1bf409344da857.php 第 191 行.
NOTIC: [8] Undefined index: lb E:\xampp\htdocs\Application\Runtime\Cache\Keji\b32fe47e907d62adce1bf409344da857.php 第 195 行.
NOTIC: [8] Undefined index: lb E:\xampp\htdocs\Application\Runtime\Cache\Keji\b32fe47e907d62adce1bf409344da857.php 第 197 行.
NOTIC: [8] Undefined index: lb E:\xampp\htdocs\Application\Runtime\Cache\Keji\b32fe47e907d62adce1bf409344da857.php 第 198 行.
NOTIC: [8] Undefined index: lb E:\xampp\htdocs\Application\Runtime\Cache\Keji\b32fe47e907d62adce1bf409344da857.php 第 199 行.
NOTIC: [8] Undefined variable: article E:\xampp\htdocs\Application\Runtime\Cache\Keji\b32fe47e907d62adce1bf409344da857.php 第 342 行.
NOTIC: [8] Undefined variable: article E:\xampp\htdocs\Application\Runtime\Cache\Keji\b32fe47e907d62adce1bf409344da857.php 第 348 行.
NOTIC: [8] Undefined variable: article E:\xampp\htdocs\Application\Runtime\Cache\Keji\b32fe47e907d62adce1bf409344da857.php 第 354 行.
NOTIC: [8] Undefined variable: article E:\xampp\htdocs\Application\Runtime\Cache\Keji\b32fe47e907d62adce1bf409344da857.php 第 358 行.
NOTIC: [8] Undefined variable: article E:\xampp\htdocs\Application\Runtime\Cache\Keji\b32fe47e907d62adce1bf409344da857.php 第 362 行.
NOTIC: [8] Undefined variable: key E:\xampp\htdocs\Application\Runtime\Cache\Keji\b32fe47e907d62adce1bf409344da857.php 第 367 行.
NOTIC: [8] Undefined variable: key E:\xampp\htdocs\Application\Runtime\Cache\Keji\b32fe47e907d62adce1bf409344da857.php 第 368 行.
NOTIC: [8] Undefined variable: key E:\xampp\htdocs\Application\Runtime\Cache\Keji\b32fe47e907d62adce1bf409344da857.php 第 369 行.
NOTIC: [8] Undefined variable: article E:\xampp\htdocs\Application\Runtime\Cache\Keji\b32fe47e907d62adce1bf409344da857.php 第 376 行.
NOTIC: [8] Undefined variable: article E:\xampp\htdocs\Application\Runtime\Cache\Keji\b32fe47e907d62adce1bf409344da857.php 第 383 行.
NOTIC: [8] Undefined variable: article E:\xampp\htdocs\Application\Runtime\Cache\Keji\b32fe47e907d62adce1bf409344da857.php 第 384 行.
NOTIC: [8] Undefined variable: article E:\xampp\htdocs\Application\Runtime\Cache\Keji\b32fe47e907d62adce1bf409344da857.php 第 384 行.
NOTIC: [8] Undefined variable: article E:\xampp\htdocs\Application\Runtime\Cache\Keji\b32fe47e907d62adce1bf409344da857.php 第 399 行.
NOTIC: [8] Undefined variable: article E:\xampp\htdocs\Application\Runtime\Cache\Keji\b32fe47e907d62adce1bf409344da857.php 第 399 行.
NOTIC: [8] Undefined variable: article E:\xampp\htdocs\Application\Runtime\Cache\Keji\b32fe47e907d62adce1bf409344da857.php 第 400 行.
NOTIC: [8] Undefined variable: article E:\xampp\htdocs\Application\Runtime\Cache\Keji\b32fe47e907d62adce1bf409344da857.php 第 405 行.
INFO: Run Behavior\ParseTemplateBehavior [ RunTime:0.114164s ]
INFO: [ view_parse ] --END-- [ RunTime:0.114320s ]
INFO: [ view_filter ] --START--
INFO: Run Behavior\WriteHtmlCacheBehavior [ RunTime:0.000463s ]
INFO: [ view_filter ] --END-- [ RunTime:0.000575s ]
INFO: [ app_end ] --START--
INFO: Run Behavior\ShowPageTraceBehavior [ RunTime:0.001515s ]
INFO: [ app_end ] --END-- [ RunTime:0.001689s ]

[ 2015-03-20T17:53:27+08:00 ] 127.0.0.1 /index.php/Keji/User/Login/?returnurl=/online.php/Index/apply_b
INFO: [ app_init ] --START--
INFO: Run Behavior\BuildLiteBehavior [ RunTime:0.000020s ]
INFO: [ app_init ] --END-- [ RunTime:0.000432s ]
INFO: [ app_begin ] --START--
INFO: Run Behavior\ReadHtmlCacheBehavior [ RunTime:0.000648s ]
INFO: [ app_begin ] --END-- [ RunTime:0.000732s ]
SQL: SHOW COLUMNS FROM `tk_users` [ RunTime:0.0035s ]
INFO: [ view_parse ] --START--
INFO: [ template_filter ] --START--
INFO: Run Behavior\ContentReplaceBehavior [ RunTime:0.000064s ]
INFO: [ template_filter ] --END-- [ RunTime:0.000140s ]
NOTIC: [8] Undefined variable: error E:\xampp\htdocs\Application\Runtime\Cache\Keji\86d5dd770eb4c7d316070a0192309a62.php 第 72 行.
INFO: Run Behavior\ParseTemplateBehavior [ RunTime:0.009145s ]
INFO: [ view_parse ] --END-- [ RunTime:0.009221s ]
INFO: [ view_filter ] --START--
INFO: Run Behavior\WriteHtmlCacheBehavior [ RunTime:0.000241s ]
INFO: [ view_filter ] --END-- [ RunTime:0.000310s ]
INFO: [ app_end ] --START--
INFO: Run Behavior\ShowPageTraceBehavior [ RunTime:0.000591s ]
INFO: [ app_end ] --END-- [ RunTime:0.000709s ]

[ 2015-03-20T17:53:34+08:00 ] 127.0.0.1 /index.php/Keji/User/login
INFO: [ app_init ] --START--
INFO: Run Behavior\BuildLiteBehavior [ RunTime:0.000018s ]
INFO: [ app_init ] --END-- [ RunTime:0.000404s ]
INFO: [ app_begin ] --START--
INFO: Run Behavior\ReadHtmlCacheBehavior [ RunTime:0.000555s ]
INFO: [ app_begin ] --END-- [ RunTime:0.000628s ]
SQL: SHOW COLUMNS FROM `tk_users` [ RunTime:0.0033s ]
SQL: SELECT * FROM `tk_users` WHERE `NICKNAME` = 'cruxqixin' AND `PASSWORD` = '46f94c8de14fb36680850768ff1b7f2a' LIMIT 1   [ RunTime:0.0360s ]
SQL: SELECT * FROM `tk_users` WHERE `EMAIL` = 'cruxqixin' AND `PASSWORD` = '46f94c8de14fb36680850768ff1b7f2a' LIMIT 1   [ RunTime:0.0031s ]
INFO: [ view_parse ] --START--
INFO: [ template_filter ] --START--
INFO: Run Behavior\ContentReplaceBehavior [ RunTime:0.000097s ]
INFO: [ template_filter ] --END-- [ RunTime:0.000269s ]
INFO: Run Behavior\ParseTemplateBehavior [ RunTime:0.012588s ]
INFO: [ view_parse ] --END-- [ RunTime:0.012733s ]
INFO: [ view_filter ] --START--
INFO: Run Behavior\WriteHtmlCacheBehavior [ RunTime:0.000516s ]
INFO: [ view_filter ] --END-- [ RunTime:0.000748s ]
INFO: [ app_end ] --START--
INFO: Run Behavior\ShowPageTraceBehavior [ RunTime:0.001078s ]
INFO: [ app_end ] --END-- [ RunTime:0.001201s ]

[ 2015-03-20T17:53:35+08:00 ] 127.0.0.1 /index.php/Keji/News/index
INFO: [ app_init ] --START--
INFO: Run Behavior\BuildLiteBehavior [ RunTime:0.000021s ]
INFO: [ app_init ] --END-- [ RunTime:0.000500s ]
INFO: [ app_begin ] --START--
INFO: Run Behavior\ReadHtmlCacheBehavior [ RunTime:0.000694s ]
INFO: [ app_begin ] --END-- [ RunTime:0.000784s ]
NOTIC: [8] Undefined index: start_time E:\xampp\htdocs\Application\Keji\Controller\NewsController.class.php 第 16 行.
NOTIC: [8] Undefined index: end_time E:\xampp\htdocs\Application\Keji\Controller\NewsController.class.php 第 16 行.
NOTIC: [8] Undefined index: keyword E:\xampp\htdocs\Application\Keji\Controller\NewsController.class.php 第 21 行.
NOTIC: [8] Undefined index: start_time E:\xampp\htdocs\Application\Keji\Controller\NewsController.class.php 第 24 行.
NOTIC: [8] Undefined index: end_time E:\xampp\htdocs\Application\Keji\Controller\NewsController.class.php 第 25 行.
NOTIC: [8] Undefined index: keyword E:\xampp\htdocs\Application\Keji\Controller\NewsController.class.php 第 26 行.
SQL: SELECT COUNT(*) AS tp_count FROM `tk_article` WHERE `USERID` = 1419066834 AND `STATUS` = 0 LIMIT 1   [ RunTime:0.0005s ]
SQL: SELECT * FROM `tk_article` WHERE `USERID` = 1419066834 AND `STATUS` = 0 ORDER BY ID desc,ORD desc LIMIT 0,10   [ RunTime:0.0006s ]
SQL: SELECT COUNT(*) AS tp_count FROM `tk_article` WHERE `USERID` = 1419066834 AND `STATUS` = 1 LIMIT 1   [ RunTime:0.0002s ]
SQL: SELECT COUNT(*) AS tp_count FROM `tk_article` WHERE `USERID` = 1419066834 AND `STATUS` = 2 LIMIT 1   [ RunTime:0.0002s ]
INFO: [ view_parse ] --START--
INFO: [ template_filter ] --START--
INFO: Run Behavior\ContentReplaceBehavior [ RunTime:0.000150s ]
INFO: [ template_filter ] --END-- [ RunTime:0.000219s ]
NOTIC: [8] Undefined index: lb E:\xampp\htdocs\Application\Runtime\Cache\Keji\9dc413558868ea59bc27843435e8f1b5.php 第 145 行.
NOTIC: [8] Undefined index: lb E:\xampp\htdocs\Application\Runtime\Cache\Keji\9dc413558868ea59bc27843435e8f1b5.php 第 146 行.
NOTIC: [8] Undefined index: lb E:\xampp\htdocs\Application\Runtime\Cache\Keji\9dc413558868ea59bc27843435e8f1b5.php 第 148 行.
NOTIC: [8] Undefined index: lb E:\xampp\htdocs\Application\Runtime\Cache\Keji\9dc413558868ea59bc27843435e8f1b5.php 第 149 行.
NOTIC: [8] Undefined index: lb E:\xampp\htdocs\Application\Runtime\Cache\Keji\9dc413558868ea59bc27843435e8f1b5.php 第 150 行.
NOTIC: [8] Undefined index: lb E:\xampp\htdocs\Application\Runtime\Cache\Keji\9dc413558868ea59bc27843435e8f1b5.php 第 151 行.
NOTIC: [8] Undefined index: lb E:\xampp\htdocs\Application\Runtime\Cache\Keji\9dc413558868ea59bc27843435e8f1b5.php 第 152 行.
NOTIC: [8] Undefined index: lb E:\xampp\htdocs\Application\Runtime\Cache\Keji\9dc413558868ea59bc27843435e8f1b5.php 第 153 行.
NOTIC: [8] Undefined index: lb E:\xampp\htdocs\Application\Runtime\Cache\Keji\9dc413558868ea59bc27843435e8f1b5.php 第 154 行.
NOTIC: [8] Undefined index: lb E:\xampp\htdocs\Application\Runtime\Cache\Keji\9dc413558868ea59bc27843435e8f1b5.php 第 155 行.
NOTIC: [8] Undefined index: lb E:\xampp\htdocs\Application\Runtime\Cache\Keji\9dc413558868ea59bc27843435e8f1b5.php 第 160 行.
NOTIC: [8] Undefined index: lb E:\xampp\htdocs\Application\Runtime\Cache\Keji\9dc413558868ea59bc27843435e8f1b5.php 第 164 行.
NOTIC: [8] Undefined index: lb E:\xampp\htdocs\Application\Runtime\Cache\Keji\9dc413558868ea59bc27843435e8f1b5.php 第 166 行.
NOTIC: [8] Undefined index: lb E:\xampp\htdocs\Application\Runtime\Cache\Keji\9dc413558868ea59bc27843435e8f1b5.php 第 167 行.
NOTIC: [8] Undefined index: lb E:\xampp\htdocs\Application\Runtime\Cache\Keji\9dc413558868ea59bc27843435e8f1b5.php 第 168 行.
INFO: Run Behavior\ParseTemplateBehavior [ RunTime:0.031060s ]
INFO: [ view_parse ] --END-- [ RunTime:0.031123s ]
INFO: [ view_filter ] --START--
INFO: Run Behavior\WriteHtmlCacheBehavior [ RunTime:0.000223s ]
INFO: [ view_filter ] --END-- [ RunTime:0.000271s ]
INFO: [ app_end ] --START--
INFO: Run Behavior\ShowPageTraceBehavior [ RunTime:0.000450s ]
INFO: [ app_end ] --END-- [ RunTime:0.000502s ]

[ 2015-03-20T17:53:55+08:00 ] 127.0.0.1 /index.php/Keji/User/Login/?returnurl=/online.php/Index/apply_b
INFO: [ app_init ] --START--
INFO: Run Behavior\BuildLiteBehavior [ RunTime:0.000035s ]
INFO: [ app_init ] --END-- [ RunTime:0.000937s ]
INFO: [ app_begin ] --START--
INFO: Run Behavior\ReadHtmlCacheBehavior [ RunTime:0.001628s ]
INFO: [ app_begin ] --END-- [ RunTime:0.001773s ]
SQL: SHOW COLUMNS FROM `tk_users` [ RunTime:0.0063s ]
INFO: [ view_parse ] --START--
INFO: [ template_filter ] --START--
INFO: Run Behavior\ContentReplaceBehavior [ RunTime:0.000119s ]
INFO: [ template_filter ] --END-- [ RunTime:0.000271s ]
NOTIC: [8] Undefined variable: error E:\xampp\htdocs\Application\Runtime\Cache\Keji\86d5dd770eb4c7d316070a0192309a62.php 第 72 行.
INFO: Run Behavior\ParseTemplateBehavior [ RunTime:0.018416s ]
INFO: [ view_parse ] --END-- [ RunTime:0.018549s ]
INFO: [ view_filter ] --START--
INFO: Run Behavior\WriteHtmlCacheBehavior [ RunTime:0.000602s ]
INFO: [ view_filter ] --END-- [ RunTime:0.000719s ]
INFO: [ app_end ] --START--
INFO: Run Behavior\ShowPageTraceBehavior [ RunTime:0.001207s ]
INFO: [ app_end ] --END-- [ RunTime:0.001329s ]

[ 2015-03-20T17:53:56+08:00 ] 127.0.0.1 /index.php/Keji/User/Login/?returnurl=/online.php/Index/apply_b
INFO: [ app_init ] --START--
INFO: Run Behavior\BuildLiteBehavior [ RunTime:0.000030s ]
INFO: [ app_init ] --END-- [ RunTime:0.000682s ]
INFO: [ app_begin ] --START--
INFO: Run Behavior\ReadHtmlCacheBehavior [ RunTime:0.000949s ]
INFO: [ app_begin ] --END-- [ RunTime:0.001075s ]
SQL: SHOW COLUMNS FROM `tk_users` [ RunTime:0.0036s ]
INFO: [ view_parse ] --START--
INFO: [ template_filter ] --START--
INFO: Run Behavior\ContentReplaceBehavior [ RunTime:0.000071s ]
INFO: [ template_filter ] --END-- [ RunTime:0.000156s ]
NOTIC: [8] Undefined variable: error E:\xampp\htdocs\Application\Runtime\Cache\Keji\86d5dd770eb4c7d316070a0192309a62.php 第 72 行.
INFO: Run Behavior\ParseTemplateBehavior [ RunTime:0.009621s ]
INFO: [ view_parse ] --END-- [ RunTime:0.009701s ]
INFO: [ view_filter ] --START--
INFO: Run Behavior\WriteHtmlCacheBehavior [ RunTime:0.000370s ]
INFO: [ view_filter ] --END-- [ RunTime:0.000441s ]
INFO: [ app_end ] --START--
INFO: Run Behavior\ShowPageTraceBehavior [ RunTime:0.000646s ]
INFO: [ app_end ] --END-- [ RunTime:0.000768s ]

[ 2015-03-20T17:53:59+08:00 ] 127.0.0.1 /index.php/Keji/User/login
INFO: [ app_init ] --START--
INFO: Run Behavior\BuildLiteBehavior [ RunTime:0.000012s ]
INFO: [ app_init ] --END-- [ RunTime:0.000263s ]
INFO: [ app_begin ] --START--
INFO: Run Behavior\ReadHtmlCacheBehavior [ RunTime:0.000357s ]
INFO: [ app_begin ] --END-- [ RunTime:0.000406s ]
SQL: SHOW COLUMNS FROM `tk_users` [ RunTime:0.0023s ]
SQL: SELECT * FROM `tk_users` WHERE `NICKNAME` = 'cruxqixin' AND `PASSWORD` = '46f94c8de14fb36680850768ff1b7f2a' LIMIT 1   [ RunTime:0.0011s ]
SQL: SELECT * FROM `tk_users` WHERE `EMAIL` = 'cruxqixin' AND `PASSWORD` = '46f94c8de14fb36680850768ff1b7f2a' LIMIT 1   [ RunTime:0.0013s ]
INFO: [ view_parse ] --START--
INFO: [ template_filter ] --START--
INFO: Run Behavior\ContentReplaceBehavior [ RunTime:0.000037s ]
INFO: [ template_filter ] --END-- [ RunTime:0.000084s ]
INFO: Run Behavior\ParseTemplateBehavior [ RunTime:0.004460s ]
INFO: [ view_parse ] --END-- [ RunTime:0.004513s ]
INFO: [ view_filter ] --START--
INFO: Run Behavior\WriteHtmlCacheBehavior [ RunTime:0.000149s ]
INFO: [ view_filter ] --END-- [ RunTime:0.000189s ]
INFO: [ app_end ] --START--
INFO: Run Behavior\ShowPageTraceBehavior [ RunTime:0.000371s ]
INFO: [ app_end ] --END-- [ RunTime:0.000413s ]

[ 2015-03-20T17:54:01+08:00 ] 127.0.0.1 /index.php/Keji/News/index
INFO: [ app_init ] --START--
INFO: Run Behavior\BuildLiteBehavior [ RunTime:0.000032s ]
INFO: [ app_init ] --END-- [ RunTime:0.000736s ]
INFO: [ app_begin ] --START--
INFO: Run Behavior\ReadHtmlCacheBehavior [ RunTime:0.001077s ]
INFO: [ app_begin ] --END-- [ RunTime:0.001221s ]
NOTIC: [8] Undefined index: start_time E:\xampp\htdocs\Application\Keji\Controller\NewsController.class.php 第 16 行.
NOTIC: [8] Undefined index: end_time E:\xampp\htdocs\Application\Keji\Controller\NewsController.class.php 第 16 行.
NOTIC: [8] Undefined index: keyword E:\xampp\htdocs\Application\Keji\Controller\NewsController.class.php 第 21 行.
NOTIC: [8] Undefined index: start_time E:\xampp\htdocs\Application\Keji\Controller\NewsController.class.php 第 24 行.
NOTIC: [8] Undefined index: end_time E:\xampp\htdocs\Application\Keji\Controller\NewsController.class.php 第 25 行.
NOTIC: [8] Undefined index: keyword E:\xampp\htdocs\Application\Keji\Controller\NewsController.class.php 第 26 行.
SQL: SELECT COUNT(*) AS tp_count FROM `tk_article` WHERE `USERID` = 1419066834 AND `STATUS` = 0 LIMIT 1   [ RunTime:0.0009s ]
SQL: SELECT * FROM `tk_article` WHERE `USERID` = 1419066834 AND `STATUS` = 0 ORDER BY ID desc,ORD desc LIMIT 0,10   [ RunTime:0.0013s ]
SQL: SELECT COUNT(*) AS tp_count FROM `tk_article` WHERE `USERID` = 1419066834 AND `STATUS` = 1 LIMIT 1   [ RunTime:0.0007s ]
SQL: SELECT COUNT(*) AS tp_count FROM `tk_article` WHERE `USERID` = 1419066834 AND `STATUS` = 2 LIMIT 1   [ RunTime:0.0006s ]
INFO: [ view_parse ] --START--
INFO: [ template_filter ] --START--
INFO: Run Behavior\ContentReplaceBehavior [ RunTime:0.000223s ]
INFO: [ template_filter ] --END-- [ RunTime:0.000318s ]
NOTIC: [8] Undefined index: lb E:\xampp\htdocs\Application\Runtime\Cache\Keji\9dc413558868ea59bc27843435e8f1b5.php 第 145 行.
NOTIC: [8] Undefined index: lb E:\xampp\htdocs\Application\Runtime\Cache\Keji\9dc413558868ea59bc27843435e8f1b5.php 第 146 行.
NOTIC: [8] Undefined index: lb E:\xampp\htdocs\Application\Runtime\Cache\Keji\9dc413558868ea59bc27843435e8f1b5.php 第 148 行.
NOTIC: [8] Undefined index: lb E:\xampp\htdocs\Application\Runtime\Cache\Keji\9dc413558868ea59bc27843435e8f1b5.php 第 149 行.
NOTIC: [8] Undefined index: lb E:\xampp\htdocs\Application\Runtime\Cache\Keji\9dc413558868ea59bc27843435e8f1b5.php 第 150 行.
NOTIC: [8] Undefined index: lb E:\xampp\htdocs\Application\Runtime\Cache\Keji\9dc413558868ea59bc27843435e8f1b5.php 第 151 行.
NOTIC: [8] Undefined index: lb E:\xampp\htdocs\Application\Runtime\Cache\Keji\9dc413558868ea59bc27843435e8f1b5.php 第 152 行.
NOTIC: [8] Undefined index: lb E:\xampp\htdocs\Application\Runtime\Cache\Keji\9dc413558868ea59bc27843435e8f1b5.php 第 153 行.
NOTIC: [8] Undefined index: lb E:\xampp\htdocs\Application\Runtime\Cache\Keji\9dc413558868ea59bc27843435e8f1b5.php 第 154 行.
NOTIC: [8] Undefined index: lb E:\xampp\htdocs\Application\Runtime\Cache\Keji\9dc413558868ea59bc27843435e8f1b5.php 第 155 行.
NOTIC: [8] Undefined index: lb E:\xampp\htdocs\Application\Runtime\Cache\Keji\9dc413558868ea59bc27843435e8f1b5.php 第 160 行.
NOTIC: [8] Undefined index: lb E:\xampp\htdocs\Application\Runtime\Cache\Keji\9dc413558868ea59bc27843435e8f1b5.php 第 164 行.
NOTIC: [8] Undefined index: lb E:\xampp\htdocs\Application\Runtime\Cache\Keji\9dc413558868ea59bc27843435e8f1b5.php 第 166 行.
NOTIC: [8] Undefined index: lb E:\xampp\htdocs\Application\Runtime\Cache\Keji\9dc413558868ea59bc27843435e8f1b5.php 第 167 行.
NOTIC: [8] Undefined index: lb E:\xampp\htdocs\Application\Runtime\Cache\Keji\9dc413558868ea59bc27843435e8f1b5.php 第 168 行.
INFO: Run Behavior\ParseTemplateBehavior [ RunTime:0.065026s ]
INFO: [ view_parse ] --END-- [ RunTime:0.065144s ]
INFO: [ view_filter ] --START--
INFO: Run Behavior\WriteHtmlCacheBehavior [ RunTime:0.000291s ]
INFO: [ view_filter ] --END-- [ RunTime:0.000362s ]
INFO: [ app_end ] --START--
INFO: Run Behavior\ShowPageTraceBehavior [ RunTime:0.000757s ]
INFO: [ app_end ] --END-- [ RunTime:0.000874s ]

[ 2015-03-20T17:54:56+08:00 ] 127.0.0.1 /index.php/Keji/User/Login/?returnurl=/online.php/Index/apply_b
INFO: [ app_init ] --START--
INFO: Run Behavior\BuildLiteBehavior [ RunTime:0.000019s ]
INFO: [ app_init ] --END-- [ RunTime:0.000471s ]
INFO: [ app_begin ] --START--
INFO: Run Behavior\ReadHtmlCacheBehavior [ RunTime:0.000627s ]
INFO: [ app_begin ] --END-- [ RunTime:0.000708s ]
SQL: SHOW COLUMNS FROM `tk_users` [ RunTime:0.0037s ]
INFO: [ view_parse ] --START--
INFO: [ template_filter ] --START--
INFO: Run Behavior\ContentReplaceBehavior [ RunTime:0.000069s ]
INFO: [ template_filter ] --END-- [ RunTime:0.000150s ]
NOTIC: [8] Undefined variable: error E:\xampp\htdocs\Application\Runtime\Cache\Keji\86d5dd770eb4c7d316070a0192309a62.php 第 72 行.
INFO: Run Behavior\ParseTemplateBehavior [ RunTime:0.009403s ]
INFO: [ view_parse ] --END-- [ RunTime:0.009486s ]
INFO: [ view_filter ] --START--
INFO: Run Behavior\WriteHtmlCacheBehavior [ RunTime:0.000254s ]
INFO: [ view_filter ] --END-- [ RunTime:0.000323s ]
INFO: [ app_end ] --START--
INFO: Run Behavior\ShowPageTraceBehavior [ RunTime:0.000635s ]
INFO: [ app_end ] --END-- [ RunTime:0.000706s ]

[ 2015-03-20T17:55:04+08:00 ] 127.0.0.1 /index.php/Keji/User/login
INFO: [ app_init ] --START--
INFO: Run Behavior\BuildLiteBehavior [ RunTime:0.000018s ]
INFO: [ app_init ] --END-- [ RunTime:0.000403s ]
INFO: [ app_begin ] --START--
INFO: Run Behavior\ReadHtmlCacheBehavior [ RunTime:0.000557s ]
INFO: [ app_begin ] --END-- [ RunTime:0.000630s ]
SQL: SHOW COLUMNS FROM `tk_users` [ RunTime:0.0035s ]
SQL: SELECT * FROM `tk_users` WHERE `NICKNAME` = 'cruxqixin' AND `PASSWORD` = '46f94c8de14fb36680850768ff1b7f2a' LIMIT 1   [ RunTime:0.0016s ]
SQL: SELECT * FROM `tk_users` WHERE `EMAIL` = 'cruxqixin' AND `PASSWORD` = '46f94c8de14fb36680850768ff1b7f2a' LIMIT 1   [ RunTime:0.0020s ]
INFO: [ view_parse ] --START--
INFO: [ template_filter ] --START--
INFO: Run Behavior\ContentReplaceBehavior [ RunTime:0.000053s ]
INFO: [ template_filter ] --END-- [ RunTime:0.000131s ]
INFO: Run Behavior\ParseTemplateBehavior [ RunTime:0.007009s ]
INFO: [ view_parse ] --END-- [ RunTime:0.007085s ]
INFO: [ view_filter ] --START--
INFO: Run Behavior\WriteHtmlCacheBehavior [ RunTime:0.000232s ]
INFO: [ view_filter ] --END-- [ RunTime:0.000295s ]
INFO: [ app_end ] --START--
INFO: Run Behavior\ShowPageTraceBehavior [ RunTime:0.000620s ]
INFO: [ app_end ] --END-- [ RunTime:0.000692s ]

[ 2015-03-20T17:55:06+08:00 ] 127.0.0.1 /index.php/Keji/News/index
INFO: [ app_init ] --START--
INFO: Run Behavior\BuildLiteBehavior [ RunTime:0.000019s ]
INFO: [ app_init ] --END-- [ RunTime:0.000445s ]
INFO: [ app_begin ] --START--
INFO: Run Behavior\ReadHtmlCacheBehavior [ RunTime:0.000566s ]
INFO: [ app_begin ] --END-- [ RunTime:0.000640s ]
NOTIC: [8] Undefined index: start_time E:\xampp\htdocs\Application\Keji\Controller\NewsController.class.php 第 16 行.
NOTIC: [8] Undefined index: end_time E:\xampp\htdocs\Application\Keji\Controller\NewsController.class.php 第 16 行.
NOTIC: [8] Undefined index: keyword E:\xampp\htdocs\Application\Keji\Controller\NewsController.class.php 第 21 行.
NOTIC: [8] Undefined index: start_time E:\xampp\htdocs\Application\Keji\Controller\NewsController.class.php 第 24 行.
NOTIC: [8] Undefined index: end_time E:\xampp\htdocs\Application\Keji\Controller\NewsController.class.php 第 25 行.
NOTIC: [8] Undefined index: keyword E:\xampp\htdocs\Application\Keji\Controller\NewsController.class.php 第 26 行.
SQL: SELECT COUNT(*) AS tp_count FROM `tk_article` WHERE `USERID` = 1419066834 AND `STATUS` = 0 LIMIT 1   [ RunTime:0.0005s ]
SQL: SELECT * FROM `tk_article` WHERE `USERID` = 1419066834 AND `STATUS` = 0 ORDER BY ID desc,ORD desc LIMIT 0,10   [ RunTime:0.0008s ]
SQL: SELECT COUNT(*) AS tp_count FROM `tk_article` WHERE `USERID` = 1419066834 AND `STATUS` = 1 LIMIT 1   [ RunTime:0.0004s ]
SQL: SELECT COUNT(*) AS tp_count FROM `tk_article` WHERE `USERID` = 1419066834 AND `STATUS` = 2 LIMIT 1   [ RunTime:0.0003s ]
INFO: [ view_parse ] --START--
INFO: [ template_filter ] --START--
INFO: Run Behavior\ContentReplaceBehavior [ RunTime:0.000239s ]
INFO: [ template_filter ] --END-- [ RunTime:0.000339s ]
NOTIC: [8] Undefined index: lb E:\xampp\htdocs\Application\Runtime\Cache\Keji\9dc413558868ea59bc27843435e8f1b5.php 第 145 行.
NOTIC: [8] Undefined index: lb E:\xampp\htdocs\Application\Runtime\Cache\Keji\9dc413558868ea59bc27843435e8f1b5.php 第 146 行.
NOTIC: [8] Undefined index: lb E:\xampp\htdocs\Application\Runtime\Cache\Keji\9dc413558868ea59bc27843435e8f1b5.php 第 148 行.
NOTIC: [8] Undefined index: lb E:\xampp\htdocs\Application\Runtime\Cache\Keji\9dc413558868ea59bc27843435e8f1b5.php 第 149 行.
NOTIC: [8] Undefined index: lb E:\xampp\htdocs\Application\Runtime\Cache\Keji\9dc413558868ea59bc27843435e8f1b5.php 第 150 行.
NOTIC: [8] Undefined index: lb E:\xampp\htdocs\Application\Runtime\Cache\Keji\9dc413558868ea59bc27843435e8f1b5.php 第 151 行.
NOTIC: [8] Undefined index: lb E:\xampp\htdocs\Application\Runtime\Cache\Keji\9dc413558868ea59bc27843435e8f1b5.php 第 152 行.
NOTIC: [8] Undefined index: lb E:\xampp\htdocs\Application\Runtime\Cache\Keji\9dc413558868ea59bc27843435e8f1b5.php 第 153 行.
NOTIC: [8] Undefined index: lb E:\xampp\htdocs\Application\Runtime\Cache\Keji\9dc413558868ea59bc27843435e8f1b5.php 第 154 行.
NOTIC: [8] Undefined index: lb E:\xampp\htdocs\Application\Runtime\Cache\Keji\9dc413558868ea59bc27843435e8f1b5.php 第 155 行.
NOTIC: [8] Undefined index: lb E:\xampp\htdocs\Application\Runtime\Cache\Keji\9dc413558868ea59bc27843435e8f1b5.php 第 160 行.
NOTIC: [8] Undefined index: lb E:\xampp\htdocs\Application\Runtime\Cache\Keji\9dc413558868ea59bc27843435e8f1b5.php 第 164 行.
NOTIC: [8] Undefined index: lb E:\xampp\htdocs\Application\Runtime\Cache\Keji\9dc413558868ea59bc27843435e8f1b5.php 第 166 行.
NOTIC: [8] Undefined index: lb E:\xampp\htdocs\Application\Runtime\Cache\Keji\9dc413558868ea59bc27843435e8f1b5.php 第 167 行.
NOTIC: [8] Undefined index: lb E:\xampp\htdocs\Application\Runtime\Cache\Keji\9dc413558868ea59bc27843435e8f1b5.php 第 168 行.
INFO: Run Behavior\ParseTemplateBehavior [ RunTime:0.041074s ]
INFO: [ view_parse ] --END-- [ RunTime:0.041160s ]
INFO: [ view_filter ] --START--
INFO: Run Behavior\WriteHtmlCacheBehavior [ RunTime:0.000254s ]
INFO: [ view_filter ] --END-- [ RunTime:0.000317s ]
INFO: [ app_end ] --START--
INFO: Run Behavior\ShowPageTraceBehavior [ RunTime:0.000597s ]
INFO: [ app_end ] --END-- [ RunTime:0.000668s ]

