[ 2015-03-16T10:01:03+08:00 ] 127.0.0.1 /index.php/Keji/News/index/lb/xw
INFO: [ app_init ] --START--
INFO: Run Behavior\BuildLiteBehavior [ RunTime:0.000054s ]
INFO: [ app_init ] --END-- [ RunTime:0.001351s ]
INFO: [ app_begin ] --START--
INFO: Run Behavior\ReadHtmlCacheBehavior [ RunTime:0.001408s ]
INFO: [ app_begin ] --END-- [ RunTime:0.001637s ]
NOTIC: [8] Undefined index: start_time E:\xampp\htdocs\Application\Keji\Controller\NewsController.class.php 第 16 行.
NOTIC: [8] Undefined index: end_time E:\xampp\htdocs\Application\Keji\Controller\NewsController.class.php 第 16 行.
NOTIC: [8] Undefined index: keyword E:\xampp\htdocs\Application\Keji\Controller\NewsController.class.php 第 21 行.
NOTIC: [8] Undefined index: start_time E:\xampp\htdocs\Application\Keji\Controller\NewsController.class.php 第 24 行.
NOTIC: [8] Undefined index: end_time E:\xampp\htdocs\Application\Keji\Controller\NewsController.class.php 第 25 行.
NOTIC: [8] Undefined index: keyword E:\xampp\htdocs\Application\Keji\Controller\NewsController.class.php 第 26 行.
SQL: SELECT COUNT(*) AS tp_count FROM `tk_article` WHERE `USERID` = 1419066834 AND `STATUS` = 0 LIMIT 1   [ RunTime:0.0124s ]
SQL: SELECT * FROM `tk_article` WHERE `USERID` = 1419066834 AND `STATUS` = 0 ORDER BY ID desc,ORD desc LIMIT 0,10   [ RunTime:0.0015s ]
SQL: SELECT COUNT(*) AS tp_count FROM `tk_article` WHERE `USERID` = 1419066834 AND `STATUS` = 1 LIMIT 1   [ RunTime:0.0008s ]
SQL: SELECT COUNT(*) AS tp_count FROM `tk_article` WHERE `USERID` = 1419066834 AND `STATUS` = 2 LIMIT 1   [ RunTime:0.0008s ]
INFO: [ view_parse ] --START--
INFO: [ template_filter ] --START--
INFO: Run Behavior\ContentReplaceBehavior [ RunTime:0.000399s ]
INFO: [ template_filter ] --END-- [ RunTime:0.001245s ]
INFO: Run Behavior\ParseTemplateBehavior [ RunTime:0.131200s ]
INFO: [ view_parse ] --END-- [ RunTime:0.131392s ]
INFO: [ view_filter ] --START--
INFO: Run Behavior\WriteHtmlCacheBehavior [ RunTime:0.000582s ]
INFO: [ view_filter ] --END-- [ RunTime:0.000696s ]
INFO: [ app_end ] --START--
INFO: Run Behavior\ShowPageTraceBehavior [ RunTime:0.001368s ]
INFO: [ app_end ] --END-- [ RunTime:0.001505s ]

[ 2015-03-16T16:07:31+08:00 ] 127.0.0.1 /index.php/Keji/User/Login
INFO: [ app_init ] --START--
INFO: Run Behavior\BuildLiteBehavior [ RunTime:0.000012s ]
INFO: [ app_init ] --END-- [ RunTime:0.000264s ]
INFO: [ app_begin ] --START--
INFO: Run Behavior\ReadHtmlCacheBehavior [ RunTime:0.000355s ]
INFO: [ app_begin ] --END-- [ RunTime:0.000399s ]
SQL: SHOW COLUMNS FROM `tk_users` [ RunTime:0.0023s ]
INFO: [ view_parse ] --START--
INFO: [ template_filter ] --START--
INFO: Run Behavior\ContentReplaceBehavior [ RunTime:0.000044s ]
INFO: [ template_filter ] --END-- [ RunTime:0.000105s ]
NOTIC: [8] Undefined variable: error E:\xampp\htdocs\Application\Runtime\Cache\Keji\86d5dd770eb4c7d316070a0192309a62.php 第 72 行.
INFO: Run Behavior\ParseTemplateBehavior [ RunTime:0.019572s ]
INFO: [ view_parse ] --END-- [ RunTime:0.019632s ]
INFO: [ view_filter ] --START--
INFO: Run Behavior\WriteHtmlCacheBehavior [ RunTime:0.000258s ]
INFO: [ view_filter ] --END-- [ RunTime:0.000298s ]
INFO: [ app_end ] --START--
INFO: Run Behavior\ShowPageTraceBehavior [ RunTime:0.000478s ]
INFO: [ app_end ] --END-- [ RunTime:0.000519s ]

[ 2015-03-16T16:07:39+08:00 ] 127.0.0.1 /index.php/Keji/User/login
INFO: [ app_init ] --START--
INFO: Run Behavior\BuildLiteBehavior [ RunTime:0.000012s ]
INFO: [ app_init ] --END-- [ RunTime:0.000248s ]
INFO: [ app_begin ] --START--
INFO: Run Behavior\ReadHtmlCacheBehavior [ RunTime:0.000336s ]
INFO: [ app_begin ] --END-- [ RunTime:0.000381s ]
SQL: SHOW COLUMNS FROM `tk_users` [ RunTime:0.0024s ]
SQL: SELECT * FROM `tk_users` WHERE `NICKNAME` = 'cruxqixin' AND `PASSWORD` = '46f94c8de14fb36680850768ff1b7f2a' LIMIT 1   [ RunTime:0.0517s ]
SQL: SELECT * FROM `tk_users` WHERE `EMAIL` = 'cruxqixin' AND `PASSWORD` = '46f94c8de14fb36680850768ff1b7f2a' LIMIT 1   [ RunTime:0.0077s ]
INFO: [ view_parse ] --START--
INFO: [ template_filter ] --START--
INFO: Run Behavior\ContentReplaceBehavior [ RunTime:0.000053s ]
INFO: [ template_filter ] --END-- [ RunTime:0.000137s ]
INFO: Run Behavior\ParseTemplateBehavior [ RunTime:0.018744s ]
INFO: [ view_parse ] --END-- [ RunTime:0.018825s ]
INFO: [ view_filter ] --START--
INFO: Run Behavior\WriteHtmlCacheBehavior [ RunTime:0.000303s ]
INFO: [ view_filter ] --END-- [ RunTime:0.000360s ]
INFO: [ app_end ] --START--
INFO: Run Behavior\ShowPageTraceBehavior [ RunTime:0.000576s ]
INFO: [ app_end ] --END-- [ RunTime:0.000632s ]

[ 2015-03-16T16:07:40+08:00 ] 127.0.0.1 /index.php/Keji/News/index
INFO: [ app_init ] --START--
INFO: Run Behavior\BuildLiteBehavior [ RunTime:0.000012s ]
INFO: [ app_init ] --END-- [ RunTime:0.000266s ]
INFO: [ app_begin ] --START--
INFO: Run Behavior\ReadHtmlCacheBehavior [ RunTime:0.000580s ]
INFO: [ app_begin ] --END-- [ RunTime:0.000650s ]
NOTIC: [8] Undefined index: start_time E:\xampp\htdocs\Application\Keji\Controller\NewsController.class.php 第 16 行.
NOTIC: [8] Undefined index: end_time E:\xampp\htdocs\Application\Keji\Controller\NewsController.class.php 第 16 行.
NOTIC: [8] Undefined index: keyword E:\xampp\htdocs\Application\Keji\Controller\NewsController.class.php 第 21 行.
NOTIC: [8] Undefined index: start_time E:\xampp\htdocs\Application\Keji\Controller\NewsController.class.php 第 24 行.
NOTIC: [8] Undefined index: end_time E:\xampp\htdocs\Application\Keji\Controller\NewsController.class.php 第 25 行.
NOTIC: [8] Undefined index: keyword E:\xampp\htdocs\Application\Keji\Controller\NewsController.class.php 第 26 行.
SQL: SELECT COUNT(*) AS tp_count FROM `tk_article` WHERE `USERID` = 1419066834 AND `STATUS` = 0 LIMIT 1   [ RunTime:0.0004s ]
SQL: SELECT * FROM `tk_article` WHERE `USERID` = 1419066834 AND `STATUS` = 0 ORDER BY ID desc,ORD desc LIMIT 0,10   [ RunTime:0.0005s ]
SQL: SELECT COUNT(*) AS tp_count FROM `tk_article` WHERE `USERID` = 1419066834 AND `STATUS` = 1 LIMIT 1   [ RunTime:0.0003s ]
SQL: SELECT COUNT(*) AS tp_count FROM `tk_article` WHERE `USERID` = 1419066834 AND `STATUS` = 2 LIMIT 1   [ RunTime:0.0002s ]
INFO: [ view_parse ] --START--
INFO: [ template_filter ] --START--
INFO: Run Behavior\ContentReplaceBehavior [ RunTime:0.000124s ]
INFO: [ template_filter ] --END-- [ RunTime:0.000181s ]
NOTIC: [8] Undefined index: lb E:\xampp\htdocs\Application\Runtime\Cache\Keji\9dc413558868ea59bc27843435e8f1b5.php 第 145 行.
NOTIC: [8] Undefined index: lb E:\xampp\htdocs\Application\Runtime\Cache\Keji\9dc413558868ea59bc27843435e8f1b5.php 第 146 行.
NOTIC: [8] Undefined index: lb E:\xampp\htdocs\Application\Runtime\Cache\Keji\9dc413558868ea59bc27843435e8f1b5.php 第 148 行.
NOTIC: [8] Undefined index: lb E:\xampp\htdocs\Application\Runtime\Cache\Keji\9dc413558868ea59bc27843435e8f1b5.php 第 149 行.
NOTIC: [8] Undefined index: lb E:\xampp\htdocs\Application\Runtime\Cache\Keji\9dc413558868ea59bc27843435e8f1b5.php 第 150 行.
NOTIC: [8] Undefined index: lb E:\xampp\htdocs\Application\Runtime\Cache\Keji\9dc413558868ea59bc27843435e8f1b5.php 第 151 行.
NOTIC: [8] Undefined index: lb E:\xampp\htdocs\Application\Runtime\Cache\Keji\9dc413558868ea59bc27843435e8f1b5.php 第 152 行.
NOTIC: [8] Undefined index: lb E:\xampp\htdocs\Application\Runtime\Cache\Keji\9dc413558868ea59bc27843435e8f1b5.php 第 153 行.
NOTIC: [8] Undefined index: lb E:\xampp\htdocs\Application\Runtime\Cache\Keji\9dc413558868ea59bc27843435e8f1b5.php 第 154 行.
NOTIC: [8] Undefined index: lb E:\xampp\htdocs\Application\Runtime\Cache\Keji\9dc413558868ea59bc27843435e8f1b5.php 第 155 行.
NOTIC: [8] Undefined index: lb E:\xampp\htdocs\Application\Runtime\Cache\Keji\9dc413558868ea59bc27843435e8f1b5.php 第 160 行.
NOTIC: [8] Undefined index: lb E:\xampp\htdocs\Application\Runtime\Cache\Keji\9dc413558868ea59bc27843435e8f1b5.php 第 164 行.
NOTIC: [8] Undefined index: lb E:\xampp\htdocs\Application\Runtime\Cache\Keji\9dc413558868ea59bc27843435e8f1b5.php 第 166 行.
NOTIC: [8] Undefined index: lb E:\xampp\htdocs\Application\Runtime\Cache\Keji\9dc413558868ea59bc27843435e8f1b5.php 第 167 行.
NOTIC: [8] Undefined index: lb E:\xampp\htdocs\Application\Runtime\Cache\Keji\9dc413558868ea59bc27843435e8f1b5.php 第 168 行.
INFO: Run Behavior\ParseTemplateBehavior [ RunTime:0.025646s ]
INFO: [ view_parse ] --END-- [ RunTime:0.025702s ]
INFO: [ view_filter ] --START--
INFO: Run Behavior\WriteHtmlCacheBehavior [ RunTime:0.000160s ]
INFO: [ view_filter ] --END-- [ RunTime:0.000198s ]
INFO: [ app_end ] --START--
INFO: Run Behavior\ShowPageTraceBehavior [ RunTime:0.000492s ]
INFO: [ app_end ] --END-- [ RunTime:0.000555s ]

