[ 2015-03-17T10:20:59+08:00 ] 127.0.0.1 /index.php/Keji/News/index/lb/xw
INFO: [ app_init ] --START--
INFO: Run Behavior\BuildLiteBehavior [ RunTime:0.000015s ]
INFO: [ app_init ] --END-- [ RunTime:0.000516s ]
INFO: [ app_begin ] --START--
INFO: Run Behavior\ReadHtmlCacheBehavior [ RunTime:0.000354s ]
INFO: [ app_begin ] --END-- [ RunTime:0.000399s ]
NOTIC: [8] Undefined index: start_time E:\xampp\htdocs\Application\Keji\Controller\NewsController.class.php 第 16 行.
NOTIC: [8] Undefined index: end_time E:\xampp\htdocs\Application\Keji\Controller\NewsController.class.php 第 16 行.
NOTIC: [8] Undefined index: keyword E:\xampp\htdocs\Application\Keji\Controller\NewsController.class.php 第 21 行.
NOTIC: [8] Undefined index: start_time E:\xampp\htdocs\Application\Keji\Controller\NewsController.class.php 第 24 行.
NOTIC: [8] Undefined index: end_time E:\xampp\htdocs\Application\Keji\Controller\NewsController.class.php 第 25 行.
NOTIC: [8] Undefined index: keyword E:\xampp\htdocs\Application\Keji\Controller\NewsController.class.php 第 26 行.
SQL: SELECT COUNT(*) AS tp_count FROM `tk_article` WHERE `USERID` = 1419066834 AND `STATUS` = 0 LIMIT 1   [ RunTime:0.0009s ]
SQL: SELECT * FROM `tk_article` WHERE `USERID` = 1419066834 AND `STATUS` = 0 ORDER BY ID desc,ORD desc LIMIT 0,10   [ RunTime:0.0014s ]
SQL: SELECT COUNT(*) AS tp_count FROM `tk_article` WHERE `USERID` = 1419066834 AND `STATUS` = 1 LIMIT 1   [ RunTime:0.0008s ]
SQL: SELECT COUNT(*) AS tp_count FROM `tk_article` WHERE `USERID` = 1419066834 AND `STATUS` = 2 LIMIT 1   [ RunTime:0.0008s ]
INFO: [ view_parse ] --START--
INFO: [ template_filter ] --START--
INFO: Run Behavior\ContentReplaceBehavior [ RunTime:0.000252s ]
INFO: [ template_filter ] --END-- [ RunTime:0.000346s ]
INFO: Run Behavior\ParseTemplateBehavior [ RunTime:0.090054s ]
INFO: [ view_parse ] --END-- [ RunTime:0.090203s ]
INFO: [ view_filter ] --START--
INFO: Run Behavior\WriteHtmlCacheBehavior [ RunTime:0.000282s ]
INFO: [ view_filter ] --END-- [ RunTime:0.000350s ]
INFO: [ app_end ] --START--
INFO: Run Behavior\ShowPageTraceBehavior [ RunTime:0.000923s ]
INFO: [ app_end ] --END-- [ RunTime:0.001022s ]

