[ 2015-03-06T08:19:40+08:00 ] 127.0.0.1 /index.php/Keji/User/Verifyemail
INFO: [ app_init ] --START--
INFO: Run Behavior\BuildLiteBehavior [ RunTime:0.000019s ]
INFO: [ app_init ] --END-- [ RunTime:0.007183s ]
INFO: [ app_begin ] --START--
INFO: Run Behavior\ReadHtmlCacheBehavior [ RunTime:0.042783s ]
INFO: [ app_begin ] --END-- [ RunTime:0.042876s ]
NOTIC: [8] Undefined offset: 1 E:\xampp\htdocs\Application\Keji\Controller\UserController.class.php 第 198 行.
INFO: [ view_parse ] --START--
INFO: [ template_filter ] --START--
INFO: Run Behavior\ContentReplaceBehavior [ RunTime:0.000064s ]
INFO: [ template_filter ] --END-- [ RunTime:0.000151s ]
NOTIC: [8] Undefined variable: keycode E:\xampp\htdocs\Application\Runtime\Cache\Keji\b8fe7fa4c9d4aa6515d459f8136b64c2.php 第 47 行.
INFO: Run Behavior\ParseTemplateBehavior [ RunTime:0.239702s ]
INFO: [ view_parse ] --END-- [ RunTime:0.239830s ]
INFO: [ view_filter ] --START--
INFO: Run Behavior\WriteHtmlCacheBehavior [ RunTime:0.055714s ]
INFO: [ view_filter ] --END-- [ RunTime:0.055870s ]
INFO: [ app_end ] --START--
INFO: Run Behavior\ShowPageTraceBehavior [ RunTime:0.007047s ]
INFO: [ app_end ] --END-- [ RunTime:0.007213s ]

[ 2015-03-06T08:19:40+08:00 ] 127.0.0.1 /index.php/Keji/User/images/img_20.jpg
INFO: [ app_init ] --START--
INFO: Run Behavior\BuildLiteBehavior [ RunTime:0.000010s ]
INFO: [ app_init ] --END-- [ RunTime:0.000239s ]

[ 2015-03-06T10:32:13+08:00 ] 127.0.0.1 /index.php/Keji/User/Verifyemail
INFO: [ app_init ] --START--
INFO: Run Behavior\BuildLiteBehavior [ RunTime:0.000021s ]
INFO: [ app_init ] --END-- [ RunTime:0.000648s ]
INFO: [ app_begin ] --START--
INFO: Run Behavior\ReadHtmlCacheBehavior [ RunTime:0.000708s ]
INFO: [ app_begin ] --END-- [ RunTime:0.000775s ]
NOTIC: [8] Undefined offset: 1 E:\xampp\htdocs\Application\Keji\Controller\UserController.class.php 第 198 行.
INFO: [ view_parse ] --START--
INFO: [ template_filter ] --START--
INFO: Run Behavior\ContentReplaceBehavior [ RunTime:0.000046s ]
INFO: [ template_filter ] --END-- [ RunTime:0.000110s ]
NOTIC: [8] Undefined variable: keycode E:\xampp\htdocs\Application\Runtime\Cache\Keji\b8fe7fa4c9d4aa6515d459f8136b64c2.php 第 47 行.
INFO: Run Behavior\ParseTemplateBehavior [ RunTime:0.028108s ]
INFO: [ view_parse ] --END-- [ RunTime:0.028154s ]
INFO: [ view_filter ] --START--
INFO: Run Behavior\WriteHtmlCacheBehavior [ RunTime:0.000424s ]
INFO: [ view_filter ] --END-- [ RunTime:0.000466s ]
INFO: [ app_end ] --START--
INFO: Run Behavior\ShowPageTraceBehavior [ RunTime:0.000651s ]
INFO: [ app_end ] --END-- [ RunTime:0.000696s ]

[ 2015-03-06T10:32:13+08:00 ] 127.0.0.1 /index.php/Keji/User/images/img_20.jpg
INFO: [ app_init ] --START--
INFO: Run Behavior\BuildLiteBehavior [ RunTime:0.000020s ]
INFO: [ app_init ] --END-- [ RunTime:0.000403s ]

[ 2015-03-06T13:08:37+08:00 ] 127.0.0.1 /index.php/Keji/User/Verifyemail
INFO: [ app_init ] --START--
INFO: Run Behavior\BuildLiteBehavior [ RunTime:0.000013s ]
INFO: [ app_init ] --END-- [ RunTime:0.000284s ]
INFO: [ app_begin ] --START--
INFO: Run Behavior\ReadHtmlCacheBehavior [ RunTime:0.000512s ]
INFO: [ app_begin ] --END-- [ RunTime:0.000566s ]
NOTIC: [8] Undefined offset: 1 E:\xampp\htdocs\Application\Keji\Controller\UserController.class.php 第 198 行.
INFO: [ view_parse ] --START--
INFO: [ template_filter ] --START--
INFO: Run Behavior\ContentReplaceBehavior [ RunTime:0.000059s ]
INFO: [ template_filter ] --END-- [ RunTime:0.000114s ]
NOTIC: [8] Undefined variable: keycode E:\xampp\htdocs\Application\Runtime\Cache\Keji\b8fe7fa4c9d4aa6515d459f8136b64c2.php 第 47 行.
INFO: Run Behavior\ParseTemplateBehavior [ RunTime:0.007244s ]
INFO: [ view_parse ] --END-- [ RunTime:0.007287s ]
INFO: [ view_filter ] --START--
INFO: Run Behavior\WriteHtmlCacheBehavior [ RunTime:0.000250s ]
INFO: [ view_filter ] --END-- [ RunTime:0.000286s ]
INFO: [ app_end ] --START--
INFO: Run Behavior\ShowPageTraceBehavior [ RunTime:0.000424s ]
INFO: [ app_end ] --END-- [ RunTime:0.000463s ]

[ 2015-03-06T13:08:38+08:00 ] 127.0.0.1 /index.php/Keji/User/images/img_20.jpg
INFO: [ app_init ] --START--
INFO: Run Behavior\BuildLiteBehavior [ RunTime:0.000013s ]
INFO: [ app_init ] --END-- [ RunTime:0.000270s ]

[ 2015-03-06T13:08:38+08:00 ] 127.0.0.1 /index.php/Keji/User/images/img_20.jpg
INFO: [ app_init ] --START--
INFO: Run Behavior\BuildLiteBehavior [ RunTime:0.000014s ]
INFO: [ app_init ] --END-- [ RunTime:0.000273s ]

[ 2015-03-06T13:30:33+08:00 ] 127.0.0.1 /index.php/keji
INFO: [ app_init ] --START--
INFO: Run Behavior\BuildLiteBehavior [ RunTime:0.000013s ]
INFO: [ app_init ] --END-- [ RunTime:0.000275s ]
INFO: [ app_begin ] --START--
INFO: Run Behavior\ReadHtmlCacheBehavior [ RunTime:0.000410s ]
INFO: [ app_begin ] --END-- [ RunTime:0.000454s ]
ERR: 无法加载控制器:Zixun

[ 2015-03-06T13:30:44+08:00 ] 127.0.0.1 /index.php/keji/user/login
INFO: [ app_init ] --START--
INFO: Run Behavior\BuildLiteBehavior [ RunTime:0.000017s ]
INFO: [ app_init ] --END-- [ RunTime:0.000365s ]
INFO: [ app_begin ] --START--
INFO: Run Behavior\ReadHtmlCacheBehavior [ RunTime:0.000509s ]
INFO: [ app_begin ] --END-- [ RunTime:0.000576s ]
SQL: SHOW COLUMNS FROM `tk_users` [ RunTime:0.0512s ]
INFO: [ view_parse ] --START--
INFO: [ template_filter ] --START--
INFO: Run Behavior\ContentReplaceBehavior [ RunTime:0.000100s ]
INFO: [ template_filter ] --END-- [ RunTime:0.000260s ]
NOTIC: [8] Undefined variable: error E:\xampp\htdocs\Application\Runtime\Cache\Keji\16b80ec6f7d7bcbd9973fc2021d9a077.php 第 72 行.
INFO: Run Behavior\ParseTemplateBehavior [ RunTime:0.032573s ]
INFO: [ view_parse ] --END-- [ RunTime:0.032693s ]
INFO: [ view_filter ] --START--
INFO: Run Behavior\WriteHtmlCacheBehavior [ RunTime:0.000488s ]
INFO: [ view_filter ] --END-- [ RunTime:0.000579s ]
INFO: [ app_end ] --START--
INFO: Run Behavior\ShowPageTraceBehavior [ RunTime:0.000985s ]
INFO: [ app_end ] --END-- [ RunTime:0.001078s ]

