[ 2015-03-12T21:16:32+08:00 ] 127.0.0.1 /index.php/keji/user/login
INFO: [ app_init ] --START--
INFO: Run Behavior\BuildLiteBehavior [ RunTime:0.000015s ]
INFO: [ app_init ] --END-- [ RunTime:0.000581s ]
INFO: [ app_begin ] --START--
INFO: Run Behavior\ReadHtmlCacheBehavior [ RunTime:0.000737s ]
INFO: [ app_begin ] --END-- [ RunTime:0.000801s ]
SQL: SHOW COLUMNS FROM `tk_users` [ RunTime:0.0053s ]
INFO: [ view_parse ] --START--
INFO: [ template_filter ] --START--
INFO: Run Behavior\ContentReplaceBehavior [ RunTime:0.000043s ]
INFO: [ template_filter ] --END-- [ RunTime:0.000102s ]
NOTIC: [8] Undefined variable: error E:\xampp\htdocs\Application\Runtime\Cache\Keji\16b80ec6f7d7bcbd9973fc2021d9a077.php 第 72 行.
INFO: Run Behavior\ParseTemplateBehavior [ RunTime:0.012979s ]
INFO: [ view_parse ] --END-- [ RunTime:0.013042s ]
INFO: [ view_filter ] --START--
INFO: Run Behavior\WriteHtmlCacheBehavior [ RunTime:0.000347s ]
INFO: [ view_filter ] --END-- [ RunTime:0.000385s ]
INFO: [ app_end ] --START--
INFO: Run Behavior\ShowPageTraceBehavior [ RunTime:0.000540s ]
INFO: [ app_end ] --END-- [ RunTime:0.000581s ]

[ 2015-03-12T21:16:47+08:00 ] 127.0.0.1 /index.php/Keji/User/register
INFO: [ app_init ] --START--
INFO: Run Behavior\BuildLiteBehavior [ RunTime:0.000013s ]
INFO: [ app_init ] --END-- [ RunTime:0.000377s ]
INFO: [ app_begin ] --START--
INFO: Run Behavior\ReadHtmlCacheBehavior [ RunTime:0.000663s ]
INFO: [ app_begin ] --END-- [ RunTime:0.000713s ]
SQL: SHOW COLUMNS FROM `tk_users` [ RunTime:0.0069s ]
SQL: SHOW COLUMNS FROM `tk_company_goods_kind` [ RunTime:0.0041s ]
SQL: SELECT * FROM `tk_company_goods_kind` WHERE ( KTYPE=0  )  [ RunTime:0.0355s ]
NOTIC: [8] Undefined index: type E:\xampp\htdocs\Application\Keji\Controller\UserController.class.php 第 105 行.
INFO: [ view_parse ] --START--
INFO: [ template_filter ] --START--
INFO: Run Behavior\ContentReplaceBehavior [ RunTime:0.000107s ]
INFO: [ template_filter ] --END-- [ RunTime:0.000190s ]
NOTIC: [8] Use of undefined constant url_model - assumed 'url_model' E:\xampp\htdocs\Application\Runtime\Cache\Keji\de0edf6ebfb0b7b4ef74cc58d66971d7.php 第 335 行.
NOTIC: [8] Undefined variable: type E:\xampp\htdocs\Application\Runtime\Cache\Keji\de0edf6ebfb0b7b4ef74cc58d66971d7.php 第 341 行.
INFO: Run Behavior\ParseTemplateBehavior [ RunTime:0.035116s ]
INFO: [ view_parse ] --END-- [ RunTime:0.035259s ]
INFO: [ view_filter ] --START--
INFO: Run Behavior\WriteHtmlCacheBehavior [ RunTime:0.000452s ]
INFO: [ view_filter ] --END-- [ RunTime:0.000502s ]
INFO: [ app_end ] --START--
INFO: Run Behavior\ShowPageTraceBehavior [ RunTime:0.000722s ]
INFO: [ app_end ] --END-- [ RunTime:0.000780s ]

[ 2015-03-12T21:18:24+08:00 ] 127.0.0.1 /index.php/Keji/User/register
INFO: [ app_init ] --START--
INFO: Run Behavior\BuildLiteBehavior [ RunTime:0.000020s ]
INFO: [ app_init ] --END-- [ RunTime:0.000583s ]
INFO: [ app_begin ] --START--
INFO: Run Behavior\ReadHtmlCacheBehavior [ RunTime:0.000730s ]
INFO: [ app_begin ] --END-- [ RunTime:0.000816s ]
SQL: SHOW COLUMNS FROM `tk_users` [ RunTime:0.0252s ]
SQL: SHOW COLUMNS FROM `tk_company_goods_kind` [ RunTime:0.0036s ]
SQL: SELECT * FROM `tk_company_goods_kind` WHERE ( KTYPE=0  )  [ RunTime:0.0006s ]
NOTIC: [8] Undefined index: type E:\xampp\htdocs\Application\Keji\Controller\UserController.class.php 第 105 行.
INFO: [ view_parse ] --START--
INFO: [ template_filter ] --START--
INFO: Run Behavior\ContentReplaceBehavior [ RunTime:0.000068s ]
INFO: [ template_filter ] --END-- [ RunTime:0.000119s ]
NOTIC: [8] Use of undefined constant url_model - assumed 'url_model' E:\xampp\htdocs\Application\Runtime\Cache\Keji\de0edf6ebfb0b7b4ef74cc58d66971d7.php 第 335 行.
NOTIC: [8] Undefined variable: type E:\xampp\htdocs\Application\Runtime\Cache\Keji\de0edf6ebfb0b7b4ef74cc58d66971d7.php 第 341 行.
INFO: Run Behavior\ParseTemplateBehavior [ RunTime:0.013563s ]
INFO: [ view_parse ] --END-- [ RunTime:0.013622s ]
INFO: [ view_filter ] --START--
INFO: Run Behavior\WriteHtmlCacheBehavior [ RunTime:0.000337s ]
INFO: [ view_filter ] --END-- [ RunTime:0.000375s ]
INFO: [ app_end ] --START--
INFO: Run Behavior\ShowPageTraceBehavior [ RunTime:0.000459s ]
INFO: [ app_end ] --END-- [ RunTime:0.000506s ]

[ 2015-03-12T21:18:36+08:00 ] 127.0.0.1 /index.php/Keji/User/register
INFO: [ app_init ] --START--
INFO: Run Behavior\BuildLiteBehavior [ RunTime:0.000014s ]
INFO: [ app_init ] --END-- [ RunTime:0.000345s ]
INFO: [ app_begin ] --START--
INFO: Run Behavior\ReadHtmlCacheBehavior [ RunTime:0.000936s ]
INFO: [ app_begin ] --END-- [ RunTime:0.001074s ]
SQL: SHOW COLUMNS FROM `tk_users` [ RunTime:0.0069s ]
SQL: SHOW COLUMNS FROM `tk_company_goods_kind` [ RunTime:0.0053s ]
SQL: SELECT * FROM `tk_company_goods_kind` WHERE ( KTYPE=0  )  [ RunTime:0.0011s ]
NOTIC: [8] Undefined index: type E:\xampp\htdocs\Application\Keji\Controller\UserController.class.php 第 105 行.
SQL: SHOW COLUMNS FROM `tk_users` [ RunTime:0.0058s ]
SQL: SELECT * FROM `tk_users` WHERE `NICKNAME` = 'cruxqixin' LIMIT 1   [ RunTime:0.0765s ]
INFO: [ view_parse ] --START--
INFO: [ template_filter ] --START--
INFO: Run Behavior\ContentReplaceBehavior [ RunTime:0.000078s ]
INFO: [ template_filter ] --END-- [ RunTime:0.000202s ]
INFO: Run Behavior\ParseTemplateBehavior [ RunTime:0.095167s ]
INFO: [ view_parse ] --END-- [ RunTime:0.095346s ]
INFO: [ view_filter ] --START--
INFO: Run Behavior\WriteHtmlCacheBehavior [ RunTime:0.000456s ]
INFO: [ view_filter ] --END-- [ RunTime:0.000555s ]

[ 2015-03-12T21:18:39+08:00 ] 127.0.0.1 /index.php/Keji/User/register
INFO: [ app_init ] --START--
INFO: Run Behavior\BuildLiteBehavior [ RunTime:0.000018s ]
INFO: [ app_init ] --END-- [ RunTime:0.000455s ]
INFO: [ app_begin ] --START--
INFO: Run Behavior\ReadHtmlCacheBehavior [ RunTime:0.000616s ]
INFO: [ app_begin ] --END-- [ RunTime:0.000685s ]
SQL: SHOW COLUMNS FROM `tk_users` [ RunTime:0.0050s ]
SQL: SHOW COLUMNS FROM `tk_company_goods_kind` [ RunTime:0.0046s ]
SQL: SELECT * FROM `tk_company_goods_kind` WHERE ( KTYPE=0  )  [ RunTime:0.0007s ]
NOTIC: [8] Undefined index: type E:\xampp\htdocs\Application\Keji\Controller\UserController.class.php 第 105 行.
INFO: [ view_parse ] --START--
INFO: [ template_filter ] --START--
INFO: Run Behavior\ContentReplaceBehavior [ RunTime:0.000134s ]
INFO: [ template_filter ] --END-- [ RunTime:0.000207s ]
NOTIC: [8] Use of undefined constant url_model - assumed 'url_model' E:\xampp\htdocs\Application\Runtime\Cache\Keji\de0edf6ebfb0b7b4ef74cc58d66971d7.php 第 335 行.
NOTIC: [8] Undefined variable: type E:\xampp\htdocs\Application\Runtime\Cache\Keji\de0edf6ebfb0b7b4ef74cc58d66971d7.php 第 341 行.
INFO: Run Behavior\ParseTemplateBehavior [ RunTime:0.008845s ]
INFO: [ view_parse ] --END-- [ RunTime:0.008908s ]
INFO: [ view_filter ] --START--
INFO: Run Behavior\WriteHtmlCacheBehavior [ RunTime:0.000267s ]
INFO: [ view_filter ] --END-- [ RunTime:0.000313s ]
INFO: [ app_end ] --START--
INFO: Run Behavior\ShowPageTraceBehavior [ RunTime:0.000490s ]
INFO: [ app_end ] --END-- [ RunTime:0.000541s ]

[ 2015-03-12T21:18:41+08:00 ] 127.0.0.1 /index.php/Keji/User/login
INFO: [ app_init ] --START--
INFO: Run Behavior\BuildLiteBehavior [ RunTime:0.000012s ]
INFO: [ app_init ] --END-- [ RunTime:0.000302s ]
INFO: [ app_begin ] --START--
INFO: Run Behavior\ReadHtmlCacheBehavior [ RunTime:0.000401s ]
INFO: [ app_begin ] --END-- [ RunTime:0.000448s ]
SQL: SHOW COLUMNS FROM `tk_users` [ RunTime:0.0052s ]
INFO: [ view_parse ] --START--
INFO: [ template_filter ] --START--
INFO: Run Behavior\ContentReplaceBehavior [ RunTime:0.000050s ]
INFO: [ template_filter ] --END-- [ RunTime:0.000121s ]
NOTIC: [8] Undefined variable: error E:\xampp\htdocs\Application\Runtime\Cache\Keji\16b80ec6f7d7bcbd9973fc2021d9a077.php 第 72 行.
INFO: Run Behavior\ParseTemplateBehavior [ RunTime:0.006425s ]
INFO: [ view_parse ] --END-- [ RunTime:0.006514s ]
INFO: [ view_filter ] --START--
INFO: Run Behavior\WriteHtmlCacheBehavior [ RunTime:0.000276s ]
INFO: [ view_filter ] --END-- [ RunTime:0.000317s ]
INFO: [ app_end ] --START--
INFO: Run Behavior\ShowPageTraceBehavior [ RunTime:0.000455s ]
INFO: [ app_end ] --END-- [ RunTime:0.000512s ]

[ 2015-03-12T21:18:49+08:00 ] 127.0.0.1 /index.php/Keji/User/login
INFO: [ app_init ] --START--
INFO: Run Behavior\BuildLiteBehavior [ RunTime:0.000019s ]
INFO: [ app_init ] --END-- [ RunTime:0.000573s ]
INFO: [ app_begin ] --START--
INFO: Run Behavior\ReadHtmlCacheBehavior [ RunTime:0.000610s ]
INFO: [ app_begin ] --END-- [ RunTime:0.000688s ]
SQL: SHOW COLUMNS FROM `tk_users` [ RunTime:0.0143s ]
SQL: SELECT * FROM `tk_users` WHERE `NICKNAME` = 'qqqixin@hotmail.com' AND `PASSWORD` = '46f94c8de14fb36680850768ff1b7f2a' LIMIT 1   [ RunTime:0.0829s ]
SQL: SELECT * FROM `tk_users` WHERE `EMAIL` = 'qqqixin@hotmail.com' AND `PASSWORD` = '46f94c8de14fb36680850768ff1b7f2a' LIMIT 1   [ RunTime:0.0033s ]
INFO: [ view_parse ] --START--
INFO: [ template_filter ] --START--
INFO: Run Behavior\ContentReplaceBehavior [ RunTime:0.000096s ]
INFO: [ template_filter ] --END-- [ RunTime:0.000241s ]
INFO: Run Behavior\ParseTemplateBehavior [ RunTime:0.016444s ]
INFO: [ view_parse ] --END-- [ RunTime:0.016625s ]
INFO: [ view_filter ] --START--
INFO: Run Behavior\WriteHtmlCacheBehavior [ RunTime:0.000733s ]
INFO: [ view_filter ] --END-- [ RunTime:0.000930s ]
INFO: [ app_end ] --START--
INFO: Run Behavior\ShowPageTraceBehavior [ RunTime:0.001319s ]
INFO: [ app_end ] --END-- [ RunTime:0.001451s ]

[ 2015-03-12T21:18:50+08:00 ] 127.0.0.1 /index.php/Keji/User/Verifyemail
INFO: [ app_init ] --START--
INFO: Run Behavior\BuildLiteBehavior [ RunTime:0.000013s ]
INFO: [ app_init ] --END-- [ RunTime:0.000324s ]
INFO: [ app_begin ] --START--
INFO: Run Behavior\ReadHtmlCacheBehavior [ RunTime:0.000426s ]
INFO: [ app_begin ] --END-- [ RunTime:0.000473s ]
NOTIC: [8] Undefined offset: 1 E:\xampp\htdocs\Application\Keji\Controller\UserController.class.php 第 198 行.
INFO: [ view_parse ] --START--
INFO: [ template_filter ] --START--
INFO: Run Behavior\ContentReplaceBehavior [ RunTime:0.000039s ]
INFO: [ template_filter ] --END-- [ RunTime:0.000094s ]
NOTIC: [8] Undefined variable: keycode E:\xampp\htdocs\Application\Runtime\Cache\Keji\b8fe7fa4c9d4aa6515d459f8136b64c2.php 第 47 行.
INFO: Run Behavior\ParseTemplateBehavior [ RunTime:0.025685s ]
INFO: [ view_parse ] --END-- [ RunTime:0.025742s ]
INFO: [ view_filter ] --START--
INFO: Run Behavior\WriteHtmlCacheBehavior [ RunTime:0.000205s ]
INFO: [ view_filter ] --END-- [ RunTime:0.000242s ]
INFO: [ app_end ] --START--
INFO: Run Behavior\ShowPageTraceBehavior [ RunTime:0.000755s ]
INFO: [ app_end ] --END-- [ RunTime:0.000804s ]

[ 2015-03-12T21:18:50+08:00 ] 127.0.0.1 /index.php/Keji/User/images/img_20.jpg
INFO: [ app_init ] --START--
INFO: Run Behavior\BuildLiteBehavior [ RunTime:0.000013s ]
INFO: [ app_init ] --END-- [ RunTime:0.000323s ]

[ 2015-03-12T21:18:59+08:00 ] 127.0.0.1 /index.php/Keji/User/Verifyemail
INFO: [ app_init ] --START--
INFO: Run Behavior\BuildLiteBehavior [ RunTime:0.000014s ]
INFO: [ app_init ] --END-- [ RunTime:0.000341s ]
INFO: [ app_begin ] --START--
INFO: Run Behavior\ReadHtmlCacheBehavior [ RunTime:0.000437s ]
INFO: [ app_begin ] --END-- [ RunTime:0.000487s ]
NOTIC: [8] Undefined offset: 1 E:\xampp\htdocs\Application\Keji\Controller\UserController.class.php 第 198 行.
SQL: SHOW COLUMNS FROM `tk_users` [ RunTime:0.0086s ]
SQL: SELECT COUNT(*) AS tp_count FROM `tk_users` WHERE `NICKNAME` = 'cruxqixin' AND `EMAIL` = 'qqqixin@hotmail.com' LIMIT 1   [ RunTime:0.0011s ]
SQL: SELECT * FROM `tk_users` WHERE `NICKNAME` = 'cruxqixin' AND `EMAIL` = 'qqqixin@hotmail.com' LIMIT 1   [ RunTime:0.0016s ]
NOTIC: [8] Undefined index: ID E:\xampp\htdocs\Application\Keji\Controller\UserController.class.php 第 230 行.
NOTIC: [8] Undefined index: ID E:\xampp\htdocs\Application\Keji\Controller\UserController.class.php 第 231 行.
SQL: SHOW COLUMNS FROM `tk_users_getpass` [ RunTime:0.0047s ]
SQL: INSERT INTO `tk_users_getpass` (`nickname`,`email`,`addtime`,`id`) VALUES ('cruxqixin','qqqixin@hotmail.com','1426166334','a7bd565e809d936a4f27198572c23052') [ RunTime:0.1800s ]
INFO: [ view_parse ] --START--
INFO: [ template_filter ] --START--
INFO: Run Behavior\ContentReplaceBehavior [ RunTime:0.000095s ]
INFO: [ template_filter ] --END-- [ RunTime:0.000257s ]
INFO: Run Behavior\ParseTemplateBehavior [ RunTime:0.015609s ]
INFO: [ view_parse ] --END-- [ RunTime:0.015756s ]
INFO: [ view_filter ] --START--
INFO: Run Behavior\WriteHtmlCacheBehavior [ RunTime:0.000596s ]
INFO: [ view_filter ] --END-- [ RunTime:0.000711s ]
INFO: [ app_end ] --START--
INFO: Run Behavior\ShowPageTraceBehavior [ RunTime:0.001246s ]
INFO: [ app_end ] --END-- [ RunTime:0.001367s ]

[ 2015-03-12T21:19:00+08:00 ] 127.0.0.1 /index.php/Keji/User/login
INFO: [ app_init ] --START--
INFO: Run Behavior\BuildLiteBehavior [ RunTime:0.000016s ]
INFO: [ app_init ] --END-- [ RunTime:0.000409s ]
INFO: [ app_begin ] --START--
INFO: Run Behavior\ReadHtmlCacheBehavior [ RunTime:0.000513s ]
INFO: [ app_begin ] --END-- [ RunTime:0.000575s ]
SQL: SHOW COLUMNS FROM `tk_users` [ RunTime:0.0057s ]
INFO: [ view_parse ] --START--
INFO: [ template_filter ] --START--
INFO: Run Behavior\ContentReplaceBehavior [ RunTime:0.000041s ]
INFO: [ template_filter ] --END-- [ RunTime:0.000093s ]
NOTIC: [8] Undefined variable: error E:\xampp\htdocs\Application\Runtime\Cache\Keji\16b80ec6f7d7bcbd9973fc2021d9a077.php 第 72 行.
INFO: Run Behavior\ParseTemplateBehavior [ RunTime:0.006160s ]
INFO: [ view_parse ] --END-- [ RunTime:0.006210s ]
INFO: [ view_filter ] --START--
INFO: Run Behavior\WriteHtmlCacheBehavior [ RunTime:0.000226s ]
INFO: [ view_filter ] --END-- [ RunTime:0.000265s ]
INFO: [ app_end ] --START--
INFO: Run Behavior\ShowPageTraceBehavior [ RunTime:0.000465s ]
INFO: [ app_end ] --END-- [ RunTime:0.000509s ]

[ 2015-03-12T21:19:29+08:00 ] 127.0.0.1 /index.php/Keji/User/login
INFO: [ app_init ] --START--
INFO: Run Behavior\BuildLiteBehavior [ RunTime:0.000028s ]
INFO: [ app_init ] --END-- [ RunTime:0.000555s ]
INFO: [ app_begin ] --START--
INFO: Run Behavior\ReadHtmlCacheBehavior [ RunTime:0.000669s ]
INFO: [ app_begin ] --END-- [ RunTime:0.000745s ]
SQL: SHOW COLUMNS FROM `tk_users` [ RunTime:0.0052s ]
SQL: SELECT * FROM `tk_users` WHERE `NICKNAME` = 'cruxqixin' AND `PASSWORD` = '46f94c8de14fb36680850768ff1b7f2a' LIMIT 1   [ RunTime:0.0012s ]
SQL: SELECT * FROM `tk_users` WHERE `EMAIL` = 'cruxqixin' AND `PASSWORD` = '46f94c8de14fb36680850768ff1b7f2a' LIMIT 1   [ RunTime:0.0014s ]
INFO: [ view_parse ] --START--
INFO: [ template_filter ] --START--
INFO: Run Behavior\ContentReplaceBehavior [ RunTime:0.000058s ]
INFO: [ template_filter ] --END-- [ RunTime:0.000147s ]
INFO: Run Behavior\ParseTemplateBehavior [ RunTime:0.007284s ]
INFO: [ view_parse ] --END-- [ RunTime:0.007353s ]
INFO: [ view_filter ] --START--
INFO: Run Behavior\WriteHtmlCacheBehavior [ RunTime:0.000324s ]
INFO: [ view_filter ] --END-- [ RunTime:0.000391s ]
INFO: [ app_end ] --START--
INFO: Run Behavior\ShowPageTraceBehavior [ RunTime:0.000569s ]
INFO: [ app_end ] --END-- [ RunTime:0.000630s ]

[ 2015-03-12T21:19:30+08:00 ] 127.0.0.1 /index.php/Keji/User/Verifyemail
INFO: [ app_init ] --START--
INFO: Run Behavior\BuildLiteBehavior [ RunTime:0.000019s ]
INFO: [ app_init ] --END-- [ RunTime:0.000523s ]
INFO: [ app_begin ] --START--
INFO: Run Behavior\ReadHtmlCacheBehavior [ RunTime:0.000675s ]
INFO: [ app_begin ] --END-- [ RunTime:0.000747s ]
NOTIC: [8] Undefined offset: 1 E:\xampp\htdocs\Application\Keji\Controller\UserController.class.php 第 198 行.
INFO: [ view_parse ] --START--
INFO: [ template_filter ] --START--
INFO: Run Behavior\ContentReplaceBehavior [ RunTime:0.000053s ]
INFO: [ template_filter ] --END-- [ RunTime:0.000122s ]
NOTIC: [8] Undefined variable: keycode E:\xampp\htdocs\Application\Runtime\Cache\Keji\b8fe7fa4c9d4aa6515d459f8136b64c2.php 第 47 行.
INFO: Run Behavior\ParseTemplateBehavior [ RunTime:0.007683s ]
INFO: [ view_parse ] --END-- [ RunTime:0.007738s ]
INFO: [ view_filter ] --START--
INFO: Run Behavior\WriteHtmlCacheBehavior [ RunTime:0.000232s ]
INFO: [ view_filter ] --END-- [ RunTime:0.000269s ]
INFO: [ app_end ] --START--
INFO: Run Behavior\ShowPageTraceBehavior [ RunTime:0.000412s ]
INFO: [ app_end ] --END-- [ RunTime:0.000450s ]

[ 2015-03-12T21:19:30+08:00 ] 127.0.0.1 /index.php/Keji/User/images/img_20.jpg
INFO: [ app_init ] --START--
INFO: Run Behavior\BuildLiteBehavior [ RunTime:0.000013s ]
INFO: [ app_init ] --END-- [ RunTime:0.000332s ]

[ 2015-03-12T21:19:42+08:00 ] 127.0.0.1 /index.php/Keji/User/Verifyemail
INFO: [ app_init ] --START--
INFO: Run Behavior\BuildLiteBehavior [ RunTime:0.000013s ]
INFO: [ app_init ] --END-- [ RunTime:0.000303s ]
INFO: [ app_begin ] --START--
INFO: Run Behavior\ReadHtmlCacheBehavior [ RunTime:0.000415s ]
INFO: [ app_begin ] --END-- [ RunTime:0.000480s ]
NOTIC: [8] Undefined offset: 1 E:\xampp\htdocs\Application\Keji\Controller\UserController.class.php 第 198 行.
SQL: SHOW COLUMNS FROM `tk_users` [ RunTime:0.0056s ]
SQL: SELECT COUNT(*) AS tp_count FROM `tk_users` WHERE `NICKNAME` = 'cruxqixin' AND `EMAIL` = 'qqqixin@hotmail.com' LIMIT 1   [ RunTime:0.0008s ]
SQL: SELECT * FROM `tk_users` WHERE `NICKNAME` = 'cruxqixin' AND `EMAIL` = 'qqqixin@hotmail.com' LIMIT 1   [ RunTime:0.0011s ]
NOTIC: [8] Undefined index: ID E:\xampp\htdocs\Application\Keji\Controller\UserController.class.php 第 230 行.
NOTIC: [8] Undefined index: ID E:\xampp\htdocs\Application\Keji\Controller\UserController.class.php 第 231 行.
SQL: SHOW COLUMNS FROM `tk_users_getpass` [ RunTime:0.0038s ]
SQL: INSERT INTO `tk_users_getpass` (`nickname`,`email`,`addtime`,`id`) VALUES ('cruxqixin','qqqixin@hotmail.com','1426166379','76a1675b2cb320758ef240ae395d6720') [ RunTime:0.2321s ]
INFO: [ view_parse ] --START--
INFO: [ template_filter ] --START--
INFO: Run Behavior\ContentReplaceBehavior [ RunTime:0.000050s ]
INFO: [ template_filter ] --END-- [ RunTime:0.000137s ]
INFO: Run Behavior\ParseTemplateBehavior [ RunTime:0.007186s ]
INFO: [ view_parse ] --END-- [ RunTime:0.007698s ]
INFO: [ view_filter ] --START--
INFO: Run Behavior\WriteHtmlCacheBehavior [ RunTime:0.000322s ]
INFO: [ view_filter ] --END-- [ RunTime:0.000381s ]
INFO: [ app_end ] --START--
INFO: Run Behavior\ShowPageTraceBehavior [ RunTime:0.000681s ]
INFO: [ app_end ] --END-- [ RunTime:0.000773s ]

[ 2015-03-12T21:19:44+08:00 ] 127.0.0.1 /index.php/Keji/User/login
INFO: [ app_init ] --START--
INFO: Run Behavior\BuildLiteBehavior [ RunTime:0.000019s ]
INFO: [ app_init ] --END-- [ RunTime:0.000521s ]
INFO: [ app_begin ] --START--
INFO: Run Behavior\ReadHtmlCacheBehavior [ RunTime:0.000683s ]
INFO: [ app_begin ] --END-- [ RunTime:0.000771s ]
SQL: SHOW COLUMNS FROM `tk_users` [ RunTime:0.0052s ]
INFO: [ view_parse ] --START--
INFO: [ template_filter ] --START--
INFO: Run Behavior\ContentReplaceBehavior [ RunTime:0.000045s ]
INFO: [ template_filter ] --END-- [ RunTime:0.000106s ]
NOTIC: [8] Undefined variable: error E:\xampp\htdocs\Application\Runtime\Cache\Keji\16b80ec6f7d7bcbd9973fc2021d9a077.php 第 72 行.
INFO: Run Behavior\ParseTemplateBehavior [ RunTime:0.006521s ]
INFO: [ view_parse ] --END-- [ RunTime:0.006567s ]
INFO: [ view_filter ] --START--
INFO: Run Behavior\WriteHtmlCacheBehavior [ RunTime:0.000216s ]
INFO: [ view_filter ] --END-- [ RunTime:0.000254s ]
INFO: [ app_end ] --START--
INFO: Run Behavior\ShowPageTraceBehavior [ RunTime:0.000519s ]
INFO: [ app_end ] --END-- [ RunTime:0.000560s ]

[ 2015-03-12T21:31:01+08:00 ] 127.0.0.1 /index.php/Keji/User/login
INFO: [ app_init ] --START--
INFO: Run Behavior\BuildLiteBehavior [ RunTime:0.000014s ]
INFO: [ app_init ] --END-- [ RunTime:0.000386s ]
INFO: [ app_begin ] --START--
INFO: Run Behavior\ReadHtmlCacheBehavior [ RunTime:0.000620s ]
INFO: [ app_begin ] --END-- [ RunTime:0.000680s ]
SQL: SHOW COLUMNS FROM `tk_users` [ RunTime:0.0028s ]
SQL: SELECT * FROM `tk_users` WHERE `NICKNAME` = 'cruxqixin' AND `PASSWORD` = '46f94c8de14fb36680850768ff1b7f2a' LIMIT 1   [ RunTime:0.0012s ]
SQL: SELECT * FROM `tk_users` WHERE `EMAIL` = 'cruxqixin' AND `PASSWORD` = '46f94c8de14fb36680850768ff1b7f2a' LIMIT 1   [ RunTime:0.0015s ]
INFO: [ view_parse ] --START--
INFO: [ template_filter ] --START--
INFO: Run Behavior\ContentReplaceBehavior [ RunTime:0.000033s ]
INFO: [ template_filter ] --END-- [ RunTime:0.000080s ]
INFO: Run Behavior\ParseTemplateBehavior [ RunTime:0.005028s ]
INFO: [ view_parse ] --END-- [ RunTime:0.005074s ]
INFO: [ view_filter ] --START--
INFO: Run Behavior\WriteHtmlCacheBehavior [ RunTime:0.000263s ]
INFO: [ view_filter ] --END-- [ RunTime:0.000302s ]
INFO: [ app_end ] --START--
INFO: Run Behavior\ShowPageTraceBehavior [ RunTime:0.000465s ]
INFO: [ app_end ] --END-- [ RunTime:0.000506s ]

[ 2015-03-12T21:31:02+08:00 ] 127.0.0.1 /index.php/Keji/News/index
INFO: [ app_init ] --START--
INFO: Run Behavior\BuildLiteBehavior [ RunTime:0.000019s ]
INFO: [ app_init ] --END-- [ RunTime:0.000518s ]
INFO: [ app_begin ] --START--
INFO: Run Behavior\ReadHtmlCacheBehavior [ RunTime:0.000713s ]
INFO: [ app_begin ] --END-- [ RunTime:0.000810s ]
INFO: [ view_parse ] --START--
INFO: [ template_filter ] --START--
INFO: Run Behavior\ContentReplaceBehavior [ RunTime:0.000039s ]
INFO: [ template_filter ] --END-- [ RunTime:0.000098s ]
INFO: Run Behavior\ParseTemplateBehavior [ RunTime:0.005451s ]
INFO: [ view_parse ] --END-- [ RunTime:0.005506s ]
INFO: [ view_filter ] --START--
INFO: Run Behavior\WriteHtmlCacheBehavior [ RunTime:0.000206s ]
INFO: [ view_filter ] --END-- [ RunTime:0.000253s ]

[ 2015-03-12T21:31:05+08:00 ] 127.0.0.1 /index.php/Keji/User/upinfo
INFO: [ app_init ] --START--
INFO: Run Behavior\BuildLiteBehavior [ RunTime:0.000020s ]
INFO: [ app_init ] --END-- [ RunTime:0.000493s ]
INFO: [ app_begin ] --START--
INFO: Run Behavior\ReadHtmlCacheBehavior [ RunTime:0.000670s ]
INFO: [ app_begin ] --END-- [ RunTime:0.000749s ]
SQL: SHOW COLUMNS FROM `tk_users` [ RunTime:0.0028s ]
SQL: SHOW COLUMNS FROM `tk_company_goods_kind` [ RunTime:0.0021s ]
SQL: SELECT * FROM `tk_company_goods_kind` WHERE ( KTYPE=0  )  [ RunTime:0.0007s ]
INFO: [ view_parse ] --START--
INFO: [ template_filter ] --START--
INFO: Run Behavior\ContentReplaceBehavior [ RunTime:0.000152s ]
INFO: [ template_filter ] --END-- [ RunTime:0.000206s ]
NOTIC: [8] Undefined index: lb E:\xampp\htdocs\Application\Runtime\Cache\Keji\1d441f404c3628674b753160899831ed.php 第 259 行.
NOTIC: [8] Undefined index: lb E:\xampp\htdocs\Application\Runtime\Cache\Keji\1d441f404c3628674b753160899831ed.php 第 260 行.
NOTIC: [8] Undefined index: lb E:\xampp\htdocs\Application\Runtime\Cache\Keji\1d441f404c3628674b753160899831ed.php 第 262 行.
NOTIC: [8] Undefined index: lb E:\xampp\htdocs\Application\Runtime\Cache\Keji\1d441f404c3628674b753160899831ed.php 第 263 行.
NOTIC: [8] Undefined index: lb E:\xampp\htdocs\Application\Runtime\Cache\Keji\1d441f404c3628674b753160899831ed.php 第 264 行.
NOTIC: [8] Undefined index: lb E:\xampp\htdocs\Application\Runtime\Cache\Keji\1d441f404c3628674b753160899831ed.php 第 265 行.
NOTIC: [8] Undefined index: lb E:\xampp\htdocs\Application\Runtime\Cache\Keji\1d441f404c3628674b753160899831ed.php 第 266 行.
NOTIC: [8] Undefined index: lb E:\xampp\htdocs\Application\Runtime\Cache\Keji\1d441f404c3628674b753160899831ed.php 第 267 行.
NOTIC: [8] Undefined index: lb E:\xampp\htdocs\Application\Runtime\Cache\Keji\1d441f404c3628674b753160899831ed.php 第 268 行.
NOTIC: [8] Undefined index: lb E:\xampp\htdocs\Application\Runtime\Cache\Keji\1d441f404c3628674b753160899831ed.php 第 269 行.
NOTIC: [8] Undefined index: lb E:\xampp\htdocs\Application\Runtime\Cache\Keji\1d441f404c3628674b753160899831ed.php 第 274 行.
NOTIC: [8] Undefined index: lb E:\xampp\htdocs\Application\Runtime\Cache\Keji\1d441f404c3628674b753160899831ed.php 第 278 行.
NOTIC: [8] Undefined index: lb E:\xampp\htdocs\Application\Runtime\Cache\Keji\1d441f404c3628674b753160899831ed.php 第 280 行.
NOTIC: [8] Undefined index: lb E:\xampp\htdocs\Application\Runtime\Cache\Keji\1d441f404c3628674b753160899831ed.php 第 281 行.
NOTIC: [8] Undefined index: lb E:\xampp\htdocs\Application\Runtime\Cache\Keji\1d441f404c3628674b753160899831ed.php 第 282 行.
NOTIC: [8] Undefined variable: article E:\xampp\htdocs\Application\Runtime\Cache\Keji\1d441f404c3628674b753160899831ed.php 第 427 行.
NOTIC: [8] Undefined variable: article E:\xampp\htdocs\Application\Runtime\Cache\Keji\1d441f404c3628674b753160899831ed.php 第 429 行.
NOTIC: [8] Undefined variable: article E:\xampp\htdocs\Application\Runtime\Cache\Keji\1d441f404c3628674b753160899831ed.php 第 447 行.
NOTIC: [8] Undefined variable: article E:\xampp\htdocs\Application\Runtime\Cache\Keji\1d441f404c3628674b753160899831ed.php 第 448 行.
INFO: Run Behavior\ParseTemplateBehavior [ RunTime:0.028352s ]
INFO: [ view_parse ] --END-- [ RunTime:0.028407s ]
INFO: [ view_filter ] --START--
INFO: Run Behavior\WriteHtmlCacheBehavior [ RunTime:0.000196s ]
INFO: [ view_filter ] --END-- [ RunTime:0.000234s ]
INFO: [ app_end ] --START--
INFO: Run Behavior\ShowPageTraceBehavior [ RunTime:0.000410s ]
INFO: [ app_end ] --END-- [ RunTime:0.000456s ]

[ 2015-03-12T21:31:22+08:00 ] 127.0.0.1 /index.php/Keji/User/loginout
INFO: [ app_init ] --START--
INFO: Run Behavior\BuildLiteBehavior [ RunTime:0.000017s ]
INFO: [ app_init ] --END-- [ RunTime:0.000483s ]
INFO: [ app_begin ] --START--
INFO: Run Behavior\ReadHtmlCacheBehavior [ RunTime:0.000613s ]
INFO: [ app_begin ] --END-- [ RunTime:0.000672s ]
INFO: [ app_end ] --START--
INFO: Run Behavior\ShowPageTraceBehavior [ RunTime:0.000467s ]
INFO: [ app_end ] --END-- [ RunTime:0.000517s ]

[ 2015-03-12T21:31:22+08:00 ] 127.0.0.1 /index.php/Keji/User/login
INFO: [ app_init ] --START--
INFO: Run Behavior\BuildLiteBehavior [ RunTime:0.000011s ]
INFO: [ app_init ] --END-- [ RunTime:0.000271s ]
INFO: [ app_begin ] --START--
INFO: Run Behavior\ReadHtmlCacheBehavior [ RunTime:0.000365s ]
INFO: [ app_begin ] --END-- [ RunTime:0.000410s ]
SQL: SHOW COLUMNS FROM `tk_users` [ RunTime:0.0028s ]
INFO: [ view_parse ] --START--
INFO: [ template_filter ] --START--
INFO: Run Behavior\ContentReplaceBehavior [ RunTime:0.000040s ]
INFO: [ template_filter ] --END-- [ RunTime:0.000085s ]
NOTIC: [8] Undefined variable: error E:\xampp\htdocs\Application\Runtime\Cache\Keji\16b80ec6f7d7bcbd9973fc2021d9a077.php 第 72 行.
INFO: Run Behavior\ParseTemplateBehavior [ RunTime:0.006086s ]
INFO: [ view_parse ] --END-- [ RunTime:0.006133s ]
INFO: [ view_filter ] --START--
INFO: Run Behavior\WriteHtmlCacheBehavior [ RunTime:0.001593s ]
INFO: [ view_filter ] --END-- [ RunTime:0.001673s ]
INFO: [ app_end ] --START--
INFO: Run Behavior\ShowPageTraceBehavior [ RunTime:0.000515s ]
INFO: [ app_end ] --END-- [ RunTime:0.000580s ]

[ 2015-03-12T21:31:27+08:00 ] 127.0.0.1 /index.php/Keji/User/login
INFO: [ app_init ] --START--
INFO: Run Behavior\BuildLiteBehavior [ RunTime:0.000014s ]
INFO: [ app_init ] --END-- [ RunTime:0.000343s ]
INFO: [ app_begin ] --START--
INFO: Run Behavior\ReadHtmlCacheBehavior [ RunTime:0.000459s ]
INFO: [ app_begin ] --END-- [ RunTime:0.000516s ]
SQL: SHOW COLUMNS FROM `tk_users` [ RunTime:0.0030s ]
SQL: SELECT * FROM `tk_users` WHERE `NICKNAME` = 'qqqixin@hotmail.com' AND `PASSWORD` = '46f94c8de14fb36680850768ff1b7f2a' LIMIT 1   [ RunTime:0.0018s ]
SQL: SELECT * FROM `tk_users` WHERE `EMAIL` = 'qqqixin@hotmail.com' AND `PASSWORD` = '46f94c8de14fb36680850768ff1b7f2a' LIMIT 1   [ RunTime:0.0011s ]
INFO: [ view_parse ] --START--
INFO: [ template_filter ] --START--
INFO: Run Behavior\ContentReplaceBehavior [ RunTime:0.000041s ]
INFO: [ template_filter ] --END-- [ RunTime:0.000104s ]
INFO: Run Behavior\ParseTemplateBehavior [ RunTime:0.005272s ]
INFO: [ view_parse ] --END-- [ RunTime:0.005328s ]
INFO: [ view_filter ] --START--
INFO: Run Behavior\WriteHtmlCacheBehavior [ RunTime:0.000231s ]
INFO: [ view_filter ] --END-- [ RunTime:0.000271s ]
INFO: [ app_end ] --START--
INFO: Run Behavior\ShowPageTraceBehavior [ RunTime:0.000442s ]
INFO: [ app_end ] --END-- [ RunTime:0.000485s ]

[ 2015-03-12T21:31:28+08:00 ] 127.0.0.1 /index.php/Keji/News/index
INFO: [ app_init ] --START--
INFO: Run Behavior\BuildLiteBehavior [ RunTime:0.000016s ]
INFO: [ app_init ] --END-- [ RunTime:0.000360s ]
INFO: [ app_begin ] --START--
INFO: Run Behavior\ReadHtmlCacheBehavior [ RunTime:0.000487s ]
INFO: [ app_begin ] --END-- [ RunTime:0.000549s ]
INFO: [ view_parse ] --START--
INFO: [ template_filter ] --START--
INFO: Run Behavior\ContentReplaceBehavior [ RunTime:0.000041s ]
INFO: [ template_filter ] --END-- [ RunTime:0.000109s ]
INFO: Run Behavior\ParseTemplateBehavior [ RunTime:0.005676s ]
INFO: [ view_parse ] --END-- [ RunTime:0.005734s ]
INFO: [ view_filter ] --START--
INFO: Run Behavior\WriteHtmlCacheBehavior [ RunTime:0.000195s ]
INFO: [ view_filter ] --END-- [ RunTime:0.000234s ]

[ 2015-03-12T21:31:31+08:00 ] 127.0.0.1 /index.php/Keji/User/upinfo
INFO: [ app_init ] --START--
INFO: Run Behavior\BuildLiteBehavior [ RunTime:0.000025s ]
INFO: [ app_init ] --END-- [ RunTime:0.000617s ]
INFO: [ app_begin ] --START--
INFO: Run Behavior\ReadHtmlCacheBehavior [ RunTime:0.000842s ]
INFO: [ app_begin ] --END-- [ RunTime:0.000943s ]
SQL: SHOW COLUMNS FROM `tk_users` [ RunTime:0.0030s ]
SQL: SHOW COLUMNS FROM `tk_company_goods_kind` [ RunTime:0.0025s ]
SQL: SELECT * FROM `tk_company_goods_kind` WHERE ( KTYPE=0  )  [ RunTime:0.0006s ]
INFO: [ view_parse ] --START--
INFO: [ template_filter ] --START--
INFO: Run Behavior\ContentReplaceBehavior [ RunTime:0.000152s ]
INFO: [ template_filter ] --END-- [ RunTime:0.000206s ]
NOTIC: [8] Undefined index: lb E:\xampp\htdocs\Application\Runtime\Cache\Keji\1d441f404c3628674b753160899831ed.php 第 259 行.
NOTIC: [8] Undefined index: lb E:\xampp\htdocs\Application\Runtime\Cache\Keji\1d441f404c3628674b753160899831ed.php 第 260 行.
NOTIC: [8] Undefined index: lb E:\xampp\htdocs\Application\Runtime\Cache\Keji\1d441f404c3628674b753160899831ed.php 第 262 行.
NOTIC: [8] Undefined index: lb E:\xampp\htdocs\Application\Runtime\Cache\Keji\1d441f404c3628674b753160899831ed.php 第 263 行.
NOTIC: [8] Undefined index: lb E:\xampp\htdocs\Application\Runtime\Cache\Keji\1d441f404c3628674b753160899831ed.php 第 264 行.
NOTIC: [8] Undefined index: lb E:\xampp\htdocs\Application\Runtime\Cache\Keji\1d441f404c3628674b753160899831ed.php 第 265 行.
NOTIC: [8] Undefined index: lb E:\xampp\htdocs\Application\Runtime\Cache\Keji\1d441f404c3628674b753160899831ed.php 第 266 行.
NOTIC: [8] Undefined index: lb E:\xampp\htdocs\Application\Runtime\Cache\Keji\1d441f404c3628674b753160899831ed.php 第 267 行.
NOTIC: [8] Undefined index: lb E:\xampp\htdocs\Application\Runtime\Cache\Keji\1d441f404c3628674b753160899831ed.php 第 268 行.
NOTIC: [8] Undefined index: lb E:\xampp\htdocs\Application\Runtime\Cache\Keji\1d441f404c3628674b753160899831ed.php 第 269 行.
NOTIC: [8] Undefined index: lb E:\xampp\htdocs\Application\Runtime\Cache\Keji\1d441f404c3628674b753160899831ed.php 第 274 行.
NOTIC: [8] Undefined index: lb E:\xampp\htdocs\Application\Runtime\Cache\Keji\1d441f404c3628674b753160899831ed.php 第 278 行.
NOTIC: [8] Undefined index: lb E:\xampp\htdocs\Application\Runtime\Cache\Keji\1d441f404c3628674b753160899831ed.php 第 280 行.
NOTIC: [8] Undefined index: lb E:\xampp\htdocs\Application\Runtime\Cache\Keji\1d441f404c3628674b753160899831ed.php 第 281 行.
NOTIC: [8] Undefined index: lb E:\xampp\htdocs\Application\Runtime\Cache\Keji\1d441f404c3628674b753160899831ed.php 第 282 行.
NOTIC: [8] Undefined variable: article E:\xampp\htdocs\Application\Runtime\Cache\Keji\1d441f404c3628674b753160899831ed.php 第 427 行.
NOTIC: [8] Undefined variable: article E:\xampp\htdocs\Application\Runtime\Cache\Keji\1d441f404c3628674b753160899831ed.php 第 429 行.
NOTIC: [8] Undefined variable: article E:\xampp\htdocs\Application\Runtime\Cache\Keji\1d441f404c3628674b753160899831ed.php 第 447 行.
NOTIC: [8] Undefined variable: article E:\xampp\htdocs\Application\Runtime\Cache\Keji\1d441f404c3628674b753160899831ed.php 第 448 行.
INFO: Run Behavior\ParseTemplateBehavior [ RunTime:0.028556s ]
INFO: [ view_parse ] --END-- [ RunTime:0.028618s ]
INFO: [ view_filter ] --START--
INFO: Run Behavior\WriteHtmlCacheBehavior [ RunTime:0.000209s ]
INFO: [ view_filter ] --END-- [ RunTime:0.000249s ]
INFO: [ app_end ] --START--
INFO: Run Behavior\ShowPageTraceBehavior [ RunTime:0.000435s ]
INFO: [ app_end ] --END-- [ RunTime:0.000479s ]

