[ 2015-03-13T13:52:53+08:00 ] 127.0.0.1 /index.php/Keji/User/upinfo
INFO: [ app_init ] --START--
INFO: Run Behavior\BuildLiteBehavior [ RunTime:0.000016s ]
INFO: [ app_init ] --END-- [ RunTime:0.000519s ]
INFO: [ app_begin ] --START--
INFO: Run Behavior\ReadHtmlCacheBehavior [ RunTime:0.000423s ]
INFO: [ app_begin ] --END-- [ RunTime:0.000466s ]
SQL: SHOW COLUMNS FROM `tk_users` [ RunTime:0.0024s ]
SQL: SHOW COLUMNS FROM `tk_company_goods_kind` [ RunTime:0.0017s ]
SQL: SELECT * FROM `tk_company_goods_kind` WHERE ( KTYPE=0  )  [ RunTime:0.0008s ]
INFO: [ view_parse ] --START--
INFO: [ template_filter ] --START--
INFO: Run Behavior\ContentReplaceBehavior [ RunTime:0.000217s ]
INFO: [ template_filter ] --END-- [ RunTime:0.000293s ]
NOTIC: [8] Undefined index: lb E:\xampp\htdocs\Application\Runtime\Cache\Keji\1d441f404c3628674b753160899831ed.php 第 259 行.
NOTIC: [8] Undefined index: lb E:\xampp\htdocs\Application\Runtime\Cache\Keji\1d441f404c3628674b753160899831ed.php 第 260 行.
NOTIC: [8] Undefined index: lb E:\xampp\htdocs\Application\Runtime\Cache\Keji\1d441f404c3628674b753160899831ed.php 第 262 行.
NOTIC: [8] Undefined index: lb E:\xampp\htdocs\Application\Runtime\Cache\Keji\1d441f404c3628674b753160899831ed.php 第 263 行.
NOTIC: [8] Undefined index: lb E:\xampp\htdocs\Application\Runtime\Cache\Keji\1d441f404c3628674b753160899831ed.php 第 264 行.
NOTIC: [8] Undefined index: lb E:\xampp\htdocs\Application\Runtime\Cache\Keji\1d441f404c3628674b753160899831ed.php 第 265 行.
NOTIC: [8] Undefined index: lb E:\xampp\htdocs\Application\Runtime\Cache\Keji\1d441f404c3628674b753160899831ed.php 第 266 行.
NOTIC: [8] Undefined index: lb E:\xampp\htdocs\Application\Runtime\Cache\Keji\1d441f404c3628674b753160899831ed.php 第 267 行.
NOTIC: [8] Undefined index: lb E:\xampp\htdocs\Application\Runtime\Cache\Keji\1d441f404c3628674b753160899831ed.php 第 268 行.
NOTIC: [8] Undefined index: lb E:\xampp\htdocs\Application\Runtime\Cache\Keji\1d441f404c3628674b753160899831ed.php 第 269 行.
NOTIC: [8] Undefined index: lb E:\xampp\htdocs\Application\Runtime\Cache\Keji\1d441f404c3628674b753160899831ed.php 第 274 行.
NOTIC: [8] Undefined index: lb E:\xampp\htdocs\Application\Runtime\Cache\Keji\1d441f404c3628674b753160899831ed.php 第 278 行.
NOTIC: [8] Undefined index: lb E:\xampp\htdocs\Application\Runtime\Cache\Keji\1d441f404c3628674b753160899831ed.php 第 280 行.
NOTIC: [8] Undefined index: lb E:\xampp\htdocs\Application\Runtime\Cache\Keji\1d441f404c3628674b753160899831ed.php 第 281 行.
NOTIC: [8] Undefined index: lb E:\xampp\htdocs\Application\Runtime\Cache\Keji\1d441f404c3628674b753160899831ed.php 第 282 行.
NOTIC: [8] Undefined variable: article E:\xampp\htdocs\Application\Runtime\Cache\Keji\1d441f404c3628674b753160899831ed.php 第 427 行.
NOTIC: [8] Undefined variable: article E:\xampp\htdocs\Application\Runtime\Cache\Keji\1d441f404c3628674b753160899831ed.php 第 429 行.
NOTIC: [8] Undefined variable: article E:\xampp\htdocs\Application\Runtime\Cache\Keji\1d441f404c3628674b753160899831ed.php 第 447 行.
NOTIC: [8] Undefined variable: article E:\xampp\htdocs\Application\Runtime\Cache\Keji\1d441f404c3628674b753160899831ed.php 第 448 行.
INFO: Run Behavior\ParseTemplateBehavior [ RunTime:0.109933s ]
INFO: [ view_parse ] --END-- [ RunTime:0.110009s ]
INFO: [ view_filter ] --START--
INFO: Run Behavior\WriteHtmlCacheBehavior [ RunTime:0.000304s ]
INFO: [ view_filter ] --END-- [ RunTime:0.000357s ]
INFO: [ app_end ] --START--
INFO: Run Behavior\ShowPageTraceBehavior [ RunTime:0.000592s ]
INFO: [ app_end ] --END-- [ RunTime:0.000666s ]

[ 2015-03-13T15:54:55+08:00 ] 127.0.0.1 /index.php/Keji/News/index/lb/xw
INFO: [ app_init ] --START--
INFO: Run Behavior\BuildLiteBehavior [ RunTime:0.000015s ]
INFO: [ app_init ] --END-- [ RunTime:0.000366s ]
INFO: [ app_begin ] --START--
INFO: Run Behavior\ReadHtmlCacheBehavior [ RunTime:0.000588s ]
INFO: [ app_begin ] --END-- [ RunTime:0.000654s ]
INFO: [ view_parse ] --START--
INFO: [ template_filter ] --START--
INFO: Run Behavior\ContentReplaceBehavior [ RunTime:0.000040s ]
INFO: [ template_filter ] --END-- [ RunTime:0.000103s ]
INFO: Run Behavior\ParseTemplateBehavior [ RunTime:0.004712s ]
INFO: [ view_parse ] --END-- [ RunTime:0.004788s ]
INFO: [ view_filter ] --START--
INFO: Run Behavior\WriteHtmlCacheBehavior [ RunTime:0.000213s ]
INFO: [ view_filter ] --END-- [ RunTime:0.000252s ]

[ 2015-03-13T15:54:58+08:00 ] 127.0.0.1 /index.php/Keji/User/upinfo
INFO: [ app_init ] --START--
INFO: Run Behavior\BuildLiteBehavior [ RunTime:0.000014s ]
INFO: [ app_init ] --END-- [ RunTime:0.000298s ]
INFO: [ app_begin ] --START--
INFO: Run Behavior\ReadHtmlCacheBehavior [ RunTime:0.000415s ]
INFO: [ app_begin ] --END-- [ RunTime:0.000468s ]
SQL: SHOW COLUMNS FROM `tk_users` [ RunTime:0.0028s ]
SQL: SHOW COLUMNS FROM `tk_company_goods_kind` [ RunTime:0.0016s ]
SQL: SELECT * FROM `tk_company_goods_kind` WHERE ( KTYPE=0  )  [ RunTime:0.0005s ]
INFO: [ view_parse ] --START--
INFO: [ template_filter ] --START--
INFO: Run Behavior\ContentReplaceBehavior [ RunTime:0.000153s ]
INFO: [ template_filter ] --END-- [ RunTime:0.000207s ]
NOTIC: [8] Undefined index: lb E:\xampp\htdocs\Application\Runtime\Cache\Keji\1d441f404c3628674b753160899831ed.php 第 259 行.
NOTIC: [8] Undefined index: lb E:\xampp\htdocs\Application\Runtime\Cache\Keji\1d441f404c3628674b753160899831ed.php 第 260 行.
NOTIC: [8] Undefined index: lb E:\xampp\htdocs\Application\Runtime\Cache\Keji\1d441f404c3628674b753160899831ed.php 第 262 行.
NOTIC: [8] Undefined index: lb E:\xampp\htdocs\Application\Runtime\Cache\Keji\1d441f404c3628674b753160899831ed.php 第 263 行.
NOTIC: [8] Undefined index: lb E:\xampp\htdocs\Application\Runtime\Cache\Keji\1d441f404c3628674b753160899831ed.php 第 264 行.
NOTIC: [8] Undefined index: lb E:\xampp\htdocs\Application\Runtime\Cache\Keji\1d441f404c3628674b753160899831ed.php 第 265 行.
NOTIC: [8] Undefined index: lb E:\xampp\htdocs\Application\Runtime\Cache\Keji\1d441f404c3628674b753160899831ed.php 第 266 行.
NOTIC: [8] Undefined index: lb E:\xampp\htdocs\Application\Runtime\Cache\Keji\1d441f404c3628674b753160899831ed.php 第 267 行.
NOTIC: [8] Undefined index: lb E:\xampp\htdocs\Application\Runtime\Cache\Keji\1d441f404c3628674b753160899831ed.php 第 268 行.
NOTIC: [8] Undefined index: lb E:\xampp\htdocs\Application\Runtime\Cache\Keji\1d441f404c3628674b753160899831ed.php 第 269 行.
NOTIC: [8] Undefined index: lb E:\xampp\htdocs\Application\Runtime\Cache\Keji\1d441f404c3628674b753160899831ed.php 第 274 行.
NOTIC: [8] Undefined index: lb E:\xampp\htdocs\Application\Runtime\Cache\Keji\1d441f404c3628674b753160899831ed.php 第 278 行.
NOTIC: [8] Undefined index: lb E:\xampp\htdocs\Application\Runtime\Cache\Keji\1d441f404c3628674b753160899831ed.php 第 280 行.
NOTIC: [8] Undefined index: lb E:\xampp\htdocs\Application\Runtime\Cache\Keji\1d441f404c3628674b753160899831ed.php 第 281 行.
NOTIC: [8] Undefined index: lb E:\xampp\htdocs\Application\Runtime\Cache\Keji\1d441f404c3628674b753160899831ed.php 第 282 行.
NOTIC: [8] Undefined variable: article E:\xampp\htdocs\Application\Runtime\Cache\Keji\1d441f404c3628674b753160899831ed.php 第 427 行.
NOTIC: [8] Undefined variable: article E:\xampp\htdocs\Application\Runtime\Cache\Keji\1d441f404c3628674b753160899831ed.php 第 429 行.
NOTIC: [8] Undefined variable: article E:\xampp\htdocs\Application\Runtime\Cache\Keji\1d441f404c3628674b753160899831ed.php 第 447 行.
NOTIC: [8] Undefined variable: article E:\xampp\htdocs\Application\Runtime\Cache\Keji\1d441f404c3628674b753160899831ed.php 第 448 行.
INFO: Run Behavior\ParseTemplateBehavior [ RunTime:0.027351s ]
INFO: [ view_parse ] --END-- [ RunTime:0.027411s ]
INFO: [ view_filter ] --START--
INFO: Run Behavior\WriteHtmlCacheBehavior [ RunTime:0.000252s ]
INFO: [ view_filter ] --END-- [ RunTime:0.000290s ]
INFO: [ app_end ] --START--
INFO: Run Behavior\ShowPageTraceBehavior [ RunTime:0.000461s ]
INFO: [ app_end ] --END-- [ RunTime:0.000506s ]

[ 2015-03-13T15:55:26+08:00 ] 127.0.0.1 /index.php/Keji/User/upinfo
INFO: [ app_init ] --START--
INFO: Run Behavior\BuildLiteBehavior [ RunTime:0.000013s ]
INFO: [ app_init ] --END-- [ RunTime:0.000264s ]
INFO: [ app_begin ] --START--
INFO: Run Behavior\ReadHtmlCacheBehavior [ RunTime:0.000337s ]
INFO: [ app_begin ] --END-- [ RunTime:0.000381s ]
SQL: SHOW COLUMNS FROM `tk_users` [ RunTime:0.0024s ]
SQL: SHOW COLUMNS FROM `tk_company_goods_kind` [ RunTime:0.0023s ]
SQL: SELECT * FROM `tk_company_goods_kind` WHERE ( KTYPE=0  )  [ RunTime:0.0006s ]
NOTIC: [8] Undefined index: hyid E:\xampp\htdocs\Application\Keji\Controller\UserController.class.php 第 296 行.
NOTIC: [2] Invalid argument supplied for foreach() E:\xampp\htdocs\Application\Keji\Controller\UserController.class.php 第 298 行.
SQL: UPDATE `tk_users` SET `FACE`='',`NICKNAME`='cruxqixin',`EMAIL`='qqqixin@hotmail.com',`LXRNAME`='齐欣',`COMPANYNAME`='测试单位',`PHONE`='022-22222222',`LXRTELPHONE`='13333333333',`DEPARTMENT`='测试',`POSITION`='测试',`UCOUNTRY`='0',`GN_PROV`='省份',`GN_CITY`='地级市',`GN_COUNTRY`='市、县级市',`GW_PROV`='',`ADDRESS`='天津市和平区',`CODE`='300000',`IS_PERFECT`='1',`INDUSTRY`='' WHERE ( ID=1419066834 ) [ RunTime:0.2279s ]
SQL: SELECT * FROM `tk_users` WHERE ( ID=1419066834 ) LIMIT 1   [ RunTime:0.0030s ]
INFO: [ view_parse ] --START--
INFO: [ template_filter ] --START--
INFO: Run Behavior\ContentReplaceBehavior [ RunTime:0.000094s ]
INFO: [ template_filter ] --END-- [ RunTime:0.000228s ]
INFO: Run Behavior\ParseTemplateBehavior [ RunTime:0.012883s ]
INFO: [ view_parse ] --END-- [ RunTime:0.013109s ]
INFO: [ view_filter ] --START--
INFO: Run Behavior\WriteHtmlCacheBehavior [ RunTime:0.000439s ]
INFO: [ view_filter ] --END-- [ RunTime:0.000550s ]
INFO: [ view_parse ] --START--
INFO: [ template_filter ] --START--
INFO: Run Behavior\ContentReplaceBehavior [ RunTime:0.000230s ]
INFO: [ template_filter ] --END-- [ RunTime:-0.028491s ]
NOTIC: [8] Undefined index: lb E:\xampp\htdocs\Application\Runtime\Cache\Keji\1d441f404c3628674b753160899831ed.php 第 259 行.
NOTIC: [8] Undefined index: lb E:\xampp\htdocs\Application\Runtime\Cache\Keji\1d441f404c3628674b753160899831ed.php 第 260 行.
NOTIC: [8] Undefined index: lb E:\xampp\htdocs\Application\Runtime\Cache\Keji\1d441f404c3628674b753160899831ed.php 第 262 行.
NOTIC: [8] Undefined index: lb E:\xampp\htdocs\Application\Runtime\Cache\Keji\1d441f404c3628674b753160899831ed.php 第 263 行.
NOTIC: [8] Undefined index: lb E:\xampp\htdocs\Application\Runtime\Cache\Keji\1d441f404c3628674b753160899831ed.php 第 264 行.
NOTIC: [8] Undefined index: lb E:\xampp\htdocs\Application\Runtime\Cache\Keji\1d441f404c3628674b753160899831ed.php 第 265 行.
NOTIC: [8] Undefined index: lb E:\xampp\htdocs\Application\Runtime\Cache\Keji\1d441f404c3628674b753160899831ed.php 第 266 行.
NOTIC: [8] Undefined index: lb E:\xampp\htdocs\Application\Runtime\Cache\Keji\1d441f404c3628674b753160899831ed.php 第 267 行.
NOTIC: [8] Undefined index: lb E:\xampp\htdocs\Application\Runtime\Cache\Keji\1d441f404c3628674b753160899831ed.php 第 268 行.
NOTIC: [8] Undefined index: lb E:\xampp\htdocs\Application\Runtime\Cache\Keji\1d441f404c3628674b753160899831ed.php 第 269 行.
NOTIC: [8] Undefined index: lb E:\xampp\htdocs\Application\Runtime\Cache\Keji\1d441f404c3628674b753160899831ed.php 第 274 行.
NOTIC: [8] Undefined index: lb E:\xampp\htdocs\Application\Runtime\Cache\Keji\1d441f404c3628674b753160899831ed.php 第 278 行.
NOTIC: [8] Undefined index: lb E:\xampp\htdocs\Application\Runtime\Cache\Keji\1d441f404c3628674b753160899831ed.php 第 280 行.
NOTIC: [8] Undefined index: lb E:\xampp\htdocs\Application\Runtime\Cache\Keji\1d441f404c3628674b753160899831ed.php 第 281 行.
NOTIC: [8] Undefined index: lb E:\xampp\htdocs\Application\Runtime\Cache\Keji\1d441f404c3628674b753160899831ed.php 第 282 行.
NOTIC: [8] Undefined variable: article E:\xampp\htdocs\Application\Runtime\Cache\Keji\1d441f404c3628674b753160899831ed.php 第 427 行.
NOTIC: [8] Undefined variable: article E:\xampp\htdocs\Application\Runtime\Cache\Keji\1d441f404c3628674b753160899831ed.php 第 429 行.
NOTIC: [8] Undefined variable: article E:\xampp\htdocs\Application\Runtime\Cache\Keji\1d441f404c3628674b753160899831ed.php 第 447 行.
NOTIC: [8] Undefined variable: article E:\xampp\htdocs\Application\Runtime\Cache\Keji\1d441f404c3628674b753160899831ed.php 第 448 行.
INFO: Run Behavior\ParseTemplateBehavior [ RunTime:0.037981s ]
INFO: [ view_parse ] --END-- [ RunTime:-0.000962s ]
INFO: [ view_filter ] --START--
INFO: Run Behavior\WriteHtmlCacheBehavior [ RunTime:0.000014s ]
INFO: [ view_filter ] --END-- [ RunTime:-0.038454s ]
INFO: [ app_end ] --START--
INFO: Run Behavior\ShowPageTraceBehavior [ RunTime:0.000496s ]
INFO: [ app_end ] --END-- [ RunTime:0.000551s ]

[ 2015-03-13T15:55:27+08:00 ] 127.0.0.1 /index.php/Keji/User/upinfo
INFO: [ app_init ] --START--
INFO: Run Behavior\BuildLiteBehavior [ RunTime:0.000020s ]
INFO: [ app_init ] --END-- [ RunTime:0.000539s ]
INFO: [ app_begin ] --START--
INFO: Run Behavior\ReadHtmlCacheBehavior [ RunTime:0.000635s ]
INFO: [ app_begin ] --END-- [ RunTime:0.000714s ]
SQL: SHOW COLUMNS FROM `tk_users` [ RunTime:0.0023s ]
SQL: SHOW COLUMNS FROM `tk_company_goods_kind` [ RunTime:0.0015s ]
SQL: SELECT * FROM `tk_company_goods_kind` WHERE ( KTYPE=0  )  [ RunTime:0.0006s ]
INFO: [ view_parse ] --START--
INFO: [ template_filter ] --START--
INFO: Run Behavior\ContentReplaceBehavior [ RunTime:0.000151s ]
INFO: [ template_filter ] --END-- [ RunTime:0.000201s ]
NOTIC: [8] Undefined index: lb E:\xampp\htdocs\Application\Runtime\Cache\Keji\1d441f404c3628674b753160899831ed.php 第 259 行.
NOTIC: [8] Undefined index: lb E:\xampp\htdocs\Application\Runtime\Cache\Keji\1d441f404c3628674b753160899831ed.php 第 260 行.
NOTIC: [8] Undefined index: lb E:\xampp\htdocs\Application\Runtime\Cache\Keji\1d441f404c3628674b753160899831ed.php 第 262 行.
NOTIC: [8] Undefined index: lb E:\xampp\htdocs\Application\Runtime\Cache\Keji\1d441f404c3628674b753160899831ed.php 第 263 行.
NOTIC: [8] Undefined index: lb E:\xampp\htdocs\Application\Runtime\Cache\Keji\1d441f404c3628674b753160899831ed.php 第 264 行.
NOTIC: [8] Undefined index: lb E:\xampp\htdocs\Application\Runtime\Cache\Keji\1d441f404c3628674b753160899831ed.php 第 265 行.
NOTIC: [8] Undefined index: lb E:\xampp\htdocs\Application\Runtime\Cache\Keji\1d441f404c3628674b753160899831ed.php 第 266 行.
NOTIC: [8] Undefined index: lb E:\xampp\htdocs\Application\Runtime\Cache\Keji\1d441f404c3628674b753160899831ed.php 第 267 行.
NOTIC: [8] Undefined index: lb E:\xampp\htdocs\Application\Runtime\Cache\Keji\1d441f404c3628674b753160899831ed.php 第 268 行.
NOTIC: [8] Undefined index: lb E:\xampp\htdocs\Application\Runtime\Cache\Keji\1d441f404c3628674b753160899831ed.php 第 269 行.
NOTIC: [8] Undefined index: lb E:\xampp\htdocs\Application\Runtime\Cache\Keji\1d441f404c3628674b753160899831ed.php 第 274 行.
NOTIC: [8] Undefined index: lb E:\xampp\htdocs\Application\Runtime\Cache\Keji\1d441f404c3628674b753160899831ed.php 第 278 行.
NOTIC: [8] Undefined index: lb E:\xampp\htdocs\Application\Runtime\Cache\Keji\1d441f404c3628674b753160899831ed.php 第 280 行.
NOTIC: [8] Undefined index: lb E:\xampp\htdocs\Application\Runtime\Cache\Keji\1d441f404c3628674b753160899831ed.php 第 281 行.
NOTIC: [8] Undefined index: lb E:\xampp\htdocs\Application\Runtime\Cache\Keji\1d441f404c3628674b753160899831ed.php 第 282 行.
NOTIC: [8] Undefined variable: article E:\xampp\htdocs\Application\Runtime\Cache\Keji\1d441f404c3628674b753160899831ed.php 第 427 行.
NOTIC: [8] Undefined variable: article E:\xampp\htdocs\Application\Runtime\Cache\Keji\1d441f404c3628674b753160899831ed.php 第 429 行.
NOTIC: [8] Undefined variable: article E:\xampp\htdocs\Application\Runtime\Cache\Keji\1d441f404c3628674b753160899831ed.php 第 447 行.
NOTIC: [8] Undefined variable: article E:\xampp\htdocs\Application\Runtime\Cache\Keji\1d441f404c3628674b753160899831ed.php 第 448 行.
INFO: Run Behavior\ParseTemplateBehavior [ RunTime:0.026609s ]
INFO: [ view_parse ] --END-- [ RunTime:0.026666s ]
INFO: [ view_filter ] --START--
INFO: Run Behavior\WriteHtmlCacheBehavior [ RunTime:0.000163s ]
INFO: [ view_filter ] --END-- [ RunTime:0.000199s ]
INFO: [ app_end ] --START--
INFO: Run Behavior\ShowPageTraceBehavior [ RunTime:0.000378s ]
INFO: [ app_end ] --END-- [ RunTime:0.000422s ]

[ 2015-03-13T15:55:30+08:00 ] 127.0.0.1 /index.php/Keji/News/index/lb/xw
INFO: [ app_init ] --START--
INFO: Run Behavior\BuildLiteBehavior [ RunTime:0.000012s ]
INFO: [ app_init ] --END-- [ RunTime:0.000294s ]
INFO: [ app_begin ] --START--
INFO: Run Behavior\ReadHtmlCacheBehavior [ RunTime:0.000365s ]
INFO: [ app_begin ] --END-- [ RunTime:0.000411s ]
NOTIC: [8] Undefined index: start_time E:\xampp\htdocs\Application\Keji\Controller\NewsController.class.php 第 16 行.
NOTIC: [8] Undefined index: end_time E:\xampp\htdocs\Application\Keji\Controller\NewsController.class.php 第 16 行.
NOTIC: [8] Undefined index: keyword E:\xampp\htdocs\Application\Keji\Controller\NewsController.class.php 第 21 行.
NOTIC: [8] Undefined index: start_time E:\xampp\htdocs\Application\Keji\Controller\NewsController.class.php 第 24 行.
NOTIC: [8] Undefined index: end_time E:\xampp\htdocs\Application\Keji\Controller\NewsController.class.php 第 25 行.
NOTIC: [8] Undefined index: keyword E:\xampp\htdocs\Application\Keji\Controller\NewsController.class.php 第 26 行.
SQL: SELECT COUNT(*) AS tp_count FROM `tk_article` WHERE `USERID` = 1419066834 AND `STATUS` = 0 LIMIT 1   [ RunTime:0.0338s ]
SQL: SELECT * FROM `tk_article` WHERE `USERID` = 1419066834 AND `STATUS` = 0 ORDER BY ID desc,ORD desc LIMIT 0,10   [ RunTime:0.0006s ]
SQL: SELECT COUNT(*) AS tp_count FROM `tk_article` WHERE `USERID` = 1419066834 AND `STATUS` = 1 LIMIT 1   [ RunTime:0.0002s ]
SQL: SELECT COUNT(*) AS tp_count FROM `tk_article` WHERE `USERID` = 1419066834 AND `STATUS` = 2 LIMIT 1   [ RunTime:0.0002s ]
INFO: [ view_parse ] --START--
INFO: [ template_filter ] --START--
INFO: Run Behavior\ContentReplaceBehavior [ RunTime:0.000152s ]
INFO: [ template_filter ] --END-- [ RunTime:0.000207s ]
INFO: Run Behavior\ParseTemplateBehavior [ RunTime:0.039129s ]
INFO: [ view_parse ] --END-- [ RunTime:0.039217s ]
INFO: [ view_filter ] --START--
INFO: Run Behavior\WriteHtmlCacheBehavior [ RunTime:0.000176s ]
INFO: [ view_filter ] --END-- [ RunTime:0.000223s ]
INFO: [ app_end ] --START--
INFO: Run Behavior\ShowPageTraceBehavior [ RunTime:0.000385s ]
INFO: [ app_end ] --END-- [ RunTime:0.000429s ]

[ 2015-03-13T15:55:45+08:00 ] 127.0.0.1 /index.php/Keji/News/index/lb/xw
INFO: [ app_init ] --START--
INFO: Run Behavior\BuildLiteBehavior [ RunTime:0.000016s ]
INFO: [ app_init ] --END-- [ RunTime:0.000389s ]
INFO: [ app_begin ] --START--
INFO: Run Behavior\ReadHtmlCacheBehavior [ RunTime:0.000593s ]
INFO: [ app_begin ] --END-- [ RunTime:0.000656s ]
NOTIC: [8] Undefined index: start_time E:\xampp\htdocs\Application\Keji\Controller\NewsController.class.php 第 16 行.
NOTIC: [8] Undefined index: end_time E:\xampp\htdocs\Application\Keji\Controller\NewsController.class.php 第 16 行.
NOTIC: [8] Undefined index: keyword E:\xampp\htdocs\Application\Keji\Controller\NewsController.class.php 第 21 行.
NOTIC: [8] Undefined index: start_time E:\xampp\htdocs\Application\Keji\Controller\NewsController.class.php 第 24 行.
NOTIC: [8] Undefined index: end_time E:\xampp\htdocs\Application\Keji\Controller\NewsController.class.php 第 25 行.
NOTIC: [8] Undefined index: keyword E:\xampp\htdocs\Application\Keji\Controller\NewsController.class.php 第 26 行.
SQL: SELECT COUNT(*) AS tp_count FROM `tk_article` WHERE `USERID` = 1419066834 AND `STATUS` = 0 LIMIT 1   [ RunTime:0.0003s ]
SQL: SELECT * FROM `tk_article` WHERE `USERID` = 1419066834 AND `STATUS` = 0 ORDER BY ID desc,ORD desc LIMIT 0,10   [ RunTime:0.0005s ]
SQL: SELECT COUNT(*) AS tp_count FROM `tk_article` WHERE `USERID` = 1419066834 AND `STATUS` = 1 LIMIT 1   [ RunTime:0.0002s ]
SQL: SELECT COUNT(*) AS tp_count FROM `tk_article` WHERE `USERID` = 1419066834 AND `STATUS` = 2 LIMIT 1   [ RunTime:0.0002s ]
INFO: [ view_parse ] --START--
INFO: [ template_filter ] --START--
INFO: Run Behavior\ContentReplaceBehavior [ RunTime:0.000148s ]
INFO: [ template_filter ] --END-- [ RunTime:0.000204s ]
INFO: Run Behavior\ParseTemplateBehavior [ RunTime:0.025749s ]
INFO: [ view_parse ] --END-- [ RunTime:0.025823s ]
INFO: [ view_filter ] --START--
INFO: Run Behavior\WriteHtmlCacheBehavior [ RunTime:0.000225s ]
INFO: [ view_filter ] --END-- [ RunTime:0.000264s ]
INFO: [ app_end ] --START--
INFO: Run Behavior\ShowPageTraceBehavior [ RunTime:0.000438s ]
INFO: [ app_end ] --END-- [ RunTime:0.000483s ]

[ 2015-03-13T21:05:43+08:00 ] 127.0.0.1 /index.php/Keji/News/index/lb/xw
INFO: [ app_init ] --START--
INFO: Run Behavior\BuildLiteBehavior [ RunTime:0.000021s ]
INFO: [ app_init ] --END-- [ RunTime:0.000507s ]
INFO: [ app_begin ] --START--
INFO: Run Behavior\ReadHtmlCacheBehavior [ RunTime:0.000791s ]
INFO: [ app_begin ] --END-- [ RunTime:0.000896s ]
NOTIC: [8] Undefined index: start_time E:\xampp\htdocs\Application\Keji\Controller\NewsController.class.php 第 16 行.
NOTIC: [8] Undefined index: end_time E:\xampp\htdocs\Application\Keji\Controller\NewsController.class.php 第 16 行.
NOTIC: [8] Undefined index: keyword E:\xampp\htdocs\Application\Keji\Controller\NewsController.class.php 第 21 行.
NOTIC: [8] Undefined index: start_time E:\xampp\htdocs\Application\Keji\Controller\NewsController.class.php 第 24 行.
NOTIC: [8] Undefined index: end_time E:\xampp\htdocs\Application\Keji\Controller\NewsController.class.php 第 25 行.
NOTIC: [8] Undefined index: keyword E:\xampp\htdocs\Application\Keji\Controller\NewsController.class.php 第 26 行.
SQL: SELECT COUNT(*) AS tp_count FROM `tk_article` WHERE `USERID` = 1419066834 AND `STATUS` = 0 LIMIT 1   [ RunTime:0.0008s ]
SQL: SELECT * FROM `tk_article` WHERE `USERID` = 1419066834 AND `STATUS` = 0 ORDER BY ID desc,ORD desc LIMIT 0,10   [ RunTime:0.0012s ]
SQL: SELECT COUNT(*) AS tp_count FROM `tk_article` WHERE `USERID` = 1419066834 AND `STATUS` = 1 LIMIT 1   [ RunTime:0.0008s ]
SQL: SELECT COUNT(*) AS tp_count FROM `tk_article` WHERE `USERID` = 1419066834 AND `STATUS` = 2 LIMIT 1   [ RunTime:0.0005s ]
INFO: [ view_parse ] --START--
INFO: [ template_filter ] --START--
INFO: Run Behavior\ContentReplaceBehavior [ RunTime:0.000138s ]
INFO: [ template_filter ] --END-- [ RunTime:0.000201s ]
INFO: Run Behavior\ParseTemplateBehavior [ RunTime:0.055661s ]
INFO: [ view_parse ] --END-- [ RunTime:0.055757s ]
INFO: [ view_filter ] --START--
INFO: Run Behavior\WriteHtmlCacheBehavior [ RunTime:0.000223s ]
INFO: [ view_filter ] --END-- [ RunTime:0.000262s ]
INFO: [ app_end ] --START--
INFO: Run Behavior\ShowPageTraceBehavior [ RunTime:0.000444s ]
INFO: [ app_end ] --END-- [ RunTime:0.000487s ]

[ 2015-03-13T22:48:56+08:00 ] 127.0.0.1 /index.php/Keji/User/Verifyemail/0/keycode/1/a7bd565e809d936a4f27198572c23052
INFO: [ app_init ] --START--
INFO: Run Behavior\BuildLiteBehavior [ RunTime:0.000032s ]
INFO: [ app_init ] --END-- [ RunTime:0.000847s ]
INFO: [ app_begin ] --START--
INFO: Run Behavior\ReadHtmlCacheBehavior [ RunTime:0.001251s ]
INFO: [ app_begin ] --END-- [ RunTime:0.001385s ]
SQL: SHOW COLUMNS FROM `tk_users_getpass` [ RunTime:0.0025s ]
SQL: SELECT * FROM `tk_users_getpass` WHERE `id` = 'a7bd565e809d936a4f27198572c23052' LIMIT 1   [ RunTime:0.0004s ]
SQL: SHOW COLUMNS FROM `tk_users` [ RunTime:0.0037s ]
SQL: UPDATE `tk_users` SET `ISYZEMAIL`='1' WHERE ( NICKNAME='cruxqixin' ) [ RunTime:0.2446s ]
INFO: [ app_end ] --START--
INFO: Run Behavior\ShowPageTraceBehavior [ RunTime:0.001761s ]
INFO: [ app_end ] --END-- [ RunTime:0.001907s ]

[ 2015-03-13T22:49:13+08:00 ] 127.0.0.1 /index.php/Keji/User/Verifyemail/0/keycode/1/76a1675b2cb320758ef240ae395d6720
INFO: [ app_init ] --START--
INFO: Run Behavior\BuildLiteBehavior [ RunTime:0.000017s ]
INFO: [ app_init ] --END-- [ RunTime:0.000369s ]
INFO: [ app_begin ] --START--
INFO: Run Behavior\ReadHtmlCacheBehavior [ RunTime:0.000538s ]
INFO: [ app_begin ] --END-- [ RunTime:0.000605s ]
SQL: SHOW COLUMNS FROM `tk_users_getpass` [ RunTime:0.0020s ]
SQL: SELECT * FROM `tk_users_getpass` WHERE `id` = '76a1675b2cb320758ef240ae395d6720' LIMIT 1   [ RunTime:0.0003s ]
SQL: SHOW COLUMNS FROM `tk_users` [ RunTime:0.0020s ]
SQL: UPDATE `tk_users` SET `ISYZEMAIL`='1' WHERE ( NICKNAME='cruxqixin' ) [ RunTime:0.1411s ]
INFO: [ app_end ] --START--
INFO: Run Behavior\ShowPageTraceBehavior [ RunTime:0.001804s ]
INFO: [ app_end ] --END-- [ RunTime:0.001959s ]

