[ 2015-03-05T14:01:40+08:00 ] 127.0.0.1 /index.php/keji
INFO: [ app_init ] --START--
INFO: Run Behavior\BuildLiteBehavior [ RunTime:0.000013s ]
INFO: [ app_init ] --END-- [ RunTime:0.000371s ]
INFO: [ app_begin ] --START--
INFO: Run Behavior\ReadHtmlCacheBehavior [ RunTime:0.000447s ]
INFO: [ app_begin ] --END-- [ RunTime:0.000501s ]
ERR: 无法加载控制器:Zixun

[ 2015-03-05T14:02:58+08:00 ] 127.0.0.1 /index.php/keji/business/index
INFO: [ app_init ] --START--
INFO: Run Behavior\BuildLiteBehavior [ RunTime:0.000015s ]
INFO: [ app_init ] --END-- [ RunTime:0.000302s ]
INFO: [ app_begin ] --START--
INFO: Run Behavior\ReadHtmlCacheBehavior [ RunTime:0.000450s ]
INFO: [ app_begin ] --END-- [ RunTime:0.000502s ]
NOTIC: [8] Undefined index: currentuser E:\xampp\htdocs\Application\Common\Common\function.php 第 698 行.
NOTIC: [8] Undefined index: currentuser E:\xampp\htdocs\Application\Common\Common\function.php 第 698 行.
NOTIC: [8] Undefined index: start_time E:\xampp\htdocs\Application\Keji\Controller\BusinessController.class.php 第 17 行.
NOTIC: [8] Undefined index: end_time E:\xampp\htdocs\Application\Keji\Controller\BusinessController.class.php 第 17 行.
NOTIC: [8] Undefined index: start_time E:\xampp\htdocs\Application\Keji\Controller\BusinessController.class.php 第 24 行.
NOTIC: [8] Undefined index: end_time E:\xampp\htdocs\Application\Keji\Controller\BusinessController.class.php 第 25 行.
ERR: SQLSTATE[28000] [1045] Access denied for user 'root'@'localhost' (using password: YES)

[ 2015-03-05T14:04:32+08:00 ] 127.0.0.1 /index.php/keji/business/index
INFO: [ app_init ] --START--
INFO: Run Behavior\BuildLiteBehavior [ RunTime:0.000021s ]
INFO: [ app_init ] --END-- [ RunTime:0.000578s ]
INFO: [ app_begin ] --START--
INFO: Run Behavior\ReadHtmlCacheBehavior [ RunTime:0.000881s ]
INFO: [ app_begin ] --END-- [ RunTime:0.000967s ]
NOTIC: [8] Undefined index: currentuser E:\xampp\htdocs\Application\Common\Common\function.php 第 698 行.
NOTIC: [8] Undefined index: currentuser E:\xampp\htdocs\Application\Common\Common\function.php 第 698 行.
NOTIC: [8] Undefined index: start_time E:\xampp\htdocs\Application\Keji\Controller\BusinessController.class.php 第 17 行.
NOTIC: [8] Undefined index: end_time E:\xampp\htdocs\Application\Keji\Controller\BusinessController.class.php 第 17 行.
NOTIC: [8] Undefined index: start_time E:\xampp\htdocs\Application\Keji\Controller\BusinessController.class.php 第 24 行.
NOTIC: [8] Undefined index: end_time E:\xampp\htdocs\Application\Keji\Controller\BusinessController.class.php 第 25 行.
ERR: SQLSTATE[42000] [1049] Unknown database 'mysqltk'

[ 2015-03-05T14:17:19+08:00 ] 127.0.0.1 /index.php/keji/user/login/
INFO: [ app_init ] --START--
INFO: Run Behavior\BuildLiteBehavior [ RunTime:0.000018s ]
INFO: [ app_init ] --END-- [ RunTime:0.000459s ]
INFO: [ app_begin ] --START--
INFO: Run Behavior\ReadHtmlCacheBehavior [ RunTime:0.001145s ]
INFO: [ app_begin ] --END-- [ RunTime:0.001255s ]
ERR: SQLSTATE[42000] [1049] Unknown database 'mysqltk'

[ 2015-03-05T14:46:07+08:00 ] 127.0.0.1 /index.php/keji/user/login/
INFO: [ app_init ] --START--
INFO: Run Behavior\BuildLiteBehavior [ RunTime:0.000030s ]
INFO: [ app_init ] --END-- [ RunTime:0.000788s ]
INFO: [ app_begin ] --START--
INFO: Run Behavior\ReadHtmlCacheBehavior [ RunTime:0.001165s ]
INFO: [ app_begin ] --END-- [ RunTime:0.001294s ]
ERR: SQLSTATE[42S02]: Base table or view not found: 1146 Table 'mysqltk.tk_users' doesn't exist

[ 2015-03-05T14:51:12+08:00 ] 127.0.0.1 /index.php/keji/user/login/
INFO: [ app_init ] --START--
INFO: Run Behavior\BuildLiteBehavior [ RunTime:0.000032s ]
INFO: [ app_init ] --END-- [ RunTime:0.000835s ]
INFO: [ app_begin ] --START--
INFO: Run Behavior\ReadHtmlCacheBehavior [ RunTime:0.001491s ]
INFO: [ app_begin ] --END-- [ RunTime:0.001659s ]
SQL: SHOW COLUMNS FROM `tk_users` [ RunTime:0.0066s ]
INFO: [ view_parse ] --START--
INFO: [ template_filter ] --START--
INFO: Run Behavior\ContentReplaceBehavior [ RunTime:0.000115s ]
INFO: [ template_filter ] --END-- [ RunTime:0.000263s ]
NOTIC: [8] Undefined variable: error E:\xampp\htdocs\Application\Runtime\Cache\Keji\16b80ec6f7d7bcbd9973fc2021d9a077.php 第 72 行.
INFO: Run Behavior\ParseTemplateBehavior [ RunTime:0.019853s ]
INFO: [ view_parse ] --END-- [ RunTime:0.020037s ]
INFO: [ view_filter ] --START--
INFO: Run Behavior\WriteHtmlCacheBehavior [ RunTime:0.000607s ]
INFO: [ view_filter ] --END-- [ RunTime:0.000724s ]
INFO: [ app_end ] --START--
INFO: Run Behavior\ShowPageTraceBehavior [ RunTime:0.001653s ]
INFO: [ app_end ] --END-- [ RunTime:0.001789s ]

[ 2015-03-05T14:51:27+08:00 ] 127.0.0.1 /index.php/Keji/User/login
INFO: [ app_init ] --START--
INFO: Run Behavior\BuildLiteBehavior [ RunTime:0.000019s ]
INFO: [ app_init ] --END-- [ RunTime:0.000460s ]
INFO: [ app_begin ] --START--
INFO: Run Behavior\ReadHtmlCacheBehavior [ RunTime:0.000757s ]
INFO: [ app_begin ] --END-- [ RunTime:0.000840s ]
SQL: SHOW COLUMNS FROM `tk_users` [ RunTime:0.0046s ]
SQL: SELECT * FROM `tk_users` WHERE `NICKNAME` = 'qqqixin@hotmail.com' AND `PASSWORD` = '46f94c8de14fb36680850768ff1b7f2a' LIMIT 1   [ RunTime:0.0041s ]
SQL: SELECT * FROM `tk_users` WHERE `EMAIL` = 'qqqixin@hotmail.com' AND `PASSWORD` = '46f94c8de14fb36680850768ff1b7f2a' LIMIT 1   [ RunTime:0.0019s ]
INFO: [ view_parse ] --START--
INFO: [ template_filter ] --START--
INFO: Run Behavior\ContentReplaceBehavior [ RunTime:0.000038s ]
INFO: [ template_filter ] --END-- [ RunTime:0.000097s ]
INFO: Run Behavior\ParseTemplateBehavior [ RunTime:0.006398s ]
INFO: [ view_parse ] --END-- [ RunTime:0.006473s ]
INFO: [ view_filter ] --START--
INFO: Run Behavior\WriteHtmlCacheBehavior [ RunTime:0.000261s ]
INFO: [ view_filter ] --END-- [ RunTime:0.000304s ]
INFO: [ app_end ] --START--
INFO: Run Behavior\ShowPageTraceBehavior [ RunTime:0.000511s ]
INFO: [ app_end ] --END-- [ RunTime:0.000553s ]

[ 2015-03-05T14:51:28+08:00 ] 127.0.0.1 /index.php/Keji/User/Verifyemail
INFO: [ app_init ] --START--
INFO: Run Behavior\BuildLiteBehavior [ RunTime:0.000021s ]
INFO: [ app_init ] --END-- [ RunTime:0.000475s ]
INFO: [ app_begin ] --START--
INFO: Run Behavior\ReadHtmlCacheBehavior [ RunTime:0.000824s ]
INFO: [ app_begin ] --END-- [ RunTime:0.000908s ]
NOTIC: [8] Undefined offset: 1 E:\xampp\htdocs\Application\Keji\Controller\UserController.class.php 第 198 行.
INFO: [ view_parse ] --START--
INFO: [ template_filter ] --START--
INFO: Run Behavior\ContentReplaceBehavior [ RunTime:0.000042s ]
INFO: [ template_filter ] --END-- [ RunTime:0.000104s ]
NOTIC: [8] Undefined variable: keycode E:\xampp\htdocs\Application\Runtime\Cache\Keji\b8fe7fa4c9d4aa6515d459f8136b64c2.php 第 47 行.
INFO: Run Behavior\ParseTemplateBehavior [ RunTime:0.014907s ]
INFO: [ view_parse ] --END-- [ RunTime:0.014979s ]
INFO: [ view_filter ] --START--
INFO: Run Behavior\WriteHtmlCacheBehavior [ RunTime:0.000288s ]
INFO: [ view_filter ] --END-- [ RunTime:0.000334s ]
INFO: [ app_end ] --START--
INFO: Run Behavior\ShowPageTraceBehavior [ RunTime:0.000499s ]
INFO: [ app_end ] --END-- [ RunTime:0.000544s ]

[ 2015-03-05T14:51:28+08:00 ] 127.0.0.1 /index.php/Keji/User/images/img_20.jpg
INFO: [ app_init ] --START--
INFO: Run Behavior\BuildLiteBehavior [ RunTime:0.000012s ]
INFO: [ app_init ] --END-- [ RunTime:0.000268s ]

[ 2015-03-05T14:51:28+08:00 ] 127.0.0.1 /index.php/Keji/User/images/img_20.jpg
INFO: [ app_init ] --START--
INFO: Run Behavior\BuildLiteBehavior [ RunTime:0.000018s ]
INFO: [ app_init ] --END-- [ RunTime:0.000390s ]

[ 2015-03-05T20:43:38+08:00 ] 127.0.0.1 /index.php/Keji/User/Verifyemail
INFO: [ app_init ] --START--
INFO: Run Behavior\BuildLiteBehavior [ RunTime:0.000015s ]
INFO: [ app_init ] --END-- [ RunTime:0.000569s ]
INFO: [ app_begin ] --START--
INFO: Run Behavior\ReadHtmlCacheBehavior [ RunTime:0.000633s ]
INFO: [ app_begin ] --END-- [ RunTime:0.000687s ]
NOTIC: [8] Undefined offset: 1 E:\xampp\htdocs\Application\Keji\Controller\UserController.class.php 第 198 行.
INFO: [ view_parse ] --START--
INFO: [ template_filter ] --START--
INFO: Run Behavior\ContentReplaceBehavior [ RunTime:0.000107s ]
INFO: [ template_filter ] --END-- [ RunTime:0.000250s ]
NOTIC: [8] Undefined variable: keycode E:\xampp\htdocs\Application\Runtime\Cache\Keji\b8fe7fa4c9d4aa6515d459f8136b64c2.php 第 47 行.
INFO: Run Behavior\ParseTemplateBehavior [ RunTime:0.081970s ]
INFO: [ view_parse ] --END-- [ RunTime:0.082111s ]
INFO: [ view_filter ] --START--
INFO: Run Behavior\WriteHtmlCacheBehavior [ RunTime:0.001549s ]
INFO: [ view_filter ] --END-- [ RunTime:0.001657s ]
INFO: [ app_end ] --START--
INFO: Run Behavior\ShowPageTraceBehavior [ RunTime:0.001458s ]
INFO: [ app_end ] --END-- [ RunTime:0.001569s ]

[ 2015-03-05T20:43:38+08:00 ] 127.0.0.1 /index.php/Keji/User/login
INFO: [ app_init ] --START--
INFO: Run Behavior\BuildLiteBehavior [ RunTime:0.000011s ]
INFO: [ app_init ] --END-- [ RunTime:0.000272s ]
INFO: [ app_begin ] --START--
INFO: Run Behavior\ReadHtmlCacheBehavior [ RunTime:0.000416s ]
INFO: [ app_begin ] --END-- [ RunTime:0.000468s ]
SQL: SHOW COLUMNS FROM `tk_users` [ RunTime:0.0487s ]
INFO: [ view_parse ] --START--
INFO: [ template_filter ] --START--
INFO: Run Behavior\ContentReplaceBehavior [ RunTime:0.000058s ]
INFO: [ template_filter ] --END-- [ RunTime:0.000133s ]
NOTIC: [8] Undefined variable: error E:\xampp\htdocs\Application\Runtime\Cache\Keji\16b80ec6f7d7bcbd9973fc2021d9a077.php 第 72 行.
INFO: Run Behavior\ParseTemplateBehavior [ RunTime:0.023036s ]
INFO: [ view_parse ] --END-- [ RunTime:0.023139s ]
INFO: [ view_filter ] --START--
INFO: Run Behavior\WriteHtmlCacheBehavior [ RunTime:0.000304s ]
INFO: [ view_filter ] --END-- [ RunTime:0.000359s ]
INFO: [ app_end ] --START--
INFO: Run Behavior\ShowPageTraceBehavior [ RunTime:0.000592s ]
INFO: [ app_end ] --END-- [ RunTime:0.000648s ]

[ 2015-03-05T20:43:39+08:00 ] 127.0.0.1 /index.php/Keji/User/Verifyemail
INFO: [ app_init ] --START--
INFO: Run Behavior\BuildLiteBehavior [ RunTime:0.000020s ]
INFO: [ app_init ] --END-- [ RunTime:0.000348s ]
INFO: [ app_begin ] --START--
INFO: Run Behavior\ReadHtmlCacheBehavior [ RunTime:0.000476s ]
INFO: [ app_begin ] --END-- [ RunTime:0.000554s ]
NOTIC: [8] Undefined offset: 1 E:\xampp\htdocs\Application\Keji\Controller\UserController.class.php 第 198 行.
INFO: [ view_parse ] --START--
INFO: [ template_filter ] --START--
INFO: Run Behavior\ContentReplaceBehavior [ RunTime:0.000049s ]
INFO: [ template_filter ] --END-- [ RunTime:0.000136s ]
NOTIC: [8] Undefined variable: keycode E:\xampp\htdocs\Application\Runtime\Cache\Keji\b8fe7fa4c9d4aa6515d459f8136b64c2.php 第 47 行.
INFO: Run Behavior\ParseTemplateBehavior [ RunTime:0.006881s ]
INFO: [ view_parse ] --END-- [ RunTime:0.006941s ]
INFO: [ view_filter ] --START--
INFO: Run Behavior\WriteHtmlCacheBehavior [ RunTime:0.000203s ]
INFO: [ view_filter ] --END-- [ RunTime:0.000242s ]
INFO: [ app_end ] --START--
INFO: Run Behavior\ShowPageTraceBehavior [ RunTime:0.000915s ]
INFO: [ app_end ] --END-- [ RunTime:0.000974s ]

[ 2015-03-05T20:43:39+08:00 ] 127.0.0.1 /index.php/Keji/User/images/img_20.jpg
INFO: [ app_init ] --START--
INFO: Run Behavior\BuildLiteBehavior [ RunTime:0.000012s ]
INFO: [ app_init ] --END-- [ RunTime:0.000256s ]

[ 2015-03-05T20:43:40+08:00 ] 127.0.0.1 /index.php/Keji/User/login
INFO: [ app_init ] --START--
INFO: Run Behavior\BuildLiteBehavior [ RunTime:0.000013s ]
INFO: [ app_init ] --END-- [ RunTime:0.000282s ]
INFO: [ app_begin ] --START--
INFO: Run Behavior\ReadHtmlCacheBehavior [ RunTime:0.000369s ]
INFO: [ app_begin ] --END-- [ RunTime:0.000416s ]
SQL: SHOW COLUMNS FROM `tk_users` [ RunTime:0.0022s ]
INFO: [ view_parse ] --START--
INFO: [ template_filter ] --START--
INFO: Run Behavior\ContentReplaceBehavior [ RunTime:0.000041s ]
INFO: [ template_filter ] --END-- [ RunTime:0.000098s ]
NOTIC: [8] Undefined variable: error E:\xampp\htdocs\Application\Runtime\Cache\Keji\16b80ec6f7d7bcbd9973fc2021d9a077.php 第 72 行.
INFO: Run Behavior\ParseTemplateBehavior [ RunTime:0.005417s ]
INFO: [ view_parse ] --END-- [ RunTime:0.005463s ]
INFO: [ view_filter ] --START--
INFO: Run Behavior\WriteHtmlCacheBehavior [ RunTime:0.000166s ]
INFO: [ view_filter ] --END-- [ RunTime:0.000218s ]
INFO: [ app_end ] --START--
INFO: Run Behavior\ShowPageTraceBehavior [ RunTime:0.000368s ]
INFO: [ app_end ] --END-- [ RunTime:0.000410s ]

